26.068158623578707
26.485235290092735
26.20158394693511
26.11906479803613
27.73465184288032
26.199438684057505
26.205393560205685
26.242905689584585
26.271514816001304
26.224171495882405
28.089763154568683
26.48629475702449
27.43823778164249
27.71927963957291
26.189552483753175
26.712934449419965
26.153409652058013
25.996570106797936
26.513690429093707
26.11908439682965
26.041341105459022
26.195610521518788
26.339798916443563
26.687501548256567
26.78588093150937
26.705314986657203
27.2652383459342
26.155061346076096
26.13799627592847
26.226369619086515
26.451246622144637
26.32208643303646
27.72487997292326
26.475181187093188
25.226622097448878
26.833004065134197
26.18410602632724
26.767312956565082
26.177657809977514
26.60101091641171
28.331530828071035
27.756316424105748
28.003844452672972
26.524615595632156
26.34040090484243
26.64009554233331
26.156122309597524
26.294762202177495
25.389105976130388
26.758138848317095
26.015901473101508
27.715044228954856
25.83390091612883
26.18394221746382
25.65824392660452
25.819254010816284
26.356983084327844
27.560959369970455
26.030981623039654
25.968204849029167
28.24036054103071
25.773211158045513
26.35975456299625
25.995992048482734
28.055869431916058
26.26727268248303
26.47934419784504
25.926079512479298
26.388312798519312
26.190326868043808
26.7918307061012
26.359211143292413
26.82971864081182
26.601856204322683
26.12998626544175
27.733274081414482
25.848949252742102
26.170119053985832
26.45560662610853
26.755252796110867
26.51989630503427
25.690085874916594
26.459341847594203
25.561001023958987
25.593853203551443
25.926211141755243
27.710005075871493
27.72951769909582
26.28321930827718
26.274278510471195
27.719167224331063
25.39783050933558
26.20894597299358
28.321309074229134
25.270621668095565
26.77425791926328
26.224265055828354
26.19775898921546
26.213496265761645
25.650038109524957
26.892375391256827
27.139275406022794
26.800132840552678
27.732361963184616
26.278732981317532
26.893781228146054
26.303814931078087
26.856685135803463
26.659090051341277
26.06946899956966
26.608118040239802
26.71718347710625
25.636216013429586
27.750417100020606
27.725073716242846
26.641050045417966
26.479738833504953
26.124679923674677
26.279586173539226
26.255325742374296
26.092431035755364
27.860470883450095
26.136132524236324
25.60996461114407
26.8814208813641
27.93575450479485
26.331701687527755
25.565317158032656
28.05982619957473
26.79297255076977
27.71586508186183
26.20732217512512
26.504481146214935
25.963748601625454
27.715300164242574
26.79212575531855
26.258501118218053
25.37235041737294
27.01504479452715
26.352046392446322
26.618766662328778
26.45868436712848
27.99392136140206
26.003185959880852
26.186693078450563
26.246090027639834
26.204002408922953
26.79245734444957
26.278790951546377
28.064741010266122
27.738524374089177
27.983651247677518
27.705176035680186
26.008624286966093
25.765802864350324
26.020780504555745
27.971454648248898
26.78416256575104
26.314349247987906
26.010186434019765
26.566347091315127
26.857427964469334
27.741366365953517
26.344433570056665
26.261610733378227
25.914283792391874
25.640577707852138
26.06442175183669
25.9846968549396
25.626636347460607
26.80478303958604
25.72892118935822
27.84456016294193
27.141388212486664
26.204619887295184
26.087194363408535
26.852388811039145
26.864143402938947
27.737162936181154
26.785038434146543
26.211727205874073
27.705818656131658
27.38119710690318
26.806263870799974
25.437908260314746
25.62189737990909
26.21717559282958
26.547379337378352
27.380719525707487
26.584865109277278
26.68876747517839
26.478661485814598
26.465377910586998
26.270858821082985
26.71827809681138
26.021862986643534
26.862955969608667
26.59360235330885
25.861585946834094
26.301171532983254
26.933917089744845
26.69589597178861
26.26331919079709
26.518638418856636
27.99811257362586
26.67336613345341
26.518942911858286
25.888385170425845
26.91935644356964
27.719972278098382
26.915854772790137
25.389416169706152
25.690295544809747
25.681050226745167
26.762951266857385
26.25419983148377
26.0080970570284
26.499508285060216
26.088744038900447
26.66276774468335
26.070320399372072
26.317495632168647
27.722631432441673
25.751507596227814
26.366732063485763
26.572231574295863
26.6751426321594
25.843345116435675
26.333809028971707
26.80489974904619
26.01095388904747
25.679046613794046
26.847683440234146
27.05474619836078
26.30625226706607
26.095320265261144
26.466941659639343
26.260551258539795
27.250558061979547
27.00041080878242
25.455985369482185
26.25451473015558
25.863199474624558
27.743678275237734
26.20822104141563
28.710996111523418
27.724043233842966
25.666045612608958
25.46688465697908
26.356809980678623
26.704237943206355
26.079919980742737
26.188658320095342
26.81693128715783
27.71294823493941
26.78686170122855
26.548618416278448
25.974168556462743
25.486412953876492
26.78064191866165
26.37658306230949
26.251275204125722
26.358369043199044
26.328141111072867
26.058474767909217
26.207655397887567
25.984120374724945
26.131695986418578
26.509546389841518
26.523925730272843
26.606661720371775
26.681849075449293
26.52371929551939
26.16613874426248
26.28226755134215
26.36144828262191
26.9610788020621
28.710998762414036
26.80472883667739
26.98322369855267
26.337739974762307
25.56844466833507
25.908093443476886
26.833062062642203
26.559677604702216
26.002358173167043
26.797808144298685
27.737916850063662
26.193971337095977
28.194425136574726
26.33907637729469
27.091238588602312
26.643903520577833
26.619569556146057
26.416084333579402
25.862026512100716
25.436494400498592
26.493346907617024
26.042712657072727
27.04499152335767
25.655162398418398
26.267083702437393
28.065955158663815
26.958677999009115
26.141978531904076
26.997883001834897
26.119823794647388
26.06694464248213
26.610605785602743
28.5821166476142
28.014499575095044
26.684806918610924
25.712254632650268
26.11759388997323
26.63300024274324
25.86918950824516
26.243890056978568
26.758400213803494
26.039153173040166
26.166170359812256
26.888027205193545
26.614734786994944
26.232408216187157
26.813042967566613
26.063177528214638
27.452009129774886
25.467735213852833
27.745616621661505
26.80736847374864
26.45913169555254
27.69841880865192
26.869876257503808
26.401093613917062
26.301557698461625
26.037584256981688
26.453976235205634
26.449544522038686
26.354039059346007
25.799277155089246
26.070790493055362
27.195567737693235
28.115985530019685
26.03856778195452
25.68900670734092
26.163841542128246
27.716915614462405
26.32234511568801
26.26904941065426
26.215765739501805
25.665390835890665
27.717365361053712
26.233735711452315
28.078465621445208
25.788302631369973
26.51021891690896
28.022503502187803
26.247085853870278
26.74456561984121
26.191920999955588
26.01197249137068
25.481922777692187
28.260992494564302
28.028986156460874
26.349768356025216
27.722647418221843
26.57138555344461
25.346627643875834
26.258106706431782
26.938055684779485
26.23131903992368
26.38233320526617
27.09927572160962
26.341867613613864
27.7226130337864
26.195147939826477
26.830808593589815
28.11950899790912
27.728921401405508
27.961419418485956
28.08817352844848
28.061689839658804
26.32669871358879
26.088944464783907
26.03580195537556
26.096818910844163
26.22038891953299
26.176786375197256
26.4990995604874
26.73138132300676
26.453150235915583
26.118256320636213
25.64422714120812
26.336591181531965
26.463816530168735
26.64420468897955
26.284710582582157
28.059513280360452
26.567027085816587
26.11812957970363
26.077976886619407
26.32430933423123
26.20938575851526
28.005308542114452
25.74432210291502
26.21427280042217
28.054006659607726
26.200658409451155
26.301128048030865
26.1992029354784
26.201708471852157
26.05848299226527
25.270636073856302
26.16018437238997
26.35057228418744
25.890254739925318
26.271249642200328
26.34166745899522
25.716750040489618
26.669221742604105
26.76896558123828
27.971793229014867
27.744046840037228
28.076223706886534
26.284610946204005
26.10232183495283
26.988198532233042
25.885429199278164
27.706884191565923
27.186025308318563
26.37068674975043
26.35994717819085
26.206872811735167
25.440567934450133
25.466892910528088
26.935369150060765
25.589703533459815
25.581788577188814
25.770083551484205
26.30858207174737
26.06951187479374
27.307994410941163
26.16270540091991
27.68200947939698
28.054486846962924
26.345457917149574
27.276450842313885
26.024315980079894
26.14891429118068
26.132056497741623
26.178704861756298
26.415346313113726
26.315825072541564
27.70595235957311
26.804830894968585
26.415879389728918
26.51058442475402
26.086265982267168
26.239926913272935
26.163651953969687
25.81216079203974
26.282685813731742
26.63246987638437
26.05868655004058
26.254421376665494
26.51689645271573
25.67138781457997
26.14560235556856
26.574318636693686
26.51931647072169
25.74376021468987
26.24152949407392
26.458677603443416
27.991206363937835
26.510051916072342
26.82571778007823
26.55943162079813
26.24268730526507
26.009704149593823
26.423430295548197
26.004461847988157
26.519286292190845
26.520785412722226
26.497862242529663
26.082814956191356
27.719527988116322
26.889601432041527
25.622200852232776
25.834278540023057
27.71430812270572
26.370462286532945
26.849455744134392
27.09517306671116
26.065796082120276
26.105441288929125
26.294618480906998
26.103749350123284
26.686926464911174
28.266637500412422
26.189171911977905
25.9383305343209
25.849495524857197
26.359650104781508
26.236452755070008
26.420881173507706
26.053587732328054
26.110881486472024
27.11252839472704
27.69646843008831
26.899969128018864
27.69250110610192
26.63596021907883
25.590301585932004
27.850712799846324
26.2134498144671
25.661327267554523
26.20383402096619
25.922009749392295
26.027376618279447
25.654406595843447
26.32090333109595
26.220844806271067
26.23052105468072
26.025244677650754
26.01537458050219
26.286255672181436
26.27787519889543
27.749103821129417
27.746238567324333
26.454564528955817
25.479818536118476
27.07700652855043
26.566697476273156
26.328582194476343
26.767435441298375
26.77990288212145
26.496668944651503
26.510493158989814
26.52114998119654
26.002559929099494
26.593278627512145
26.245109025000282
27.780488106403503
26.851118707341485
26.585269915570766
26.292548727420435
26.33458283892544
28.13136858079867
25.814120661100112
27.72994125914057
26.322631345023794
26.051017577830297
25.88137877919543
28.692505055197888
26.57627836963047
26.430226468238217
26.271939386924
26.046389060114148
26.376387938098812
26.47837611046995
26.58102272159115
26.20867607827872
26.498156181696558
26.657343706377507
25.7566886454791
26.796428155051803
28.069162207650077
26.308474045694833
26.369678081915666
27.728395857341518
27.009799544834156
27.728953117306187
26.76637240829755
26.067645545358655
26.13203182141856
26.034610070888696
26.004006594738698
26.43828750742436
26.810782744675624
26.8085505781638
26.87388875205827
26.768533116787694
27.71859494626994
26.05600857500955
26.36483373332123
28.07499785275876
26.63965315663542
26.158270681791834
27.71402846514358
27.22625653090059
26.00499919757092
26.18788423323746
27.727348281366357
26.65484320395955
25.970843717483184
26.315645311839724
28.122673172504147
26.780842966128347
26.20031085265395
26.487690834848696
26.52742058948964
25.54800846597819
25.750129988468426
27.699719547807668
27.726445557543492
25.972774934678604
26.33922947361034
26.545404078259867
26.329810287626838
27.716992727783314
26.62888479701806
26.872973948024935
26.775369931242864
26.207620499796867
26.081671700197393
28.058448220184953
26.175273824102643
26.253828177183188
27.428374500173177
26.898956993409506
26.021594277591046
25.712840941020332
26.40101885914438
27.47598423929556
26.78427920839363
26.273353338901043
26.199410648420905
26.90146180815269
26.709251783497226
27.71720268778761
28.363450294070756
28.034368116448153
26.545099564310906
26.038776548743968
26.68136776774139
25.998459669996283
26.009828985366013
27.031622751937416
25.997985985527635
25.348526887349003
25.588599567743106
26.659562284671576
26.632905429135356
28.190569953167067
26.317111102136028
26.464210660286316
26.692754013283594
26.306243124500494
26.304985116876463
26.095183824189373
26.80133737332079
27.738933978607072
26.489999250769223
25.66909013680952
26.819682721393587
27.892748992995877
25.986487827496248
26.252682873288656
26.22550844099541
25.971510738841307
25.939291034073648
27.715725351261046
26.266845116088053
26.20021058471345
26.021314169161172
26.284393486917597
26.051098038912954
27.83492995914808
26.67371152001086
26.17083638682441
26.174622913276387
26.305247135477547
26.1485003185158
25.909297590472647
28.661808592593303
26.348425582568538
26.14523274729582
26.37580615717481
26.47365111884213
26.33457538936149
27.209027418520627
28.091471568268453
25.72853965720857
27.718510271192027
26.43798951450136
26.21588939253508
26.71086668724017
26.204928234085703
27.72720546339756
26.50114447880575
25.706162319879486
27.70687187000627
26.19029550004174
26.294630638413402
26.194655280849886
26.25190202060343
26.328606262816027
26.572856013768835
27.335068745288897
26.057004914418943
27.22539675858164
25.669616878272446
26.707981305028444
28.51891267033886
25.468407522866027
27.975292058135825
26.020231416228636
26.05471129240844
26.58354603682962
25.273275192118835
28.059474492986773
27.771129626639063
26.072043500027288
26.638883202715025
26.72067458741399
26.75619335345525
25.451943845608156
27.797201476178262
26.71896985492875
26.271583487426266
25.88362016361602
27.72559070917769
26.34583178495168
28.32318760622834
26.537994629815486
26.160635245641707
26.071916450593527
26.43887682170052
26.079196848194755
26.360577975614493
25.817301160437047
26.512236210188043
25.661722831896643
26.06156534374784
26.99290828716678
26.62310527100667
27.732241651647083
26.517395979526896
26.486400491034473
26.124483687053186
27.7299669399294
28.036205624136613
27.677319203630972
26.4192302517942
25.877824000864127
26.107204998190227
28.277569126299962
25.555484426122742
27.707335304927827
26.945151249619464
25.32739856615115
26.522879010518782
27.696759551838202
26.34449725526345
27.49000950179875
26.69886721303071
25.935373960804245
26.34517193659699
26.247718938460476
26.233911257164063
26.0911083280942
26.176998512470032
26.15503653869458
26.004546730990995
27.90459854760789
26.35392417451524
26.723964792927827
25.916961337510365
27.74573487848417
25.905729027048288
28.061948125799994
26.383632435942527
26.241279869421838
26.643895050518484
27.03439525406619
26.3446571312078
25.971730414824954
26.268495642561785
26.153321388817826
27.7264962741746
26.538699594092503
26.060995439581337
26.61134505457037
26.24696989857889
27.719430033414675
26.427434287621267
25.819508930556257
26.8132675378208
25.67332655594799
28.34718331023204
26.013099171298983
27.856707115196663
26.352802336430397
26.15127376494218
28.76119493083529
26.234317608484528
26.818178205151998
28.711297944751347
26.750622990385654
27.1876551012799
26.55339715055008
26.84255410095679
25.954301758408537
26.875233030123404
26.44799646934398
27.73504414332408
25.94212496595176
26.93413542123294
26.048167097655845
26.288593849443085
26.168299669818914
26.82590325998615
27.518110895303543
27.701043185777802
28.783940494349313
26.532015533109817
25.55376194826127
26.49821852119763
27.96780221002871
27.036120790950605
25.484410661776742
27.53153354516273
26.274083175258898
26.834289530533262
25.96717793676983
26.533078677277118
26.936010807453187
26.262975204113264
26.476853519645825
26.673017458289596
26.5880302889056
25.78495833591271
27.10697961016462
26.342573056615848
25.628927685322946
26.51167976354873
26.130564041548144
27.69107227101087
25.88463422117505
26.17606805899506
26.20156439727241
26.511498100756548
26.27372623581922
28.040078961327595
25.982344116423057
26.469781515824327
26.017568079787726
26.31425459944205
26.22760334587068
28.06911941399313
28.058675680502834
26.708766474167486
28.891974440721278
26.82636993891941
26.709347800922576
26.208823794601617
26.78212814155642
26.06544761920328
25.49958128602916
26.3294675595578
25.791928719984018
26.241930124451926
25.581391384012722
26.49343917737086
26.6096859614004
28.881639881780494
25.784371090402786
26.85164585647916
26.242357389860533
26.274952311509164
25.85369361019253
26.280807412657776
26.632656670598152
27.35429702179151
26.329785774887338
27.737996153309957
26.29542225216938
27.697446508620885
25.6312329041624
26.895787364359656
26.165621968037218
26.224111686927372
26.108792200341146
26.498514759815183
27.71008447256718
25.722837821980114
26.19659993270259
26.449544972003437
26.22363281777973
27.01565681144376
26.560509345784773
26.3383829054177
26.48374612114749
26.576578127867073
27.844048663551057
26.0254915748748
26.88882121730635
26.922636651789535
25.242110469017682
25.546599246018026
25.685448525588097
26.89372191565853
26.437770969435803
26.06624550052037
26.780203434372158
26.469356142230968
26.671942236985775
26.087364084493306
27.765708497266008
26.85795093670416
26.224241558848743
25.919608672175688
26.24355318426219
26.035105354473043
26.24535801125075
26.27351623431162
27.712335551718528
26.28431854829183
26.454978544535958
25.988933865732307
26.505394450543644
26.699233220763837
26.14902933724442
25.548536447177813
27.87131889563244
25.94845385585241
28.144102083426148
26.030445952095555
25.616880144608732
26.705522122666462
28.216598859752693
26.585032690792048
26.009620792199993
27.729436737969753
25.447564171097344
26.951380504661213
26.350808917212397
26.721425648203425
27.723633522835765
27.733202120811914
26.217570143730356
26.70646915596771
26.742899626051233
26.351982596443072
26.144449583768555
25.942978189094262
27.697290876852847
26.12765838086948
25.997505053986423
26.07125610090263
25.871348984266703
26.961600231079526
26.20713493472877
25.9688972457474
26.195670363667176
26.855658333733537
26.312786720651488
26.494946679146427
25.759160965158568
27.846977960132254
25.809885686422092
26.244240260649633
26.491537816544604
26.132980078586115
26.566053584777794
26.279891667488467
26.05702135758053
26.246098615074533
28.055937172305537
26.193737582012336
27.000677974142324
27.144375855103956
25.467115762280514
26.482307333294408
26.66288117201286
26.552085756951783
25.911818997839774
26.616580044092622
26.505884450937273
26.785938303112946
25.981335266581016
27.56821493127151
25.883718517225095
27.97230594164879
26.255666111450463
25.947272874344208
25.514890718586948
26.61663568981285
26.538484188957757
27.724117758335428
26.27040844876224
26.078492013150086
25.79794356586735
27.016502705433435
27.736297806492576
27.716416218367776
27.69726268980737
26.66427326113131
28.505411389819322
28.606968890705947
26.58237675096743
26.731279535863973
27.096440613329182
26.334608693393573
26.915272687639142
26.579706670108298
27.733963209918
25.890691497458974
26.47804138455847
27.95603856958768
26.859836730004314
27.726870931445937
26.88158241298293
26.21167353179498
28.029746506676656
26.37563849485828
25.4129205556505
27.725703290813833
26.416472369232874
27.725194131165818
26.241861920310484
26.018824974326925
31.610441877486426
27.289227553212754
26.859361990700407
26.117442574803942
26.212790600570674
26.643059889676337
26.49745958726497
26.011035645032216
27.073219886128356
26.830042798276676
26.71938400507601
26.252103240136037
28.72807905247115
26.507387615636507
26.261521536228106
26.127146163009993
25.67781686234705
26.805419852343864
26.4874552492808
26.323775576806764
27.83013784839811
25.81404563892632
26.211268867632096
26.13795481330585
25.64904818061012
25.971222959962358
25.763178079177724
26.730000198104253
26.426762819909793
26.19475372330922
26.988719661618607
26.792800159242468
26.511750970133225
26.245467054551643
26.292809562744587
27.0171569764438
27.718877007548695
26.48078698954828
27.71888815778333
26.25357784464346
26.73899715492511
25.77363976748376
28.29819927125931
26.008845441784455
26.447320465996178
26.11885839058156
26.228787813907093
26.607676099838578
25.706382626424404
26.878326598669002
25.394601091281153
26.396589711456357
25.671459660111275
26.392370680341468
27.396398101357864
26.539809857794573
26.436210509333733
26.52562884806446
26.134555806132717
25.85402156655137
26.90064351627775
26.1536631036186
26.806357660754454
26.476156258879147
27.93688812216137
27.712314187605852
28.1936448167123
25.643065132576076
26.09037048863114
26.039212125886294
26.23868882390507
27.97085069847922
26.343020437968583
26.25191104948524
26.48117133149715
26.646134073868115
28.071842061085654
26.34698434381689
26.44355916787614
26.527287282659255
26.222975900341254
25.27014459001587
26.798062156897675
26.88834578822714
26.50934656808229
26.840991416237497
26.477229362464218
26.533584656517476
26.317068330184387
27.997477271680292
25.506549100362736
26.00754428635365
26.307334708708996
27.982508561802334
27.750823274054476
26.356293793967225
26.435097263228464
26.88590922226062
26.11557720439423
26.543644907873194
26.240893880165554
26.351961038005552
26.159972633878752
26.23889843402274
28.117464139886472
25.75541868979636
25.37691249366687
26.802946865536533
25.237463090522912
26.478935554392557
26.89132915795173
26.208841674151596
26.063321612634155
26.329193133974965
26.01515960713862
26.320812034186922
26.27742063856978
26.35100377527518
27.02357004823129
26.609765329413033
26.831813321408166
26.225343490387274
26.652509159703033
25.716443309806415
26.010549199250775
26.303388537879353
26.875674762687197
26.86288074508551
26.34386483669013
27.716444530000466
26.827729531420733
26.337997398735833
26.799668484581815
26.15830013622034
26.364338653191787
26.01124024511228
26.636033962516873
25.86407036048885
25.997343674054378
26.30668198935972
25.996543350647553
26.125274533021354
26.550084410363883
26.497693441258182
25.807023395982505
26.951831061361258
25.675384005385897
26.951324440898
26.36137597083718
26.27260461709858
26.69218537133544
26.217797933219504
26.276791858089954
27.112719985160535
28.081231152307534
26.631562302275935
26.3901952339231
26.2764727457403
26.870398252231144
26.7143771124615
26.9126913139265
25.51547166151647
27.698749656229936
26.600927048964657
26.072372278315534
25.32623874181736
26.022015901341735
26.070818122951557
26.14248663272621
27.142818699024435
26.681673444167938
27.541805754045104
28.079274631243443
26.19390939713716
26.432170186865267
26.191547428788226
26.236999452842415
25.89700683857396
26.526484779549254
26.07365297708899
26.447968131761364
25.68916269223466
26.637618104802286
25.833228928338958
26.24754111569354
28.03039010845371
26.26435476379904
26.057351056108924
27.159922557840538
26.747310124796627
25.398877840758892
27.94912199125948
26.876751487901355
26.315407096742042
26.758206966087307
26.58895622420998
26.391363623963596
26.18455304008654
26.646779590085234
26.000257139816433
26.25107316322496
26.76355391985503
26.20190100375166
26.64385881767329
26.16740017251368
26.802592999387784
25.699459501524323
26.031677971451597
25.737991010705183
27.207220024962528
25.703128080313085
26.030859038046383
25.67450798340843
27.71308847812771
27.724268923278228
26.260028725423606
26.3415428059556
26.104574248996194
26.38889625736048
27.222784590104776
26.189118092157898
27.730230403380403
26.858248535030576
25.914582939767314
26.917747840294435
26.851011113601384
26.548359708646
26.15323060564215
26.226574360987918
26.22274143306905
26.30223400564133
25.91497042989752
25.64646270496786
27.730783668220496
27.302775476099086
26.546837236465404
25.988768757277114
26.051090649567687
27.05684362727755
26.355358912289272
26.411755332247953
26.06653016996274
26.361948766086595
26.105619207308337
26.24686511201566
26.567383073729903
27.809704840328553
27.745170003785265
26.552878720298654
26.53977632064183
28.056111413257597
26.66166387339379
25.908406465744072
26.15777377361883
25.478522298060334
26.19502530028318
26.8293159334205
26.545019529444787
26.795758060590412
26.81686028335643
26.48410305785314
27.728712686350885
26.583695932345307
25.981526756300344
26.433620701367197
25.994411496435312
26.594305237641915
26.196261189985147
26.546942153941913
26.142209936788102
26.782102881232543
26.862513549340804
26.320317142238405
26.695072654104557
26.800729454760223
26.85131415967013
26.428722005467627
25.520012296828554
26.018964742286684
25.73911260360295
26.193796549894
26.193368944843105
27.72447893360784
26.021131924905774
26.63542291615885
26.825168747098953
26.365422872785494
26.25042669549838
26.171008564337416
25.904092083398975
27.68934248533441
25.899327264019135
26.49437153003196
26.76821884433527
25.3417189461516
26.413769789364576
27.94059265912086
27.73622125732039
26.89464857889478
26.378289113303733
26.33675164354877
26.052418059791226
25.925996947060476
28.025305082846877
26.991972147349784
26.752119236110282
27.738535272157026
26.145195410638454
26.228794656538174
27.040857567869836
25.770375622697205
26.35178945425704
26.12806159647477
26.089587629305658
26.209572244427964
26.546365139184413
26.039846328985398
26.398994295149183
25.457377302727647
26.797445434211152
26.695865493395445
26.280632990728424
26.006247177349586
26.651167970201254
26.223392335172218
26.236924899093676
26.724921609912617
26.723631682178002
25.657023424932085
26.054555167951975
26.20897407025275
26.053351554660765
25.709164151863877
26.66405437341384
26.260042078743524
25.269921331360695
27.7387387077767
25.251804354794533
26.337683843451998
25.8411885645661
26.335927913749867
26.603902538101256
26.81847651943577
27.697998911483808
26.118245897722577
26.71409208038343
25.997620213182177
27.70545993060642
25.829762092947437
26.801113907008713
25.837928774153983
26.18825494727525
25.997250822489622
27.696868390212526
26.491558716082235
27.03014844209971
26.382454603948553
26.207859259411347
26.36988218238742
28.77454274644238
25.62902229928637
27.72727007813361
26.918062596416004
26.052840222675584
25.788630323883602
26.825935155477524
26.255984989615868
26.89554203157275
26.255414812362133
26.34957575201042
27.7260667109703
26.208807192228257
26.496776751078013
25.764074862489387
25.799097021094
26.328834262250254
25.672117233595255
26.19337488351384
26.638133592413148
25.613039090170087
26.240116859177707
26.648080801674528
26.09352074891108
26.717800393243042
26.23301091124557
27.483012615822314
26.651128848570195
26.31133677261783
26.451617104083837
26.44145719126776
26.60494611999121
27.7350592674122
26.196557057790447
26.847351552781642
27.107083527424777
26.451328098450663
25.944860196728257
26.219478569842412
26.556225412998845
26.213347964285035
25.982148146071594
26.05125609180823
25.701869521467152
26.301827338860623
26.251796685035917
28.19936211777434
26.652900987778278
28.479265722237553
26.20770987351651
26.710121750221784
26.835261624496106
26.246309871315034
26.92586561185891
26.523807635576432
26.283858548758378
26.595768122764326
26.33584462885384
25.40156956359292
26.21696574900665
26.06426898381094
26.776357547354994
26.5032687170183
26.260845938078464
26.823001750390187
25.671102701099862
26.24081196908039
26.242491669699053
26.647606989309946
27.724035992664902
25.996896464020626
26.318812720026173
27.992535887591558
26.138639206642527
27.73820743391218
26.941788986180224
26.319337570993248
27.741784721235824
28.010711500679307
27.724510617082284
26.491091226549294
26.12645647730484
26.528943601198637
27.729992922999713
25.93922902121943
27.733419518037042
26.493681906183223
26.885891311396165
25.460912125303512
25.6505872524611
26.82730001126365
26.34665783497808
26.929545727688975
27.12365384654054
26.143894701204943
26.216990912669893
26.917306819136954
26.35348271051231
27.70800650166575
26.041339876664335
26.807849290961055
26.830643535846296
27.713754544623935
26.773302291730598
26.548366153132946
25.908497039847155
26.50481518185826
26.469327664934298
27.978996877232614
25.98386450024469
25.823247655688164
28.016647553610316
25.93901698395645
26.97554152402924
26.522182557620262
27.731813031097364
25.83343312978422
27.983612811651984
26.53182980770654
27.719461981474584
