0.0
26.882988737418444
26.952680275662676
26.803649314251345
28.53418385579565
26.973249976215705
26.873229914987267
26.932882931187038
27.03961412766206
26.97663466228932
28.30613715480036
27.263381905003698
28.189759761424213
28.185552353189998
27.03205032338603
27.561170057340522
27.146221196693396
26.721803143614622
27.426656347474
27.15174315364569
26.868787359362635
26.980470950063843
27.19213197985653
27.565167497751546
27.7408629389483
27.52597656925906
27.900586445302658
27.023786257312327
26.898426066423227
27.09312488769601
27.53244370330057
27.437240390173255
28.922134857027253
27.447380043841886
25.495436515930734
27.795480742842923
27.394109733687344
27.778719900440617
27.063655095135594
27.53754879916451
29.335419013769624
29.0252140674407
28.97566829991328
27.629003281065895
27.40586170538425
27.595758116216995
26.873076630633776
27.305276483396426
25.95275035007068
27.728003854963074
26.842141336008577
29.174671546911
26.63600390134636
27.028651495803743
26.04637962840738
26.636135890221993
27.45652031497205
28.371692674450877
26.919427137529915
26.82326410644684
28.893162200697375
26.62224647317815
27.46327571761209
26.968232902103562
29.217930244897236
27.21423625310767
27.53282739513769
26.788512539646845
27.436092162459566
27.158599266086558
27.90722121194928
27.303946505552457
27.89044603276389
27.617528964794182
27.026347176345226
29.370166473423474
26.62606600679669
27.007811693968762
27.403526589516144
27.920255121391083
27.492735721620964
26.599192753680104
27.4385417618258
25.89467656434018
26.28388323676156
26.712385626915392
29.43566511376628
29.46911148300806
27.44921998413126
27.37215623890161
29.44934016675354
25.923980365298227
27.16546144380441
28.930826753623222
26.075464919672584
27.765691133702433
27.283397528292763
27.446682837097526
27.342703194334565
26.67463505464493
27.917378517823877
27.856318289188053
27.906093108573174
29.549922836625615
27.382375253557054
28.05019016337869
27.268317064085533
27.90884764400735
27.84952505323771
27.130699690119897
27.600017414515733
27.950992123815247
26.52648798560226
29.53213387217142
29.59862942231935
27.86635803637426
27.832616922253777
27.179673010306868
26.83864918115246
27.37177118060518
27.10768273615145
28.627380322794572
26.936458765667663
26.70107087416915
28.032301403795838
29.30022991513645
27.353664190152585
26.493375997377086
29.51850434119928
28.12083872170598
29.642360134154245
27.48822278741177
27.80491895052737
26.87600733257749
29.635821917416376
27.92483586879993
27.429601604521586
26.32098545627103
28.198486676909322
27.63890473458634
27.76509259013925
27.71358207386397
29.43717065202885
27.117432467140958
27.189905236446954
27.360984792199705
27.409546901810984
27.816500132904064
27.585800409569902
28.90421073068894
29.70627593522816
29.415727096305616
29.67389248007471
27.070758118451167
26.757249550497516
27.085788552420162
29.480071979081377
28.149042048329825
27.623826165677222
26.986130423097897
27.67005234367506
28.139082745366906
28.70837895722506
27.667372765447233
27.35230186476647
27.021568699417536
26.536236621415917
27.06072219233226
27.17077444222509
26.486033382707976
28.16662202238511
26.668393054880557
29.80542213228521
28.250006763366873
27.212185329930804
27.251796552440187
28.073365226594262
28.182291420613446
29.72433465027659
28.18982861512756
27.571429958597925
29.737475905135405
28.057241055008134
28.19644500395262
26.15293725446495
26.58112475774374
27.20210922198579
27.580084582668977
28.678680728925734
27.271860140654073
27.98180798271611
27.876812926750333
27.752340843170227
27.516229462174685
27.850538841755295
27.26846050294555
28.128068923557144
27.929832064650235
27.11253127769418
27.400285859016474
27.41844948430363
27.920782305567585
27.438469437474104
27.842513286497518
28.627095780651025
27.90941280411497
27.69030279355548
26.876906887994988
28.020910194289325
29.758130562354
28.063540903613067
25.71065294096373
26.250091034455107
26.534499055013942
28.094888112860183
27.457471352416924
26.468035082681602
27.66509188399312
27.35884065582022
27.81060164713384
27.166846539962016
27.640258795539776
29.791002091440756
26.54173109607587
27.496292416941387
27.74375950229264
27.914061871215527
26.962830646699604
27.718791422917068
28.141901775876608
27.21475436770555
26.53423705764283
28.168113631369675
28.33596098663186
27.72942827943172
27.166574792781155
27.80190452751402
27.115764025725365
28.452551398232266
27.745891346306056
26.306449925332593
27.48492739778451
27.04095965713348
29.830485932801178
27.39769708570553
29.680419662202823
29.816145216765737
26.69640413526134
26.250460220049245
27.760601424755187
28.002648507605713
27.422704950174754
27.285440092410383
28.387802996776735
29.825864746873805
28.306875498255643
27.918233158604956
26.959293761436665
26.310486907871343
28.066124905375904
27.75883764568118
27.62198826854364
27.82616457203261
27.584544444166774
27.336462652722204
27.707961110707412
27.298278875792274
27.34523117906563
27.72422577586177
27.98267219595884
27.598508758904124
28.02572777214698
27.751657294527043
26.70564383161148
27.488197925511937
27.46334220523064
27.603032190930573
29.71160541996855
28.333107946415
28.273969906578483
27.823376456787205
26.726834917255935
26.944791657061696
28.074910515269288
28.05588571556706
27.10835403187873
28.039622102803982
29.888736814592594
27.422752803908978
28.916652724690998
27.727355528069253
28.327511836005254
28.062990231577032
28.02926904686551
27.5671275846326
26.992831287659556
26.321048798557314
27.545765710636193
27.367319893217612
27.84388675816438
26.174664727457547
27.540589344616457
29.758962497492195
28.072502066577155
27.139679687583428
27.610836971492677
27.331703359802106
27.237911439857182
27.86454673742524
29.338651539423303
28.69950608392201
28.063544166096214
26.858028547591072
26.927494303853507
27.9317967686168
26.807734456808586
27.573427554805793
28.34780988780624
27.262332172954675
26.66824967151022
28.319202622299528
27.97414645564411
27.572197304463252
28.16161998533137
26.509666834794906
28.28745679697319
26.30871449444528
29.957288972210904
28.057322825373763
27.951143447795317
29.886176243712647
28.325474798418192
27.5782721019951
27.587025164861156
27.107831438582483
27.68753051193254
27.735241063072838
27.934042600131946
27.15604839822935
26.650623127159967
28.014209580987405
29.06640593594127
27.382608411107924
26.6667214894469
26.839771898305337
29.924872442113717
27.47918273093435
27.616108098623798
27.38541286019499
26.75812822010888
29.907038365854937
27.561685340002043
29.76221609370371
26.754869485681326
27.853104187193374
28.727892002485323
27.596506334194903
28.351353371367868
27.600989845768574
27.224118444429422
26.670865387858818
29.072891316385597
28.799116937194317
27.908128312594926
29.93962758344923
27.92840458085125
26.27344407564385
27.67264710708847
28.238455670832238
27.570440241876593
27.66864964116005
27.54411917363754
27.93903228537641
30.014396338988345
27.735817959259165
27.95682158829594
29.061952232282852
28.55626766957569
29.721077282919712
29.038095085529044
28.84341800332145
27.63096611474428
27.27422806036829
27.39178344183429
27.363049745838996
27.513073707229644
27.451975689081614
27.81859799557805
27.935105136819494
27.781461140646485
27.39111354657071
27.008598741346788
27.933898837190892
27.635418846219167
27.950923139632888
27.604182863122947
29.879632474390263
28.05924829453194
27.404215500337603
27.482887029690797
27.911570849414147
27.414800280621456
29.736559834045508
26.742346041268796
27.589829956884703
28.874083672207107
27.348564175012804
27.524204678503363
27.575534242529354
27.56439470384671
27.304205894593206
26.377665917635717
27.362576099327462
27.976321568151718
27.186193511545877
27.72579353932664
27.90653802146483
27.012063342846062
28.053221220105634
27.697764086697354
29.840117315571902
30.038679990147088
28.982215391601592
27.80691066209013
27.48917078923728
27.97947012170269
26.88465663486584
29.98310323964167
28.10567634560052
27.999008645516167
27.787138614611514
27.43307111390998
26.442424270644285
26.451335750999917
27.791046302715596
26.725189134532652
26.689930570673173
26.40805544937152
27.628361005901272
27.565431913840925
28.13684715313047
27.402970607746493
28.358933002690886
28.872593737961086
28.000312586784368
28.662699461636976
27.251787080449766
27.490328849735597
26.842561982292132
27.517319961192108
27.733990124131765
27.947693871883708
30.007596411200364
27.497297450661286
27.72041691500081
27.93205852199666
27.361992302518775
27.605042911602716
27.40232616150045
27.155106865000977
27.695578995650088
28.074572630587785
26.758015659318286
27.570064278542525
27.404393211094888
26.846386609575603
27.46088113714267
27.655993981492912
28.217168344752476
27.133514594720655
27.659805299702654
28.06900442854563
29.82320936178455
28.211624703021634
28.032837507697014
27.78084421836838
27.709796967178963
27.38329177986216
27.785675246931827
27.40033206613264
27.861286371093193
27.80731846376427
28.18292852210501
27.303063822383933
30.057910896741316
28.36598194717119
26.835186878138746
27.1003037553121
30.069644076021987
27.828816315892958
28.3291759350066
28.408425741950175
27.520667382962774
27.517378938212854
27.610949556905474
26.82326165444771
28.065371215359445
29.330690914134063
27.801260431365606
27.350068719780786
26.354831891544812
27.64456998213436
27.603867652510214
27.742394604568716
27.2122016884207
27.43485616608654
28.5291757415726
28.716644284566282
27.650431291664507
30.000275068372407
28.029619286831046
26.794238912971977
30.179243289936583
27.617849290529808
26.94895375770405
27.8287072108296
27.30497894938268
27.448810191576356
26.304945075559154
28.01988007372813
27.469059968521304
27.473763500263225
27.35439040274331
27.369943732149995
27.676799568226173
27.04961606254051
30.08638972805672
30.087304145614723
27.834910149990648
26.563656817965587
27.807923163276985
27.961276339730773
27.992278487254588
28.496897112976125
28.320702923307607
28.04521478680592
28.14750275721811
27.937816971115492
27.314851735031105
28.09549312888026
27.619342591085246
28.70551904132959
28.3597813179018
28.158670746503244
26.987805306879157
27.80485993256692
29.167168838647257
27.194049003697703
30.103871822414717
28.01928065538053
27.508920324721004
27.346108370090587
29.716475051936143
27.457138806098907
27.825436877047164
27.72331585747231
27.222408786566945
27.14915269749433
27.907832744420503
28.011408376999025
27.880033683237695
28.15392234885103
28.121969786598832
26.889437112245602
28.082459422724302
29.139420537942883
27.677558000083764
28.061896271668058
30.0907228298869
28.41277561763735
30.127140788267397
28.176749229056767
27.527937501101434
27.66938966818607
27.36442489050995
27.16159533044033
27.858276148468832
28.271240791543985
28.26839608079653
28.40718790703811
28.06293020993544
28.399401703010916
27.542967808299714
28.11832967562628
29.065407337323805
28.102632501460374
26.899979609936707
30.107562127310675
28.781342914549803
27.204653832654625
27.4752912582289
30.1171392693601
28.115393830799142
26.810000426968138
28.05110257650787
29.174254834308734
28.546230299574376
27.647507059213503
27.952161206744947
27.76045568353778
26.126693322494514
26.469392756172493
30.116352535948696
30.081229660310512
26.94736645163184
28.057247570518665
28.239561392624562
28.066773268306484
30.10814483258142
28.081135172480995
28.459118279980963
28.156366390337343
27.510736545858524
27.48270836113504
30.01560254616444
27.473328602007182
27.782918501307208
28.52690179473206
27.988156383878106
27.238187687726544
26.942165970568368
27.791275501184522
28.448139420078995
28.551453422042762
27.744821352370217
27.801324007422924
27.86685252662668
28.25380738199086
30.12036594810192
29.222613360718377
30.007729130367967
27.895066669943535
27.394784566296938
28.183009340079156
27.492431643161176
27.305862843973433
28.005606956347425
26.987499715906164
26.423737131685442
26.772223766431345
27.87970155538113
28.059021130131214
30.06436757892237
27.59309352700946
27.77653310060775
28.181129454066287
27.658417790014717
27.545571116325615
27.598920025213808
28.307378264676295
30.1313616603023
28.00749223643184
26.335450143151185
28.591073515863975
28.920743206987794
27.539563255067332
27.727998721114268
27.82078232913766
27.21764309720946
27.25873885028839
30.147228214119977
27.882901296750212
27.710872804117937
27.541475944697602
27.514157376922178
27.373668423774063
29.01486861939407
28.120789134838237
27.678614234862394
27.62826006871738
27.627437606652066
27.419894046394838
27.362335131362023
29.725287368469072
28.13072176837278
27.595974599865304
27.80994948956758
28.25189762812529
27.662990401156318
28.743488508885868
30.059780662358207
26.997698197714396
30.103556871602137
27.83881522881114
27.11960108709793
28.26249774970832
27.966728773032337
30.151334116632064
28.13950171505349
26.993427942052744
30.13638185954323
26.97063797978396
27.895388362225205
27.945685450449208
27.85603991115019
28.086319481084715
28.188666645210034
28.245220095193904
27.448999648566673
28.534382380692314
26.9608363335821
28.229838655089665
29.755531671316227
26.516832016569868
29.889283682411673
27.09800865344309
27.295239534972758
28.268684743391802
26.504306619392356
30.057791093902654
30.227949498062433
27.614579133687315
27.717303604744437
28.210360371256343
28.279323567984807
26.573701858133205
28.764641910632825
28.229622050368913
27.73768984495954
27.0380953659917
30.16095497280156
28.136714434437874
29.49691283106062
28.259780610621934
27.695836484223985
26.826489193000413
28.0057457082438
27.25998618356188
28.151945464318985
26.82569030224705
27.968469253108545
26.988331483055376
27.569573041653307
28.329670190146672
27.88321082188514
30.2003498006689
27.667447515027725
28.223352993212107
27.664752875962527
30.14650926978138
30.02442278801574
28.783884268228938
27.878384239973766
27.18330697080458
26.841267664678032
29.421307745869626
26.60547546760592
30.171360152372667
28.526411434734275
26.43641820930991
28.237618498907327
30.126594613636996
28.17061182026182
28.948296506047424
28.29844549634897
27.51281131011663
28.11467115579345
27.727573236740454
27.73150685628259
27.618900819830646
27.846955302550935
27.743252464229123
27.363246882412756
28.79036391909775
28.15329814759943
28.068402111342465
27.13033361280346
30.186541244934894
27.173692533043468
29.98598166331834
27.91714698297924
27.599589039076655
27.99696414923635
28.018049458989804
28.138249242043994
27.236491091074065
27.738296429104867
27.5385781711515
30.184235708142207
27.71302166643025
27.417311836147245
27.39899561882308
27.602279620788895
30.184164734791022
28.042702934661307
27.119690343116968
28.626090003020238
26.40649493533844
29.50024198164118
27.178049668435975
28.773220254488304
27.715957836553596
27.682923037318815
29.861588450350947
27.763409799755838
28.353596853355906
29.89785480594377
28.570473025735655
28.619653418748708
28.11660868437492
28.30240492158975
27.316817395456805
27.746794785303425
27.3615395878366
30.18356669081865
27.33961411282234
28.35096888083658
27.447076859798866
27.794822571593834
26.90205403010331
28.15001041455886
28.924388041420308
30.137932762148328
29.808851166192436
28.263229393762018
26.912032070263887
28.23201343633826
29.91854919268029
28.271514584190573
26.021804676589962
28.707934277270834
28.073290347206438
28.187538891398468
27.572835697367836
27.937057968472274
28.207311086557457
27.0683747974519
28.147962790742415
28.197405830000132
28.041369327034737
26.36710600125531
28.11749552080219
27.790948253588805
26.95275404036453
27.99587930532372
27.74271366857121
30.18717826853409
27.140315854535388
27.699066729645295
27.63562815123291
28.169518163439893
28.065260245633308
30.036098861394358
27.37618219761297
27.915027467279923
27.40497152214203
28.126253376198093
27.74847539666519
29.19126548484468
28.994110696864354
28.242220353496187
30.303077039242638
28.368121715127845
28.26958471403753
27.704578264717085
28.61994414882692
27.658921855375745
26.252858756509205
27.729108377533567
26.742097191796287
27.758484550042322
26.85417242071627
27.987375710097073
28.132430131880763
30.003565212999135
27.183739083649787
28.621305721731716
27.91512142181172
27.775900694854208
27.460517662654507
28.080400816846637
28.34308683649304
28.473375660347518
28.177651447391625
30.257555300724068
27.980779412088037
30.188521510916726
26.821399515707217
28.50447312075903
27.684323780920696
28.116471959228402
26.834790547239443
28.31848605240795
30.24358685491769
26.54256630248126
27.97520606352998
27.639118349896414
27.809750384048545
27.9334501627563
28.332927090174326
28.195694254236276
28.335198580243816
27.980804699263434
28.87638916343929
27.20393831131669
28.49731312927401
28.380267956984966
26.578659400372956
26.695807870767837
26.919252660904196
28.5373067655198
28.103248145476563
27.64136460948075
28.406878944787763
28.003872770671673
28.22112875273947
27.562268412611154
30.284423558737448
28.691690995098977
27.899569075966696
26.895267295247557
27.827170758676658
27.554085238206202
27.838879976619182
27.844026021246982
30.251546699195405
27.820078978418177
28.269564872309296
27.638720714308853
27.785173083571898
28.295836908751344
27.52374136242638
26.86621662097225
30.343795161636265
27.501027557278924
29.26986866372611
27.608502437377116
26.919487804895592
28.26797885360802
29.152328373699195
28.066695890604407
27.22627993759581
30.26760675385542
26.6389410150276
27.830045405324842
27.115546860688898
28.287292945673617
30.26700794662339
30.267402174678725
27.687003969451155
28.287684206714264
28.34042383459694
28.21568851481088
27.815321088803547
27.40152942191602
30.247538925090844
27.54884447229839
27.326847122169493
27.472018759071325
27.475994213103274
28.336762091702074
28.004388319245898
27.61683363306594
28.136921809177448
28.521564532414935
27.930842309535663
28.24383167918882
27.362972004298356
28.860902343825284
27.07276331120535
27.834515842750402
27.714760610054523
27.394732544802526
28.076709956777027
27.86288945768378
27.52828618469176
27.836706031568973
30.126053228768452
27.655222081376873
28.03614694412009
28.524887715835767
26.60210227273445
27.470722688214707
28.2915911926187
27.780680984023245
27.268177704730512
28.046027698653553
28.162731681833044
28.409125866415867
27.389894473783787
28.813072415098958
27.53766672662967
30.034494524114884
27.82927903836558
26.90495788512848
26.844425334304823
27.900753935059537
27.944375586172598
30.295808232889392
27.86829266827596
27.335429319377816
27.18798284003822
28.610819911791417
30.318342892984752
30.28785458564945
30.26153417927122
28.218303819904847
29.071267417292702
29.634932659049046
27.82760302402996
28.272350443020084
28.39349991638542
28.238021272233567
28.4543226569432
28.39756849022149
30.26996756308293
26.695578340285905
28.24077614273057
30.00420528123341
28.404796230049232
30.270305120001684
28.376435384535778
27.691449873821135
30.143252846407336
28.253432112448426
26.390751866873277
30.304866011141996
28.13011745692825
30.31866942547904
27.977365714978244
27.46002645250379
32.78337223828683
28.334859274289858
28.312901828734578
27.548123253054033
27.818712705900108
28.413362578334183
28.285448070121745
27.427573813365665
28.410431041453478
28.376612802237993
28.60322102268497
28.06840309118331
29.922884142918782
28.046190169305007
27.906148169578504
27.55518615607123
27.154837703956172
28.366578359239085
27.31289272759299
27.897326238418824
30.31600798276914
27.09215020188185
28.03355317186514
27.539862265153978
27.121615044084336
27.415909446844523
26.98087164824128
28.337825017274085
27.337602777776453
27.989689605958652
28.56322324984345
28.133640477454108
28.115639812034892
27.875767991601855
27.914849652857228
28.4757627253816
30.300161395164665
28.272926259181965
30.29291000056014
27.83614715758987
28.37349922761834
26.60245928313401
29.27535113339637
27.279297304775852
28.2339724853669
27.90647540366964
27.796585075244273
28.2806503251656
27.04287814406956
28.462493783868524
26.81396627510478
27.734580161894357
26.53604750229434
27.866144481385373
28.64013661722205
27.901181016037228
27.962996465014953
28.307645027117186
27.438101901471516
27.514779531248728
28.541284760874305
27.608818278390245
28.726805599056707
28.188866105803392
29.045206536513966
30.321897413566127
29.18139967654179
27.14976646260466
27.275044227108182
26.794679303896906
27.9885982400979
30.12577233327132
27.713653108111814
27.743350957725877
28.105479022189215
28.357720014737613
30.22241609888494
28.131581334217618
28.060955177845816
28.39230750038417
27.826775299828952
26.525621521396317
28.40326977564145
28.542898401822068
28.280025474572483
28.529720532788687
28.29802606113404
28.270378799672486
27.945861356642045
30.122535084981216
26.848214611563538
27.387912778924367
27.93052399217891
30.134645968422983
30.214664140192934
27.14306732083674
28.100604785622366
28.420062022416896
27.020486773812788
28.09799328746825
28.02542344464001
28.309984472871783
27.65343170630406
27.834173561097003
29.279627788683545
27.35692991504702
26.589318196394167
28.332785812323873
26.027585664391573
28.264652387919714
27.770104320802485
27.683626341857046
27.47115077865882
28.252528667299906
26.80222744932754
27.814353069736054
28.006843324361856
28.00944245448176
28.075617770434004
27.64325129963604
28.28704357379859
27.822428553367107
28.332111074387377
27.25084783222563
27.351020815638922
27.93182018967923
28.568229027830004
27.60918997188649
28.226887116543274
30.31868806955295
28.387870141370144
27.92452431077075
28.314870406668952
27.715154429829756
28.053835758275408
27.396001655520575
28.15597611775282
27.28841335654174
26.9701666987446
27.875613959925847
27.506520826670503
27.431054393968267
28.035852907580065
28.120463859024387
27.138034578423625
28.29151726820188
27.18232302220041
28.39402126129962
28.265714556328497
27.928764175256806
28.263258429799016
27.912729997314877
27.986148396362385
28.39238773534278
29.229123090438712
28.215116521126312
27.94758904513648
27.714645903211963
28.585313592917657
28.329629953940895
28.57261290453805
26.521359038657174
30.302668906043824
28.257055960346147
27.642176685892675
26.532915381963672
27.5403090835808
27.735929898702047
27.395820091492887
28.187308273442053
28.289077093542925
28.72866420597052
29.236021646177896
28.022223960550413
28.026178966409564
28.01996211263219
27.929175990119425
27.379444560342396
28.426017772928056
27.379735812621956
28.01561199015149
27.222004524934093
28.339759729873453
26.992631401271098
27.893124468706148
30.218349370939112
27.925783319478604
27.662890738401355
28.632140809733436
28.361923274001146
26.70698381005796
29.036511490498825
27.816671191764097
27.078698111552022
28.458515455621765
28.420500849551367
28.19657182350492
28.025971961071654
28.362614193686202
27.52034896323382
27.68176087668147
28.70124913202375
27.848992784776605
28.369625011212918
27.832070637473468
28.3819545043269
26.708906424935176
26.978957986771256
27.358303677695954
28.251211494116493
26.90450566928223
27.70574384409186
26.549096283352768
30.335758180465078
30.344303983021494
27.71770940495701
28.281356905597008
27.210554349230385
27.91994483870682
28.4385057939883
27.5823294184717
30.37452099167458
28.603315594303176
27.46754264858492
28.303918739510316
28.356386607781328
28.363411841107226
27.680416815927025
26.903150802713085
27.99835682166518
27.746670737063035
27.359286431381065
26.86980240006878
30.316652499758266
29.041343690730105
28.258360917660298
27.478375473965002
27.753934284451887
28.153576262475895
27.878727522701364
27.879426365099775
27.729002957046642
28.297848037249956
27.604863256004535
27.982123357395153
28.42000712787315
28.85708360712765
30.366537608966894
28.469498401161424
28.356171974498096
30.208401791405425
28.090380259538158
27.595171408974426
27.712093631853225
26.873897682765385
27.709191042732517
28.238329999843575
28.39528668945434
28.433497678412575
28.43725971263983
27.80951436197291
30.375944291551402
28.128185483522046
26.707716748375677
27.107765987941495
27.682044440295186
28.197533350554817
27.863401311712384
28.40777270033594
28.014233773303886
28.339950258432097
28.388847546701378
28.314186694726178
28.2403527255171
28.425223437190006
28.123414380776737
28.04363326130605
26.954468664812772
27.685119410751085
27.245227413409225
28.002455810113652
27.88116755018467
28.968525859192688
27.72366791535172
28.40982433713269
28.68267904354949
28.323321645003837
27.90294698129716
27.859770103661
27.42292198516137
30.30896645686426
27.38852492695817
28.33741322870515
28.701254044070996
26.54343523469918
28.03150886869391
30.056018707887365
30.417453383002155
28.648072148826984
27.993285709182857
28.324627613906163
27.75202623345234
27.571799048436894
30.114311776373896
28.332420663347413
28.221402110827402
30.37451210446009
27.80025930797105
27.784177496838513
28.143018736228946
27.001626722763042
28.33192748328735
27.742610644393512
27.04328618968897
27.96400967211136
27.842130689654176
27.559053477025692
28.06920140831657
26.738841321378878
28.510642034644004
28.352188003765008
27.56807143016115
27.39726162241292
28.17171344551034
28.000517408007916
27.973116502479023
28.528583812588526
28.240807068077256
26.586975901558947
27.73779396316091
27.821548123779614
27.564516561724485
27.11287724764633
28.292222180126146
27.73483452888643
26.610350363101457
30.3944186169916
26.166947331581028
27.760131662656317
26.470241743742974
28.33173800042308
28.314759097389597
28.407848630362288
30.34778873604311
27.98645447113746
28.224159659112065
27.548231037148778
30.344709703926345
27.17786874332095
28.447176734612977
27.63289379094393
27.973849236515065
27.31244180882244
30.33290414316346
28.10156010657647
28.606451292134878
28.346817645251004
27.995946116424953
28.337341647502907
29.935737278239202
27.111715736387804
30.37411053243277
28.520719182028998
27.771195203213367
26.645587508237938
28.168854948429203
27.698161166933772
28.54541039083899
28.13939348287896
28.018918977433945
30.363948908988824
27.82721957562507
28.078022056003267
26.749991268347305
27.372745577750397
27.781717045422543
26.561220744640938
27.255811559187343
28.205322564232624
27.075907586713473
27.957674156993697
28.15192914944082
27.91523240427987
28.39978063529283
28.094137300352827
29.097060526539636
28.27540909952058
28.27384388859305
28.277722671635576
28.01311106925636
28.424687697225064
30.41153778151263
27.996362745373972
28.501693451843146
28.17140975163574
27.93705353210355
27.546214584932095
27.793622417271614
28.295492748661115
27.852396204301957
27.668733051749467
27.785079144771263
27.296051458306103
27.98366373945905
27.827143260763773
29.138240793426043
28.252018240836403
29.653741883064274
27.741856521233842
28.432624186988544
28.789210880219382
27.957572272914692
28.26215246472552
28.124117339045874
27.774625781012208
28.15150431827261
27.06340657263507
26.557592029126532
27.78260411525551
27.55917373274094
28.344642052870277
28.388126776869324
27.939808438613692
28.477872223913778
27.24267945019778
27.77174303505115
28.073003920938927
28.1244733274312
30.357634810689905
27.208060130960295
27.746806917350884
29.17392958188227
27.812863567546128
30.4316958894545
27.839614885425362
28.17181679992121
30.44123195014158
30.17244215207916
28.99590817833922
28.402873958983413
27.6525495574147
28.391953498922923
30.39201652408281
27.68180599462693
30.402244948965823
28.255112727244345
28.3343303988362
26.757711808060435
26.87809367271869
28.40822688762092
28.331327482575873
28.322545178057258
28.2813874352064
27.79610895084014
27.878667805814686
27.822770527879115
28.22124885225553
30.425663636944982
27.44202379575195
28.815115712699946
28.465980005371105
30.38164716745642
28.721617191981412
28.464889902665863
26.78223404220565
28.411385968553567
28.10984562146221
29.0323415481791
27.576273151610216
27.188993679200344
30.18251486483518
27.523823476410836
28.27474321656256
28.477148728805577
28.95664863431363
26.740890690628813
30.16506382287121
27.739698192595185
30.429791468694702
