26.597287364708095
26.9823008349278
26.999120677402452
26.77734587335126
28.462498075524124
26.931641360864962
26.80756978504649
26.78920438569091
26.85208025966095
26.835349649816504
27.981446850805693
27.077216575577996
28.15115309817886
27.620650202813554
26.861961329561492
27.52284109161896
27.002680449593303
26.62366072361215
27.31308430676787
26.777207581512055
26.55610459216982
26.832694430527667
27.04204360125215
27.22793433025255
27.484751215142307
27.45639747836552
27.797990130572042
26.885192347849266
26.653207968042867
26.888133231014784
27.170407361858068
27.11558829955556
27.623725923487346
27.133635477437796
25.263985010900935
27.631642446741136
26.994050691879053
27.59774524939273
26.78852859389665
27.2211332325422
29.27702643159276
27.64113341899398
27.8883448319093
27.359341358978597
27.151648740637587
27.38977965325242
26.63062348646081
26.981187452930946
25.79506629859338
27.622731882071125
26.55549454443276
27.628688920369715
26.45812527138409
26.692392833745767
25.98897838134112
26.32968816302927
27.06233386496471
28.263905813036562
26.55581039367413
26.5558832497522
28.991335885954967
26.274399951171446
27.03214397281263
26.62375299369952
27.933550532616934
26.798357142187495
27.27481677322716
26.39274461169002
26.971081406057017
26.863428627182092
27.688274661215367
27.06096382740362
27.590899887157224
27.340987933047057
26.906927196968574
27.63529232209154
26.38487974397864
26.671202999154676
27.011869227505475
27.480500156627713
27.111049946839966
26.21644758055948
27.01958109934948
26.151168321434284
26.037445525441726
26.465670562555193
27.631365994385515
27.634282626098923
26.974700015340485
26.958021855271475
27.63120119462263
25.610853675025854
26.937698693198826
28.886897744747426
25.719648897850497
27.487143283351518
26.783035667567372
26.860152757123476
26.83375170253971
26.20607207291737
27.588288866319623
27.645345620791737
27.59017603892978
27.649331470971596
26.86615966481578
27.76949236334656
26.82595233006991
27.700417175669457
27.38031976957013
26.57592628436974
27.311959654728593
27.432688516791288
26.062725545825536
27.631768864579126
27.63721127314418
27.474340868636872
27.23755482552571
26.75595771216337
26.565905221304302
26.81654445292675
26.65947113963994
28.68368597146931
26.741477777371628
26.185033123146976
27.784041975174997
27.83734363824235
26.862136488446794
26.054024797573952
27.96524701077128
27.51715252835618
27.611121233231568
26.7906842942156
27.32827778014144
26.562727947128735
27.61796146900637
27.559548463932593
27.00032856806983
25.8539058374966
27.871530208112908
27.054008665647867
27.351918008841977
27.141696119156535
27.876813239268543
26.550052635773337
26.888089426605834
26.7967357021062
27.04745808878548
27.586023119802714
26.95641960164542
28.936093089507178
27.65431492514525
27.860462477158386
27.600842618123867
26.677114263809887
26.359071442969068
26.6427126982349
27.87449309879175
27.484097088966912
26.991362949054253
26.66390498769871
27.18948157995781
27.595939446170945
28.423874463192103
27.02766392747224
26.98266761666824
26.65066507198976
26.270735320286068
26.558311716370163
26.706421894874094
26.050979400389068
27.509528806302804
26.320187422609575
27.718717291113386
27.839808857649015
26.889944033913192
26.623783438574712
27.63962846552123
27.62365339675729
27.6260376841203
27.512880572217547
27.003055601261632
27.618802458214727
28.009227868291504
27.533580153228648
25.81561632169966
26.072109913710538
26.900256641221024
27.058614347673572
28.18079996272009
27.095933811375343
27.504543722747776
27.22907996547354
27.135575328293125
26.93333811168957
27.490633352852164
26.586709326095125
27.75172956157657
27.267219696251303
26.5108897226736
26.98827035573505
27.52409057368797
27.52328155280267
26.82521928074637
27.365930495612115
28.688503339362285
27.510646348708157
27.09711330736692
26.392601163910214
27.557346727769314
27.607431980658664
27.608615549890605
25.59607739787757
26.107348471391386
26.054898238286096
27.637491351233027
26.813662887965172
26.251016851372253
27.236019452453387
26.770797615962373
27.387707259516322
26.720431765824998
27.139191020620764
27.632171772148173
26.18661260680079
26.974229308814017
27.218517986615186
27.49364035934256
26.532228783182795
27.18868453480971
27.686059643802054
26.524088230162672
26.110921026570878
27.767381512770157
27.797401234623074
26.96056958327333
26.807600080272906
27.16788167030815
26.677374117565098
27.95227027785131
27.621113661407552
25.96060943174032
26.825971467552854
26.581670228020677
27.6381018480117
26.93087115218227
29.591065279497812
27.610592997454294
26.141712347694455
25.75044868422408
27.034725787275065
27.485274072992123
26.78666912807289
26.69360307004211
27.54542691366667
27.626381353549252
27.48638739022345
27.356699795451497
26.684162849906123
25.93811494112089
27.461455375238277
27.05975086694402
26.907462664304344
27.05503121124238
27.106277906550293
26.587729739203525
26.882383201506265
26.706239538707386
26.669947861701502
27.221908840853015
27.23904837723631
27.240364563715556
27.52119343125125
27.265641222404376
26.45703388943587
26.936111468195616
27.11974914808484
27.431224463015663
29.59028111901769
27.525606164729936
27.888294069645262
27.020295873740853
26.031227620698072
26.49266153652415
27.560120499704723
27.23021620863542
26.623620912250914
27.603758185275385
27.638545281015126
26.726792709907137
28.921542128927477
27.24083100559924
27.95301858586125
27.480489031420962
27.265182695451298
27.226309263403493
26.45097069440703
25.8144160978044
27.12694064218831
26.593200490417768
27.668632661343455
25.918857189085635
26.994508758165267
27.981305031503396
27.72899631171487
26.74542390419389
27.580017742948847
26.74750963510913
26.65195094826996
27.352303803518865
29.24782260713707
28.71866243072173
27.349270161191928
26.26777494339534
26.641280003872552
27.32928434246951
26.443412234538933
26.995733736205008
27.49340030585595
26.705528804637698
26.699839488931797
27.814008677053767
27.380075027696847
27.067878004481102
27.586897119382233
26.266069908799047
28.203897645777587
25.75051763590229
27.648253276414895
27.502491539608553
27.150419971964155
27.61015887513665
27.793037791808008
27.066257012785936
27.064866554393866
26.66968135147692
27.30446940808829
27.24426094562654
27.038440609579496
26.433106959428553
26.346199094181127
27.80460911518215
29.02901246788599
26.594451317889288
26.067848708842618
26.650092960581627
27.62048315770963
26.98684022200341
26.841403579451015
26.714808522095105
26.23539340269892
27.61386662452997
26.811586233853287
27.97667427941536
26.157687104519358
27.277175145169707
28.743993700484353
26.83123158269343
27.45722960120132
26.87856897411453
26.523479916728377
25.955474212019315
28.982274244975084
28.76650719496521
27.042978733297556
27.627126309835457
27.204228199696
25.745183244935127
26.910228546663095
27.738022184462206
26.791552716020835
27.043370795602115
27.365969670534536
27.031331039619456
27.64291813797524
26.78807423290662
27.378200060137587
29.032691031516958
28.36919829524476
27.853949691105502
29.019812996530803
28.766595416983844
27.006130612768033
26.569320251795062
26.57199459779127
26.777292011795595
26.946834114809946
26.832204957993245
27.099078713959077
27.467228668817583
27.182842670580655
26.614879218919913
26.213231201743138
27.035521847436826
26.956391789961888
27.424833825344756
27.07850177508579
27.965546512471736
27.377155356608796
26.83565455578064
26.635693907662098
27.027959506105123
26.717437603395453
27.867097298308607
26.3475385421949
26.909787788113995
28.786383567434473
26.86079378416136
26.971238188879646
26.97124732203406
26.782471113570253
26.70866664855993
25.718505321520578
26.690190241226304
27.044006424433757
26.60953003082331
26.904093968953983
27.03167214432245
26.195397048798995
27.421065855919455
27.43390047219765
27.89980533073632
27.624198261333525
28.930759032799063
27.117901634990222
26.686211281542462
27.69573396657153
26.420419442147903
27.61921358923372
27.837573434939877
27.08674461593701
26.93665809676097
26.704603449499565
25.8194929733091
25.74867661867929
27.5132792100146
26.02277199073157
26.067656259625487
26.15598604769516
26.955151064429636
26.772968283806403
27.800292777386417
26.952811638331582
28.23792040559282
28.778835358480073
27.04820122389287
28.032085685188566
26.66365397453994
26.672204149633156
26.611230630105936
26.82827790631607
26.947875133937313
26.996224640701925
27.619461582491727
27.20743298288588
27.23690182783436
27.277524138408612
26.70450276519242
26.803972996336867
26.668132318347066
26.479846673597574
26.87034520716803
27.381683942488745
26.377850919516423
27.00374823478316
26.953003131801275
26.239177072540834
26.783191151436426
27.20583002789898
27.2717125113793
26.352955917383852
26.825459691587763
27.105621846873955
27.884979826072176
27.2736872983605
27.543029739240144
27.255618426824753
26.974361832676216
26.563553805587297
27.153530247379503
26.751976921055725
27.295214113561585
27.173548203283108
27.241786180080357
26.63236287226326
27.61625142989801
27.797615118289304
26.18186910901554
26.350782526273424
27.617438288637693
27.083730734192606
27.751706484572928
27.77345347148996
26.635696256015926
26.63652765306931
26.99803667091766
26.50737211173777
27.326270310653072
29.208098860270226
26.84197338441273
26.651132147971257
26.034185995977936
26.872323185236915
26.965411094279556
26.976141903270122
26.726986963037728
26.580985618130033
27.832085793938635
28.300646990121905
27.472014488490505
27.6064927576577
27.43621640265586
26.066772833466906
27.723839882017
26.94971910202422
26.226039658714996
26.85879978845846
26.531947662164995
26.808475801382123
25.92749254181237
27.01033453649687
26.710773503392133
26.720146815002753
26.669860285489673
26.633850841545165
27.04155986678675
26.70619753104204
27.645085182739116
27.63771998169014
27.242895504420467
26.006326813230903
27.657069940350418
27.35784219583044
27.005110310234677
27.498595748701586
27.661341648521397
27.26623338833859
27.349662640617233
27.145767974919742
26.62338954521033
27.375827692158104
26.77119929428585
28.43024260430112
27.755407051669394
27.22227035497596
26.649891749854582
27.02096406070766
29.051121312976388
26.47584931852317
27.639962262698745
26.99866416689234
26.616964434960273
26.54367295702598
29.551868810554552
27.097551032270005
26.988081885246693
26.847462507874425
26.791772282891177
26.825089268182968
27.272741398773576
27.223810016381627
26.869336978419515
27.33933050924886
27.4719911427229
26.26049051568191
27.491784653353392
28.995839839416302
27.083769006649796
27.059417388090456
27.63534109847984
27.737495538015562
27.63067848406238
27.63398088606019
26.615057778942663
26.72780340081768
26.547536273956624
26.683394937067604
27.24132287532244
27.587961941142304
27.583223705365345
27.796048518679243
27.595444395195486
28.12267978692261
26.60351557191479
27.0801411318389
28.94659418211048
27.376465432899543
26.48313028155053
27.61206145784758
27.96759573468297
26.683951031072375
26.683364071424734
27.626920069541594
27.380400331130982
26.446287998648522
26.975945831210367
29.02672349920962
27.484945102108096
26.858249029396923
27.205479786677582
27.191173518288757
25.987278209203733
26.089885430587724
27.619757307928154
27.594108332187396
26.4947975422591
27.030791397760606
27.267937843252714
27.04388620502928
27.619593537170594
27.34423418398889
27.79264052439585
27.482472621221163
26.696469862714764
26.83813886163547
27.96039088587907
26.664762607266653
27.001805562358324
28.14248347637048
27.54864249565494
26.724646910919382
26.194956131410784
27.0551993310591
28.104818926892456
27.485905527032358
27.047748304319676
26.78713209613179
27.50092208475834
27.544537480224896
27.62777371423767
29.076059790723484
27.93894763979707
27.20469720137322
26.82014334180232
27.384135679451244
26.52505145292837
26.668442270065945
27.64479661546909
26.478620263772772
25.725230005341714
26.07387334156886
27.34777059648372
27.304443932592793
28.088164341549327
26.98255213558086
27.121304618516845
27.495514892312503
27.12050869630336
26.973144897656578
26.63574745044488
27.597140691982457
27.62251612377416
27.19640559245841
25.91958437736567
27.557245104851535
28.758220402656672
26.707070228273956
26.823290097722754
26.869427679684158
26.45055030966378
26.679611494578456
27.630350419342996
26.875611229844306
27.04274196544225
26.541916326122916
26.990042887830388
26.651183053333867
28.63165180911578
27.46790386715639
26.829127852395455
26.811836651612456
27.000063467305818
26.858240625176702
26.668201878105386
29.523972119368125
27.02528101353544
26.782804395610224
27.15767995478733
27.230828610811326
26.985382052049825
27.92044799392675
27.990747559344108
26.2319104565606
27.622019507770588
27.278754005045638
26.61947690697602
27.57868349880212
26.86573722203267
27.63543362731566
27.263210956927917
26.283430645667103
27.616392999927324
26.580901208936844
26.928644247978543
26.855311509349225
27.10601829709472
27.005368559646673
27.367976955198067
27.999681785243656
26.645013241201998
28.077231607026164
26.24560228922014
27.535075083897095
29.31181112208128
25.88980892857736
27.825816461637835
26.476128189685816
26.48975491108768
27.248727626261232
25.722417622157007
27.963725580447246
27.674845448081932
26.621196385807476
27.19324497883573
27.53820871387701
27.570832548155593
25.95465024923088
28.634368225363367
27.53039128230815
26.840642806921647
26.35209918984738
27.624909518599637
27.03478757197386
29.290435255809946
27.38740179075872
26.71811486753814
26.53350162233605
27.180064299834086
26.651728438037367
27.06118838137074
26.31647043986027
27.230255524738638
26.219929666302168
26.615940870859287
27.673567942617385
27.270799659479596
27.62365487086576
27.02157639909501
27.194451472573036
26.67279291872287
27.631032857235326
27.919143193607837
28.362469500343458
26.982460058147616
26.392221472068087
26.40071495864461
29.20686041044747
25.924192467068682
27.609223176094435
27.641004064257586
25.757336999197985
27.353364430818104
27.582204723596114
27.046249410257314
28.22446164729138
27.422430505118147
26.540026707005733
27.031568215164825
26.809549191528355
26.79880380268007
26.635897279810035
26.82028888840766
26.90015980305143
26.64331206779901
28.663455664119603
27.07372274545379
27.23996294556614
26.64267365269524
27.635305329074857
26.40178871692113
27.963775319059906
26.955803740968687
26.7191350314667
27.338821063464266
27.645139402343336
27.015025318017873
26.47712113451091
26.818672467717928
26.651264126069133
27.627210697099684
27.026188391416806
26.700576943303655
27.072166823459895
26.719721099783566
27.605522029534544
27.020150138474026
26.53520207527431
27.53338783668163
25.89693710629082
29.298699560251944
26.543198904704212
28.62464933898409
26.997315851724288
26.776825724810056
29.643803872706478
26.81026639917742
27.61596742078209
29.590278336914412
27.489989203842683
27.87861465534967
27.16171037048421
27.598695186988504
26.618537892837388
27.467285831922016
26.945915419622136
27.633753043370618
26.673198898529556
27.755578760156805
26.702979901496164
27.05231167827431
26.48536096066751
27.636347196714638
28.229298010894283
27.602917169819303
29.516420994999145
27.38624572741922
26.039237099208247
27.310542865058245
27.83714822770605
27.64870753257946
25.933521630062096
28.32271209634694
26.955108095364643
27.66068535561964
26.593653519077
27.218077834524983
27.67955873464801
26.71963969667664
27.21575669644412
27.469116871219715
27.366619025507635
26.396575931622042
27.69598966569358
26.866750559352152
26.173015695483333
27.110901920137277
26.861839118365165
27.62592441191567
26.446302386750833
26.87640098925535
26.682266821628705
27.203936170015616
26.943057154681757
27.92213970470229
26.61906094591889
27.271336799841063
26.63873233030463
26.992517184608115
26.820408955777268
28.9915960375468
28.797284725487557
27.51956596880099
29.776216444178115
27.610306418950724
27.53112110686532
26.75640775951
27.539242868653997
26.634108588970474
26.02754565088049
26.837772767698265
26.22701251543993
26.806115862648372
26.068549345479873
27.089110931416204
27.315397372701906
29.663910191269842
26.307471883688255
27.572800730471048
26.9579975742905
26.993336143733604
26.549583412001777
26.99679164831864
27.27030851690183
28.051968651774054
27.028767180915843
27.635884179273564
27.084055930642364
27.594490482726357
26.05628312097565
27.876050449274654
26.6932289696463
26.908273240469544
26.450505753066448
27.237959188476907
27.620190034124075
26.06823486929045
26.825363035017144
26.924100002322607
26.816676658218686
27.581293712767504
27.263629384615946
27.045453962198124
27.23747579166898
27.389804516808276
28.716005773227685
26.629823706050946
27.77846111699844
27.69270419397111
25.754661725861308
25.93484635572654
26.224764503518227
27.795073744471704
27.179249286171466
26.586650347323317
27.673147757368326
27.08694002266803
27.46640713895295
26.558263272138948
27.65078342365264
27.6114610783012
26.930611765384743
26.389152737834653
26.80611000104324
26.54364398823191
26.8175463755653
26.84494033592286
27.61816728429741
26.954812884106406
27.186016245255143
26.706206600844485
26.96559300934774
27.533775077337978
26.667128321311758
26.01917297636541
27.74755644030371
26.60653435643612
29.038203700727504
26.580358153854235
26.110046233984626
27.387070937047312
28.949686212174612
27.170012957692084
26.54006484050764
27.640192798954256
25.84655884700415
27.555637456345995
26.789495363715496
27.55439134312812
27.629349546928328
27.63120296662983
26.91986436262368
27.383441019589227
27.40135042775059
27.017754930980526
26.764403386627947
26.63643605067692
27.594862709179598
26.62258126238485
26.75678734213147
26.622530222922364
26.55454436865205
27.74445666262447
26.825991095828094
26.669705492937304
26.858504624333193
27.743753440519665
26.994207285942647
27.250401415527886
26.36794008235705
28.702967553967294
26.30214657994371
26.834211359439497
26.98695225251633
26.736099758067674
27.151184639306802
26.865669377490367
26.59463229672996
26.805627911104445
27.933034143336
26.704514217318238
27.622311870673325
27.792673935147416
25.749911664730597
27.006156187339432
27.49534085579244
27.221263297172925
26.401592456978324
27.363147202378872
27.148619622221236
27.678947458885414
26.72884695691023
28.3507883249533
26.554068667318727
27.85622777548845
26.827318663828137
26.419509085696195
25.969725527832576
27.2084360345762
27.327388210721125
27.616896331995434
26.857632103982557
26.630757657600903
26.2784582821722
27.920741264981412
27.644062544103402
27.626150369296912
27.59289299490029
27.50658912757876
28.813735828813726
29.394360975805338
27.270159581484215
27.539336553210546
27.83972333528132
27.016642165596085
27.745561436246227
27.301792011513648
27.638713614004217
26.329604122290252
27.27931555211188
27.860238004053933
27.691057898198046
27.643902297242327
27.537992488988372
26.69369874211149
27.923742670245502
27.107565715107043
25.765910502870764
27.62372503900773
27.197842023797055
27.64824497452502
27.037490482950176
26.640882639559617
32.490457828987395
27.888297516446883
27.704734157856517
26.847660754697298
26.797960257544645
27.331948423156742
27.328790398087218
26.633885113089715
27.829237926090236
27.577559398209434
27.461807566726968
26.89219402609226
29.620894535090105
27.115664359263775
27.02433992488637
26.858730568940057
26.25600392508817
27.556756186683664
26.93312283805848
27.000055805674627
27.71873416653469
26.391448424380904
26.863170267662994
26.639283674532066
26.157308052714818
26.611284339172997
26.313435125241043
27.54990406177601
26.935315305477474
26.786655512112382
27.86989303927287
27.54987217757626
27.276738262586854
26.803697645338296
27.003668486846685
27.7457597431489
27.624796865614016
27.22153983182217
27.623481813949923
26.801553531807492
27.55908339540697
26.16762028543901
28.997213698678898
26.53847592202261
27.269091364167057
26.77734587335126
26.953442739779707
27.34344941181455
26.179914971170138
27.8027471875874
25.84680205825716
26.935713368592154
25.951248841690557
27.169981884946584
28.163681738675262
27.208665665266313
26.98347963207356
27.342542912493226
26.73762851187289
26.553114655992974
27.874218862998625
26.850719932902756
27.50945069535578
27.18087999896466
28.836754686205868
27.608504200146935
28.89549918208395
26.17862496073783
26.607481977616356
26.450775349968428
26.959610531088714
27.8784961634192
26.990933248014937
26.73735348878839
27.270472134324745
27.466759732250676
27.963186781986188
27.051013274106523
27.274622521807867
27.27211462941742
27.066215004724587
25.673125982308182
27.723899921105563
27.789051744952918
27.33875700730245
27.749793645181335
27.274838810701628
27.286611639575828
27.004936959342384
27.879339433612472
25.962461287629555
26.66840630506791
26.875266778891366
27.886961929003498
27.600982220309835
26.703992221933092
27.158125681253
27.763603138278746
26.527551609811773
27.128643372695425
26.860736404428962
27.046398089000927
26.668889018026224
27.00954205559449
29.028528420912536
26.355106621196196
25.790418383853574
27.63971783069042
25.502374885154097
27.21703174597067
27.47720121293268
26.68944979310838
26.78524600487848
27.014817744858227
26.375019660181472
26.84127012686435
26.87922663465484
26.939608360437685
27.64412208279862
27.150054343565895
27.63093362983214
26.970369612190723
27.414630572547196
26.41436024920605
26.689857808632695
26.9916010105173
27.78169900624062
27.23815801182003
27.021439860173107
27.610283787402786
27.551392444812773
27.006757233126102
27.6851451268864
26.707376286724312
27.096528872369063
26.669270967181305
27.424870155640527
26.52510914320145
26.432035290331864
27.07965963828068
26.621577908472535
26.836913749065108
27.295031247795407
27.201833654234303
26.245182860813244
27.615211134758265
26.2383694986935
27.754832105594062
27.054467410752945
27.102440303643903
27.473859200813855
27.039289922543166
27.12214061206091
27.748665644015574
28.973859460113996
27.397229999851213
27.267227029224955
27.06805933381524
27.770731003373076
27.464973175390824
27.82105012593078
25.76782422286057
27.61813960613698
27.325468133122207
26.77018039261166
25.739263903290468
26.691269038978614
26.635406009103797
26.81416201999136
27.75554320226665
27.495478538713147
28.31882927151919
28.980840223387034
26.78244973775246
27.26733213654126
26.781070248385404
27.060215656973405
26.49805880645623
27.233202283127365
26.655020584124372
27.183003824815895
26.299249478997474
27.37010864379973
26.359968335529278
26.812110073428723
27.932683692147886
26.800996323457106
26.592807035698307
27.827885147495625
27.56912960758136
26.010080700978442
28.83226895040252
27.33452890569765
26.670532063884476
27.628109847837198
27.265455525372047
27.035030085412586
26.80694535954618
27.39362429940211
26.655163059609674
26.70577318093486
27.49818614001715
27.042491799924903
27.46670996936484
26.88545003092666
27.617070892938177
26.13028434149
26.528741968494423
26.40853013152769
27.801466826597487
26.087659249396612
26.57368287459708
25.906155035234583
27.625036035514793
27.627319281726166
26.772376924942865
27.005114912565045
26.630983318412063
27.101858811619422
27.812376417775564
26.9061488621933
27.651248032370365
27.776366669112534
26.643665894626466
27.567826354036214
27.660884284859854
27.378751207679095
26.663645938576785
26.575974462772336
26.909983897631452
26.779683428996158
26.374637079563684
26.242734928414205
27.628622509049514
28.058379463035457
27.391929619615667
26.45734626443075
26.608605300154977
27.66308173589835
26.899453548716043
27.16385692975259
26.594368042241673
27.058255072704096
26.88420603054634
26.962148558438415
27.388496998618333
28.635897351959372
27.65373480082907
27.29591339329097
27.27993382805697
27.934873605184745
27.410589883220986
26.600784478021502
26.67026551780829
25.946317420340254
26.68079539428488
27.48342707582448
27.40554822792057
27.574184177386606
27.600022692505384
26.981353755451973
27.6048045466359
27.243241753726878
26.2441419776022
26.758513750846802
26.76424276855493
27.162387949252683
26.930536867816066
27.354036009128016
26.82538216990349
27.520401071917284
27.69575045316521
27.013777978283837
27.508382841357115
27.56769712706419
27.536792174116506
26.988326389079155
26.003901824207286
26.53606264988175
26.440249206054265
26.80445978540534
26.899962639225258
28.42449093309094
26.58201257344026
27.314949488928907
27.567156394643174
27.061144091260818
26.81296419948758
26.72688815665592
26.611300218502652
27.601325379208838
26.504760494864556
27.253059759776082
27.46882980471323
25.74077107478911
27.30682530452461
27.814861699576173
27.65612051610794
27.782331339572938
26.97700807878226
27.0478825742958
26.594648115290365
26.670891903364335
27.890942959930697
27.619364680827637
27.57465902828994
27.64590328925894
26.78281702779411
26.71870702173759
27.65701141226496
26.188681201609278
27.057983824262593
26.933256125380378
26.459325612310074
26.90431979973838
27.06161602432148
26.705164652192508
27.209523471414037
25.84528387528785
27.473578656062887
27.462368007712126
26.8573261454416
26.684195621007245
27.199496579658135
26.821499515508915
27.06013227593633
27.44098539400296
27.444148020051735
25.918269872327564
26.600417821961724
26.73438751978363
26.689880160240897
26.18251899121273
27.516624380469707
27.001950172330332
25.718896621199516
27.643346366450118
25.55404605147144
26.994602111675565
26.07089524015899
27.039558975003402
27.323321921991795
27.554848944936094
27.611336426156274
26.77706929407632
27.260013297587257
26.622356037713875
27.613706605517716
26.252232661898724
27.573250659370654
26.472109829417683
26.768332154123307
26.55405714419251
27.6100539516095
27.08483243890473
27.944093410717034
27.075873541632127
26.91329107732272
27.070343849858084
29.619068155683543
26.170400065558127
27.627226630543394
27.80192510822191
26.595086870677296
26.214392574713088
27.47071016492743
26.947326082572157
27.713933945561497
26.888027702961306
27.053130616816727
27.60800595235876
26.74848707892953
27.135379565306316
26.1886634048658
26.405526023353065
26.940472821351612
25.923787808188223
26.607331258894
27.347830635534798
26.167506010861192
27.062253033962588
27.439845784386684
26.79791004008267
27.54125955708416
26.848440514696527
28.187979348656636
27.45197455550331
27.01383536649791
27.12076208362236
26.99569801766922
27.25022691965666
27.627635018754223
26.93816495323024
27.610866366880277
27.71563440832835
27.143863428671928
26.681826290449685
26.70445457116056
27.25806368846378
27.057243671385702
26.524675111381693
26.593618633260604
26.266210962932103
26.986250072603067
26.851569840389473
28.91449562075616
27.49837518537871
29.32930654101676
26.93126076417631
27.44930381653622
27.57787912314187
26.87797696611949
27.52299664507722
27.11648746296364
26.79868871981938
27.243687164918907
26.77941398291383
25.842420860579217
26.70721060185903
26.751759356885078
27.629959785938684
27.356973999590128
26.847464480435058
27.571230715557896
26.248063007530074
26.989805421330036
26.9775055092596
27.392306126920882
27.62707497013429
26.49518994694949
26.983276613988167
28.89107751816017
26.836500536023568
27.633193978109713
27.52682501556826
27.020440074363986
27.641203278073977
27.8981565280466
28.44347874253953
27.199480803730516
26.660273564976915
27.289331829451132
27.61911669310274
26.549930144599806
27.638508893546476
27.31813593281387
27.513622694420146
25.979341689579645
26.075558632934463
27.720116968500573
27.043177339383654
27.537505444283823
27.807068426974574
26.823570126806384
26.784413837338203
27.511640918925693
27.073637286430753
27.60898810751908
26.716057077461503
27.564545645255613
27.580880317044763
27.636877095890213
27.485148707016908
27.38767682336559
26.318240346728967
27.34917965792263
27.262001759283056
28.80974795538912
26.48215046939429
26.3536869315518
27.903261711582996
26.456714776278712
27.559104599821413
27.35116313577184
28.366917003834967
26.247065668837735
27.853130295880526
27.000236112979188
27.61031141554214
