27.424087854136065
27.749228242357603
27.81359655068855
28.014311834764026
26.672132631230483
26.289945138987655
27.937432858000932
29.04893241429148
29.17979038690892
27.57335936032498
27.799832211748875
29.05289051658559
28.062182618567206
27.909813340932274
28.70165420565784
27.972160587059875
29.110389643217044
28.11545458191618
27.525103791014406
30.21182890145582
27.08740408375049
28.42113561583753
27.163290491410145
27.289068959859375
27.984879778175685
30.141610019683586
28.128352381645563
28.724829634611798
27.82720289128984
27.172871538755796
28.825549216452348
30.369036595500116
28.462448006472666
28.064428715685263
28.366924000902575
28.469667840199385
27.85091472422581
27.553905357226853
28.40229829005295
27.93803503064084
27.72302295017311
28.159222679925218
28.40361094069116
28.423928697688652
27.987823257859986
28.77940315445168
28.11766597268407
28.488939195337796
28.773087335966615
27.54334374848655
28.025971637633532
28.40787900274454
27.652474173458238
27.360887106659494
28.51533194691838
27.737721624959825
27.7783612129947
28.33644976126537
28.28716688399673
28.67733036199434
28.048461820560554
30.348246679844717
26.912049588732813
27.93033288640588
27.49052355771792
28.256335587200113
27.479318191436086
28.210692788016573
28.33430956461491
27.03149309959929
26.830009399116822
28.35880589192002
25.69913695420469
28.528536970120008
26.686474531357742
27.72386190630988
29.026083341607173
28.486117307228433
27.92050039612812
28.035154691088287
28.377694295323863
27.039637838366108
27.4324283925715
29.164237964742362
28.514016943551212
28.386229438839532
27.532370952915272
28.766444289924692
27.95150651968559
28.40655835348414
29.595111218382044
30.318760179004
28.223749029505214
30.128285301960464
28.468890552711134
27.86769073201975
27.87071217070598
28.25729679354979
27.527220898572136
28.05371010939529
28.31420259378149
27.56542958667641
28.49990926450558
26.67963901243097
28.005881889009387
28.25330805226584
28.679633341560425
27.589654732283204
30.37202412201792
27.55586181792186
27.226141920627907
27.608310593537944
27.77896281038149
27.16442397246047
28.042475984682874
26.48087944606107
27.35106234826971
28.432466842222205
28.76943136690726
27.64319177287737
27.822468058072225
27.546333906421225
29.301422829736282
27.298107916236344
28.425510657897544
27.556499265409375
30.218515214229882
27.958121520065752
28.188235519268414
27.942938872451002
27.443074041215564
27.57799085738645
28.239714619295693
27.909448070024624
28.448412475239337
27.100714095987513
28.492548271817668
27.850322335792846
27.965403935603945
28.508330420869274
28.443956978052128
28.370297550279275
27.175552503617585
27.58406938767548
30.406111935279352
28.409198640620875
27.262035125039844
27.095711630918053
27.73551966985924
26.983807330408872
28.052446010505673
27.67551611735412
27.430696509219565
28.67945851735222
28.16958469109915
28.327911244830872
27.23280860182915
28.791381469859658
27.177903065300235
28.09213259345394
26.976385227798186
28.185832205761987
25.88783556646157
26.89410023356963
27.550744149841755
27.439032525666683
30.395254584690385
30.396344709518456
28.036699410598782
28.291152822029154
27.196235657315043
28.103088793948373
30.3684716188908
26.520360960008578
27.726471217669733
27.82390435984198
29.255963639496077
26.67232492841752
27.774781461635733
28.42267793184612
28.337915720256703
27.932131005467774
28.36257085507783
28.350959120867188
28.412243178543626
28.124405832967703
27.75210002499857
27.392379643291946
28.477871147194605
28.244666648351537
28.438675095182415
30.39419291098004
27.992529147487975
28.411586027996474
28.63666863196646
27.85251150005733
28.1234950911441
28.30322847513878
28.441863885061718
27.76329928097048
28.115045848928116
28.651887705435513
28.270398987283365
27.140162870555855
26.66077852189797
30.300595504372396
30.396094062638035
28.449279521348814
28.71556372357955
28.45068420390526
28.515758060117715
27.481804000020077
27.747072617688957
26.98415439194163
27.957472619862173
27.565191349807467
29.03662863797249
27.487630427054174
27.438037211574144
28.476985456648663
27.722783752171768
30.037583516864593
27.930004166181853
26.983676044566675
29.530888231530867
26.717735299429915
28.436742750719908
30.23912875018157
28.79835142534546
27.446028476079874
30.367862070203017
28.058153973293106
26.349377440363483
28.26416137662729
27.594920405671278
28.849617273621853
27.181369651757215
28.39316341637427
27.0502262538709
27.330732063592045
26.850698218514246
27.503549629213325
29.132223359707798
28.31277225738086
30.363260216084253
28.450365712308088
27.94015312302797
26.760772546991753
27.228748303145164
28.56786552280091
28.633907992597695
28.40449202550124
28.475900839454287
29.092084108457225
28.292469786100213
29.166090871277937
27.009719685703224
29.452301075484783
27.212943248609093
29.220625890098457
27.460715014168542
28.744740911802637
26.935500493386645
30.085035090872626
27.69113096049026
27.685968721792474
27.629750163451174
27.688438947780288
27.974843242584395
27.796726511427774
28.285825429711792
27.14054296655359
27.86347702013789
28.31364858059105
28.469558581711773
26.995218907423705
29.418575580766642
30.39446604743483
30.054720208930313
30.357524982829034
27.559282081925385
27.600076645656436
27.448577700346004
27.217919669958928
27.56513346516685
26.660808755045103
27.559390143321775
28.44379744166267
30.11641089484409
26.89471937033723
28.779840977371173
28.377597497031516
27.608883506093658
27.42115308607865
28.156269402158923
28.706767729178278
28.59757299601086
27.06130674955366
29.00649103334677
28.400989562127396
28.68210005283547
28.037728664091155
27.559438655629588
27.51997356887503
26.995057685190705
27.50788704896761
27.760732565605053
27.35991897305127
28.203933027164833
27.374171396189272
26.924401666384956
28.828991251049413
27.26256738420982
30.367294196453088
28.689530837089475
28.231769931476464
27.25413541315733
27.737530645791878
27.77315929924385
28.515133928930034
28.783828813042426
27.015232388536013
28.37943457757905
30.343014257455632
28.836793668863336
28.005449859783198
30.34759248919496
27.543065335460728
28.90510244978804
30.19394446197803
28.37726047343391
28.683692745317586
27.227837169739136
29.76211720093184
28.78831719647415
28.13237212597861
26.661368106233297
27.08375598876936
27.82751310682063
28.21625179780435
27.955463490891535
29.184522910162745
28.0293289287765
27.672212402200664
28.538038533427432
28.65379599406902
27.111502704070407
27.89956122197301
27.755463274054918
28.47977951255951
27.483314608249717
28.43887712709301
27.443065273979833
27.88510006061125
28.27351447841451
28.138354126535052
27.80743933541812
28.07860606599837
28.360538620241112
27.733132277837903
27.446884089915986
28.59793936515552
27.77628482990919
29.31619175998616
28.45728969688228
27.489095044373354
27.769036881488443
27.829662359512632
28.452744085295706
27.43159931532771
27.97846833788098
27.0743729644583
26.642579568499556
29.171168866498732
28.39600230897244
27.964056863098968
28.437186466700407
28.955101666283834
27.873039971270295
28.433177958036378
28.74897015351878
27.59915806741522
28.14480607163827
26.448686973936386
27.524625682053372
27.33225608132066
27.119357480005295
28.447710622669042
27.431515823976017
30.34221033755921
28.46712909660192
26.308038048493223
26.73790595665171
26.875134763145567
28.44409800170475
27.93575102012221
26.71575997484775
28.12695613208649
27.95508513255292
28.366831290671684
27.669856569753936
28.000588470689504
30.363451908852518
28.51915216659313
27.328007309727084
27.598279838508475
26.854858011557265
28.364308932550145
28.099237821296388
28.44286811625999
27.357427347740643
27.50750354486714
28.866396931302507
28.196652559366644
28.15522666610601
28.401022707468385
29.26717715490795
27.500610554525206
27.97158816090823
27.661782107300123
27.31306921068089
28.062022483748898
28.508110314123204
27.59295212895378
28.087096168921715
27.839811336583335
28.4575865481173
27.693750936043116
28.406264969626985
27.698376817108162
26.848162329980138
28.55118658666963
28.833324023809485
28.078988464862267
28.363883787394432
28.708901656301986
28.50874572653893
27.31530400256192
28.613153417619344
27.50245770793405
26.70284395748729
27.492406757155454
27.714890373940744
28.22709138921141
27.45701424965599
28.898187317341012
28.285528758451907
27.534061848264077
27.660921752373238
27.49077631942684
26.792799672270444
27.95488848833536
27.380850555600414
30.393087706773056
27.787375260635347
26.604005579489076
28.144004704050914
30.150699427110617
29.544830672651663
27.87275021588949
30.376286575299943
27.146937309542945
26.684185647167684
28.367219287431734
28.419836782125785
28.57190389558761
28.438757258434702
27.9359924195117
27.75302692930587
28.8208668455682
27.647275541519534
30.346545437195893
27.473920154049576
28.083568407971722
28.04999664584062
27.634745768390466
28.215913548923098
28.78332281717412
28.10886375102261
28.421869325721506
28.4745059098128
27.41950079439718
27.908222117988455
27.23467546897138
28.34137044627559
26.73744964872588
28.518380825738614
28.19398469753071
28.16329281115302
28.716481235334967
28.426590919652703
27.98714938903104
28.525247278366276
28.29162454497681
27.572118640905313
27.78474012521748
28.178358885505578
28.381286476027007
28.43933955944569
26.731050523514764
27.760759646227434
27.762901680171
27.22249265406556
30.29817241942936
27.490442356852128
28.295096998270957
29.19026271333362
27.19959070163749
28.442077456091415
27.995048106985863
28.46284321004611
28.187738971628022
27.151432153844663
27.077801277298676
28.052880462318072
27.660655621089997
28.055471152822296
27.908129886494212
27.966294240514312
27.39009786164069
27.444114356951957
28.249596066420978
27.087819722377635
29.80464604028294
27.76751682028293
28.501631019972073
27.82270910628521
30.150205667993983
27.56195913603458
28.415378296087926
28.826090099188185
28.361592705887574
26.86445726824407
28.65485605993936
28.42961324949647
28.23791734906452
28.17474519335627
28.54028154604839
27.220112736600388
27.466452348912956
28.47389556725499
28.450137111798163
26.295763172536688
27.187242862910352
27.15114074397043
27.569689803656985
27.75678911767542
28.354453545739563
27.001004929259473
27.561979191836485
30.357428712832267
27.86782608243557
29.221823119348798
28.067345644926302
27.966848101611642
28.809164170455578
28.47179588384646
27.476657380224854
28.467512910688267
27.961277295697904
27.716179492152012
28.198368214807957
27.498599759047504
27.000233048203256
26.657580665785144
27.908182455058054
29.20448172649591
27.748803100636458
28.32536564267272
28.696819971527326
27.87911554613902
26.61292862505875
28.14215125638059
28.406021027744266
30.208483854272533
28.421210008585295
27.84306925916399
27.486946441368175
27.611794187554697
28.943563082540834
26.48255034751797
28.030205241238217
27.697501685769897
27.625024533824753
28.330227291789164
26.907672169493555
29.679093847573615
28.03244910920242
26.934887591847453
27.132747239127987
29.00586317286082
28.748319232817764
29.001165814874973
28.375133724931313
28.861942047939273
27.138565828609124
28.625856790958967
27.32524600514297
27.377671826624226
27.275907354264973
28.87847821959542
28.46386589916206
27.18894219806371
28.120373949682524
28.92681352900166
28.712130082994783
27.73002011475139
26.98939014095651
27.99322022302839
28.762630648335872
27.99055186024334
28.51702976963447
27.61418373844767
26.47536450560697
27.887446552829246
28.27307073871356
27.541690317924452
31.562653293255945
26.647693175983242
28.70871580894486
28.47659147570986
28.164592933601117
26.627511035236655
27.971896405571115
28.468885896569322
26.813010677373853
28.658545506115484
28.436441277265217
26.68422696750928
30.406889159496384
27.91135442959733
28.35152662981312
26.71362057509593
26.747171822301958
28.046965237966468
27.580861341490785
28.123961851416716
28.36240449475888
27.325884894581964
30.32030903904345
28.548534455570486
27.955666844273257
28.093677348055852
27.881886809860468
29.438646263663664
28.227942798181502
27.102350355542743
26.684429300374816
27.565151499494753
28.109595681733044
28.043214346109934
28.425157840063356
27.67570319527324
28.385196409524593
27.001188852330387
28.371617023697002
28.78906860332906
28.439745117573153
29.5226790559351
29.342617402499123
27.86331470039973
27.312833169600193
27.733023736224343
27.40809315218131
26.92952512322034
27.09534144243052
28.79201264084835
26.666103745557514
27.873769753396207
29.015512812804953
28.151108157373034
30.38275614177033
27.798567442722526
27.7110698341627
28.1502490451696
27.974534788703387
28.81513316766493
29.016968489386894
27.78582489733475
27.298431240620058
30.348346611311865
28.173912514983343
27.424341284116725
27.12594072411804
28.351383002603935
27.752223317375357
27.72170526251619
27.27897049980004
27.92063045733595
27.798699735048768
28.816211244688876
28.107037429529573
30.109665301398074
27.161815340556338
28.155095383754105
28.30542618658995
29.016354957493885
27.9652403128863
26.817709466959528
28.06336897421875
28.71785217706024
28.136625183397964
27.53300294040288
27.073830805470983
26.74293573185779
26.74987940043376
29.29996491568444
29.77799926018687
29.026395671346435
27.539386287808682
28.408658515511718
27.167322669278708
26.599246779825837
30.365423067748836
26.7311700693351
27.940352589522426
28.432857195578947
28.07541820944017
26.548794272613165
28.18018964855456
28.552658948400303
28.999676570634687
28.412353832822493
28.15537428019061
28.27209063182911
28.093704615297984
28.56961956876642
27.921076862078028
28.7338713226608
28.21886034155321
27.72807814545451
28.418770236739082
28.88871805961629
27.53862934259476
29.199156587194445
30.390152275642862
27.70370668788166
28.117818922606087
29.154784773440987
27.515555336495286
28.25825514181103
29.246972924948903
29.527870989806154
28.89387667157963
27.49336768936202
27.5756301711374
30.037398485383576
29.514616145206237
29.06643429456344
28.142906761453578
27.555163809945004
28.91270850530689
28.37622151117009
28.296131187258055
27.43020922421289
28.416419238175116
27.866965088705932
27.73554629120428
28.77127413436109
27.702921757699198
27.97709258157907
27.087522126287965
27.90319411024759
28.02536361655451
27.696007951905145
28.14920974990834
28.244471070912617
28.24717966657039
27.98547670995875
27.228882095695656
28.237982555468168
27.094988252506454
27.724526911530578
27.937477225767164
27.40927076137534
28.42093369908837
27.915089577933973
28.296508443609028
27.77989821692637
30.23147349805186
28.798775319071545
26.742795161608214
28.478544148738585
27.64145075402572
28.225719931675645
27.762154374422835
28.383718269805218
28.413876410855053
29.30104192903008
27.245725456595192
27.25786232571153
27.790246654120242
27.06798047148637
30.02710824974483
28.910659227351346
26.95057901315952
28.424110193217086
28.06956991187816
29.478344077022545
28.78704445799572
29.118122547101382
28.79315523191425
28.503448407181555
27.69611737100929
27.811528501043554
26.631956937618913
27.854204928858245
28.186065430014843
27.89910006036628
27.86004623039784
27.573679941985667
27.60712387668103
27.668406568007686
26.672304561563532
28.28643119646777
27.280788392174436
27.375673144635016
27.8803633343047
27.624371936541973
27.77493959002111
27.47623672616305
29.28653446440932
29.403820956175835
28.41312672374929
27.32852512933925
28.058497752076196
27.27761234394767
27.808626393824284
28.41327346834986
29.264982470001527
27.366701000623923
27.611613076441703
28.680905446560935
28.181153253493683
28.17038978999339
28.390251105731455
28.266665191765533
29.324437229641802
27.88942508073298
28.691576005856348
30.134797082187816
27.064428223207983
30.395830312888616
28.40316887777337
29.391963314871965
27.989032765199156
27.87012082031585
28.190095643473537
27.198564293976194
28.41441435573241
30.344760456183224
28.355040003064016
28.500133645751042
28.36711957350315
28.443600165928085
28.12706736529802
27.785237648551185
27.31541989168318
27.295974086677774
26.661211726306608
26.684434050085837
28.04914722211077
27.10464121329923
27.021622597446534
28.918621411567045
27.69172658379808
26.714203508482143
28.06022911626752
26.541981595168213
27.493251816956597
27.938965076017446
28.450532266590486
27.16811155580728
27.72109285028934
28.84904843339296
27.09313323712756
28.753019206365078
27.637538377730625
27.19347434172669
29.07698709414573
27.567517845560992
26.78043845256137
28.396680002295774
28.182797741017538
28.42895311065609
27.54437738996896
28.979313619656455
28.104873931001983
27.200183021696763
27.646911541216706
27.992704072610746
27.79360034293512
27.51638564188355
27.212862247448435
26.828677571390728
27.914074794851434
28.431869836393638
29.471360381673346
28.902127862470167
28.026413153093063
28.380271817219548
27.272749284951228
28.49367451725255
29.598209465731077
30.344443540116742
27.7294663429826
28.84509285213704
27.524639514484658
27.936394464812455
27.989286124621312
28.155894134972268
27.69908952862591
26.689751758952976
27.57704339548283
27.936630513475926
27.567277747997803
27.740165749545287
27.585859447128062
27.471365693694057
27.9970952354914
26.75192096115915
28.473648514074036
27.077689218536957
27.902539217833123
28.144940035104334
28.68642007756774
28.037733528817256
28.402447491034607
27.974934664212782
27.233871434586263
27.709120081429216
27.6803484140896
29.138839610582174
27.319603581989092
27.864665784303952
28.277803559308012
27.9171359427977
28.488298759061422
27.49723330480894
27.5984571701561
28.579120430283357
27.960154179429637
29.727283397522303
27.995219600881775
28.348038389949195
29.443272438686087
30.084808016764836
26.548668594454195
28.026733724676536
29.14089451961323
28.52165009162344
28.265407293652704
28.17966721269111
28.01290081625014
27.153673913399885
28.14174565022881
27.685336507560432
28.207035579065096
27.710723608687672
28.19658830695476
28.02870198991569
28.011127614578022
26.901363944509615
28.452834722537553
27.53350131974021
28.045778155570254
27.274578449165716
30.392844499183376
28.66328186447618
27.045604162192014
27.374771866213425
28.57328057180574
30.35898561619891
28.26608302677788
28.59052318425681
28.62969970213574
27.753930638856076
26.77050207421329
27.812035260711458
28.469802178172927
27.866922994512073
27.65701943383409
28.327578401592035
27.13719683797081
28.85356876169199
27.79158009647792
28.287239360426508
28.71412111985784
28.46322414164481
29.736263471262486
28.1264175520381
26.676272690944373
27.71908253809473
28.086707479647295
26.577259262908875
27.920228606033
27.998128642153688
28.42828171751967
28.02394997320302
27.51677136942789
27.70035175891938
28.800988584795572
28.158733439940704
27.996009395194527
28.446430185477432
27.554099454923872
27.173887106720912
28.8378100702322
28.479632657829004
29.36128877635888
28.99751182326128
27.91359002723476
27.51909796674394
30.29917184298361
28.350083601425162
28.473529474597818
28.248425146326024
26.985952227817766
27.501612575018086
27.360629027592882
28.464970058482027
27.068807300057962
30.394259868276404
27.512400645910894
27.86308852216722
28.166279265293397
27.974622687836472
27.097741179504762
28.156032773424155
28.156891363944204
27.599125233232414
27.42806559400314
27.67931803641369
27.961398386569403
26.609274671580913
28.410960431060357
28.404372749254936
27.764056832545187
27.676124523064477
28.18344699050176
27.93783725526063
26.55179689809154
27.570087283884508
27.791261712164612
27.59672256214482
27.39005204266591
27.22585244899307
28.675140525852434
27.653708973144994
27.877808411306376
27.37350282025852
27.527506083562788
28.991647746552022
30.39468981451233
27.27039711959156
28.036775282962854
27.90699588252809
28.480447423126872
26.858605482180067
30.386906039293713
27.904695422100108
28.06656366607648
26.86971516068974
28.09894375813505
29.518808103501353
28.206655562527118
27.588740987659758
28.243141037829087
28.37430763814744
28.773771948250907
26.975056506658827
28.111331707917483
28.465186200287878
28.44155173430047
27.538227503981346
28.421020840954935
28.197402465392404
27.326703944621325
27.23086793245896
27.58172554311602
28.39846914167544
28.80792209695591
27.880835335607326
27.171463266471726
28.941226455695837
28.605319075482484
28.627258480012177
28.61313416402812
26.936307260021966
28.0209169785836
28.43058944510987
28.164696786565884
28.086436893729132
27.277737577111314
28.208672694138617
27.316449023871723
29.64534060157863
28.150141543285482
28.00174525168958
27.195143795612143
29.52608239275036
27.009949028692834
27.503751813878544
30.380501765775378
28.475109164588872
28.184218771230913
27.627354690343534
28.391428883823234
27.767037472788978
27.63752270217484
30.08851881478629
27.569342147481393
28.05803308693701
28.067013245897208
27.40805555924421
27.833831615858323
27.552430614162056
28.138152657616885
27.94073886388539
27.971885225330503
27.943153381359355
28.043403664795015
27.559948212845818
27.434686237034168
26.634972553473236
27.25484273342661
28.187650008642898
28.27772232889441
28.3304382181593
28.986192609701984
26.74154226550708
28.440658473542648
27.750883990925566
28.435476560649843
26.614115513613726
28.890457044580444
29.099203010359098
27.122128791992004
28.352399650755736
29.481244342761972
27.338527020334944
28.03811915677544
28.453324695969904
30.367225435531168
28.721084609612596
27.874588054628564
30.385732797762223
28.55682208345287
29.070400159903464
28.416063973605677
27.76762500837666
28.009436010297602
27.5782084994422
26.732015145684752
27.38189893708588
27.096251828564252
28.244458146105174
29.32265504263769
29.815561573782524
27.33672095548609
26.828762026211884
28.077473799706837
27.959755025365805
26.617802075967862
28.500189201740564
28.455173389137418
27.52623774506136
27.277263071400704
26.591621306222635
28.629632801051784
28.32165009294358
29.04202002315272
28.820444285478658
28.86545622356744
28.676879831992718
27.766441485740383
28.442694735409926
29.4459120943617
28.82533459294276
28.46586296547561
27.88368657592169
27.058727468495476
27.239153074618358
30.36862166196634
30.097871593997915
28.03016088722743
29.007266560259062
28.29810595043289
27.337632865013262
28.10759734071201
27.73049358065084
27.38640065164205
28.56248246887253
30.376272127713307
27.950349691426652
28.037598291461645
28.47277945752335
28.77241627479735
27.017771855420197
28.37369439574811
27.113302671208523
28.391059122791134
26.97397544297682
26.338438168565478
28.80810991502152
28.16050223465592
27.73710180558506
29.541258107523603
28.79241430780056
27.955807192301446
28.274430519725474
27.9878691052566
25.982079861573
26.661226371921785
30.336776754258818
26.72651357617734
29.526975685253042
28.685768298347412
30.341570836789266
28.027029085535332
27.059751384788242
27.35161061622374
28.45917045484388
28.398426148589447
28.50212147716198
26.305275862730944
28.410074499641464
30.37885789969405
28.775636161975346
27.895669273998436
28.417077828354156
28.4589460359113
28.654207131355705
28.337998779438777
27.767512553765457
26.970049013289728
27.669325908880793
30.24323250629484
28.16531027097892
27.583460012444185
30.19850654792097
27.096122321216864
27.697129853321652
26.640823390717642
27.718239984925166
28.14292204567414
28.19910529003299
27.85329441122249
28.22769511683684
27.33900246901442
28.139115278807967
28.689120110263268
28.268910146127716
27.424613033804203
25.96411595837631
27.20609620869549
28.087860528618524
27.11032269953964
28.678130834992665
28.044600492744884
27.606429034124503
28.415337611711877
28.780895319112915
27.22415313387137
27.97408445341558
28.084389514773765
27.242029731887982
26.68968946191806
27.100764019058996
27.286342933192714
28.75298632175083
27.994304402837184
28.421916803252827
28.607777207284077
28.464087352553523
30.35130584558248
27.308352469900417
27.544692075693117
29.371641094790856
30.195934504161038
26.325552836892157
28.046677292747116
27.6914621517039
27.572065616644245
28.413109044011616
28.04350563402439
28.793415357127984
26.970033795575823
27.0445977665983
27.696377889506053
27.421176160155717
27.76497015016933
28.380756830353572
27.603841826211482
28.225873348111875
28.68237655923919
27.212173530402573
26.634425512509974
27.032021508584116
28.52181613930405
27.871926641832623
28.121361401727114
26.480148911991606
28.270716868986256
30.25802735006996
27.7052649573859
27.795826430042773
27.92277955654916
28.441958566922242
27.95024925042066
27.910628068708306
27.942639021985574
27.780598757809805
27.866459361757492
27.793147843761123
28.196677116822272
26.61496616084116
27.8691267841744
28.462825326754626
28.434947372734115
26.84635949367617
30.3757739932104
28.337828492449248
26.6076224353757
28.836056955819963
29.260442563448066
27.065003169311787
27.75761637922683
27.96749074557493
28.215291185750008
28.556747889491312
27.47379938772258
28.446546702833462
28.11008700171418
27.485008781158918
28.208457479795655
30.3658651357968
28.17678941296767
27.98032394805015
27.974433467182735
27.794060861366635
27.710506743018623
27.810627193760343
27.588483629509117
29.279326921695983
28.314238539686315
28.055825466363316
27.89978522344705
29.084201773086434
27.27196753526861
27.65142813353594
27.769107609139276
27.63892219029087
27.968784618231727
27.556993090276222
27.03386346760408
27.86470972651568
27.862444321455417
27.63209496870167
27.756718590353277
26.675138840510808
27.68719932122987
27.706521171002553
27.512411565800083
30.038080056966482
26.543430176918704
27.868681944016863
27.027293839982654
28.42764732509215
27.864565435671842
28.042509101108077
28.44531184912975
27.978625421248932
27.954370510263846
28.983414787341026
30.264077420822225
28.47672710445792
26.994670470163427
27.209997601932457
26.75214432263728
27.094094572749594
28.756357907976533
29.587436885385312
30.318649136430725
27.700220628309687
28.099546049807543
27.297965956535457
28.49901365872279
27.551190059695884
28.34936888739355
30.365158402772803
28.75080463979247
28.007354394889237
28.17563025648104
28.7862240439065
28.457795177732724
26.890657708606117
28.450954208916233
28.098711218928244
26.946787696113766
29.26428900805381
28.308582103977525
27.53941925175153
27.982559476661915
27.297417855109895
30.366872775655366
28.554546038914772
27.210749777217448
28.08389453759746
27.522274808869053
28.553101886325045
27.609292523754572
27.93476845399019
28.566162730987884
27.51510271866885
28.10872529152016
27.836576911358218
28.485827129029644
28.342340920030114
27.460566218813927
27.202302664939893
28.171705083610533
27.235254530617816
27.56356505601378
28.036289593053077
28.350526915644057
28.17544144573284
27.97639479415397
27.417358787058575
27.549168176122173
28.418324504044232
28.399986153791318
28.460582630453068
28.67208283940431
28.455194454281212
28.523947406438015
29.14363103071753
27.627078215729615
28.856999402369176
27.29709405922715
26.711119966263023
27.77489288354752
28.18106677169148
28.69903247651227
28.462147604285285
29.962690743216665
26.75827508492594
27.78135535884767
28.627530773629488
30.00998597698512
27.3014238171807
27.53764100198307
28.812770791177922
27.48886381633823
28.154385728074864
28.363572297090624
27.070838329154768
28.46325061137299
26.674665384407863
27.095968797348043
27.724606272402713
30.23235635612833
30.41246558184537
27.75355181737274
27.914989633814315
28.464679500686884
28.48711060415802
26.78029763435055
29.006779660743593
28.035270728577146
28.432814215919986
28.468323614607016
27.938236935631895
27.245873015896592
30.383214170136085
28.404758115086725
29.795974259416745
27.49882434432961
28.50901864266257
27.870236275543782
28.427363510609677
26.921690453709164
27.047975532864942
28.35398611119449
28.159172319345434
26.793001283356293
28.035213681826473
27.54305549582586
28.460119717951358
27.002998866436325
27.602379662558977
27.04289929340612
27.441246596662662
28.24061472279225
27.294039697270353
27.744586710566786
28.672831668393936
28.52678128662575
27.07911759919958
28.068806477776473
27.14785038599356
30.394422802009874
28.397101324424668
26.85361829741575
27.86057113751645
28.42197774532238
28.48282077283516
27.81944760223488
30.361674919923132
30.13657930721806
28.07667166998606
29.002920450826263
27.677153247829796
28.04115510497967
27.361136320140876
27.56235038622327
26.960224401310814
27.626109660702053
29.72947185445223
26.793794182945913
27.568875737936025
28.03572907455388
30.348344954970464
28.482983186533893
28.03003915883929
28.415012857921447
27.83673142256568
26.4036382682735
28.116107379880035
28.739719360812096
27.378427420920936
28.154561631912593
26.606065054905258
28.44107411943834
30.332396105469435
27.41744847314434
28.417805897289984
28.42090288104189
28.122769413285976
28.03090363381167
29.198053282423043
28.4630796340815
27.50119838233849
27.770284235011395
26.959468336102635
27.55872700245516
28.39743566346062
28.287237642961575
28.413065552163236
27.94619064424485
27.934978758925283
27.786394166841575
28.184654195232554
28.00397027610237
28.47853086716603
27.553042902422845
28.837428745635528
27.1461599191897
27.374290258722528
29.103438093482048
28.40655482287466
27.829910299757245
27.68822768058998
27.07404303693638
29.818608125862987
27.82704192164417
27.87400741966031
28.327630753369213
27.329503921952778
30.37812931438568
27.36492179360139
27.803921285954875
28.256326378657825
27.847199576132645
30.111673031100775
28.128468286893924
27.798017444515718
28.13539111912974
28.25691576473045
28.31199007403883
27.78504854625212
28.394854627871272
27.40522327829916
28.006373849431046
27.68206744890312
30.39614765184657
27.857994222072385
27.586921383418233
27.6650636075093
27.79105580134237
29.73320463545766
30.36650351157227
28.213349661486518
28.168346908666273
30.341047453433454
27.38292274737982
27.289233012639563
29.300533101281168
28.8432950216959
26.613384650950294
29.110903247182318
29.81305743918904
27.384794732597435
28.978486278826455
27.553627136644103
28.131536595483748
28.14601588165507
27.80840119999554
28.47710315552006
28.00565749886832
27.572473512240048
29.141310552208793
28.01223497473594
28.971526988054432
30.159131268248817
27.937855003965346
27.38566041496997
28.50951969624446
27.244802378857262
28.970806061594327
27.740676667573386
30.150329630015904
28.764587850809143
26.484321679063733
27.49668667167709
27.59995378592301
28.69441769755257
28.088563989627474
28.787505021375203
28.776078218274318
26.668826073000506
27.543506116089283
27.37274029059691
27.262197345949225
28.12581350821782
27.82259212987329
28.294951095921476
29.159283946896686
28.478400207374325
26.722552962140572
28.222170515131975
28.616717171933715
27.871167518566445
27.385432117050144
28.51084491090518
27.51883923448762
27.801252138905006
27.504976307659064
30.37174018116845
27.810005807004163
28.758450112074012
27.457678497379636
27.465164191575152
28.579200150741716
27.59822033876807
28.597657852176305
27.969360505945534
27.10475135347071
28.433462152763976
28.31030457474128
29.204363356813722
30.319333807090715
30.01701421862539
27.11432957369853
27.821140526502504
28.42608196443717
28.886056673861646
26.907487164389355
27.243837626443764
27.512015881028166
28.41012396851069
27.49908475175401
28.406283680641092
28.748852109600517
27.9330062834896
27.679646536083848
30.025324762119144
28.421424337673333
27.213224082212374
27.78714534950766
30.294404952462287
25.94887204679577
28.83675039813491
28.830723997186574
27.314655410113815
28.39608014674879
28.357806246505607
27.640457679207707
27.80118364992843
28.046765689248648
27.75545598029895
27.231284063494833
28.3124074052178
27.27821295151072
28.439276950337536
27.87032208885027
26.75132233186469
27.591138368026243
27.466860112835544
28.314024596810174
28.187655044234912
28.711102527118012
26.127208829162097
29.71483373807618
28.28858640557787
27.064382604053332
27.94540572982321
26.927709298659934
27.002267513562867
28.149496255086607
27.967303111788336
30.348755470903896
28.709467953089323
27.362952846775276
28.337017809427902
27.910466496702117
29.152729571791276
27.70050509973438
28.45220208552069
28.282265339045082
30.136712083338868
28.417882002936405
27.561448180320305
27.163930126613927
28.04289028284979
30.047360271654643
28.027643487530284
28.65758404079536
27.564126570388886
28.80180908612037
28.31255631371484
27.931347678350907
29.481756701309674
28.658898720376303
29.05438213947274
28.46043320619858
30.490964142059294
28.497482935939786
28.403898852628906
28.490780435919095
28.825537940677904
27.273849955103103
27.08589014045654
28.78695504884196
28.47309350244739
27.872542278360868
28.810629398508723
27.775156949630382
26.29489724371723
27.890776161633585
26.940949960595155
28.01522287058014
27.938136774368882
28.80436360853183
28.92545777866381
27.019897165978946
28.14561157678577
28.00398636631786
27.054689301477126
26.336899835048765
27.118486591399204
27.250722289801356
26.8894859095966
27.126173921342012
27.633026745298082
28.339711751371404
29.314389454883496
30.137826248072827
28.56627591222476
27.313145515076428
27.881654969351782
29.798451048129365
28.776322329514315
28.84366397702066
27.50868832587888
28.113525158597195
28.424684860921968
28.497372975451654
27.7917176923023
27.5836767602791
28.30744866352195
28.467133392840537
29.24373511605538
28.189379910128206
28.049860050417006
28.073841018806814
28.465326125636565
28.04280488743917
28.606961496006296
28.37645291560657
30.383641076029466
26.51207324017196
28.166746971756638
28.207092904765506
30.344414304464596
27.020472404698133
28.503355263389764
28.63272842703244
28.903234880327325
27.551718368463238
27.74688911286506
27.92204559821705
28.14027137007898
27.752039291124362
28.401213121774898
26.96858480624308
28.171982372793074
28.429075548183942
27.615474201417552
30.352439703551703
27.021434727214654
26.73366399807368
28.164098747731476
26.525629305981628
27.713079750415172
26.520858598417497
26.637297189454227
27.923812171788597
28.05493192224626
28.445999419093
28.447415158484915
30.300064204331203
28.415699892960497
28.42577059128178
28.774153487784357
28.796532282106003
28.05113022838319
29.1354045333155
27.310128396060048
28.637514889670275
28.48931414624615
26.72273360870169
27.069427719431513
26.98594968222388
28.01241101781926
26.83033750787833
27.05044792800517
28.65292712740132
28.35360103873851
27.73710483183195
28.453812226221746
29.31825307570691
28.499927301154706
27.882209404762584
28.14527546051878
26.926204558473906
27.620688797922377
28.31333790792796
27.773611856708577
27.67780934753344
27.202016918218604
30.397525568149895
28.784197372254727
27.157958031885304
28.068139848558296
29.192951813347666
28.132276666523396
27.093057831906002
26.79477625435693
27.93832663897697
27.628168282846964
27.95169379017023
28.156837697063516
27.6816577943927
29.090429461709082
27.967380334235894
28.08483799313836
30.366915470374565
28.014249256457155
27.308226350819606
28.377765492546345
27.9510541151443
27.759186511684415
27.83726002251511
28.482839816604965
29.611145469361418
29.426436085838755
28.04094186715558
28.39043928957127
27.632085811458285
26.95496301472154
28.029661369319143
30.449531402962073
27.64517851198629
28.360398886627365
28.711605101477915
29.529055872518576
27.18249188112815
28.479101652458624
27.68518250526157
28.25198450982556
27.073652871537544
28.399656200860377
28.42050155794417
28.414846245304265
29.250700249420035
28.199023162217145
27.379256441262022
30.365919739173233
26.615154540974952
26.74919186179813
28.018272875999788
27.541411721580285
27.837762670190457
26.935395820989438
27.311660016206748
28.477564293108486
30.387410466269586
28.259224963968343
27.1920951428385
28.287794480679416
27.546158111098432
30.36820649075012
27.76920242258166
27.177577416512392
27.612786610599308
27.015934143985916
27.804815054862974
28.160635015051657
28.398141770616164
28.46914234996785
28.406577418824927
27.92599919522567
27.438468872444844
30.337278696180945
27.721138981733073
27.602145550827977
27.39437316601657
29.180661624649332
26.290924175849316
28.575673277630642
27.564673615106422
27.62312392936055
26.99566638149713
27.555599725266074
28.430021095085742
26.994021618032697
28.138413540076286
27.747189700851514
28.352628394521076
28.568327238038144
28.076997282098915
28.446470449531386
27.696908867989723
29.748256884276874
28.12798051226105
28.299226621604383
27.532633668385575
29.05725003511334
27.797865838952834
26.882860961318546
27.14366861161064
27.95833200361568
27.816983738325746
27.484091379001953
27.322817376511466
26.88776090762113
28.18032537822628
27.965346204467593
27.57136383452883
27.93153692989802
28.395894535892864
28.016456493100097
30.21870169502554
27.876121066563346
28.215500657425146
26.93827774935345
28.361453986594956
27.740263870217607
28.13948677486893
28.29626439355894
27.64287105318847
28.696962655422023
26.68363759614751
28.85566213635508
27.599170380297775
27.799704490196092
28.43253183948204
28.41012608861768
27.82618434133953
28.17392021184174
28.391419032502675
28.88367393277164
27.392120804101324
28.18288861668902
28.146856863247653
28.202096608556822
28.238941066716524
28.01652620339342
28.4967197593916
27.90243610407064
27.47995334365194
28.164662057323792
29.084810932579458
27.696787435789922
28.78439071467268
27.760634285663613
27.536629768353276
30.03127017623084
27.586815558134454
27.66856355119599
27.91626638009108
26.33692570331419
29.512506424674868
28.549767633738455
27.08942766727335
27.02843504438209
28.02107528179207
27.85421207946197
28.44598766180063
27.113778995833922
27.182790995943314
28.05796629133719
27.2477076560895
28.02051026271612
30.346831598981176
28.20472800499231
27.98194565615532
27.47395575797091
27.26254269592492
26.71064304936377
26.712489362438927
28.689989842015294
27.536481816787955
30.38873127846236
30.377918906351418
30.36401540161495
28.826533432180177
28.36343701028122
27.783237192108153
26.717466797763237
28.140116631237543
28.023295688427325
29.128744727869368
28.814662296079536
29.979260023495367
28.15505706604933
29.913572640075515
27.90696630104207
28.469678945314307
28.52751418729162
28.41494316991327
28.551333325844563
27.171485582697812
27.51880987985485
30.189509055042887
28.48745302418238
30.36361895439213
27.597614249927663
26.74311337679768
28.364934139348545
29.998796997175074
28.827172066791057
27.845271833561757
28.55242745553941
27.9748205473035
30.365004045411418
28.465783151086672
27.50347334638103
29.450310299833234
27.772158835518702
27.761752313212224
30.165208059022305
28.384635022500117
26.482274690628707
30.385171491651267
28.263702534555364
30.393430507569263
27.245667353117852
28.036976967229965
27.564541864385557
27.724978352407287
27.541536697169185
32.81962706343386
27.469949158381088
28.12312231440041
28.438075457217295
28.7669475557627
28.47386329535933
28.3718674467405
27.681957187980508
27.913897965023892
28.511477830016315
28.422178293286343
28.422375307017372
27.13313274331545
27.494766126832314
28.104001522770997
27.572056293764163
29.333206624014885
28.580136700166197
28.080022223471524
28.483485916986975
28.737864781834496
27.53638963857591
28.216645497259815
30.139291900668947
28.17175324837411
28.404282412029552
27.37015592148158
28.09771706511062
28.091332020423636
26.693236584600225
28.02732511356059
27.683568052622093
27.729241289530762
27.310771923466792
26.952538307399635
27.600658737218794
28.420197313867657
27.302768904327134
27.44573444196784
28.075601412630476
30.356324250304606
26.698786199863388
27.207912511281812
27.54253894630095
28.15563220036204
27.614088719510274
28.44429636848206
28.66468444620737
28.132095697065683
27.272491767861442
29.22588491321564
27.36592299407154
27.736631249850902
26.941774875100542
27.531665452870705
27.0460491149974
28.385026018433418
28.487719569379717
27.42925680758256
28.115555285367925
27.734811541482884
28.624959709711398
28.197589205064013
26.60141350270365
28.157668441360197
28.404937046561532
29.18316112705333
27.134486755589425
27.95151287848302
28.051972230955812
28.55953633379442
30.373998620980323
26.32662041697006
27.186186847268715
28.443532510248797
30.359205625336763
29.302313174440858
28.501124019807705
26.882392149698237
27.924749287551293
27.345374139162296
29.210883158900184
28.473376377417633
28.518182668690006
26.945431177479566
28.06005699194176
26.756433353732735
28.525023047179516
28.363771914007206
29.300743045148543
27.37716789156152
28.316131650209805
28.117875082676782
27.528907481905613
27.938986633623053
27.396882446690675
27.902600207003427
29.23397079153914
28.42255390272673
28.083564147143715
27.093568473473802
28.562581281165148
30.03154630847595
27.561519966259166
28.47709023719541
28.347613093005208
27.625800523824555
26.936373700385342
28.723087731720824
27.718372263393274
26.88520876349667
26.611945248587954
27.50988118454621
27.89480368459093
27.819786566116935
28.47695675009073
28.677122188028275
27.999987207779732
27.529917784406944
28.037667693319538
28.401625362088033
28.412259794181967
27.48385584948897
27.60560218126106
28.01364384177176
27.96042816115253
28.596152086063068
27.622007129936804
27.982168504273837
28.81460101671166
28.50784468290559
28.2450840230519
29.22765725170187
30.364013185177676
29.250283038152677
27.267691204494568
28.796836642885566
27.41577117200668
27.424753561815248
28.1649983415638
26.746286212473162
28.120192483923237
26.62263230244717
29.316037222506072
27.19658515379707
27.173968979125345
26.765833246027597
28.242191797723397
28.34742780056487
30.10829999006042
27.756661439742654
27.226148915534413
27.808163405526876
27.732535181377443
28.1616887280463
27.995405875332512
29.66351169723257
28.188297297928976
27.081027781505608
27.178526761535316
28.44411901319647
27.67639428979917
30.23926900624313
28.20549144198891
28.081201997801454
28.460030715720407
27.81105596860525
26.53756757356925
28.72982029646824
28.43635915781639
28.649363790112798
28.3934474685388
28.539495886603966
28.35724280348099
28.377186829719687
29.119221953882022
28.08863716398953
26.79826791311836
30.082389660760473
26.806761664596717
27.419033326545343
26.719674651941514
28.002181415920415
27.779326742397416
30.11244087629385
28.080148635928307
28.26916737264676
26.78636618304295
28.036937407841116
28.404679415805887
30.212507638139655
28.679267534647757
27.249695900162763
28.287405270740955
28.533730118677852
27.18845329105476
27.154178237274103
28.147589571094343
28.097918639932107
28.44510524315703
27.55307132908129
27.691905376568243
29.139654184598026
27.968522237955806
27.563663046819844
29.524318736754132
28.857720482960847
27.458103033546205
26.672678758542514
29.11796741297158
28.372682559904717
27.180395459466883
26.131173256335188
28.441081592887848
27.938658208764476
27.747633189533666
27.108036436372853
28.090615307681357
26.125883423862184
27.539223206719694
28.034696405723665
27.518276350812208
27.49524439447535
29.791661609935282
28.403069040581844
26.919638223507267
27.870755549973097
28.118362053974263
29.27290016871817
27.344288092178758
28.088422566439775
28.05829441422859
28.284155201182536
27.688881564916173
28.31986601328896
27.92096920298758
27.006599674356142
28.471760401932944
27.313766704694434
27.34136170723156
28.061072558874645
27.775562085688897
28.50009793156163
28.39843460621208
28.117635251211137
27.10026010989095
28.15637338956804
28.629669596520426
27.63700307473795
28.418512492160044
28.34146470142201
28.473973020783003
30.36992345468151
28.412932957752574
27.215755086091942
28.08434034233185
27.890719414049403
28.82003302796104
29.131627540120657
28.106762937938957
28.355090942417327
27.49133221819455
27.793346496129406
28.45708609224313
28.174207013202288
28.136935745115018
29.269158487651875
27.414211107367173
28.27540259091117
27.352070605511017
27.138767799822766
27.484758353684178
27.255956210929867
27.054716198092866
27.859479675879903
27.556119282032526
27.15909091660893
27.528771619629424
28.066833669580543
28.068194390074552
28.223892897784904
27.21362162558063
28.391812047163242
27.847129427547905
27.30391884195443
28.56428376741613
28.38358165158556
27.9625957746369
28.35843680288263
28.11355453090125
27.285517003858285
27.91939124592716
27.989530197485138
27.835942203550736
26.708258294966587
28.42183708381332
29.136274011471876
28.725763545762636
28.447293272000245
26.487416213214747
29.466210743843487
28.195487080927126
29.082731640462793
28.047317233055395
29.356599231457114
27.848863919783142
27.673030566036275
27.774420962653583
28.475347692119552
27.970008311267588
28.020933777834077
27.579200571902327
27.440052372965937
28.623097075750483
28.405718502359143
27.98716830209626
28.854520206127507
28.06292923132859
27.117963827150604
31.529323134199245
28.8781983875447
28.393705137873116
28.603140490664835
26.574265845911693
28.355085011092033
27.413940007756946
30.335799469351507
28.429393192066954
27.71894541619594
26.59647694311179
26.379514962870545
28.12389701141187
27.57811017989745
27.737388703166303
27.3624103630125
28.267575344129185
27.47087097806637
28.29408576174673
26.786628280319427
28.79933142836792
28.328956399712343
28.880232008188194
29.4651595633886
28.112665529147367
28.313371427713026
28.0659793145218
28.114843477607877
27.91737315516059
27.490289680461977
28.435569326221632
27.55065456749415
27.411655577169903
27.47500178901323
27.733954440154033
28.002398227714323
26.387433986811956
27.304045931621896
27.7974211802872
28.46470096980958
27.069272800896552
27.944560327391383
30.16826169634004
27.99500411057975
27.712009986079845
27.11966645382621
28.707091591745954
28.37263421630901
26.870346198658595
27.29926455468537
29.200520004847736
28.816096402590947
28.336756185356418
28.426371724658733
28.12816230373437
26.66937131131656
29.183580384078063
27.96022331039674
27.162705302419948
27.199927097429924
28.423693331971393
28.559614232664067
28.441273771721
26.614588957691616
28.255968965880793
28.126038566780288
28.498926019749376
27.541685688971068
26.96081203686059
27.66949484329127
28.757103422387132
27.591339111767493
27.8084359627616
26.769647054387097
27.79202139918428
28.606405820351092
28.438590443760372
27.90439096668648
26.36565943366423
26.77278747455858
27.07856054507071
28.414221947017513
26.805679194724522
27.045835408076492
27.434664784669668
28.441445316307238
28.364062091561973
27.01312216683168
27.70905754022486
26.6095557076291
28.95326373043628
28.371191162561036
30.384574348278655
27.88991342759642
28.505237299950977
29.720384439475385
27.840916152523622
27.19812615942772
27.58869126955577
30.366119033463963
27.798730429899962
28.39390931295583
27.306831334277817
28.814968318015293
27.942797670446417
28.541637670840196
27.657966677350984
27.547423590709638
30.365170596406795
28.5990161454176
27.48162851471072
28.351460393374065
28.843419174591766
27.571510940106904
28.37196902104222
28.43340318082888
27.6938474143811
27.73208507026577
27.69051895205099
26.958092675574722
27.063421343647907
28.148272168238744
27.311587853607783
28.076533251327028
27.7359147715817
27.30130528988497
28.695587347670454
27.35746533685995
28.657241032507773
26.898180085602267
30.354896858883645
28.609659548316678
28.117886645134426
28.11471572112445
27.104005280379486
29.11964340454102
26.995563820652844
28.1749219237734
27.477525606793893
27.7696018202561
28.326679852244315
27.89847876337251
28.169876889971615
28.23672682509633
27.79717846312278
28.69630400831561
27.733799006586377
29.218767452701872
28.42507167885646
27.612540468536427
28.094942334105845
27.128049418983263
26.73601996997301
28.46307713027996
27.875409321828997
27.893467663706662
28.988434070918498
29.4334234377277
29.164927824631384
28.38307455109898
26.57562425502362
30.3896689896761
28.47860553166911
29.81862962933502
27.71042703783124
28.44079511985884
26.81661496191495
30.218820929041183
28.45430195299139
27.209497742804395
28.070817763836175
29.345917970993582
27.61445468621427
27.51914689448762
27.721631382507002
28.222462889594716
26.83272441005607
27.716362306300994
28.8916965012479
28.295795608100466
29.065092189462405
28.450350376795942
28.4328255824
28.449752334056825
28.984361233501925
28.444440608542664
27.94163142226326
27.81206019998599
30.36252787249669
28.159221679378213
27.089482935485396
26.710662641110645
27.22684442691104
27.688487426970564
28.212966053057713
28.82423753481635
27.891396984738286
27.572656203617694
28.477515126691248
28.149558816222722
28.438585819990724
28.327702868108897
28.441502973892945
28.373734691876248
28.300781024136608
28.40726064877594
27.755218939898157
28.455994648363312
28.222366106053816
26.753912805485754
28.111303340210796
28.63608010911461
28.045452276492433
26.96795657085733
29.5872575608511
28.407690061722896
27.695540028977028
27.239198678133164
28.0647132715942
27.87499226487307
29.012138154203136
29.707697730419135
27.539082973446277
28.015402583993108
27.70709606775558
28.450209149973944
28.024337288995337
28.67724431053496
32.34417573042667
28.39998157094005
27.9399003940615
27.865060968542718
27.424935494611663
27.636258787911405
28.694996823641343
26.972308928393463
30.327058289672145
27.97464218570344
30.087282309637256
27.455514178398
28.430175156388582
28.747756631734674
26.534878084436606
28.42907909714927
28.758665667126987
26.44619177943958
27.685540157820622
27.333776221469904
28.071677974248814
30.003980354075697
27.888291249536877
30.37696566609179
28.608074539974208
28.060131317518287
28.39680399921291
27.737775197486734
28.722813937439902
27.60910681555936
30.086495247942114
28.380141974848424
28.22346875393163
30.379372514133326
28.653186461231293
27.721284012535627
27.864276245130437
28.195273864172222
27.595535784974498
29.526542495404893
28.077435506181377
27.77569459505844
27.782687908535006
28.191183743799446
28.068552682812072
28.29878816848207
28.109664265345472
28.03872507373316
27.004166935476366
28.409033310693577
27.25387087464787
28.698891990466926
28.38062802635921
28.394829275959438
28.45719825221441
28.357550698231403
27.73123304003372
27.087429620274712
28.75741000831118
28.039266837667817
27.88828372925681
28.823347496389818
27.59277531467458
28.683383040722827
26.552283869031303
28.100360641540824
28.515218999537268
26.74006168607643
27.573768543273
28.559239745721463
28.33905679352489
27.088649033779962
27.567805398049806
27.33736484752083
27.82912293743178
27.97225354954392
28.21480943923603
28.072163715422466
28.381225400268924
27.91737000065587
28.16433715200212
27.455869008530218
28.600849647766086
28.268874573446585
26.593567467903448
27.744710396138984
29.190045779738384
27.84133180962045
26.840643791654315
27.47557362326728
27.588174819858008
28.41342021790897
27.731169877367215
28.816156151141296
27.686670126720937
27.99058233739241
28.032669380982423
28.813994862962346
27.055895157661052
28.381968898080075
27.129967303199603
28.41978366111804
27.728740172130465
26.672187098781226
30.375316471032733
27.565180296399415
28.310173699604732
28.235516601188156
28.01442441347288
28.005757941802315
26.184973427390503
27.813205405634758
26.560579049413345
27.54796100247181
28.40539658483661
28.42767819103534
27.91698895334068
27.351398500311266
28.210045864305464
28.41286931387336
27.182512922369394
27.869533918360684
28.39420573593515
27.532303977447498
30.320063839198554
28.25602114358428
27.936925830003762
28.771329813463282
30.174236183047878
28.266692541423392
27.5562028813285
30.298763530751554
27.23358279479196
28.459506747596166
27.750995408592033
28.050462078220782
26.75117956059379
27.362473658547085
28.020997421737835
30.320056434049473
27.56283993461383
28.119626980801605
28.57597943358493
27.744259930831248
28.411119119153906
27.501807502889648
28.18679538541483
28.443736904834427
28.039804775552337
28.240237193478386
27.932001865453294
28.507784330866787
28.456714270509313
30.185406005302045
27.736466037872756
27.153949088107346
30.35750063849033
28.51843335517432
28.82371048566978
27.74034321633305
27.642998686718606
26.613671093335515
28.07943573091129
28.18922441913716
27.68953674502042
28.875429376630798
28.61182845137427
27.273171352315966
28.182838986935344
28.15467390759465
28.205356271843055
28.137210823130832
30.330101186961596
27.86063870134481
28.18347650414825
26.819374525017707
28.44838360044851
27.243605858436787
27.45761692037929
28.535956720811
28.599076302428802
27.86568124344756
27.744046840037228
27.76283653312798
28.466029041371925
26.606979913265377
28.223702654157865
27.302654447560386
28.708527320156243
29.096432265056947
28.320277525811502
27.000494583531832
27.920603308315563
28.263338365303706
28.178339121228387
27.946542504685194
28.815867503414026
28.45600678988201
28.30731856458864
27.488722055917265
28.15747940973179
29.19652081486536
27.508570895545663
28.28450807570426
28.353905884950514
26.612069968570673
28.332043745181053
28.025979400155066
28.442457638511964
30.37562398062812
27.884717450797314
27.966976367537594
28.501027678426038
27.77985084585845
28.670662483528606
28.231516945064634
28.489881312013264
26.70395166733143
28.83086764531513
28.35801293042552
27.969418928976683
27.04983822219411
27.515533193356823
27.63088342635494
28.796818488789107
27.797588727482488
28.29404688596814
27.772248834257528
27.646664346679415
28.176918003981196
27.761972057421946
28.39257143675108
28.38585871467825
27.318040305472874
28.194875035697113
28.064839891914527
27.857327753631807
27.42780039191041
29.204090991518132
27.567052213892794
28.017068109987502
28.38094670914824
29.797065370223155
28.8067411591531
30.42069924409121
27.17021958382518
28.19508655146529
27.719190129077273
28.48968625045523
28.28710917850994
28.82105211695455
27.9672817322625
28.334233173325266
28.144792775241758
29.26563258358571
27.969502893507155
27.71478198620523
27.09942753333608
28.208297593912754
26.838061605372697
26.97047056516184
27.24766358536495
28.167089097523707
26.557553741415745
29.559546792824282
27.791313804247313
27.58688425657476
28.3216244723332
27.789320348796025
28.40455978151432
27.957835902878273
27.245617357724683
28.769606780050804
28.45733363387237
28.56027661236737
26.883899686095614
27.194161434844865
27.5276580553064
28.200723255378346
27.683397673190093
28.913236548358277
28.11328424719549
28.130660471987476
27.53762568288388
30.366075792201194
28.40825267106105
27.230413062010207
27.79694435056884
28.826350649060213
29.358470133887817
27.8171637556267
30.40168066640591
27.97735835870142
28.032434856707365
28.165224772036723
26.82246335712946
29.016303359756122
30.39104708193226
28.359598998224733
30.10543856586887
26.815262270403874
29.015119217959192
28.390384416431864
27.63621532337373
28.266731173108585
28.34026423157393
28.478368978830332
30.387467012536693
27.768269621476417
28.563228740292715
28.419976316401
30.34917762224022
28.8521441373979
27.988440154297255
28.017297286783055
28.229310551721266
28.37116454762652
26.82187012308845
26.940032509151724
26.88232056467873
28.408507334904396
28.069048201055967
28.422707699361847
28.381650140277337
28.272222418171932
28.02820102174817
27.85043198523981
27.187842568022237
27.908098723394506
27.946540916803286
28.21241366242037
28.110744929942793
30.386608869821274
27.40127956042481
28.82826247433584
28.476786667627593
28.675783574736823
27.12932870366099
27.88949967702134
28.347872933690457
26.54252860671137
29.06150965830059
31.392249897103717
30.389623562445603
28.766805239158195
28.089065078218127
29.49252432363957
28.71914349551451
26.814076380517886
28.154567628759924
26.67519903332307
27.970791617475033
28.06350012278045
27.715400434767286
27.792991809923812
27.039180656954535
28.4713955643244
26.819050182977257
28.410658974995595
28.037974501736763
29.19905954953488
27.54509045941498
27.987774525493545
27.217507502441503
30.11683801161848
29.246784414873304
27.536096068343028
28.270866750239414
27.517689659644635
28.476521510154647
28.370432350700316
29.07577434800711
26.801806787603596
30.054202156333556
27.826883120584828
27.016927252509653
26.584686857921202
27.141440716021915
27.30129735168282
30.382548570094546
