26.57408849210659
26.597287364708095
26.9823008349278
26.999120677402452
25.264517241876472
25.183703904103055
26.77734587335126
28.462498075524124
28.896082438415974
25.79816935249679
26.931641360864962
28.05053884195147
26.80756978504649
26.78920438569091
27.56558347311511
26.85208025966095
28.13257365838593
26.835349649816504
25.938168538430737
29.670695386106775
25.540066879989713
27.463318621899017
25.9274705968487
26.553026178605545
26.939946366333885
27.981446850805693
27.077216575577996
28.15115309817886
27.14441149752205
25.966044990645603
27.385712886114632
27.620650202813554
27.668513804486093
27.066866694034843
26.861961329561492
27.52284109161896
27.002680449593303
26.62366072361215
27.31308430676787
26.777207581512055
26.55610459216982
26.832694430527667
27.152471551562094
27.04204360125215
27.22793433025255
27.484751215142307
27.45639747836552
27.797990130572042
27.26721480760908
25.795269100520102
26.885192347849266
27.172856922264348
26.653207968042867
26.394215780013933
27.53274828659739
26.888133231014784
26.76807406390815
27.170407361858068
27.25849571488862
27.56670389584316
27.11558829955556
27.623725923487346
25.713315285957215
27.002615542443273
26.014585582687953
27.252404156132805
26.277258029113337
27.549290766769598
27.344786843781044
25.480774228629002
25.53676936932931
27.133635477437796
25.263985010900935
27.631642446741136
25.518230114244574
26.20258279680715
28.33405088135865
27.40341561166276
26.994050691879053
27.06184631104557
27.33128962279802
25.84300192142543
26.37832895129504
28.873967682725386
27.59774524939273
27.402810047628417
26.692241042614857
27.27550243592781
26.78852859389665
27.2211332325422
29.27702643159276
27.64113341899398
27.023441149601382
27.8883448319093
27.359341358978597
26.805809604372058
27.151648740637587
27.38977965325242
26.63062348646081
26.973539843778493
26.981187452930946
25.78703189746348
27.507655105314726
25.79506629859338
27.246171933435907
27.622731882071125
27.552162348303384
26.55549454443276
27.628688920369715
26.45812527138409
26.359292233238495
25.952286440114513
26.692392833745767
26.14370514306137
27.061242255329685
25.98897838134112
26.32968816302927
27.06233386496471
28.263905813036562
26.55581039367413
26.949504024625504
26.5558832497522
28.991335885954967
26.274399951171446
27.03214397281263
26.62375299369952
27.933550532616934
26.798357142187495
27.27481677322716
27.22425478359913
26.39274461169002
26.374268241837186
26.971081406057017
26.863428627182092
27.817517338724674
26.344119549761484
27.688274661215367
27.06096382740362
27.024997946324014
27.590899887157224
27.340987933047057
27.61724192825544
26.60565737287072
26.906927196968574
27.63529232209154
27.41111848638993
25.785492755865388
26.38487974397864
26.671202999154676
26.256959412919148
27.011869227505475
26.8755179176663
26.37607204129598
27.480500156627713
27.111049946839966
27.278809012752983
26.21644758055948
27.62216126595399
25.72517402164713
27.01958109934948
25.966164149463957
27.186779474771722
26.151168321434284
26.037445525441726
25.81641004356103
26.465670562555193
27.631365994385515
27.634282626098923
27.251752981455304
26.974700015340485
26.240965928889256
26.958021855271475
27.63120119462263
25.610853675025854
26.937698693198826
27.0347103412377
28.886897744747426
25.719648897850497
26.600666604272902
27.36826382561222
27.487143283351518
26.783035667567372
27.457425668350826
26.860152757123476
27.376330079219194
26.83375170253971
26.682145291322886
26.20607207291737
27.588288866319623
27.645345620791737
27.59017603892978
27.649331470971596
26.86615966481578
27.3492524478654
27.76949236334656
26.82595233006991
27.421281964810692
27.700417175669457
27.38031976957013
26.57592628436974
27.311959654728593
27.432688516791288
27.41996099842237
26.062725545825536
25.53446781271022
27.631768864579126
27.63721127314418
27.474340868636872
27.33418550664234
27.23755482552571
27.684231699393273
26.590028753279633
26.75595771216337
26.565905221304302
26.81654445292675
26.65947113963994
28.68368597146931
26.741477777371628
26.185033123146976
27.784041975174997
26.637098449965094
27.83734363824235
26.862136488446794
26.054024797573952
28.824967968982072
26.158284146648647
27.653266363947637
27.96524701077128
27.51715252835618
26.533886528962686
27.611121233231568
26.7906842942156
25.19571804857523
27.3549374282332
25.81912869697958
27.33729418860959
25.698331447679436
27.32827778014144
26.430751070056502
26.562727947128735
26.324896499452652
25.873982446084085
28.794221689908426
27.2914129642162
27.61796146900637
27.559548463932593
27.00032856806983
25.8539058374966
26.543636171288835
27.379604816356835
27.871530208112908
27.054008665647867
27.351918008841977
28.82771159563556
27.141696119156535
28.87423937821231
25.966124697871525
28.91779006171183
25.859165403898743
28.983002319101537
26.388540848385155
27.568353197475645
26.182693748264118
27.876813239268543
26.550052635773337
26.888089426605834
26.448955108242977
26.613182330275333
26.7967357021062
27.04745808878548
27.586023119802714
26.74536706530552
26.767312472442555
26.95641960164542
27.18683412960394
26.16579225292048
28.936093089507178
27.65431492514525
27.860462477158386
27.600842618123867
25.791513769891168
26.677114263809887
26.359071442969068
26.183168970673442
26.6427126982349
26.099422133726584
26.625618019072903
27.404966195610395
27.87449309879175
26.39734366838426
27.484097088966912
26.991362949054253
26.061141920442914
26.66390498769871
27.18948157995781
27.595939446170945
27.403427662151003
26.628308514337057
28.423874463192103
27.02766392747224
27.82588873780963
26.98266761666824
25.79533141370105
26.65066507198976
26.270735320286068
26.558311716370163
26.706421894874094
26.929078884567538
27.209703843967773
26.353022808207566
26.050979400389068
27.509528806302804
26.320187422609575
27.718717291113386
27.839808857649015
26.642077193394112
25.79429658891624
26.889944033913192
26.623783438574712
27.63962846552123
27.62365339675729
25.469665914181533
27.267555124567938
27.6260376841203
27.512880572217547
27.003055601261632
27.618802458214727
25.875339199633206
28.335328127790028
29.74916340219394
28.009227868291504
27.20559679837794
26.10856007324828
29.33246285676134
27.533580153228648
27.573499539030593
25.81561632169966
26.072109913710538
26.900256641221024
26.662229950418695
27.058614347673572
28.18079996272009
27.17099332401127
27.095933811375343
27.54984869936063
27.21216950784346
25.707145633224698
27.21361518734145
26.255642443964017
27.504543722747776
26.40919789434691
27.22907996547354
26.351177087534868
26.778919799134165
27.135575328293125
27.059247033775343
27.146656239002034
26.93333811168957
27.490633352852164
26.586709326095125
26.219030933866435
27.75172956157657
26.935944875931447
28.864925325801327
27.267219696251303
25.854479020730388
26.5108897226736
26.98827035573505
27.36986531093175
26.18913461943324
27.52409057368797
25.99672132268556
25.298765433582293
28.89994354712291
27.52328155280267
26.82521928074637
27.365930495612115
28.688503339362285
26.463105561140605
27.510646348708157
27.58302099977327
26.381143766313347
27.09711330736692
25.2371839838461
26.152160683975158
26.392601163910214
25.606467983152708
27.557346727769314
26.596026877651596
27.607431980658664
27.608615549890605
25.59607739787757
26.107348471391386
26.054898238286096
27.637491351233027
26.813662887965172
26.251016851372253
27.236019452453387
26.770797615962373
27.387707259516322
26.720431765824998
27.139191020620764
27.632171772148173
27.448188071819114
25.63980315365013
26.36880391591117
26.18661260680079
27.392771844809204
26.974229308814017
27.43534058505997
25.665444927300385
26.324002448482496
27.77740750514346
27.177318564429832
27.218517986615186
27.49364035934256
28.994744541536292
25.913888408461652
26.492875589752973
26.157871804345
26.532228783182795
27.18868453480971
27.686059643802054
26.6833507755231
27.15433753746789
26.72534016377318
27.458339440991146
26.950596182819577
27.605113073241487
26.524088230162672
26.110921026570878
27.767381512770157
27.797401234623074
27.417025362242303
26.96056958327333
27.281164377373457
27.215435711380337
26.983675026862464
27.433869710589814
26.807600080272906
25.352779105769894
25.8488775449337
26.70022273982867
27.16788167030815
26.677374117565098
27.95227027785131
27.621113661407552
25.86518999042857
26.777609367885788
25.887809076516685
25.96060943174032
26.825971467552854
26.581670228020677
27.6381018480117
26.93087115218227
25.39126827485701
26.61608207001822
29.591065279497812
29.13892862534507
26.881183813529116
27.610592997454294
26.141712347694455
25.75044868422408
27.034725787275065
27.485274072992123
28.060275734446424
27.42205897636567
26.78666912807289
26.69360307004211
27.54542691366667
26.42024200375356
27.626381353549252
25.977929856908922
27.010636106295948
27.5487407298936
26.426162615655944
27.237531627725804
27.48638739022345
27.416051379864502
27.356699795451497
27.470136978567176
26.684162849906123
26.790466242473588
25.91344016458621
27.37950253053104
25.93811494112089
27.461455375238277
27.05975086694402
26.907462664304344
27.686558851513404
27.05503121124238
27.106277906550293
27.980605286675345
27.223005571316023
26.36070934817061
26.587729739203525
27.75344762447505
26.882383201506265
27.175553301374485
26.210699419934766
26.706239538707386
26.669947861701502
25.76567485486859
29.74932837514114
26.289070829189857
27.221908840853015
28.92880594066619
25.741742759248307
27.23904837723631
27.240364563715556
27.52119343125125
27.265641222404376
25.994950440579277
26.45703388943587
26.53401315647826
26.37172614799991
26.936111468195616
26.553623896832246
27.11974914808484
26.628689724506085
26.648561260631855
27.418530193849712
25.798418002469308
29.380323512942287
27.431224463015663
27.689187443006592
26.68649924154588
29.59028111901769
25.838397435907584
27.15480965076591
27.525606164729936
27.41167691617863
26.505875334146147
27.888294069645262
27.020295873740853
27.82169099243947
27.50793814713048
28.030182578548377
26.031227620698072
26.49266153652415
27.560120499704723
27.23021620863542
25.25533564580237
26.16192455517714
25.698671347156257
26.623620912250914
26.74653963840756
27.603758185275385
26.35897405202668
25.802622806954503
27.638545281015126
26.726792709907137
28.921542128927477
26.99008467512455
27.24083100559924
27.95301858586125
27.480489031420962
26.277259326505117
27.265182695451298
27.226309263403493
26.215702635172693
27.161747215750847
26.45097069440703
25.613653727583845
25.8144160978044
27.12694064218831
28.69523830619207
26.593200490417768
27.668632661343455
27.43598458461533
27.216317403690535
25.918857189085635
26.994508758165267
27.166084417069627
27.981305031503396
27.72899631171487
26.45767804660556
26.74542390419389
26.814448312775802
27.454331337074827
26.091265772169084
27.580017742948847
26.74750963510913
26.65195094826996
27.352303803518865
25.732129138062557
29.24782260713707
26.5115866490075
25.803556080710827
25.76689475020418
27.915338975341818
27.92570019595429
28.71866243072173
27.349270161191928
27.446725294721833
26.26777494339534
27.58725904762735
26.641280003872552
26.551309981749316
25.762309136795018
27.375744987664383
27.32928434246951
26.443412234538933
26.995733736205008
27.87114379810233
27.540632730294284
26.218268906679782
25.62253447311695
27.09673020369603
27.49340030585595
27.0893418986577
27.38382292927214
26.705528804637698
26.699839488931797
27.201642639859834
27.217178333549196
25.899670181795933
31.326175732875093
25.31276088804113
27.814008677053767
27.380075027696847
27.19547450428443
25.41909784942009
27.067878004481102
27.586897119382233
26.266069908799047
28.203897645777587
27.416636867470594
25.75051763590229
27.648253276414895
26.9182610849343
27.502491539608553
26.17318120384197
25.660037242586327
27.533601811030984
25.830554502627788
27.43989467518742
27.150419971964155
26.806688872737
27.61015887513665
27.793037791808008
27.066257012785936
26.872249782139974
27.064866554393866
29.048439593398612
27.49742603158437
25.632760827704374
25.473934953382916
26.66968135147692
27.30446940808829
27.24426094562654
27.038440609579496
26.433106959428553
27.468099279016368
26.346199094181127
27.80460911518215
27.777450878725258
27.17300867041673
29.02901246788599
28.991922056961563
26.42336857311339
25.961641628378988
26.594451317889288
26.7311959953689
26.067848708842618
26.650092960581627
28.43265615389062
25.563308983700615
26.470236770489084
28.683265260932522
27.060918244624965
27.62048315770963
26.98684022200341
26.591432084453533
27.433895392284086
26.841403579451015
27.353710735047283
28.63747616596409
26.714808522095105
26.23539340269892
27.61386662452997
27.146612389411363
26.4259576431972
26.76979430925877
27.31336812297003
26.836108020046733
26.685139914888964
26.394590314574646
26.811586233853287
26.219415838284245
27.309452602922807
27.21207216304894
27.97667427941536
26.157687104519358
27.277175145169707
27.328912432661898
28.743993700484353
26.83123158269343
26.28001629442096
27.40110869929566
27.45722960120132
26.87856897411453
26.523479916728377
25.955474212019315
26.29053158028663
25.45584899261379
28.982274244975084
29.39425814743212
28.76650719496521
25.778724306605625
27.042978733297556
25.80521374669754
26.035296366620155
27.627126309835457
25.425123291359636
27.012933127074565
27.204228199696
26.54690027868025
25.745183244935127
27.20155944154741
27.516981937621022
28.62392250486917
27.376103663665873
26.910228546663095
27.204572985952677
27.400564509385948
27.738022184462206
26.791552716020835
27.535355585138365
27.043370795602115
27.365969670534536
27.031331039619456
28.156448715336076
25.898196421903215
28.97457606492474
27.64291813797524
26.76996239904698
26.78807423290662
28.045663786448877
26.680782106244894
27.378200060137587
28.57392779343564
29.032691031516958
28.36919829524476
27.053179220296673
25.76639260240438
27.853949691105502
29.019812996530803
28.766595416983844
27.006130612768033
26.569320251795062
27.962314325298152
27.439081407312948
27.665134447889592
26.414224119446448
27.16572303924071
26.784463412946767
26.57199459779127
27.85258515420409
26.777292011795595
26.946834114809946
25.81819596195296
26.832204957993245
27.24372525253208
26.461132611146077
27.099078713959077
27.467228668817583
27.22265421108764
27.182842670580655
26.51828868972442
27.17860233491056
25.879792028815846
26.614879218919913
27.228947243661068
26.213231201743138
27.035521847436826
26.956391789961888
27.424833825344756
27.07850177508579
27.965546512471736
27.30554252784709
25.468711944733183
27.377155356608796
26.83565455578064
27.198488372438167
26.635693907662098
27.027959506105123
27.129563135351916
28.935180629729288
25.941749456753946
26.885487838996415
26.717437603395453
26.434820565830424
27.867097298308607
27.40256599640938
26.3475385421949
27.466398040149965
26.909787788113995
28.92304815852386
27.905129496682708
28.786383567434473
27.62252820831344
27.73152317700152
26.86079378416136
26.971238188879646
25.303308535907178
26.97124732203406
27.173589933494377
26.782471113570253
27.18558283965418
26.815651927686293
26.70866664855993
26.53698216147425
25.718505321520578
27.36755224387651
26.335701294904073
26.36858838306858
27.189106779798994
26.690190241226304
26.234767679453075
26.59860223584014
28.849741216395525
28.644542253926765
27.044006424433757
26.60953003082331
26.904093968953983
26.242979487947114
26.738718197592977
27.03167214432245
28.824319940612355
26.195397048798995
26.15829466609708
27.376996583672415
27.09101899534805
27.148301182590824
27.421065855919455
27.6555621281995
28.843328597286163
27.43390047219765
27.528988539767727
27.89980533073632
25.86177380059912
27.624198261333525
27.496507434513493
28.930759032799063
27.117901634990222
26.686211281542462
27.69573396657153
26.420419442147903
27.152548789005966
27.61921358923372
26.970597393828395
27.522008111238808
27.837573434939877
27.08674461593701
26.93665809676097
26.704603449499565
26.3736358951266
26.26444315677931
25.8194929733091
25.74867661867929
27.5132792100146
26.02277199073157
26.067656259625487
27.762950693310167
26.402976701664205
26.15598604769516
26.955151064429636
26.03842738169906
26.523396617834493
26.772968283806403
27.800292777386417
25.61424654908866
26.952811638331582
28.502510562071137
25.84775741108337
28.23792040559282
26.299703287006835
26.231511177306913
28.778835358480073
25.8022165252471
25.401156703243526
27.16832180816467
27.223268236359026
27.04820122389287
25.810842662628414
28.032085685188566
27.058138599446703
26.1740903456427
26.66365397453994
26.538152146107066
26.672204149633156
26.33868773868184
26.611230630105936
25.526324640062008
26.82827790631607
27.697736796262205
28.7597899429065
28.542943942150078
26.947875133937313
26.996224640701925
26.387682396120468
27.298550236617846
29.182111262125375
27.619461582491727
27.20743298288588
27.345768479024567
26.39265356843218
27.23690182783436
26.62681259947297
27.277524138408612
26.70450276519242
25.32682243733757
25.825373879835233
26.803972996336867
25.898266570733842
26.668132318347066
26.479846673597574
26.267909148369693
26.87034520716803
25.639546991097262
27.381683942488745
26.377850919516423
26.863196003937315
26.747667707757888
27.555872847638465
26.522573326243293
27.41525043250467
27.00374823478316
26.574449227174625
26.953003131801275
26.748898750789703
28.818888391507066
26.239177072540834
26.783191151436426
27.2377803361772
27.20583002789898
27.2717125113793
26.352955917383852
26.169106550468086
27.391029432690296
26.825459691587763
29.313772464563232
27.258388110812707
27.105621846873955
28.928102421406475
27.884979826072176
25.48306370642046
26.492378875176637
28.83130990895211
27.2736872983605
27.543029739240144
27.39045018100422
27.255618426824753
25.71289752548501
26.974361832676216
26.563553805587297
27.153530247379503
26.751976921055725
27.295214113561585
27.173548203283108
27.187778567086667
25.833688883186827
27.241786180080357
26.63236287226326
27.366584290755593
26.18397946544816
27.61625142989801
27.797615118289304
26.18186910901554
26.350782526273424
27.185574843647228
27.617438288637693
27.083730734192606
27.751706484572928
27.77345347148996
26.635696256015926
25.484929525754822
26.63652765306931
27.335260201712437
26.99803667091766
26.58430670564115
27.366678769931003
26.50737211173777
27.355575988907972
26.625080119976722
27.326270310653072
27.52573616303274
27.48820449818426
29.208098860270226
26.84197338441273
25.43123540549197
26.651132147971257
27.080422873247088
26.034185995977936
26.872323185236915
26.965411094279556
27.18321693050745
26.976141903270122
26.726986963037728
26.580985618130033
27.295938272009103
26.616668422922512
27.419059201909942
27.43092945527976
26.40163517947599
26.059371314403634
27.832085793938635
27.706646481790767
28.65441869534454
28.300646990121905
27.472014488490505
26.38750274153775
27.6064927576577
27.43621640265586
27.201004648537698
27.356218524487375
26.066772833466906
26.415935201366104
26.365922048985436
27.48698586618879
26.189519849899515
27.723839882017
26.629221036313545
27.249768935162166
27.174806665031966
26.94971910202422
26.226039658714996
27.16151740181933
26.85879978845846
26.531947662164995
27.083413892858246
26.808475801382123
26.929757808632836
25.92749254181237
27.01033453649687
27.348031509546043
26.710773503392133
26.741009064026837
27.09023720831602
27.289765885721128
25.432183669338954
26.35653558368764
26.720146815002753
26.669860285489673
26.430028918991223
25.789303562260603
27.55693966971022
26.633850841545165
27.04155986678675
26.70619753104204
25.967330548759342
28.575101036783796
27.645085182739116
25.950426482318175
26.97528453425699
26.89714542229869
27.72285342891821
25.52171744081645
27.63771998169014
27.22409424265727
27.242895504420467
26.006326813230903
27.657069940350418
28.310965571704884
26.636611741068815
25.842880224805484
27.35784219583044
27.005110310234677
27.498595748701586
25.44332381801768
27.58733155384244
27.661341648521397
27.26623338833859
26.73288536203287
27.349662640617233
27.145767974919742
25.630511809593873
26.397749596806214
26.62338954521033
27.375827692158104
27.311193861475257
26.77119929428585
25.754867634597716
28.43024260430112
27.824694482018728
27.755407051669394
27.444864625070934
26.085903872227973
27.24760491521705
27.22227035497596
27.162283495555126
27.181637799328154
26.649891749854582
26.628994529156696
26.562017224901652
29.221451691682617
27.02096406070766
27.218107910612098
26.334347088333544
29.051121312976388
26.392783694259375
26.47584931852317
27.639962262698745
27.42915842001753
27.518924133806976
26.142540716264623
26.99866416689234
26.616964434960273
26.54367295702598
29.551868810554552
27.097551032270005
27.15983406088673
26.988081885246693
26.638263766235312
27.574146576310678
26.359961723849946
27.448111622649403
27.025803015249345
26.847462507874425
27.272652748244564
27.240771347911654
26.791772282891177
26.825089268182968
25.263762068659936
26.17419254626268
27.272741398773576
27.223810016381627
26.869336978419515
27.86546803343799
25.746278377590453
27.33933050924886
26.20638265015007
27.4719911427229
25.265674744035067
28.5581618131869
28.141348053447857
26.26049051568191
27.491784653353392
28.995839839416302
26.68131745660276
27.083769006649796
27.059417388090456
27.63534109847984
27.737495538015562
27.190759344716277
27.63067848406238
27.546462499269108
28.813382202345263
27.63398088606019
26.615057778942663
26.72780340081768
26.547536273956624
25.40945006150938
26.058480524956817
25.75268442542849
27.184524829311318
28.938840000681203
29.34779304676392
26.683394937067604
25.56568975593676
27.24132287532244
27.04441767219418
25.324138087265293
27.587961941142304
27.583223705365345
25.870409692887964
25.970969859286743
25.98630663435388
27.796048518679243
27.595444395195486
28.695658291422802
27.33123752946012
27.970537737983108
28.12267978692261
26.60351557191479
27.0801411318389
28.94659418211048
27.3290019635938
27.376465432899543
27.232874347626677
26.48313028155053
26.19653455924351
27.61206145784758
29.629713226947096
26.50283822889382
27.96759573468297
27.230896750604877
26.683951031072375
27.412154825131857
26.683364071424734
26.1571923664672
27.546755612513213
27.626920069541594
27.02208922834653
27.23678801507122
27.380400331130982
27.536518226275916
26.250246183134248
27.371582280816767
26.446287998648522
26.975945831210367
25.74149159888233
26.068749253716515
27.319003544871926
27.234061176516274
26.158819408520607
29.02672349920962
27.484945102108096
26.858249029396923
27.205479786677582
27.191173518288757
25.987278209203733
26.089885430587724
27.619757307928154
26.19154785280085
29.150462053152694
27.86967057425204
27.594108332187396
27.253902011916168
26.4947975422591
25.988198210205667
27.664360624014346
27.030791397760606
27.267937843252714
25.26739803770071
27.04388620502928
27.619593537170594
27.600577796895838
26.947127270427952
27.356716984686642
27.34423418398889
27.79264052439585
27.482472621221163
26.696469862714764
26.386442265535543
26.83813886163547
27.96039088587907
27.211985278628916
25.82941255787306
29.76783497073104
26.012512805543338
26.659643513980175
25.395505382821717
26.664762607266653
26.99256715402856
27.81522680375147
26.446069934808772
27.302926629598844
26.3669294032551
27.001805562358324
28.14248347637048
27.54864249565494
26.724646910919382
24.907501286064885
26.194956131410784
27.0551993310591
25.73652795076942
28.104818926892456
27.20424800810316
25.919828526472283
27.394216558884168
27.485905527032358
26.18555306131015
27.047748304319676
26.78713209613179
26.419915750562975
25.497599296795336
25.562660342178145
26.929672371935812
27.575049091996625
27.50092208475834
27.610009572953285
28.08660449101973
27.544537480224896
27.62777371423767
26.120214604523785
26.217894768700052
29.076059790723484
27.93894763979707
25.23672792129398
27.20469720137322
26.41685463387944
26.82014334180232
27.384135679451244
27.173899865955143
28.22253057167408
26.351135738296485
25.968840448143176
26.52505145292837
26.668442270065945
26.944970693112815
27.427725146231946
25.92198424566279
27.64479661546909
27.6989572362087
26.478620263772772
25.725230005341714
26.07387334156886
27.40199220784784
26.97480056121108
27.34777059648372
25.401141151052247
27.304443932592793
28.088164341549327
27.077118569698214
26.98255213558086
27.121304618516845
27.495514892312503
26.892480028450976
27.028260245882155
27.12050869630336
26.973144897656578
27.14739065336902
26.63574745044488
27.575003903450156
25.77782218060338
27.053416557868154
27.597140691982457
27.188311670336304
26.25785914091226
27.62251612377416
27.19640559245841
25.91958437736567
27.557245104851535
28.758220402656672
25.661409454903243
26.707070228273956
26.823290097722754
26.869427679684158
27.367931924935153
26.45055030966378
27.140200852282373
27.030125811794615
26.679611494578456
27.413959391519665
27.630350419342996
26.875611229844306
27.075159436094424
27.089448523119795
27.04274196544225
26.541916326122916
26.990042887830388
26.651183053333867
28.63165180911578
27.46790386715639
26.829127852395455
26.811836651612456
28.26027693008633
25.979706329464708
26.690565506873945
26.919567024715036
26.280349948708427
26.917340395309132
25.88869202994558
25.713421251593424
27.000063467305818
26.400616629361494
26.80115391541606
26.2203795291107
26.163986898654937
26.858240625176702
26.486584283744598
26.668201878105386
29.523972119368125
25.872964567971845
26.432570867719665
25.65643860560146
27.02528101353544
26.782804395610224
27.15767995478733
27.230828610811326
27.015715762350414
26.985382052049825
27.92044799392675
27.990747559344108
27.32493113686744
26.382381941555767
26.2319104565606
25.47337858729213
26.105863233388057
27.654853851090405
29.197004470656342
27.622019507770588
26.975649200153985
27.278754005045638
26.61947690697602
27.57868349880212
25.792656621972
26.86573722203267
27.63543362731566
27.767741123103917
26.945394861495387
27.451479493458468
27.291769931780888
27.263210956927917
25.5603076285197
27.572923990035147
27.216324651218354
26.162813230997255
28.834562474944555
27.07209749389073
25.76560028051347
27.31071239455085
26.283430645667103
27.616392999927324
27.69601424717612
26.071651226254048
27.01708518640904
26.394716499565494
27.56810897867521
26.777696232387118
27.174768113577713
27.431230103894197
25.875286372128578
27.25199168003908
26.826793968307804
27.430608805163473
27.271250624570108
26.18822528898769
26.061554232987937
27.1657845933981
26.580901208936844
25.800137640115626
26.928644247978543
26.855311509349225
27.464590599786753
27.10601829709472
26.037887926733276
25.802670880968915
27.4526334977975
27.005368559646673
27.367976955198067
27.541196783550753
27.162096333538216
27.999681785243656
28.87405496943675
26.645013241201998
28.077231607026164
26.24560228922014
25.349080757020225
26.237941768287207
27.037550246177965
27.588767601702248
27.535075083897095
29.31181112208128
25.88980892857736
26.410499390765665
27.57661757168588
27.825816461637835
26.476128189685816
25.795101517332448
27.311569195792494
26.48975491108768
27.137489158872786
27.306133582954434
25.73529784956293
27.248727626261232
25.722417622157007
25.96824754161936
26.75778281750013
27.963725580447246
27.674845448081932
26.621196385807476
27.19324497883573
27.53820871387701
27.570832548155593
25.95465024923088
28.634368225363367
27.27313001400952
27.177416729539246
27.53039128230815
26.840642806921647
26.35209918984738
27.624909518599637
27.03478757197386
29.290435255809946
26.62323312184688
27.38740179075872
26.71811486753814
27.35742402024237
25.95077305772298
26.53350162233605
27.180064299834086
27.084220490886683
25.647816791951623
27.285673558318322
26.651728438037367
27.06118838137074
25.419395284846928
26.801949280979148
26.31647043986027
26.347544255948556
27.230255524738638
26.219929666302168
26.615940870859287
27.591644927283667
27.673567942617385
25.91414178416176
27.270799659479596
26.455404314451215
27.62365487086576
27.1733020829325
25.487777174630416
27.02157639909501
27.194451472573036
27.724387505448906
26.67279291872287
27.631032857235326
27.919143193607837
27.04733829016318
28.362469500343458
26.121463179493524
26.982460058147616
26.392221472068087
25.777829119319023
26.40071495864461
26.296314347545373
29.20686041044747
25.924192467068682
25.78684222721283
27.010368839645995
27.609223176094435
27.72655363298299
27.244729697520224
27.173413712464583
26.844112420565278
25.97709678010165
27.42632953298125
27.641004064257586
26.126399669797202
27.583929451667803
25.757336999197985
27.353364430818104
27.582204723596114
26.541903456286096
27.34804368402716
27.046249410257314
27.411572187575455
27.517581767739163
28.22446164729138
27.422430505118147
26.289015323398726
26.540026707005733
25.544437137918035
25.79263186665921
27.347414529400307
27.21123476613864
27.031568215164825
26.809549191528355
26.79880380268007
26.635897279810035
26.82028888840766
26.90015980305143
27.6752956323536
26.64331206779901
27.33191616993402
25.824517732209504
26.414628504270226
28.663455664119603
27.07372274545379
27.159475852119346
26.655109748698706
25.85662334185586
29.34438457935104
26.981900004872035
26.82909151391959
27.23996294556614
26.64267365269524
27.635305329074857
26.40178871692113
26.746218281418518
27.30519511157203
26.73478584446593
27.963775319059906
26.955803740968687
26.7191350314667
27.338821063464266
27.317291297474743
27.645139402343336
27.022213979753907
27.015025318017873
26.47712113451091
26.818672467717928
26.651264126069133
27.627210697099684
27.026188391416806
26.700576943303655
27.072166823459895
26.719721099783566
29.322106187396894
27.605522029534544
27.020150138474026
27.46522104325236
29.838504709571847
26.5261710558098
26.53520207527431
28.414991986776318
27.53338783668163
25.89693710629082
28.85887030775159
29.298699560251944
26.543198904704212
28.62464933898409
26.342530911189527
27.590721986031163
27.131583561105497
26.997315851724288
27.43633584601369
26.776825724810056
25.783187960448583
28.861027785114526
27.065577673001155
28.466972286800875
29.643803872706478
26.81026639917742
26.27298522641997
27.61596742078209
25.924481133488523
28.472592331961827
26.156227032298283
29.590278336914412
27.586508913241687
25.417887021896437
25.885367160463677
26.761561517694926
27.489989203842683
26.932149713090073
27.317436912538337
27.87861465534967
25.354795394359112
26.383706005650122
26.09024207345798
26.142609474603706
27.42120289247146
26.932020482403125
27.16171037048421
28.40298049432182
27.494719190177076
25.656480964868997
26.67881782190792
27.41971907580135
26.807997846880042
26.0953542725178
27.598695186988504
26.618537892837388
27.467285831922016
26.945915419622136
27.633753043370618
26.533906715710543
27.58041675339284
26.00306050290277
26.673198898529556
27.755578760156805
26.702979901496164
27.40022425029299
27.05231167827431
26.48536096066751
27.484723803250557
27.636347196714638
28.229298010894283
27.602917169819303
29.516420994999145
25.855980405322548
27.42013710406133
27.38624572741922
27.39700081312211
25.902706482420722
26.039237099208247
25.77133239929534
27.310542865058245
26.463157017848825
27.375092039474666
27.88251105736823
26.93285174929645
26.994973505073993
27.83714822770605
27.64870753257946
26.175376897450477
26.388633580257213
29.778313010843554
25.933521630062096
28.32271209634694
27.338564016215987
25.624601113247166
26.955108095364643
27.66068535561964
26.71927675315589
26.593653519077
27.218077834524983
26.98329543982744
25.88466029667724
27.67955873464801
26.71963969667664
27.21575669644412
26.476124115140575
25.49781794718549
25.797551662230646
26.37537617604034
27.469116871219715
27.366619025507635
27.652083622414242
26.396575931622042
29.363040246145108
27.69598966569358
25.860259018929884
26.866750559352152
25.587924629658453
26.173015695483333
27.110901920137277
26.861839118365165
27.62592441191567
27.7950271276505
26.446302386750833
26.967939839438138
26.87640098925535
28.52469361523809
26.682266821628705
27.203936170015616
26.943057154681757
27.92213970470229
27.844348607677343
26.61906094591889
26.690973627236893
27.271336799841063
29.603516725502974
27.137426422882125
27.19043353102381
26.63873233030463
27.32218003834255
26.992517184608115
26.820408955777268
28.9915960375468
27.805290905087176
28.797284725487557
27.51956596880099
29.776216444178115
27.610306418950724
27.149888327238806
27.53112110686532
27.3346168974562
26.39515062170971
25.828134419691878
27.616133703658388
27.318376109616445
26.75640775951
27.539242868653997
26.634108588970474
26.02754565088049
26.837772767698265
26.22701251543993
27.24304431801742
26.806115862648372
27.319461192798062
27.47256856024626
26.068549345479873
27.089110931416204
27.16040110853766
26.081630358422043
25.244762649558574
26.157593705775625
26.368233748822817
25.98876632925843
26.256846637197807
26.301502032851182
27.315397372701906
28.988211245173297
29.663910191269842
27.435566722205323
26.307471883688255
26.45040448977255
29.212552044944307
27.572800730471048
27.336795468753824
25.865678124595146
26.9579975742905
27.399784053391922
27.19809328107066
26.993336143733604
26.549583412001777
26.99679164831864
27.27030851690183
28.971262808694583
27.220034825488888
26.489299422322592
27.219712449539717
27.48818363712816
27.520567766324792
28.051968651774054
27.028767180915843
27.635884179273564
25.41260797000458
27.084055930642364
27.197710520465936
27.594490482726357
26.05628312097565
27.22752928485226
27.876050449274654
27.473649573785842
26.478088036284397
26.6932289696463
27.25350807423733
26.632497097151614
26.753187954072576
26.908273240469544
26.450505753066448
27.157218386111325
27.237959188476907
26.404053245733092
27.620190034124075
26.56785052555005
26.06823486929045
26.825363035017144
25.596495161952927
26.924100002322607
25.917468462413268
25.33319189935858
26.816676658218686
27.581293712767504
27.263629384615946
27.52220395671316
29.777974567810293
27.045453962198124
27.23747579166898
27.58276923741281
28.14340219694551
27.389804516808276
28.716005773227685
26.629823706050946
27.77846111699844
27.69270419397111
25.754661725861308
25.715598107111973
26.117165385758383
27.13704897168101
25.93484635572654
26.224764503518227
27.795073744471704
27.179249286171466
26.586650347323317
27.673147757368326
28.95924297559828
27.228169300811157
26.78741466706785
27.08694002266803
26.15035594614935
26.52928044034717
27.46640713895295
26.79625221478745
26.558263272138948
26.506425566767575
27.65078342365264
27.6114610783012
26.19359928638036
26.930611765384743
28.900091085359218
26.63968747399865
26.389152737834653
26.459164615694206
26.80611000104324
26.54364398823191
26.8175463755653
27.092395678957857
26.290604891017292
28.135740071637212
26.84494033592286
27.40496367251874
27.61816728429741
26.954812884106406
25.88119125982712
27.186016245255143
27.1622190748571
26.706206600844485
26.96559300934774
27.533775077337978
29.164919416172943
29.077585765228314
26.993617154709717
27.14584007522006
26.667128321311758
26.01917297636541
27.289232193725105
27.74755644030371
26.60653435643612
27.14246664110295
27.856988335859214
29.038203700727504
26.17384456722155
27.44602026889041
26.580358153854235
27.32292053671433
26.110046233984626
27.402690962369654
27.42834349582473
27.387070937047312
28.949686212174612
27.170012957692084
26.54006484050764
27.640192798954256
25.863658289789427
25.84655884700415
27.555637456345995
25.80920925010415
26.452958846285103
25.69277268235195
26.789495363715496
27.55439134312812
27.629349546928328
27.523906456330213
26.184982318195846
27.5710239086201
26.752879132700603
27.63120296662983
27.039595056102737
26.757484295838395
26.37168239280312
25.542605468542714
26.91986436262368
27.08422621936193
27.383441019589227
27.40135042775059
27.017754930980526
26.764403386627947
26.63643605067692
27.594862709179598
26.80033918272022
26.62258126238485
26.75678734213147
28.867338628004042
25.80734668244944
27.192361550923074
26.622530222922364
26.55454436865205
26.042990871066383
26.172702851249273
27.74445666262447
25.873285313727873
26.825991095828094
26.669705492937304
26.858504624333193
27.743753440519665
26.994207285942647
27.250401415527886
26.84004954607934
29.305124685567716
27.068873722989743
27.45596516653227
26.36794008235705
28.702967553967294
26.908538798318865
26.397432142429924
26.30214657994371
26.834211359439497
26.98695225251633
26.736099758067674
26.37272600807526
26.127337088705982
27.151184639306802
26.865669377490367
26.59463229672996
26.805627911104445
27.434660832929872
26.543986108229316
27.933034143336
26.889988853017552
26.644246101268106
26.19695313620336
27.91488370186396
26.704514217318238
27.51554153296715
27.622311870673325
26.84370542005005
27.792673935147416
25.749911664730597
27.34651605320935
27.006156187339432
26.409861301134068
27.49534085579244
27.15521961588283
27.221263297172925
27.10092189474782
27.309794600349022
27.394315835964626
26.401592456978324
27.363147202378872
27.44867086525206
27.494066994886982
27.148619622221236
27.20937312200859
27.678947458885414
26.491523732130318
26.72884695691023
26.653788507705492
28.3507883249533
26.554068667318727
27.33841907146853
26.759605790566642
25.878108023607126
27.85622777548845
26.282805757687395
26.738842283297203
26.827318663828137
25.15259895484278
28.987391490155563
27.169054585326467
26.419509085696195
25.969725527832576
27.27710790866476
27.176568166812633
27.49734097874354
25.980670773866525
26.197066490050013
27.2084360345762
26.537624971159556
27.327388210721125
27.616896331995434
27.166477668518983
26.857632103982557
26.630757657600903
26.2784582821722
26.117189144126222
25.56605944870098
27.920741264981412
26.340644883086163
27.644062544103402
27.626150369296912
27.59289299490029
27.716084323416815
27.50658912757876
26.217855522342
25.461608109305004
27.45971869364452
27.52251905605546
28.813735828813726
27.318285423450583
29.508525758421463
27.350066505203852
29.394360975805338
27.270159581484215
27.539336553210546
27.83972333528132
27.016642165596085
27.745561436246227
26.346385836263075
26.485882736602246
29.664119120505728
27.301792011513648
27.638713614004217
27.01244391604116
26.329604122290252
27.27931555211188
27.860238004053933
27.336733926222273
27.1984734021507
27.691057898198046
26.976461936269025
27.643902297242327
27.537992488988372
26.02780329535106
28.686432504118358
26.69369874211149
26.76336334477763
27.923742670245502
27.107565715107043
25.765910502870764
27.62372503900773
27.197842023797055
27.64824497452502
26.261644775285664
27.037490482950176
26.640882639559617
26.221249509875882
26.862533838322292
32.490457828987395
26.447439647236106
27.444358773959774
27.888297516446883
27.58479367970125
27.61703232996761
27.704734157856517
26.847660754697298
26.797960257544645
27.331948423156742
27.328790398087218
27.375489087102657
25.81455838107159
26.46865014115482
26.954911454127178
26.633885113089715
28.613518141191243
27.829237926090236
27.01083016652667
27.577559398209434
27.461807566726968
25.909240375010505
26.89219402609226
29.620894535090105
27.115664359263775
27.439679333706266
26.636384848130184
26.98649294577777
27.22491287524247
26.20775668905607
27.02433992488637
26.80809118559956
26.858730568940057
26.25600392508817
26.601315648435754
25.856217079679684
27.556756186683664
26.39342460974602
26.93312283805848
27.000055805674627
27.71873416653469
25.431574606723952
26.391448424380904
25.770901708280483
26.863170267662994
26.639283674532066
27.430491211186045
27.563218762006187
27.703529510676923
26.157308052714818
28.93694111516779
26.96027096384569
26.38225700052769
26.352981881462824
26.611284339172997
26.313435125241043
27.40955953060441
27.54990406177601
26.935315305477474
26.786655512112382
26.736336727737434
27.86989303927287
27.54987217757626
25.399066493227924
27.276738262586854
27.42128365320374
28.908360443638887
26.29048169499403
26.803697645338296
27.003668486846685
27.7457597431489
27.624796865614016
25.91765755475066
26.119898867454978
27.22153983182217
27.623481813949923
28.995515951810123
27.25934254630558
25.68907846724995
26.801553531807492
25.971828365680217
28.825517333303697
27.55908339540697
27.22448444544773
26.29140314711391
26.54624873321965
26.16762028543901
27.133876199449247
27.241428167518382
28.997213698678898
26.53847592202261
27.269091364167057
27.4368096986025
25.869755262757113
26.77734587335126
26.289667561251964
26.953442739779707
28.95838296734891
27.34344941181455
27.39775222138305
26.179914971170138
28.035387417446607
29.81197206302192
26.602202008978054
27.8027471875874
27.267708316643436
26.168334675120967
25.84680205825716
27.257879399176183
26.935713368592154
25.890885757901916
25.951248841690557
25.865418907114165
27.169981884946584
26.41687651686921
27.496657180069853
28.163681738675262
27.208665665266313
25.811422621360077
26.98347963207356
27.425890062608488
27.342542912493226
26.73762851187289
26.553114655992974
27.498282380263838
27.1552188218523
27.874218862998625
26.850719932902756
27.239755403430507
27.50945069535578
27.705107843578553
27.18087999896466
28.836754686205868
27.608504200146935
28.89549918208395
26.17862496073783
27.284745769147815
26.607481977616356
25.861570620211793
27.168857572937487
26.450775349968428
26.959610531088714
25.30467242842583
28.857028384287833
26.229172300957387
25.948101451989636
25.96523189949735
27.131529860415906
27.708881347251538
27.8784961634192
26.990933248014937
25.974811079608564
26.73735348878839
26.55431757430797
26.624727335579863
27.095006263714414
29.21386652631739
27.270472134324745
26.140748771535247
26.170605561505898
27.466759732250676
26.302680730582207
27.963186781986188
27.051013274106523
27.274622521807867
27.27211462941742
27.066215004724587
25.673125982308182
27.862797872394598
27.723899921105563
27.789051744952918
27.33875700730245
27.749793645181335
27.274838810701628
27.286611639575828
28.148622157307436
27.004936959342384
25.49281812402142
27.879339433612472
25.962461287629555
26.66840630506791
25.40845540980391
26.875266778891366
26.655991113970444
27.886961929003498
27.408647264933077
27.234093519717668
25.715988384857745
26.520098442132294
27.34245448366458
27.600982220309835
27.27956176247025
26.703992221933092
27.158125681253
27.763603138278746
25.917294504734038
26.527551609811773
27.128643372695425
26.860736404428962
27.046398089000927
25.88876637546317
26.668889018026224
28.178282173814015
27.00954205559449
26.740244505748667
29.028528420912536
27.378780466707926
26.355106621196196
25.790418383853574
28.159808372998736
27.63971783069042
26.050972832260975
25.502374885154097
27.21703174597067
27.47720121293268
26.68944979310838
25.91705328433399
27.08994935421207
25.15214768320089
26.7295298422029
27.277495553664565
26.34278861930643
26.78524600487848
29.349729033838255
27.014817744858227
26.375019660181472
26.84127012686435
26.87922663465484
28.823398017705525
26.747846992237374
26.939608360437685
27.060601768297204
27.64412208279862
27.150054343565895
27.63093362983214
26.970369612190723
25.72902791763723
27.414630572547196
26.41436024920605
26.689857808632695
26.9916010105173
26.96201640673199
27.706288589338847
27.35448794226124
27.423408734705202
26.245604865159454
27.084729833943737
27.78169900624062
27.23815801182003
27.410555917824823
27.021439860173107
27.703703384511716
27.610283787402786
27.551392444812773
25.940183317034347
27.006757233126102
27.210115539551996
27.317045960872715
28.152819232225312
27.523624100585863
27.6851451268864
26.796168877149928
26.707376286724312
27.445890653954848
27.096528872369063
27.12553929667225
29.032954895796042
26.669270967181305
27.424870155640527
26.52510914320145
25.737853887576666
26.28497441342336
26.539941711850943
26.432035290331864
27.07965963828068
26.621577908472535
25.7264465911892
26.836913749065108
27.295031247795407
27.001419788993708
27.201833654234303
26.245182860813244
27.615211134758265
26.420465925948285
26.2383694986935
27.754832105594062
27.054467410752945
27.102440303643903
27.473859200813855
26.984902551452457
26.39230895367811
27.039289922543166
27.12214061206091
26.975966149147403
26.10595843637747
27.748665644015574
28.875097827450237
27.63643679008038
27.70990914013411
25.414789450720367
28.973859460113996
27.397229999851213
28.436550772279134
27.267227029224955
28.83199558448755
26.977005030354373
26.95628964676153
27.06805933381524
27.192143725058408
27.146954216621648
27.260176256445753
25.807220547411475
26.189086732885272
27.770731003373076
27.464973175390824
27.161359958463812
27.403374416060135
27.38438734670668
25.96019493329765
31.29017283317329
28.140061843055253
27.381366628794932
27.82105012593078
25.76782422286057
27.2447896797999
26.031129546871664
27.61813960613698
27.325468133122207
26.77018039261166
25.739263903290468
25.295219018323696
27.42206826419713
26.691269038978614
26.635406009103797
26.941399436425968
27.265156092057737
26.81416201999136
27.75554320226665
25.466907264563712
27.702284969467645
27.495478538713147
28.31882927151919
28.980840223387034
26.78244973775246
27.198549590757803
27.26733213654126
26.781070248385404
27.060215656973405
26.49805880645623
27.233202283127365
26.085833109106957
26.849494226886307
26.655020584124372
26.796311185660866
27.183003824815895
25.338124754672883
26.299249478997474
26.404770199362503
27.37010864379973
26.359968335529278
26.812110073428723
27.932683692147886
26.800996323457106
26.592807035698307
25.803335442431315
27.827885147495625
27.56912960758136
26.27047623911699
26.539745080787327
28.99340379429903
27.350081730443083
27.475281855874435
27.177369109873013
27.566398667653793
26.010080700978442
28.83226895040252
27.33452890569765
25.72278833981658
26.670532063884476
27.628109847837198
27.399102004338474
27.265455525372047
25.495849406103336
27.035030085412586
26.80694535954618
27.39362429940211
26.655163059609674
25.769952722264694
26.70577318093486
27.49818614001715
26.28478509475887
27.167429898466796
25.754649456002728
27.042491799924903
27.414176270822015
27.46670996936484
26.88545003092666
25.90070425272174
26.309805828644723
25.91650561251018
27.617070892938177
26.13028434149
26.528741968494423
26.40853013152769
27.801466826597487
27.26954242363302
26.087659249396612
26.57368287459708
25.906155035234583
27.934272187384035
27.32727420477949
27.625036035514793
27.203644962904452
27.597475928159568
29.13909621207956
26.43513493490217
26.84131740111236
26.341863663104522
27.627319281726166
26.772376924942865
27.005114912565045
26.630983318412063
27.640032398877956
27.101858811619422
27.812376417775564
26.9061488621933
26.41837152010232
27.651248032370365
27.776366669112534
26.643665894626466
27.567826354036214
27.33135549833694
26.299254694912104
27.660884284859854
27.378751207679095
26.88184037901121
26.230762360221682
26.663645938576785
25.89856382411472
26.575974462772336
27.15966793524762
25.644618534145938
26.909983897631452
26.779683428996158
26.56588627181757
27.295693591907256
26.374637079563684
27.532043879929496
26.242734928414205
27.628622509049514
27.62002830907719
27.413543361930273
27.509206320546966
25.792766862187623
28.058379463035457
25.922085862975486
27.391929619615667
26.45734626443075
26.608605300154977
27.66308173589835
26.899453548716043
27.166348438237385
27.22825543295145
27.16385692975259
28.00542603825939
26.594368042241673
28.921788194689384
27.058255072704096
26.88420603054634
26.962148558438415
25.755911899392224
25.47695415850668
27.388496998618333
27.006403245453647
27.048344804609673
28.635897351959372
28.71012064873487
28.886233707128728
27.55681947583919
25.32750108200144
27.65373480082907
27.29591339329097
29.348517515410226
26.529271732611654
27.27993382805697
25.458513233131914
27.934873605184745
27.491228410706842
26.36573887864066
27.410589883220986
28.91092609034536
26.600784478021502
25.88725717352237
26.67026551780829
27.66273455510229
25.946317420340254
26.68079539428488
28.535053651130678
27.48342707582448
28.788018057838844
27.40554822792057
27.574184177386606
27.600022692505384
28.034742750631132
27.696473526799718
27.014663993358237
26.981353755451973
27.6048045466359
27.243241753726878
25.90894119809895
26.2441419776022
26.758513750846802
26.76424276855493
27.162387949252683
27.654423298820014
26.930536867816066
26.085817797940106
27.354036009128016
26.82538216990349
27.426437153658664
27.520401071917284
27.69575045316521
27.013777978283837
27.508382841357115
27.41285634021957
26.250003362860227
27.56769712706419
27.30674253330414
25.616678075079136
27.536792174116506
27.440158355873113
26.988326389079155
26.003901824207286
28.48961427423339
27.340358694854505
26.53606264988175
26.440249206054265
26.80445978540534
26.899962639225258
28.42449093309094
29.269927240132926
26.510567084111237
27.254373159567805
26.58201257344026
27.314949488928907
27.17204193139693
27.567156394643174
32.33559736296457
27.061144091260818
26.81296419948758
26.72688815665592
26.611300218502652
26.57892733645037
27.35822463435294
25.886502571551933
27.601325379208838
27.03109644921887
29.82869467028377
26.504760494864556
27.253059759776082
27.46882980471323
25.74077107478911
27.187992173888265
27.58785199688092
25.404597580615075
26.237412092423632
26.26593748599951
27.30682530452461
27.814861699576173
26.86645683558958
27.65612051610794
27.782331339572938
26.97700807878226
27.0478825742958
26.594648115290365
27.70050419947896
26.670891903364335
27.890942959930697
27.619364680827637
27.57465902828994
27.64590328925894
27.661172436195628
26.146567009321913
26.78281702779411
27.634230906190236
26.858798305171497
28.985277228454677
26.652944840773316
26.838135909141574
26.71870702173759
27.60055873508272
27.095253468565907
27.65701141226496
27.42534501210275
26.494793904838023
26.188681201609278
27.057983824262593
25.78740546778142
27.520305779715766
27.134234146672743
27.145589445994258
27.6864068996522
27.10993580959294
26.933256125380378
26.459325612310074
28.609147547717967
26.90431979973838
27.06161602432148
27.34052497281875
26.705164652192508
27.56029598946762
25.977309070355542
27.209523471414037
27.261026670098403
25.84528387528785
26.35669678431349
27.473578656062887
27.462368007712126
25.7148947836865
26.8573261454416
26.684195621007245
26.634081827597164
26.546156714902214
27.199496579658135
26.821499515508915
27.163747667167865
27.06013227593633
27.856292472373532
27.11902516736417
27.44098539400296
27.444148020051735
25.918269872327564
26.600417821961724
28.936272174266794
26.73438751978363
25.695554579898857
26.57861721817135
26.689880160240897
27.358214927374913
26.244541132188502
27.316332283245256
26.845586022313878
27.14175363970331
26.96001538216885
27.309115294232512
26.18251899121273
27.516624380469707
25.52686381741967
27.36353538431761
27.001950172330332
25.718896621199516
27.643346366450118
26.361617602730533
27.243232300376143
27.733686517279654
27.00935214786583
27.161706394394987
25.55404605147144
26.994602111675565
26.07089524015899
26.3627271655458
27.039558975003402
27.323321921991795
27.008715428911273
25.85027978451099
27.12921662294682
27.371180026760335
25.788092812945504
27.235806975630915
27.554848944936094
26.72197992622378
27.611336426156274
27.7897874588962
26.77706929407632
27.603966556915413
29.70470702321419
27.260013297587257
26.622356037713875
27.613706605517716
26.252232661898724
27.573250659370654
26.472109829417683
26.768332154123307
25.41866415550807
26.55405714419251
27.246803349499427
27.6100539516095
26.68571048569534
27.08483243890473
27.944093410717034
26.99692588328085
27.40803732398148
25.918915327810385
27.279854019209917
27.075873541632127
26.91329107732272
27.727529150608184
27.074816717532155
27.248387158893237
27.070343849858084
29.619068155683543
26.897677190489038
26.170400065558127
27.627226630543394
27.80192510822191
27.329291505489525
26.595086870677296
26.78352691840565
26.214392574713088
27.39516579658564
27.47071016492743
26.947326082572157
27.396394743866438
27.713933945561497
26.508777263346648
27.11019565333944
27.537949996860164
26.888027702961306
27.053130616816727
27.60800595235876
26.74848707892953
27.135379565306316
26.1886634048658
27.441523081527723
26.222295168774835
26.405526023353065
27.137240065430785
27.41324253079023
26.940472821351612
26.70323749128863
26.87992563232811
27.553482956346535
25.923787808188223
27.475312057448967
26.607331258894
27.51762377333573
28.866477393446655
27.347830635534798
26.167506010861192
27.062253033962588
27.609738902358032
27.439845784386684
26.79791004008267
27.302529862881737
27.54125955708416
27.175039842156714
26.325353870029595
26.848440514696527
28.187979348656636
26.424960666239752
27.45197455550331
27.01383536649791
25.33397908138404
27.12076208362236
26.99569801766922
27.25022691965666
27.627635018754223
27.21934523875892
26.93816495323024
27.610866366880277
27.145098529287164
27.225741884529626
27.56738717263493
27.346992930602333
25.460306186810246
27.338318579283264
27.71563440832835
27.143863428671928
25.671521726579495
26.681826290449685
26.74969858554572
27.299414491587964
26.70445457116056
27.25806368846378
27.057243671385702
26.524675111381693
27.490812061805887
26.593618633260604
27.430180180594686
27.435499811486302
26.266210962932103
27.168262341819144
26.986250072603067
26.851569840389473
26.322081189628523
28.91449562075616
25.7912697683576
27.10728063676694
27.49837518537871
29.32930654101676
27.306205106900332
29.833443916757165
25.66071185008046
27.112834262001336
26.93126076417631
27.44930381653622
27.195204165429416
27.57787912314187
26.87797696611949
27.52299664507722
27.11648746296364
28.836420229384736
27.314895943684267
26.79868871981938
25.754201246493913
27.243687164918907
26.303832770889603
26.77941398291383
26.547264284838718
27.186300674526986
25.842420860579217
29.13800179107003
26.70721060185903
26.751759356885078
27.629959785938684
27.16601675593704
27.356973999590128
26.847464480435058
26.484779821444587
27.604108607538805
27.571230715557896
27.554669902849515
26.116373097791037
26.248063007530074
25.80670129774621
26.88318264607433
26.989805421330036
28.55929057750412
26.9775055092596
27.392306126920882
26.70704062626048
27.62707497013429
27.52913248610578
26.49518994694949
26.983276613988167
27.319759170882847
28.89107751816017
26.836500536023568
27.633193978109713
27.52682501556826
27.101227207062596
27.020440074363986
26.581094610449142
27.924250688989318
27.641203278073977
27.591205086490938
27.8981565280466
25.861015754312493
28.44347874253953
27.199480803730516
26.660273564976915
27.374773536621365
26.98708058192772
27.289331829451132
27.61911669310274
26.549930144599806
27.39694624663589
27.365568491595653
27.638508893546476
27.352397972534344
27.252477236691348
27.50405611237343
27.31813593281387
27.513622694420146
25.979341689579645
25.63609661747018
26.075558632934463
27.720116968500573
27.402192240760314
27.043177339383654
27.537505444283823
27.807068426974574
27.25255248388475
26.823570126806384
26.058804576797208
26.784413837338203
27.511640918925693
27.073637286430753
27.451268110373512
27.60898810751908
26.716057077461503
27.564545645255613
27.580880317044763
27.553308031748077
26.84458845261094
27.216842209659944
27.26038070931902
25.454725925516676
28.505096443961634
31.03177296031882
27.636877095890213
27.485148707016908
27.413510497010325
28.956295199113296
27.566752780901712
25.472483088218745
27.178420056297607
25.36527544045152
26.990598895598524
27.126066654321914
26.251201694540015
26.89739184336468
26.40941901868296
27.38767682336559
26.318240346728967
27.34917965792263
27.262001759283056
28.80974795538912
26.48215046939429
27.250220426922326
26.3536869315518
27.903261711582996
28.98324181201961
26.456714776278712
27.559104599821413
26.42758694909853
27.35116313577184
27.158095223145885
28.366917003834967
26.247065668837735
27.853130295880526
27.000236112979188
25.8315312655307
25.977696143363605
25.831974647110655
25.683250516683145
27.61031141554214
