0.0
26.507228931288765
27.04661647013405
26.96771270412452
25.353435599137036
25.283642688913925
26.822905148507417
28.51229461281544
28.778617261468902
25.99898410869772
26.967073949735582
27.979641321552087
26.785308229419403
26.90883838306806
27.56221202031534
26.978314527073277
28.159564213438266
26.94682200553702
26.194036247726814
29.681086745915596
25.940836840538946
27.483996880172086
26.234298767329847
26.567745564133933
26.935128615877357
28.162452312531645
27.249561194385667
28.182903371590026
27.20892612457199
26.238468508428937
27.49458839985667
28.1038931838122
27.62187834361647
27.13124373117168
27.010438470752035
27.583201798685433
27.107242156551173
26.670331324288476
27.320474786631596
27.098436280277358
26.805977140115445
26.93990606618706
27.210224098600772
27.146204292468084
27.54180228223732
27.702660846373938
27.5225397946568
27.909115574254734
27.52459974636347
26.386647155395863
27.00453352343733
27.244763471224438
26.863533559191634
26.536494607866093
27.735874836237148
27.07498482553239
26.82123824636824
27.485441709233363
27.31794440545533
27.79515041796332
27.428268240735967
28.648250566576266
26.037270787300965
27.155610296510783
26.421683621161954
27.32834278368847
26.601061703597534
27.60089746130461
27.43511135442874
26.079492284945466
25.90791509443209
27.423564708795393
25.456301808948687
27.778479753779475
25.94658111105654
26.721449599983014
28.389991179220793
27.60259236899567
27.330189731620493
27.239515757229956
27.441352043312907
26.20056578157145
26.553382403234433
28.856583493975158
27.75216045604639
27.599791346646885
26.866381055110743
27.64305524941288
27.05295844078021
27.497470992849998
29.219914778883027
28.895902632211214
27.201539912914043
28.718831631979068
27.56347288270383
26.9475233899163
27.34346129705617
27.60023499029598
26.822999788909268
27.152132992673064
27.27030878868646
26.500316744492114
27.737781250921152
25.994253067681758
27.321220494065983
27.758285357158368
27.930770163994595
26.77503479430026
29.00986373909908
26.634843417419056
26.55564209158438
26.511169483855834
26.955333055771245
26.332641564261987
27.309223614086314
26.05213020765881
26.572861105934926
27.38031447318768
28.303455333143553
26.81577921025306
27.21315863321676
26.796838060155963
28.973011838301943
26.55351052221135
27.39670364394363
26.872275572275907
28.964376897099218
27.130797859880843
27.483916943190252
27.35426183127123
26.660131866381253
26.499943905818785
27.339252915003232
27.111671452056807
27.7535937382525
26.553922095432128
27.879706559002194
27.30475704501894
27.304960045976568
27.821802698639704
27.59749145983345
27.781698394744236
26.678883283740863
27.123369023938427
29.175641222093006
27.686873241239045
26.336865636561487
26.610660420885104
26.956277005443393
26.40063798575861
27.318642408120645
27.12012273574114
26.65822505306178
27.85543687177238
27.45431687613194
27.504776934591586
26.538490618807078
27.994679450151136
26.26701165056709
27.37764508233239
26.173302805839217
27.380544174865907
25.854590841473208
26.251590320717494
26.568368896437953
26.746085794829963
29.23446589879885
29.253844129379274
27.525075546828152
27.385214993977343
26.58251454329423
27.30904180280674
29.236864058931157
25.872933440345005
27.128041791230945
27.187481241775625
28.923456164571952
26.052223829368682
26.965382718242843
27.622822079290394
27.74188257553509
27.19063526045278
27.773374738790768
27.336282732951425
27.509688765824883
27.24769332629564
27.049856822122532
26.581377539447615
27.890785253856883
27.776481796274165
27.855715522161223
29.376408273512684
27.216971877375375
27.606399081450366
27.96360633763163
27.194209238993583
27.531523442987027
27.888558541280965
27.73694989070115
27.007745686724896
27.5748464760574
27.825393021567695
27.634176231527917
26.401552405018457
25.982058851174042
29.333235468318893
29.378926322178827
27.836391443240572
27.82637987698757
27.735271312673305
27.925161985931755
26.82982227033995
27.13050546265416
26.81345004028403
27.266781369872447
27.004688450664105
28.64082070930903
26.923646290846122
26.645585154529538
28.029694388172224
26.907998697731205
29.117739920663432
27.238465032365056
26.357642967624447
28.94381359561638
26.336301838780983
27.96957600462958
29.332399935176074
27.986989112123805
26.78136213898664
29.413578045937193
27.337549228531163
25.68814114963888
27.635065297383882
26.62506231609345
27.911569904326004
26.311554713446768
27.721955559235663
26.45196915873461
26.86628001652916
26.42623064358822
26.547753049055526
28.755249823254324
27.571883824092446
29.464605914820996
27.88516644152254
27.36431657373908
26.18680743546529
26.76302429659584
27.75401691877773
28.1583549587464
27.565139282683795
27.730374227329172
28.779537420584326
27.61315687923734
28.79129698632772
26.38559398246146
28.94583021276911
26.456174861370474
28.981239589921003
26.58737858228345
27.9846032884656
26.373694703909408
29.193754170365835
26.981002340794536
27.144801735128937
26.773188852196437
26.927939374984753
27.292529575563787
27.345679154867167
27.76395238731649
26.888363211410784
27.14662744614861
27.50272607490352
27.57810405323391
26.42371163572869
28.958727752069322
29.586937853306186
29.28417873078491
29.562597647781352
26.63817494685074
26.991573992178733
26.736748210864175
26.4141040610029
26.991297191335686
26.289040474372435
26.871554498121483
27.73103720853736
29.295930767555838
26.56522956142523
28.005444065346463
27.559823868398258
26.742591054003018
26.87898024864722
27.63887781151861
28.042933143536658
27.80250970248977
26.81823159651499
28.62061394039221
27.550999571146214
28.154869813955045
27.33950889843022
26.62509042752145
26.96501384663627
26.513178999901616
26.980975896847703
27.10655951661123
27.094304664919363
27.511441239675765
26.67750594713007
26.44349041863164
28.085150775199487
26.664930463327217
29.604046040774552
28.222731932097155
27.327386007679408
26.44201189927072
27.209896017323054
27.14263897173705
28.040101026734277
28.119182826591558
26.27376166917357
27.661273249072114
29.54452279070957
28.05690812543124
27.475667654044944
29.541546959156413
26.59493378979707
28.48945629060914
29.799377349671886
28.10668583297827
27.831595555502812
26.389099488047382
29.35632505836612
28.12215496412956
27.59706655670663
26.153425623693142
26.46734736879424
27.20249130018441
27.33175022124154
27.465435096493053
28.628786962901675
27.45692601251533
27.32350350668269
27.95961677943916
27.847778810847977
26.379913914510368
27.541427921916704
27.008136116245744
27.935379760109928
26.78437544093222
27.781706038455166
26.674057881714187
27.21621137642555
27.657443706827788
27.510411959777176
27.529623497283513
27.431488463983595
27.82422051496562
27.121071945203617
26.612645501929173
28.078866342387567
27.272722907102825
28.90019036994274
27.84443794354083
26.607025171333134
27.06140310415451
27.371227316106857
27.839514184412536
26.767685746930773
27.530805959982523
26.28156144610891
25.92163796765776
28.919229633065335
27.93707286202899
27.36931223127571
27.781760767818426
28.739576408863275
27.07310327056276
27.886363663900976
28.114413676168198
26.785488588399296
27.612435193394916
25.767939988247036
26.80162330986886
26.824810122281562
26.36718635572248
27.997475986388665
26.876744537228365
29.670735063655414
28.016031800857814
25.725849301699807
26.240689748605828
26.46333802392107
28.02805637308743
27.346848810741367
26.481391618278046
27.647941966404996
27.294045436023914
27.756276604681958
27.114744912901884
27.549571028363705
29.65550100304911
27.857892471675594
26.471523224569175
26.81756449652888
26.54531023784848
27.736547735318187
27.464960952915018
27.778044101749266
26.562559838582416
26.75437519068973
28.277814869992437
27.545372476960033
27.701545919815903
27.879986145489752
29.02712466386512
26.713633485816658
27.191716113409516
26.917719773977343
26.91541093832139
27.637189683925165
28.12795898918423
27.03713295116131
27.484479388198306
27.118412056907072
27.907620917198166
27.211993591569215
27.972152920139706
27.09266151941066
26.500639077713483
28.11766233895013
28.265290751427674
27.542897485919426
27.63282524717813
27.939667972498697
27.747118722599016
27.15200577541266
27.89406784958046
27.163478500440203
26.010431663251044
26.688013484025173
27.038166473620755
27.71048508712487
27.07141386493285
28.39093775234091
27.78385996063324
26.714347460601704
27.15762275256381
26.695055513231882
26.31367454051163
27.401533343623512
26.998651401628166
29.685594257457463
27.370232401174256
26.037757779954013
27.365342358581522
29.726425930364076
29.217171491840666
27.34691436947096
29.686881284385418
26.584691499790818
26.230061156602886
27.679377463149436
27.946391976061843
28.130594869247062
27.90066940377451
27.315142531880916
27.180150281781156
28.19891814858407
26.890394237928074
29.715607307135258
26.769806903657205
27.465587754452297
27.589935855647248
26.936846362305573
27.59951662112103
28.15654337434839
27.655792008995164
27.812882352544214
27.81438726405983
26.957799284693674
27.34762036415412
26.589882821712393
27.728617846644916
26.30401247844396
27.996621994198428
27.691991930486353
27.52388542307564
28.184035624409123
27.713912874597494
27.563597331673073
28.16476925135954
27.607272492267416
26.852996597949783
27.18911344855832
27.935830217918024
27.634673352968683
27.710546445770973
26.35483013051336
27.2147535627152
27.23453260250692
26.52849314831141
29.849512182802854
26.805607397825977
27.72358464972898
29.00132614451151
26.526981287954744
27.901133874794432
27.639824657030722
28.004509330775793
27.7398023589566
26.41296523295873
26.701530051408863
27.310670148718405
26.89844951765489
27.440284408244704
27.220213754467274
27.454126336440407
26.888420459506328
26.982754611057114
27.788864620280698
26.49633871883431
29.430382406113363
27.62899442552355
28.104762276681527
27.20779865198106
29.767877960952003
26.811143636214858
27.710520578785054
28.23127719808474
27.778178519873823
26.644983588490597
28.19923555331956
27.74416838841254
28.01849727314946
27.81003996711661
28.24923001357119
26.71447133019835
26.905784487492507
28.055571126234103
27.955676391614396
25.819008834953944
26.587233204197492
26.469115673150426
27.08797087355956
27.228338605920623
28.028082907827677
26.5175879447272
26.76823724486902
29.708074572265193
27.331631690343368
28.969865378253917
27.49998268982978
27.677111461397274
28.292443305342733
27.972925749878293
26.78245411007027
27.924944887790648
27.59909445141148
26.98193459280929
27.59802719005664
26.93423000141381
26.35365656186695
26.286139533049916
27.534325532502372
28.867511759121815
27.192757189075078
27.887529260681198
28.05135698040215
27.378166625732156
26.146185150331526
27.527357000700807
27.671573840595126
29.59331884785555
28.02816866145047
27.16565803687507
27.11576455029174
27.207207435324168
28.224617050737276
26.318418468548824
27.67539796703084
27.265087955537844
27.106321350777378
27.82173851351051
26.417003351063162
29.413199645321573
27.34502545751391
26.419535897591775
26.535729874145876
28.45918117578375
28.33176610999608
28.793638444276596
27.94973436781608
28.184204347299932
26.717257176984997
28.15366852727335
26.930465490127162
26.83968378330751
26.601922846474217
28.133940878395638
27.878769418808314
26.779968914435646
27.506995224485493
28.355813578010125
28.099656912155705
27.02439077544747
26.35899211986456
27.488826946751253
28.235648979521866
27.574770388196505
27.878867907517215
27.19657954239286
26.577590138478172
27.370976966595734
27.65169221629469
26.843915813859176
31.36069408238142
26.059060380986324
28.240258600653576
27.913692775799568
27.642751122547125
26.217952359106647
27.541436889986066
28.07479145125905
26.56786855882403
28.319292591141966
27.930620497461764
26.292103911301062
29.802859071406754
27.385993952453436
27.95796772386149
26.411730352598987
26.241586540896844
27.626520009001016
26.846737652502092
27.739364210906203
27.841112042634542
27.060353679413165
29.66706311990829
28.211125136609535
27.494303078844293
27.58807861376151
27.48903902260688
29.09641115903568
27.86257857397315
26.500822563381753
26.187805857750398
27.11545218223044
27.68869451701236
27.652540060151296
27.811961983177834
27.126600386533344
28.004820242879383
26.730197474772805
28.03418307982583
28.258469425885803
27.746675286446912
29.17609768913523
29.060087404462948
27.221513763178358
26.713025289102482
27.258193508700703
27.005718882898368
26.564164524530515
26.90733516609312
28.548519863842284
26.2211641262296
27.251331908002935
28.758380049413972
27.624449193280842
29.765515096071418
27.45643152049507
27.121043058867553
27.74512755776883
27.459891876297224
28.090235494595948
28.765211688418653
27.261182886627928
26.719927008570835
29.72000461704753
27.629661003150282
26.93931218613602
26.966170728889015
27.770657504531847
27.327249421275145
27.135042599621205
26.816501854301098
27.439548494950166
27.125401552779103
28.12011877595327
27.531137268860395
29.60058898221092
26.65520410473921
27.77526258055941
27.814246483751653
28.86264473404794
27.458802076224
26.5633514834544
27.63133645991789
28.226180197243796
27.562085867005916
27.08169601037229
26.63648302602141
26.43411387907045
26.25552410846644
29.149644611758333
29.500610783151995
28.88000757821423
26.833966530778692
27.773858143464807
26.575575154078066
26.336881858887264
29.774713986843903
26.190902977453245
27.548356209132006
27.810860813857584
27.43453409689611
26.197759413834966
27.672925305271008
28.069884210011853
28.768937791570593
27.816891574821717
27.565272505954486
27.66716222274758
27.70667533082957
28.185577183504513
27.39880413146233
28.19366498693831
27.64288112159053
27.598032465628123
27.80159920727394
28.516779888425933
26.901611603714137
29.042454893101986
29.804229550915988
27.192765465291725
27.606809039905922
28.565774494141554
27.12869887916329
27.907344896335985
28.852720817219033
29.218500567209936
28.5506339866097
27.353248909869585
26.875744252798338
29.501261258202913
29.152320408804023
28.92894490616589
27.58029882695823
27.161114527849122
28.522441594219305
27.889369917915264
27.888672920851533
26.851261347188792
27.80858024659665
27.388184213481797
27.252744667885697
28.377403556220198
27.304724993103537
27.456698476778463
26.563085430338933
27.406578190087718
27.719600626721718
27.07064624127082
27.72580349997976
27.929724504656157
27.784224915123552
27.67297748805106
26.874778936177318
27.790785251814548
26.594570418797147
27.24846693241122
27.582864449768103
26.923745159772572
27.792730029005586
27.49545334899601
27.949039373114363
27.483521562256556
29.62973194351758
28.119663995702897
26.267895770838894
27.96811018608768
27.306802555985623
27.70147718438467
27.334549041585404
27.803786683328763
27.738960923643553
29.052985981496168
26.723034543265225
27.10005626283412
27.27522434856146
26.652156968967184
29.49043028965263
28.237864029972453
26.761371996946604
27.91180555267145
27.51654930583706
29.14414565226866
28.386589299951517
28.93392710776851
28.30642971700492
28.091945407705673
27.32341794082942
27.440272255053994
26.10478288804485
27.47171897449712
27.670075884817056
27.415461474826625
27.41181534150505
27.177892156734778
27.141154988374144
27.031434963101425
26.302422346581377
27.770263498756456
26.80203077757977
26.846463028021244
27.45030624892209
27.22679303328449
27.12819250757854
27.047440015505792
29.082885521007167
29.06956022083888
27.814540987814105
27.062510817570303
27.626697612450453
26.794647149950904
27.307224656717764
27.764018160112276
28.940809589839976
26.899085743001837
27.044084336640484
28.05847494126663
27.70055191327328
27.629782639512246
27.990170111967707
27.84694195635973
29.00412801000068
27.706217074483522
28.20996049242195
29.595611654824886
26.594449456963524
29.843728207872054
28.003074145220502
29.07397644900128
27.672279185307918
27.397732070191324
27.985576366788408
26.857339984780918
27.798625454406604
29.713860887858715
27.726588954310305
28.141382264605078
28.14584231853961
27.884617890104252
27.66603969917644
27.305843936719633
26.868672884795004
26.842139858400234
26.377696013098713
26.37662288465413
27.818510731421366
26.633720799925218
26.508930530357276
28.413063784211126
27.179292668087182
26.340962601920236
27.5767155657926
26.334170941040167
26.966000445668254
27.43684358753856
28.132618739283295
26.574176473506718
27.391945830839045
28.650612492970364
26.570165407737576
28.510636248650773
27.177817127831773
26.768016443609277
28.960973130419717
26.935891024209777
26.24156981280345
27.79664551487188
27.781855246386897
27.862381401750135
26.917327365718954
28.62501688568581
27.584282075670178
26.705243875420543
27.20934203436736
27.449753310441057
27.300305737997824
26.977949637316357
26.98768459587549
26.430387291607467
27.4229231111818
28.105166419644842
29.16999856653816
28.679063027047853
27.583392536552648
27.8098230088063
26.87578148010097
27.97752595696968
29.377263795941335
29.76445456703622
27.53804047379625
28.24814633751138
27.052405248664613
27.696058614106544
27.50762611322909
27.837819968905727
27.29124309401087
26.19179081884081
26.9627045510432
27.49281124393688
26.970279314536455
27.282913136267066
27.084994424259715
26.962814441430307
27.556080966226343
26.41989966199865
28.00721816794351
26.76906728685976
27.432970946953027
27.65322836874803
28.24012710110128
27.424249484437713
27.922314343952387
27.5037004781571
26.929862847816704
27.35455056822017
27.259966390430243
28.92206250090564
26.792447605788244
27.351778987143202
27.770546496191976
27.595280659984123
28.026615327168386
27.020985103595226
27.03038452435951
27.9718577540044
27.506290103814298
29.478294369899054
27.626135029781583
27.89670802069347
29.230856199828665
29.58222374169587
25.944463221099696
27.46181949629361
28.924462027407294
28.057894935221608
27.982496393559483
27.783378805985905
27.71827674527971
26.646661873921154
27.600017414515733
27.232838780104437
27.75896538760904
27.303944040472214
27.8343481028009
27.687092220697927
27.63576858044862
26.364490877704114
27.99830315019473
27.173026742353876
27.733735201810156
26.79935195103926
29.80018169923366
28.279481975680643
26.681010856035986
26.96105146673387
27.93316648004708
29.848040249753183
27.76298204983219
28.23583771048239
28.343925797672508
27.3138054118932
26.34759568006972
27.32587525961841
27.91908575857685
27.539796041609492
27.121830148925866
27.877737766575958
26.850803336904345
28.25993762440139
27.31526692968074
27.928101621164384
28.279805666513788
28.01497089715103
29.430812366886013
27.633615043299876
26.27203916495451
27.283982577973596
27.609677776046144
26.366124648798447
27.52364858989787
27.522259831894228
27.829763141495615
27.63342297341256
27.158093898885202
27.257735496361054
28.20195143961983
27.56395906808322
27.70599863093632
28.050876813665596
27.021299732585156
26.609180841335363
28.47067314727499
28.155320965269723
29.103917296591586
28.714572118928835
27.633805939635206
27.037539426911966
29.755269652192464
27.982715106914593
27.909617476332407
27.778072817999146
26.607182411791015
26.978423796683998
26.85574331487283
28.016180567502495
26.577113296406534
29.93401701131092
27.08401947826729
27.58521300035966
27.754342306720503
27.52491732514064
26.782111625174178
27.69642525818451
27.65416261274359
27.208324305014244
27.302180223433986
27.334920330987
27.490896986878308
26.242230835985666
27.870410088256403
27.92926234334964
27.336461824853426
27.246052201788768
27.734366033336748
27.59972390974302
25.95603846774894
27.08036095620904
27.37966195253981
27.22798950547299
27.08581564233085
26.71500223991868
28.273424083316684
27.238334451554532
27.61614165007913
27.04781130740692
27.00313738249418
28.852767768743664
29.859589932817915
26.770396943719433
27.55070588142835
27.453855001933384
28.160675383765643
26.398759469446535
29.884454653178956
27.55146145507477
27.762394533205036
26.55320405685067
27.83078067588597
29.039702541154107
27.647137407519455
26.99916408414381
27.927229544142524
27.880651408522546
28.371919284363166
26.43876505679359
27.76367712679378
28.16515396949932
27.976667883670537
27.167914586192076
27.958741217926036
27.836531395076765
26.750574281829383
26.81213795461685
27.174621089448596
27.996604324951925
28.25045394276322
27.464960668671804
26.666782984841955
28.723533966047512
28.35466600090475
28.283503763045143
28.156624702753255
26.531438663885147
27.812793355485802
28.00764908481687
27.70973441622633
27.780080371136382
26.990104549710423
27.681728905970743
26.962837736523937
29.26831969062019
27.75770972586998
27.778367017751602
26.863861240560446
29.26608914109898
26.705668651109157
27.05739479724897
29.86929851013348
28.09788148106425
27.95583519880002
27.148787440051798
27.834968958690826
27.296503686137317
27.157522915302824
29.847409011741476
27.46676598819667
27.661991497023646
27.672679905518816
27.107255245021673
27.793728498287162
27.054310180366105
27.869065327386753
27.507765908534243
27.562280621348943
27.631760298768274
27.721529158770956
27.25142716012087
27.26756707552843
26.17534774941141
26.758766924985117
27.87317923558396
27.92375657046514
27.808934977555264
28.562726209927877
26.266628544530498
28.034834145534344
27.220518702972182
28.054496614036335
26.166656003576673
28.76061993399349
28.792261507924902
26.76582840645396
28.03333544715146
29.260443422992477
27.0564063637761
27.60324404901134
27.941021455807963
29.857980437884173
28.372164820968564
27.57068430056322
29.870740076066546
28.146896106381345
29.02238026135871
28.078748806841286
27.339101596405452
27.54929424456894
27.176897463946148
26.293425474037022
26.962743544088088
26.610753349140666
27.895223590030973
29.0877283233983
29.544838473222825
27.10660741307611
26.414602615371933
27.760603250354688
27.61575935542473
26.18657025389981
28.14821328501712
28.17256242937227
27.007835231678218
26.788734871962042
26.277094128402304
28.323368057327016
27.99163248602103
28.850689085033054
28.31849262590631
28.5211911369558
28.395750842613566
27.375134916642658
27.97471154767748
29.174435166098554
28.276529068133893
28.00709933516126
27.578566202974933
26.873130205132608
26.817665877368565
29.852460009064227
29.866517121257086
27.528393477582668
28.63697204460459
27.787653864330768
27.084533485015097
27.775883595832425
27.317983699475782
26.971471090317245
28.173499916409824
29.88055989646605
27.60944562145048
27.664660315594496
28.073821397478923
28.344540419576834
26.656676796413038
27.970882315130524
26.88210830214787
27.864185565424386
26.575746083351987
26.295526914046768
28.306699871541948
27.83318307694924
27.227697488488477
29.286488201926684
28.400305202632147
27.545842739959618
27.85760310284358
27.690599490307964
25.914123088746273
26.468324298446824
29.855595161750998
26.437762443259842
29.416983799310636
28.392959628311882
29.82836501345806
27.797585965663135
26.888152146691606
26.87413782644279
28.099913518357425
27.899788051028985
28.074381621256638
25.8268094846457
27.925678388144824
29.852526009700675
28.371525263903017
27.485874109238114
27.992614843869607
28.03177799700819
28.367576527000825
28.07273287968699
27.39032500796486
26.690795723901875
27.352361412556444
29.809456829158975
27.79742332828726
27.015835204466566
29.982177005246218
26.697726972625524
27.282010190584863
26.299197754849807
27.37387021810568
27.653568853214225
27.99446848205178
27.34720012857168
27.797270209229964
26.90910997775346
27.741148570574378
28.56909174118365
28.063512193867005
27.225972432106417
25.6053853111782
26.7896340473933
27.710154246619247
26.661738527074814
28.456752844194824
27.712193527477623
27.07843312442909
28.07799030434758
28.37553648607297
26.779352813699166
27.65697635521078
27.645885509137845
26.908965925418336
26.35434411312751
26.608841948974025
27.21566249184625
28.39284278005764
27.87768181426428
28.080092306607057
28.334739117022625
28.1612395841528
29.848357625424455
26.92114018834284
27.13489164536648
29.357368678199197
29.73441909155493
26.06765502336258
27.762752817568217
27.332734152572485
27.345230349523682
28.128935581998274
27.777748091048707
28.519459436802595
26.66636483332604
26.68270454880356
27.30068150091883
27.18591921834955
27.455131300703254
27.99401446979132
27.124561777564697
27.963257874049663
28.366857879063797
26.976000181904897
26.30639550310625
26.66779494566577
28.036108689066644
27.621605164224786
27.820458094983
25.988260521629805
27.961641534489033
29.784245613235218
27.451386834995198
27.56538886149925
27.71122385471257
28.10922409608731
27.508539600467046
27.560801579089386
27.64622690018174
27.551991246843322
27.589374212122866
27.430378696188463
27.858481848038632
26.251460488192553
27.54754265572116
28.190765805778565
27.931876527346727
26.563681763034538
29.866226579515704
27.905816870180136
26.283932180059967
28.47440477779631
29.019662147789422
26.607209941121482
27.40402798693427
27.56723176719105
27.744136561202467
28.043890800548855
27.102605561987588
27.904321775250793
27.61402253107645
27.151873007942367
27.942690423452223
29.88993743130801
27.738283109980394
27.647040182789095
27.62104088364417
27.57363768213991
27.389038840468757
27.530863388891802
27.308654896443205
29.031872216320135
28.00232456195904
27.590672830426055
27.515935813510257
28.767900161359307
26.8403134263726
27.213557243618343
27.459369226402178
27.2294854247727
27.5782400088474
27.041713542045947
26.662351869818718
27.55117730221081
27.383676745119445
27.337368159685504
27.27093855934829
26.431980615853803
27.38955057999679
27.26625375311492
27.243519151207824
29.819622814786
26.271462557342588
27.392432475216847
26.598361487806272
27.95768148000395
27.488995291832214
27.747175444442743
28.087328743105175
27.632780930664
27.612286106987863
28.61599981512293
29.784903621476683
28.02574297291109
26.784982532717716
26.866719353354977
26.41305045622432
26.683954355503424
28.40928130794478
29.467512343321538
29.85861124146823
27.555915515490174
27.77555384215203
27.029451585662898
28.19483367531226
26.997602735682726
27.847244273167004
29.918807747366834
28.424006328636768
27.605516157671342
27.886160711006873
28.287550232767007
28.05456400744154
26.461868526793513
28.10576628061367
27.74387922404255
26.578349301225277
29.06925094042155
27.759525671586008
26.995396973111177
27.707455229021924
26.867978173138578
29.884634274150464
28.21467938359477
26.727869125457275
27.65010054499229
27.098402841841843
28.2405008828645
27.329195356705934
27.636929438770526
28.13991076407279
27.04336408897568
27.752886605396192
27.46502092864927
28.12859942913345
27.899819782907983
27.0586019226828
26.737414550101953
27.791066832031785
26.936329910031652
27.018356045447142
27.720539009709665
27.85621315661426
27.896177472300806
27.73838270169575
27.02873273213805
27.0011392945141
28.119454469083845
27.929042509749962
28.05587627104204
28.359785159969675
27.954943216899775
28.303347074198037
29.089260056741743
27.25558646465336
28.622888516422258
26.886495843898146
26.316961838583804
27.34767984778838
27.743718282403275
28.255893258170815
28.137265575357812
29.715745714650843
26.465843091936687
27.38345887290937
28.27539128650749
29.596919189500728
27.00329634917098
27.01845247769608
28.309107852940908
27.164549962534316
27.766458852304204
27.954437640300917
26.62662558775286
28.102921546980298
26.403129841363334
26.628896520404858
27.357263748761028
29.745261671397124
29.93201749904997
27.396782551290695
27.632634098511872
28.153217547574734
28.172709630217447
26.485852789505078
28.830629791508567
27.82135002857623
27.981059179668097
28.14249311112938
27.590332852722337
26.935308763657694
29.925691860185726
27.94894658845585
29.564753052973213
27.16694499943588
28.102102524913384
27.49492354005019
27.986688769127557
26.576207950294783
26.83611588969275
27.96324065882437
27.730548877099057
26.467880992771224
27.87219261607577
27.23410430083832
27.973004989472336
26.572095959205768
27.31162297441872
26.771550611573858
27.054818096398044
27.88228012226918
26.87035264335278
27.38101950636106
28.372395308758797
28.22371010126056
26.734611903259598
27.830952298161492
26.87133284394951
29.917725121081716
27.948266016388473
26.46563623815537
27.57016998763941
28.07966167344003
28.204211707786307
27.455051042473404
29.923260102513947
29.759443608031216
27.662599795741073
28.74544206404738
27.222861744067625
27.705031241393343
27.03046476438955
27.04289723005168
26.80325389828716
27.284178339126566
29.500800646387432
26.519879841793564
27.060256571235456
27.67250756744438
29.867447183165154
28.199447618190295
27.746271319735246
27.94796675094916
27.49620337816093
26.219442723126793
27.866695381124206
28.385982403013276
26.99809742531064
27.871727796144324
26.329076716239037
28.05374656672707
29.87482505049337
27.077474209009335
28.042509101108077
27.96725652370306
27.84764780888417
27.768080037384912
28.900646475300167
28.14212069341806
27.100766894227185
27.428813376373586
26.57001366538354
27.090762643398932
28.05509798249933
27.98402505576668
27.955320608217274
27.548572081328942
27.54146929090711
27.411930746113118
27.711052988496444
27.65964476819393
28.264750118433643
27.21467816261373
28.350832243261056
26.793480025436857
27.029518437888996
28.88751139945987
27.99090604999665
27.558094164800455
27.32107502706938
26.70581757107397
29.577595186484473
27.556757928574687
27.51398172933448
28.016152169137733
27.08234820512626
29.94130784608297
27.00941357263765
27.416654857778
27.897619208276538
27.4374948712995
29.703757856671622
27.77522136587393
27.471672286264372
27.917781367404174
27.874415948703042
28.02582382893347
27.538753370797927
27.97561399358243
27.10487954863677
27.676098561884313
27.37615657645287
29.927175821093083
27.556882475593472
27.298395132134484
27.42955141978168
27.46598690788166
29.563862096197735
29.894582079336665
27.856831235788395
27.92389273178715
30.12213597050119
27.061305972509114
27.021297679467285
29.00087472644645
28.45896568997231
26.31658521096206
29.077066610052952
29.581088118710188
27.132148511537537
28.828399815854095
27.12904008853299
28.008268159821164
27.753649937168195
27.631905033703394
28.14631846995685
27.62060159114165
27.11273728375522
29.079213265639194
27.667688151896723
28.829111104311373
29.89437021822923
27.587315766095738
26.989999062563594
28.20551065604193
26.916181415842203
28.707954334194625
27.286898368985472
29.885431245740996
28.41509103717015
26.05848710444913
27.112510572790814
27.316437487011257
28.38822697429688
27.644724624775172
28.3361596858172
28.5011030915356
26.303178402345573
27.136620688645333
27.009051179041258
26.87611951861314
27.890900319155005
27.493718758707153
27.95346578768224
28.94201158183931
28.142908755044516
26.402057976851456
27.823146175322474
28.206418195510604
27.55478481393996
27.034106959034954
28.221629471254417
27.166295632719763
27.759859686325616
27.378775729518456
29.964333963525537
27.48049587769867
28.401424350374665
27.12554376553585
27.19539195832367
28.310966953204098
27.318889209135737
28.20603823298875
27.700198123454374
26.94633968028916
28.080425708224787
28.06561960199317
28.861110891964024
29.873151503083808
29.79220464658373
26.78678681065335
27.645262658169713
28.09288437327538
28.43678399164044
26.57067526387047
26.87908207987903
27.073400399693238
28.07792680173262
27.189142791221016
28.107973731236363
28.490469428850535
27.58068239149797
27.473919299559057
29.659907577011857
28.184475055573355
26.862807996292602
27.417464779904375
30.057911413140015
25.864107322939493
28.72219502091826
28.333847070638775
26.874058438633867
27.972868557682542
28.113922526601478
27.33812864436093
27.467397316359936
27.877389873672055
27.530802785542352
26.917312832760647
28.167224084244836
27.115323936862115
28.08951042943878
27.47967839433514
26.425328912490507
27.130207295656813
27.109776034362966
28.08714340441933
27.941807164325436
28.34853375142367
26.241011817687554
29.6784739160689
28.12625602414627
26.74530300202646
27.613670719710385
26.583038843625815
26.781512705868266
27.867330233980933
27.619203870071367
29.95907098056751
28.44288378140053
27.037454419331283
27.904583135956084
27.589235567556177
28.93280905140829
27.446270453635496
28.069303005024086
27.88729179312526
29.75538572856716
28.27194070833281
27.267130343604006
27.060748349392046
27.75341178026599
29.79130124205774
27.729613162661078
28.18521413817765
27.27977911462967
28.381752996791374
27.938256904767474
27.61172332987243
29.302574411565303
28.383869292375664
29.007730402073122
28.15886549929122
30.287754675282102
28.240954901073625
27.97699120036786
28.203346744219903
28.405963839300036
26.94400650723349
26.776938774185084
28.437533506944693
28.069232442428486
27.560356134113995
28.459278022806647
27.469537689818583
26.17305284987194
27.597863650519184
26.73755735038364
27.766410104231003
27.63093008603824
28.393167288088055
28.471660767402472
26.741080763304367
27.872692454466193
27.741565087261097
26.82724209065296
26.073928640777613
26.747491804104378
26.958811061062555
26.605093957721348
26.811984365733167
27.264611572684718
28.04912088352523
29.17892480705552
29.96861066482729
28.17367626153076
26.999862226278232
27.473534511077165
29.605921489501508
28.427325906582293
28.400177932825937
27.099745022516522
27.749625807246137
28.136663338822547
28.098018937578612
27.580620505125065
27.27127210026631
27.88023290959123
28.140880417269944
29.17220429761026
27.87996143857626
27.635370660193914
27.777012581119763
28.10456960562259
27.7967946233372
28.456838207550227
28.010503942112315
29.97845021104148
26.09473845064625
27.778171187868846
27.88736572622298
29.933748516385148
26.70905688898235
28.10645353784581
28.384280240840486
28.490480227333855
27.212621935014063
27.446890034233853
27.74374404478828
27.72227644263672
27.424482366547107
27.97800000082931
26.875552661328094
27.82976499640065
28.092075123287003
27.229733672853705
29.994096091977124
26.967407509751805
26.546753488369056
27.758672803317555
26.218847454853623
27.50849280182529
26.314783261975002
26.356501670656577
27.625929721484265
27.941383682445835
28.09925854461919
28.23759846309828
30.07474658316515
28.03052835930766
28.103487512995258
28.43537064682581
28.57542770769799
27.89950498779315
28.96165230629895
27.126859125654168
28.370473666991767
28.261887457484043
26.465283525500595
26.748783054521283
26.738218043104144
27.782025863377925
26.58514828402639
26.804923677314573
28.423369724936315
28.048436461477795
27.452618192197168
28.276260098569786
29.18794128295977
28.109871341670118
27.543434048436172
27.890200255106105
26.71754816015168
27.280412167105407
28.136517022885933
27.518837219947656
27.403325934660987
27.00335871067825
30.028686265168574
28.498364883711055
26.882278310186294
27.75555475095119
29.152221058444397
27.800708556582343
26.926150325237824
26.799509483339257
27.634864000245575
27.34059043615588
27.634860157659677
27.88756027653176
27.364498491908577
28.879217834418295
27.66788055185667
27.9033934586045
30.014923470136743
27.70560594093791
26.982130426766712
28.0748797676573
27.728767053995238
27.463072851426066
27.626812380004267
28.194285939560732
29.47217795955527
29.301386820608737
27.71643127772389
28.009280708351373
27.394533973859296
26.718917670024137
27.803948329908163
30.075233392183307
27.351317090427614
27.970105378644174
28.489542659076577
29.355608072103703
26.893845525791242
28.18167821487407
27.41430831404348
27.926905800873353
26.85228167951634
28.1235923425137
28.14028697709224
28.117106743770083
29.19736407103581
27.96182573686431
27.201953778220876
29.946748655323233
26.40032032018849
26.544445529490535
27.81047884074975
27.125535090687187
27.478639505475172
26.638424491643995
27.24667170681245
28.18843898926308
30.0314051606181
28.120371305318297
26.893290803011883
28.104224795167468
27.35901319077769
30.01780516034192
27.59469284578636
27.058727209634398
27.252635040758673
26.66945840433222
27.545085826836118
27.84593397189168
28.1626482363124
28.178931083575613
28.05347151673473
27.604584687101724
27.22894832049515
29.979413179711173
27.448004312937016
27.40791809530441
27.306707726010412
29.14473775168621
26.165838618772895
28.19725240653805
27.318933458907356
27.29538468588053
26.739649888901322
27.251600080525982
28.283056942593234
26.60910241761077
27.807961613448022
27.43026618410579
27.98567153959328
28.391457030576554
27.80071316292636
28.104588378324276
27.45668429165347
29.604070228953965
27.819976878637128
28.111820585183754
27.223687941932013
28.95024678082816
27.52630030274513
26.766986670221186
26.930334801624436
27.676422938578266
27.626047713572458
27.269693240109593
27.052199499855927
26.70751523769499
27.95138538637266
27.679712238999702
27.335020744569427
27.59692034103798
28.093624785180623
27.67997774863393
29.811152842232477
27.588095866369716
27.813513082921236
26.744354205457597
28.25185026981275
27.478936061083537
28.02176154446491
28.05116796534419
27.45943650588692
28.456818920285542
26.519731218139814
28.455964294715063
27.45823783813542
27.468415597489127
28.25185061051819
28.037989421091897
27.66504366525773
27.82713677251758
28.06208020987652
28.502236971827354
27.120389228654435
28.0179752044359
27.93991307772434
28.008141889701044
28.009884226101768
27.830494035424874
28.311087490702295
27.593065715433987
27.270377822532765
27.827544932973968
28.839535417076874
27.30684750502092
28.396383410395753
27.496941224067584
27.114703482081705
29.702839352373758
27.30010979586857
27.358922761633277
27.63789922692075
26.050654289971558
29.38672107850951
28.180985989858222
26.939655709902755
26.803076705036702
27.827024620079587
27.62925862363683
28.21324396317665
26.772486465672273
26.926181961209902
27.818845613314814
27.037961913512014
27.84600099808021
29.986461670791776
27.89508267553279
27.708943284581007
27.277899024322526
27.043782499117913
26.568564977915162
26.489908870734826
28.531072273309448
27.199794461319218
30.073946758824444
29.99218826271306
29.97258016445457
28.549982928550058
28.133618926308998
27.40400920801104
26.474474691078587
27.997374128236775
27.797388960413755
29.11998334074299
28.423026649835148
29.82397752413993
27.954398507499146
29.714618537623885
27.723591588469905
28.16956028636207
28.39147251136863
28.023027408443614
28.388075800117978
26.94648195057683
27.269484000639586
30.09742288797452
28.19158928963468
30.05172007648561
27.452399951542148
26.69683233414905
28.0613895035004
29.710573703802133
28.467110479617013
27.732696616070022
28.342708295710157
27.699335225235455
29.98133011775884
28.21769294537947
27.18994498971196
29.284628166631215
27.535646794059335
27.51155070299094
29.84410622552862
28.10861024162487
26.350636939142728
30.045451046390617
28.01181198463198
30.04543971818187
27.003187474259626
27.843452558957825
27.366983896128932
27.381670279119177
27.418033586763656
32.77465509727261
27.172461232670056
27.924792261969902
28.33468806855404
28.440831061400946
28.267373261522494
28.206064192103046
27.480540949296284
27.627270890415968
28.241986813580272
28.148168374622035
28.128651423491334
26.827961244504557
27.20986894636374
27.707790372807995
27.350102215394635
29.186171978203078
28.443925996196526
27.797995040931273
28.286626268600912
28.44063249699493
27.162841318019517
27.925198328020134
29.99953775315764
27.931857853544503
28.17050849452301
27.239205424255893
27.80211740432485
27.928977668870882
26.581234217372664
27.788537554291334
27.464224256966716
27.502662708984644
26.98948695123632
26.935960981248947
27.186055163249463
28.212435945768235
27.08074548049989
27.366146100982977
27.81188408866798
30.05674244375248
26.452904808386936
26.996271590816743
27.14111963649094
27.839832407582218
27.427175075106675
28.152640401848558
28.45575575303231
28.12209378853623
27.056099529404467
29.201238122059515
27.304659794210753
27.48914563607936
26.814594158065482
27.302584351125635
26.875977052772487
28.129054814881172
28.23130296940244
27.33407932046296
27.801947224912244
27.485652763038285
28.450541539607624
28.07733502819423
26.36955880685987
27.964681554288227
28.135936120945626
29.176752758908886
26.973882024083924
27.66860317024084
27.77595962592728
28.348650110344305
30.00388906043517
26.313436869566875
26.875620660441932
28.156349725547766
29.97905007640015
29.2391955432388
28.161839565389265
26.699307093253115
27.673706323379463
27.07287524293684
29.06294880467396
28.308268687076495
28.127038894621414
26.824004183048174
27.69536528273517
26.631497080624783
28.210823061828545
28.065024607559323
29.289995170878818
27.242856613867147
28.080901291956504
27.9946711011427
27.119553834654017
27.687106281231678
27.11804150299833
27.63955153009363
29.263551788440203
28.142099432353593
27.927304792616695
26.894854974068913
28.40125684772027
29.917427133684708
27.336384833747093
28.397031923235396
28.07840505817932
27.29675743555623
26.752666830745113
28.368613422936292
27.643859052337323
26.63458046132466
26.444109201014683
27.139805489327486
27.746899728635306
27.506329130699797
28.252407699663355
28.65225756468334
27.812036800168702
27.182493212849263
27.83642952703254
28.189590150860393
28.139456894654003
27.314439874795564
27.35058779240103
27.81298397771314
27.769424678281506
28.411505437571783
27.477416997715117
27.794173392268906
28.506722344496666
28.35299420036727
28.040020553439277
29.12520430736677
30.043578688744343
29.207609297099292
27.07914438744988
28.36528139877965
27.216423701977394
27.09180353153767
27.91577222309247
26.796240518180447
27.82190021247823
26.35835450287327
29.16412783272227
26.939041214417642
26.96507616752414
26.60552350851238
27.947079559648653
28.31094070479421
29.815041977746233
27.639769320066573
26.92906883467538
27.58787451183548
27.439083102640033
27.848881929600566
27.77431535219251
29.51475239430537
28.027164964746525
26.820370239813847
26.916660904207294
28.258579642990902
27.431095288902167
29.941323430382322
27.949778861434023
27.90201110001361
28.19467227270019
27.685878698914948
26.435090984647953
28.561664243093404
28.30263725198396
28.39067708118742
28.109689325012482
28.421428234663754
28.118205120354375
28.109589087212004
28.920113712332654
27.86085198576367
26.53436736609346
29.80523601346354
26.672544233384937
27.23127840707752
26.439537146169084
27.708697043821363
27.533761215779027
29.756177153505543
27.919143193607837
27.97405089587758
26.594306633289822
27.708381070332308
28.141916059992717
29.990895485298513
28.34173704420646
27.14382435896721
27.989707888592207
28.356871752985082
26.93010057745619
26.978783135208406
27.951416861633017
27.844901402827368
28.107149801440087
27.197393538966057
27.442420506448112
28.946796090756227
27.662567073348338
27.357441766929277
29.349890478176214
28.479738938506696
27.199162356157366
26.48589317276038
28.93763569414638
28.215977074176276
26.809526704314695
25.9681448384563
28.121008974260906
27.713792772054745
27.51668190980211
26.906894701075924
27.81758546920304
25.953962528650187
27.33767261360899
27.93780714601674
27.265359150656106
27.31474245097502
29.680188645031716
28.07212971830975
26.786592781988556
27.62159426098108
27.864199587935584
29.187793355499714
27.22983168359538
27.851819460708587
27.876541044425256
28.091220057042005
27.587886207961834
28.222280153248892
27.694708323754465
26.735897406779323
28.22544122208273
27.13120582769963
27.226815904718585
27.8452051288776
27.614893357360643
28.325888575582965
28.156064100995053
27.98002150535102
26.95590738956797
27.922711334883317
28.37637893496862
27.59351394262371
28.16442430304818
28.02741926440773
28.324345255789616
30.029458814550527
28.257205029748604
26.927918275774847
27.855802604074388
27.69601904357918
28.454921686425465
28.953350623373062
27.923101097161673
28.22437192887962
27.33311852252628
27.536349762714252
28.207753891030112
27.951280470485617
27.893830651732394
29.27579103070402
27.24881200355646
28.070286753939776
27.139112174492496
26.868310154146204
27.198912908499224
27.111009599238514
26.913746712557757
27.706805754917372
27.34635922620494
26.893130330390093
27.368512072766
27.92179960465462
27.78219159454305
27.97400263739654
26.987333177878426
28.249673707642565
27.518215635102102
26.99407772563011
28.409891823056828
28.09657684733475
27.782468948482144
28.1438162662048
27.78540656242126
27.03014998507935
27.69339140831759
27.78294082725221
27.577501640193486
26.570247295295815
28.332068039104204
29.09058278867657
28.473938596822244
28.25922905938386
26.30382058759576
29.272035224369265
28.063735025626112
28.98019994339731
27.83994241225112
29.169982992729796
27.675332329351217
27.512573355796373
27.59078226092538
28.13780317933894
27.809127276612095
27.89584410759366
27.20286244053369
27.245265784754757
28.419976670554618
28.205355260610933
27.82144228674461
28.516633225716767
27.898847510320618
26.794934107977742
31.489700314069935
28.73219162508172
28.18030828610824
28.429047866353926
26.42064113859097
28.10951028346036
27.138391550294035
30.02130883009837
28.19159096968791
27.51402829968858
26.43560810101197
26.208556887213966
27.9451098361258
27.375008235323133
27.535465652881516
27.3814901497353
27.9832483269181
27.36362813106047
28.184571333835013
26.555186094862545
28.585450820394005
28.257640669203727
28.790166068262245
29.378858748944193
27.836796139314036
28.035544304090184
27.916470429407994
27.795731033576782
27.740263870217607
27.231409314622876
28.191673629109353
27.22256146963305
27.295947567390915
27.355150548505677
27.521390391832384
27.823175500031613
26.206026551819395
27.090144383712754
27.47597426551075
28.235371668511604
26.91802300004444
27.69600105709502
29.916301365854697
27.74183652617843
27.516466754003492
26.873376259466816
28.524962818768504
28.263091048251784
26.748346810897687
27.10653648461948
29.244542200996037
28.45773551721331
28.16627225007987
28.127619932018952
27.908215192688797
26.549135877781296
29.096541935250027
27.816646534215515
26.847172058100476
27.09871058966247
28.30715085659458
28.25039433888936
28.204897870755364
26.4134846300259
27.984017047544054
27.848869198514993
28.259562507421638
27.333903360510128
26.724807988850227
27.478406267309932
28.518160571297948
27.20265077693852
27.632501451600326
26.48505110080312
27.679068393281433
28.313866997814145
28.263460321023715
27.709387695792863
26.314988724928263
26.74435083446878
26.85659272355879
28.283323931160464
26.674258793637033
26.947340211700364
27.23797969087021
28.27850042101649
28.089076564227085
26.801802395758756
27.50540204999903
26.468233012640756
28.691957932684648
28.149103937444146
30.05275823032236
27.743058817374884
28.294198606685764
29.629958420413477
27.540604674173107
27.191869322730685
27.242441262873964
30.04613182299497
27.584618658176343
28.059633881970665
27.202356445217177
28.567437930326882
27.780247861950773
28.371013616017308
27.497419158565673
27.21226417305584
30.05502467105915
28.467343197664547
27.314479686246376
28.200690593853924
28.48974635151436
27.33327046005984
28.240346609038006
28.184945061316842
27.506665752145075
27.423894412536587
27.451915043057525
26.770803430100134
27.059873079891993
27.89836946450062
26.979928439238712
27.857486738447907
27.604681259545053
27.16528475641122
28.342094976596048
27.195204966804315
28.449137616265478
26.8158286556408
30.104543028267553
28.371664655499494
27.964961243527256
27.859323419450515
26.84943600952209
28.86198635458654
26.750259859542222
28.071947315268677
27.278356717590356
27.548815203938826
28.129776906165876
27.71777327600162
27.905835746959752
27.976742714474543
27.732729266512695
28.61715668562252
27.525612506020288
29.2318880291975
28.125174471670793
27.498364300725537
27.903689668172806
26.812645227836217
26.523173732497447
28.233118197411372
27.675164062740265
27.720650556024356
28.875643736844854
29.361670599035662
29.1545859622154
28.228397877469988
26.362147652622067
30.12231835838505
28.27491721316091
29.674201162488377
27.437990601546662
28.20167458795275
26.55710123392197
29.895813664505184
28.22373210413858
27.039991967980935
27.93351602032116
29.31862764874327
27.45831276291622
27.189634176903386
27.546688414843874
28.1524748987314
26.70545816717617
27.524868620535585
28.881097156448043
28.18598019264861
29.08649275535893
28.216741477473597
28.288270992588036
28.293496813798765
28.764152712906938
28.278280690129325
27.72455346557731
27.683473894741304
30.0746848934792
27.97038350146344
26.89724219327676
26.70388010131113
27.205393837299656
27.499880681135014
27.99210518390073
28.567556640725385
27.69750378491441
27.245825990959553
28.24005642598438
27.857382199831346
28.22860662673809
28.19181475858693
28.31030457474128
28.095763622295202
28.17940082475407
28.208338070795
27.454481053195735
28.24129068758625
28.007750217990832
26.54732595262094
28.037449762240122
28.320760038430617
27.86221850001579
26.80912635363118
29.35416786736416
28.16603808207342
27.479183586461104
27.120403144497182
27.807050589721726
27.70933657716838
28.870161015526886
29.54637913122263
27.345328789608466
27.877034507807977
27.475821811936772
28.239163232405275
27.858169101412503
28.463561463901463
32.37670785981772
28.108252254857142
27.742128584317392
27.644330030316983
27.2902521348591
27.4464179108975
28.37054929783169
26.71392613911496
30.002475528978717
27.857578834075934
29.97380013638325
27.22425559035252
28.18789575234309
28.436117074451325
26.4400202207205
28.166658771827098
28.499450437342887
26.25961263931734
27.424714134659848
27.078387357927497
27.925940089086115
29.72486837628913
27.68816244718857
30.10191959979197
28.47975617345627
27.830577520985152
28.115506088963702
27.585287810252044
28.540891458479834
27.396517293985216
29.807529436732096
28.25521740367521
28.163192997602835
30.051540629443803
28.508940561596283
27.413165289928735
27.667168774134584
28.02022374311084
27.452842963192733
29.393168404955617
27.84477576138729
27.582024550205336
27.60096843586071
27.990127768848282
27.826079317927384
28.147600547685034
27.995832409683885
27.76501461801793
26.8530499253119
28.11759726259352
26.997360261346437
28.45875843344177
28.051395044670567
28.098100163927555
28.329813101063273
28.04845954473938
27.605298023579092
26.96728685742683
28.840015625340136
27.795033568102593
27.71730480973719
28.53668062146197
27.405012452550494
28.46870717612999
26.538490618807078
27.927227330971853
28.215897667754994
26.61598996276151
27.30041985920552
28.408464948762823
28.18645975849967
26.846071582568317
27.484204437705454
27.233289323577196
27.630290773874627
27.751823692730085
28.046703941502987
27.872030906789607
28.091253875589093
27.808676848687636
28.156374389459057
27.476241570862733
28.378069584462622
28.09656238282688
26.511001533708434
27.554831533712267
29.18430668538227
27.63854853519384
26.621730995086633
27.25971722159844
27.40094904825007
28.192744311577865
27.419742423559793
28.453575949235727
27.54060988044994
27.853039537786422
27.77713780449346
28.490438833293616
26.95383791964212
28.222603331085832
26.785369482572637
28.197905503185826
27.654641835879506
26.527654229887336
30.099323300982597
27.29361095184422
28.02993103063257
28.08567934283467
27.79257002548823
27.896281693260068
26.111932959380077
27.69096058352918
26.56457202623752
27.289929145784104
28.102267436149884
28.210521683014054
27.685800341650204
27.10866484238211
27.95555991548643
28.21588178664496
26.934909731283927
27.75796484305449
28.279203566001126
27.401093294114375
30.050001711461647
28.21962525254868
27.726249036191906
28.539643687489605
30.03510988666508
28.08749276623849
27.394009063131914
30.06514805400968
27.02166109644821
28.28903516985611
27.478254013455768
27.800707635314122
26.5233284237756
27.26689271253052
27.84140899417666
30.044563416317082
27.394735901009167
27.93554828034584
28.467835168858947
27.613683662098516
28.205941477656992
27.230658939291093
28.022575571908813
28.11826392849915
27.854928443085466
28.1886538854165
27.732869545281417
28.236473889279015
28.133127589214492
29.916083944325194
27.60696175638671
27.047056363341635
30.11037529706188
28.30426218863104
28.495127145980412
27.54260202860778
27.476114470530753
26.627914679195353
27.9563934569161
28.08391059888514
27.52971957118138
28.598937167539173
28.425086925365303
27.155962892126865
27.931722391755972
28.042268525765213
27.96899625766811
27.90138907216815
30.087386031508014
27.60831323757614
27.988858308569714
26.707720091048742
28.23396162759514
27.037161284739298
27.270516708910346
28.264574136750987
28.365892404982215
27.69921072521627
27.509684745226114
27.562746323112876
28.230943880216355
26.465302492673846
28.13146203195146
27.17762184591343
28.47058536172509
29.113261124103435
28.127209721480796
26.882610889013453
27.81163224957608
28.201281232968242
28.049937779190795
27.69209825340416
28.494049156736892
28.2819311726247
28.081460464235086
27.228866212662183
27.931205586873986
28.993757029111215
27.293838572411683
28.18175699807954
28.07590273325684
26.410304520466315
28.146649013579577
27.866216808322395
28.253045969740402
30.162867526190766
27.755667200274356
27.83833724017306
28.3556080455597
27.672742521391854
28.403095498977986
28.162418268755598
28.19982767781112
26.502814086379082
28.56057766094036
28.178651005311572
27.84365569675417
26.816343704438097
27.352498791037675
27.459602012177367
28.481473189025277
27.568366005515216
28.11728510784123
27.694848878245523
27.439427267741756
28.105832168252185
27.574563412638145
28.25007453550159
28.153945999648567
27.091079499744595
27.967446389237242
27.868414937025722
27.68670901389047
27.173948510879537
29.250620062848284
27.18238241504951
27.851789320503887
28.19227514138287
29.71857353432413
28.43721313376836
30.28827793709576
26.917356932922182
27.929050100940568
27.597484719666266
28.291843920478044
28.040149051830472
28.613527398533275
27.780810898499947
28.131605526465695
27.9906817906297
29.170530214084007
27.868433028102466
27.582636644542813
26.893504111203807
28.05064911087121
26.776896077079588
27.04768168729533
27.1228790361427
27.97786021328621
26.476894724921532
29.44524339725863
27.565250398753395
27.455518716410122
28.20126069057894
27.721176972701738
28.18544665816921
27.76369478679029
27.107403671037122
28.585900427112435
28.332954513188973
28.401211006014517
26.73099483260958
27.041491797604344
27.19958374937606
27.943998509931234
27.595671408607814
28.834994204338575
27.922890734893482
28.06974437393785
27.4005695504618
30.100609913714237
28.252940323260127
27.127386906588935
27.690271658038153
28.55603561885914
29.257585948036905
27.692776984413133
30.127035063225193
27.819164175949854
27.852082652621178
27.949842424536115
26.87159168952711
28.798512167777297
30.144018658121723
28.27378635985886
29.859659495386232
26.57950544862076
28.941813889201335
28.181466010200083
27.46384657821962
28.11955460436148
28.054584518685495
28.236903040096735
30.090733236198435
27.58800141648969
28.344686605200785
28.233533106593644
30.174204358129266
28.551663324588652
27.872061499976525
27.877140458176257
28.059239168616745
28.23106221699859
26.68432670788464
26.742062536908044
26.753072626022355
28.30477844789283
27.968885808048064
28.12663602144935
28.21018016813547
28.25371262422332
27.86350225657301
27.658989920571095
26.915025249941753
27.68149854453604
27.76821689066517
28.004062634750277
27.92826732927235
30.130943353376825
27.319871330291864
28.580760688656625
28.36649055384604
28.499814753688813
27.15556212125458
27.802150580871547
28.06954181564736
26.3743027361241
28.9484148977607
31.380724954481998
30.156527228305247
28.508352468300853
27.982476540183818
29.41336391165678
28.532138414363082
26.602708182419597
27.944132768172995
26.471483426956176
27.75182308542578
27.87822355046147
27.436061667681912
27.650927013888097
26.95220386670419
28.24309955523714
26.712864169495596
28.207610556384644
27.905299049190084
29.114213027376323
27.356360460609096
27.853554894896032
27.04987645546672
29.874374054840043
29.246923226043812
27.340107908904038
28.199342257682407
27.25054778103745
28.287917468653667
28.102974551719875
28.952500989176848
26.709944971870176
29.82985332108822
27.599169500805004
26.789363010089907
26.46810602914117
26.914282019852156
26.99762621812693
30.107945277912844
