25.784622040306235
26.068158623578707
26.485235290092735
26.20158394693511
25.114555859232542
24.996923041973375
26.11906479803613
27.73465184288032
28.133371593131162
25.478245611060025
26.199438684057505
27.186970369765273
26.205393560205685
26.242905689584585
26.795305866177443
26.271514816001304
27.398062337624953
26.224171495882405
25.692482759695174
28.807184069993436
25.27235653387535
26.686013141936073
25.66611248578149
25.71593442031464
26.222408758971852
28.089763154568683
26.48629475702449
27.43823778164249
26.62249557261995
25.633697081577125
26.69405527002534
27.71927963957291
26.74755156235472
26.07775796601828
26.189552483753175
26.712934449419965
26.153409652058013
25.996570106797936
26.513690429093707
26.11908439682965
26.041341105459022
26.195610521518788
26.305877437658623
26.339798916443563
26.687501548256567
26.78588093150937
26.705314986657203
27.2652383459342
26.601302601366623
25.518164753608758
26.155061346076096
26.3194467409766
26.13799627592847
25.86360127926966
26.754319199882538
26.226369619086515
25.896240637312278
26.451246622144637
26.309059945027503
26.75653814674606
26.32208643303646
27.72487997292326
25.412604071686186
26.088057940152595
25.732078405588965
26.336858621520463
25.876214889415024
26.575871621060163
26.46059259787818
25.224825303481726
25.27788205102333
26.475181187093188
25.226622097448878
26.833004065134197
25.32674356437077
25.892792820161056
27.836164495535385
26.626491544206445
26.18410602632724
26.114833113500328
26.475823514791493
25.582331368345816
25.73812202654097
28.124989165350158
26.767312956565082
26.469162229094696
25.79571537551194
26.586218479935773
26.177657809977514
26.60101091641171
28.331530828071035
27.756316424105748
26.188974858406166
28.003844452672972
26.524615595632156
26.15208799265491
26.34040090484243
26.64009554233331
26.156122309597524
26.080000152565265
26.294762202177495
25.5121289462946
26.80454621203673
25.389105976130388
26.75917667318266
26.758138848317095
26.784614573442713
26.015901473101508
27.715044228954856
25.83390091612883
25.579834280270237
25.692757184041014
26.18394221746382
25.45550359529462
26.06520091118279
25.65824392660452
25.819254010816284
26.356983084327844
27.560959369970455
26.030981623039654
26.044746611671265
25.968204849029167
28.24036054103071
25.773211158045513
26.35975456299625
25.995992048482734
28.055869431916058
26.26727268248303
26.47934419784504
26.769615085239085
25.926079512479298
25.684845905427093
26.388312798519312
26.190326868043808
27.13704132810591
25.485342859684295
26.7918307061012
26.359211143292413
26.339293082549087
26.82971864081182
26.601856204322683
26.70839918455803
26.141827203131882
26.12998626544175
27.733274081414482
26.45874253525486
25.5337421984989
25.848949252742102
26.170119053985832
25.626138617051442
26.45560662610853
26.255411800303715
25.658980518141885
26.755252796110867
26.51989630503427
26.388740069059885
25.690085874916594
26.82278795418406
25.4705676564145
26.459341847594203
25.36417554980856
26.285407667964748
25.561001023958987
25.593853203551443
25.49560376242563
25.926211141755243
27.710005075871493
27.72951769909582
26.583169696587003
26.28321930827718
25.93532679349901
26.274278510471195
27.719167224331063
25.39783050933558
26.20894597299358
26.233544331895263
28.321309074229134
25.270621668095565
25.986715138512512
26.40837234409659
26.77425791926328
26.224265055828354
26.688356709667893
26.19775898921546
26.385668028800552
26.213496265761645
26.24836629200941
25.650038109524957
26.892375391256827
27.139275406022794
26.800132840552678
27.732361963184616
26.278732981317532
26.386705697131426
26.893781228146054
26.303814931078087
26.483643172809032
26.856685135803463
26.659090051341277
26.06946899956966
26.608118040239802
26.71718347710625
26.784209708441875
25.636216013429586
25.28485244451484
27.750417100020606
27.725073716242846
26.641050045417966
26.630812077846297
26.479738833504953
26.812018115691
25.764121743145456
26.124679923674677
26.279586173539226
26.255325742374296
26.092431035755364
27.860470883450095
26.136132524236324
25.60996461114407
26.8814208813641
25.94752820532064
27.93575450479485
26.331701687527755
25.565317158032656
28.150133888454047
25.866962639778297
27.12905903077917
28.05982619957473
26.79297255076977
25.90443894961609
27.71586508186183
26.20732217512512
25.032065317121454
26.507724155078314
25.516357921535434
26.653867742532498
25.448436322378658
26.504481146214935
25.9090591976864
25.963748601625454
25.608079893261163
25.601150588796507
27.930673971804126
26.35625812121359
27.715300164242574
26.79212575531855
26.258501118218053
25.37235041737294
25.741669359283033
26.54619674263071
27.01504479452715
26.352046392446322
26.618766662328778
28.0785821671873
26.45868436712848
28.094409023633737
25.743997354019427
28.08367591332333
25.639025003972737
28.190765805778565
25.707967949670905
26.91697708485036
25.55613785749775
27.99392136140206
26.003185959880852
26.186693078450563
25.85540309959336
25.945478765888232
26.246090027639834
26.204002408922953
26.79245734444957
26.369218670062097
25.907739533038125
26.278790951546377
26.332747126963735
25.561841974053586
28.064741010266122
27.738524374089177
27.983651247677518
27.705176035680186
25.48148888568527
26.008624286966093
25.765802864350324
25.46831347231142
26.020780504555745
25.80430338712065
25.8898381996135
26.44526566615996
27.971454648248898
25.99410031704152
26.78416256575104
26.314349247987906
25.787992350990358
26.010186434019765
26.566347091315127
26.857427964469334
26.562895138455662
26.090991906014935
27.741366365953517
26.344433570056665
27.06740539049857
26.261610733378227
25.493387456542266
25.914283792391874
25.640577707852138
26.06442175183669
25.9846968549396
26.395738555366552
26.301295032622257
25.624853790728494
25.626636347460607
26.80478303958604
25.72892118935822
27.84456016294193
27.141388212486664
26.3084156778975
25.537698285122417
26.204619887295184
26.087194363408535
26.852388811039145
26.864143402938947
25.204580085861085
26.40767083887742
27.737162936181154
26.785038434146543
26.211727205874073
27.705818656131658
25.620975564013015
27.70039496987318
28.797042523374724
27.38119710690318
26.524630245587137
25.512172096814563
28.344335767969678
26.806263870799974
26.908275740938535
25.437908260314746
25.62189737990909
26.21717559282958
26.338798712074528
26.547379337378352
27.380719525707487
26.23287178741856
26.584865109277278
26.62190047341188
26.525061525777975
25.494401392592916
26.63003524654254
25.893061593703095
26.68876747517839
25.76436422412477
26.478661485814598
25.68369146290902
25.919192891216813
26.465377910586998
26.313425531461526
26.603829338238626
26.270858821082985
26.71827809681138
26.021862986643534
25.57117192362171
26.862955969608667
26.299093004471445
27.96602180250584
26.59360235330885
25.596136917560855
25.861585946834094
26.301171532983254
26.504314365864982
25.82435291296488
26.933917089744845
25.407480808380804
25.14316805541389
28.10195407723972
26.69589597178861
26.26331919079709
26.518638418856636
27.99811257362586
26.134017668130866
26.67336613345341
26.776054835639997
25.692525849973734
26.518942911858286
25.063433799990147
25.83825984189145
25.888385170425845
25.31661283499208
26.91935644356964
25.85571862632202
27.719972278098382
26.915854772790137
25.389416169706152
25.690295544809747
25.681050226745167
26.762951266857385
26.25419983148377
26.0080970570284
26.499508285060216
26.088744038900447
26.66276774468335
26.070320399372072
26.317495632168647
27.722631432441673
26.488597436482678
25.381274940447607
25.688351480910004
25.751507596227814
26.487946861401337
26.366732063485763
26.494400172019688
25.406330189389454
25.662334638975153
26.95173054073716
26.327147962255637
26.572231574295863
26.6751426321594
28.231717026933076
25.634060302490152
26.093822965802243
25.887504256091592
25.843345116435675
26.333809028971707
26.80489974904619
25.750754378329304
26.280324415243705
26.098422241855598
26.520435968030792
26.099363603201624
26.9265766769977
26.01095388904747
25.679046613794046
26.847683440234146
27.05474619836078
26.849597342607694
26.30625226706607
26.58070920732186
26.374856893441134
26.571720147023314
26.54198297410229
26.095320265261144
25.158595102722995
25.590990925111438
25.96551525655661
26.466941659639343
26.260551258539795
27.250558061979547
27.00041080878242
25.60994272993083
25.932530448106704
25.637683359304702
25.455985369482185
26.25451473015558
25.863199474624558
27.743678275237734
26.20822104141563
25.213193845338946
26.28244853364327
28.710996111523418
28.142610391115156
25.92159294159123
27.724043233842966
25.666045612608958
25.46688465697908
26.356809980678623
26.704237943206355
27.362149695072844
26.48654389406246
26.079919980742737
26.188658320095342
26.81693128715783
25.726487734050497
27.71294823493941
25.701668382861076
26.122081968269924
26.899733041999834
25.757454020091572
26.365922931752788
26.78686170122855
26.450665528842972
26.548618416278448
26.517262065970964
25.974168556462743
25.910501673986527
25.62510052828761
26.4442561579344
25.486412953876492
26.78064191866165
26.37658306230949
26.251275204125722
26.903568408259048
26.358369043199044
26.328141111072867
27.399326262343045
26.37196879845576
25.677294398740912
26.058474767909217
27.144472486338177
26.207655397887567
26.32586376819793
25.709149733256677
25.984120374724945
26.131695986418578
25.4650125832311
28.798301194555584
25.595677047540445
26.509546389841518
28.110056333807044
25.478747186696843
26.523925730272843
26.606661720371775
26.681849075449293
26.52371929551939
25.3930488455423
26.16613874426248
26.151266203171144
25.676519671165433
26.28226755134215
26.150756654159785
26.36144828262191
25.824265245702303
25.901675107786097
26.49427969509113
25.484448853817124
28.372947758622228
26.9610788020621
27.069492075824456
26.011425329034854
28.710998762414036
25.511746049537937
26.310418925875627
26.80472883667739
26.4696138024506
26.271797282777268
26.98322369855267
26.337739974762307
27.481640784184716
26.99672070452018
27.460507724326238
25.56844466833507
25.908093443476886
26.833062062642203
26.559677604702216
25.080439774132504
25.456461827275398
25.465146737219268
26.002358173167043
26.089185070881285
26.797808144298685
25.853808549016208
25.506878662112598
27.737916850063662
26.193971337095977
28.194425136574726
26.376764920657138
26.33907637729469
27.091238588602312
26.643903520577833
25.598035320915344
26.619569556146057
26.416084333579402
25.87811394094513
26.26802695872674
25.862026512100716
25.339288803431568
25.436494400498592
26.493346907617024
27.892688455673806
26.042712657072727
27.04499152335767
26.769083269388258
26.619717892518597
25.655162398418398
26.267083702437393
26.324301465094983
28.065955158663815
26.958677999009115
26.10179473682918
26.141978531904076
25.963982772874875
26.7413646848194
25.957436772403266
26.997883001834897
26.119823794647388
26.06694464248213
26.610605785602743
25.437725398482158
28.5821166476142
26.132770917169832
25.530639206065697
25.52215718805546
27.198676040062725
27.25714855234604
28.014499575095044
26.684806918610924
26.76082040326351
25.712254632650268
26.812136487181434
26.11759388997323
25.81704753719467
25.467492231876175
26.69400957188838
26.63300024274324
25.86918950824516
26.243890056978568
27.233406547992345
26.759899141826292
25.899437470479143
25.379250895441032
26.199481162639625
26.758400213803494
26.35478962698708
26.524113406745922
26.039153173040166
26.166170359812256
26.6167825231193
26.351072395545838
25.64032075266984
30.430400488655064
25.093666989574107
26.888027205193545
26.614734786994944
26.306094669343537
25.24516158818983
26.232408216187157
26.813042967566613
26.063177528214638
27.452009129774886
26.483528889406067
25.467735213852833
27.745616621661505
26.04623774520333
26.80736847374864
25.523855902785158
25.322096410811838
26.889691063641664
25.521991096468728
26.49377600133793
26.45913169555254
26.44039962455941
27.69841880865192
26.869876257503808
26.401093613917062
26.465808314520288
26.301557698461625
28.10536932874443
26.805816930872925
25.34555096022793
25.243707514191765
26.037584256981688
26.453976235205634
26.449544522038686
26.354039059346007
25.799277155089246
26.705977952131683
26.070790493055362
27.195567737693235
27.095845564427574
26.32515053968665
28.115985530019685
28.05113445750906
26.09928846942864
25.691376166392814
26.03856778195452
25.985977027820528
25.68900670734092
26.163841542128246
27.830215761814046
25.28401080981152
26.109304754279766
27.81198353526526
26.424166112420462
27.716915614462405
26.32234511568801
25.87836444898255
26.4841647423914
26.26904941065426
26.621610210703384
27.864913549396796
26.215765739501805
25.665390835890665
27.717365361053712
26.254624003610157
25.735057367698623
26.39703246746834
26.39725564072058
26.16446766315553
26.048353351778783
25.553278356545587
26.233735711452315
25.878141555295738
26.615619683248763
26.39817335008114
28.078465621445208
25.788302631369973
26.51021891690896
26.47382215561094
28.022503502187803
26.247085853870278
25.837605548185522
26.84647140948098
26.74456561984121
26.191920999955588
26.01197249137068
25.481922777692187
25.92750251683252
25.273514411453434
28.260992494564302
29.006208099826353
28.028986156460874
25.489315681754054
26.349768356025216
25.56772547572873
25.839959746423954
27.722647418221843
25.263898366857806
26.305370751069866
26.57138555344461
26.17565993930705
25.346627643875834
26.30235014100614
26.617521908928126
27.760971732896415
26.4056342634837
26.258106706431782
26.37593577918044
26.468652852847192
26.938055684779485
26.23131903992368
26.74205483585932
26.38233320526617
27.09927572160962
26.341867613613864
27.670144125050992
25.63128657180089
28.20619803571319
27.7226130337864
25.987432338261275
26.195147939826477
27.37148435661964
26.132638314049544
26.830808593589815
27.827880512241318
28.11950899790912
27.728921401405508
26.733136085852358
25.513142190146937
27.961419418485956
28.08817352844848
28.061689839658804
26.32669871358879
26.088944464783907
27.29749607293819
26.487711715881662
27.017133388158623
25.738144181212927
26.31604105701162
25.91465375160361
26.03580195537556
27.090142297789406
26.096818910844163
26.22038891953299
25.578651446156464
26.176786375197256
26.540743489066454
25.77399601146969
26.4990995604874
26.73138132300676
26.574896598801963
26.453150235915583
25.81125402523779
26.570650278599906
25.581682827405356
26.118256320636213
26.795363362423256
25.64422714120812
26.336591181531965
26.463816530168735
26.64420468897955
26.284710582582157
28.059513280360452
26.643617429939635
25.29359912847138
26.567027085816587
26.11812957970363
26.306073772837383
26.077976886619407
26.32430933423123
26.284883868684602
28.034182755775614
25.67245019635453
26.52126891856156
26.20938575851526
25.908860149734622
28.005308542114452
26.697669801715584
25.74432210291502
26.522405392093475
26.21427280042217
28.350185016016276
27.06114849435094
28.054006659607726
26.847928550221756
26.76745093368465
26.200658409451155
26.301128048030865
25.140132480238535
26.1992029354784
26.262356700108885
26.201708471852157
26.59118197103153
25.937334255298634
26.05848299226527
25.916254486680874
25.270636073856302
26.38635889320782
25.766948198143723
25.750890760084275
26.606650989932742
26.16018437238997
25.92657573579046
26.022726311692676
28.204903263428086
28.017296318404956
26.35057228418744
25.890254739925318
26.271249642200328
25.52155209283665
25.888741461663898
26.34166745899522
28.04106552434446
25.716750040489618
25.819586382418056
26.68997670148714
26.428839781754345
26.26932178859926
26.669221742604105
27.000805688055387
28.120309163222398
26.76896558123828
26.775633305916944
27.971793229014867
25.54764652149315
27.744046840037228
26.77806117933075
28.076223706886534
26.284610946204005
26.10232183495283
26.988198532233042
25.885429199278164
26.29419429208307
27.706884191565923
26.34686569039004
26.764947209990154
27.186025308318563
26.37068674975043
26.35994717819085
26.206872811735167
25.558621353921605
25.59875548176995
25.440567934450133
25.466892910528088
26.935369150060765
25.589703533459815
25.581788577188814
27.11321800256925
26.09462566310492
25.770083551484205
26.30858207174737
25.811717486071817
25.84457215278126
26.06951187479374
27.307994410941163
25.329457687200794
26.16270540091991
27.86687622366408
25.553966969329803
27.68200947939698
25.960311519549506
25.498900880636867
28.054486846962924
25.504223684793267
25.175473190003803
26.326640537754077
26.35449026481104
26.345457917149574
25.516505649123616
27.276450842313885
26.26501365816608
25.470362225148463
26.024315980079894
26.129705348537687
26.14891429118068
25.674231322165262
26.132056497741623
25.350611425009344
26.178704861756298
26.706312098359128
28.185488935868843
27.861443943822223
26.415346313113726
26.315825072541564
25.985247938067808
26.46531739551094
28.1386824048097
27.70595235957311
26.804830894968585
26.63674327863506
25.745948507735275
26.415879389728918
26.262962703857095
26.51058442475402
26.086265982267168
25.118874756830042
25.528285936818648
26.239926913272935
25.637950609936457
26.163651953969687
25.81216079203974
25.58715756386145
26.282685813731742
25.3758616601539
26.63246987638437
26.05868655004058
26.067287868851714
26.35543508682622
26.763888171975957
26.14212483537015
26.477877881009054
26.254421376665494
25.929780613432026
26.51689645271573
25.79298309586069
27.941505488733448
25.67138781457997
26.14560235556856
26.412777390723793
26.574318636693686
26.51931647072169
25.74376021468987
25.890630965939778
26.522641050844133
26.24152949407392
28.319905120876342
26.774186155048238
26.458677603443416
28.285838478218587
27.991206363937835
25.015337258866186
26.131230544482438
27.952911404214696
26.510051916072342
26.82571778007823
26.871878321979015
26.55943162079813
25.42189696201541
26.24268730526507
26.009704149593823
26.423430295548197
26.004461847988157
26.519286292190845
26.520785412722226
26.421304954685244
25.354031702768953
26.497862242529663
26.082814956191356
26.44820833236805
25.51727122711998
27.719527988116322
26.889601432041527
25.622200852232776
25.834278540023057
26.48850617757674
27.71430812270572
26.370462286532945
26.849455744134392
27.09517306671116
26.065796082120276
25.247962350550626
26.105441288929125
26.495995783613882
26.294618480906998
25.864294892564253
26.47200625194588
26.103749350123284
26.680947260486516
26.004893590740778
26.686926464911174
26.748250891381105
26.52254541303272
28.266637500412422
26.189171911977905
25.19226385263971
25.9383305343209
26.286051130718153
25.849495524857197
26.359650104781508
26.236452755070008
26.30603241546536
26.420881173507706
26.053587732328054
26.110881486472024
26.603420933625124
26.28857650571209
26.836626463452106
26.5092416425294
25.671133543607745
25.426713355882878
27.11252839472704
26.75856013279078
28.102963028895374
27.69646843008831
26.899969128018864
25.6544137148376
27.69250110610192
26.63596021907883
26.340964796191894
26.423863719090676
25.590301585932004
25.81247435828955
25.687605738262537
26.555336858955826
25.590054233255866
27.850712799846324
25.92351911957448
26.502931156052075
26.290991853366783
26.2134498144671
25.661327267554523
26.339394858788946
26.20383402096619
25.922009749392295
26.621781556988676
26.027376618279447
26.070371529902893
25.654406595843447
26.32090333109595
26.374539338938092
26.220844806271067
26.05206902614058
26.445231952169145
26.386771779281062
24.96725990458288
25.667522321755364
26.23052105468072
26.025244677650754
26.087873701557683
25.568743693571687
26.790933509612923
26.01537458050219
26.286255672181436
26.27787519889543
25.673337469226006
28.017247899775278
27.749103821129417
25.64147605002383
26.078672962229955
26.20389355131594
26.75191179538275
25.23748793869415
27.746238567324333
26.62376704515386
26.454564528955817
25.479818536118476
27.07700652855043
27.52053897581458
26.31233808308674
25.541490774615635
26.566697476273156
26.328582194476343
26.767435441298375
25.181185842969096
26.94882352124204
26.77990288212145
26.496668944651503
26.05488673369202
26.510493158989814
26.52114998119654
25.384743406782462
25.581728148425817
26.002559929099494
26.593278627512145
26.60976999816483
26.245109025000282
25.44697223701251
27.780488106403503
27.17188782576683
26.851118707341485
26.564519815833325
25.625410551759213
26.55144494930624
26.585269915570766
26.2547793143139
26.44926465299541
26.292548727420435
26.3004336523346
25.801036662942778
28.222107575982044
26.33458283892544
26.547076985824113
25.807762759993327
28.13136858079867
25.867960614246865
25.814120661100112
27.72994125914057
26.516529956319626
27.02764747846967
25.811100973596385
26.322631345023794
26.051017577830297
25.88137877919543
28.692505055197888
26.57627836963047
26.22713777161757
26.430226468238217
26.005297753847877
27.272149704358576
25.673520741129913
26.631801613127198
26.225989226566366
26.271939386924
26.874119964059258
26.588696961009465
26.046389060114148
26.376387938098812
25.11776698012687
25.476163288471863
26.47837611046995
26.58102272159115
26.20867607827872
27.1609242359035
25.30044354477969
26.498156181696558
25.916360745758755
26.657343706377507
25.048792874027527
27.869846548445842
27.41219020708645
25.7566886454791
26.796428155051803
28.069162207650077
25.947960738982022
26.308474045694833
26.369678081915666
27.728395857341518
27.009799544834156
26.595505660535277
27.728953117306187
26.563975571295142
28.02128431548089
26.76637240829755
26.067645545358655
26.13203182141856
26.034610070888696
25.174486082051047
25.74994460410029
25.516350662324022
26.530617055599247
27.98715996751499
28.335964460315772
26.004006594738698
25.35474503693193
26.43828750742436
26.143161257768032
25.119417985277426
26.810782744675624
26.8085505781638
25.602121144112996
25.702994705807484
25.578791366143758
26.87388875205827
26.768533116787694
28.40463000891433
26.638059813314957
27.321570569778057
27.71859494626994
26.05600857500955
26.36483373332123
28.07499785275876
26.662021561229544
26.63965315663542
26.37253901408967
26.158270681791834
25.47099111970079
27.71402846514358
28.702893466773286
26.125235279613747
27.22625653090059
26.386381066543006
26.00499919757092
26.468194600870188
26.18788423323746
25.860464888189252
26.743244328397672
27.727348281366357
26.215941413139124
26.274456567035706
26.65484320395955
26.849597835990235
25.75893527835895
26.483552017947275
25.970843717483184
26.315645311839724
25.49244847691887
25.77530955259743
26.641281884973512
26.3296303848465
25.82012702710042
28.122673172504147
26.780842966128347
26.20031085265395
26.487690834848696
26.52742058948964
25.54800846597819
25.750129988468426
27.699719547807668
25.82710929477278
28.44617720748462
27.10257836714434
27.726445557543492
26.570424492303264
25.972774934678604
25.72331554416919
26.72776790033119
26.33922947361034
26.545404078259867
24.822499488301187
26.329810287626838
27.716992727783314
26.792327822040136
26.05215936157138
26.391471067704366
26.62888479701806
26.872973948024935
26.775369931242864
26.207620499796867
25.89405608168162
26.081671700197393
28.058448220184953
26.290847822993147
25.534432823004924
28.80004879472721
25.41365284548693
25.909575334572363
25.166528970869493
26.175273824102643
26.18729539256361
27.116222783221648
26.112207732971296
26.334569692644738
25.763380165851707
26.253828177183188
27.428374500173177
26.898956993409506
26.021594277591046
24.726228413219008
25.712840941020332
26.40101885914438
25.52661350273741
27.47598423929556
26.251824630957895
25.630058345290053
26.464404803962353
26.78427920839363
25.59053787627181
26.273353338901043
26.199410648420905
25.608186658489974
25.28450937093932
25.299889282022818
26.55597455213254
26.7741211803629
26.90146180815269
26.95537198268715
27.336231959395324
26.709251783497226
27.71720268778761
25.77988115259746
25.917140058446492
28.363450294070756
28.034368116448153
25.01717431092553
26.545099564310906
26.0412808949284
26.038776548743968
26.68136776774139
26.576629093458234
27.40113166712195
25.85286794458063
25.411594170712416
25.998459669996283
26.009828985366013
26.125839988491748
26.48747839874152
25.66681546778076
27.031622751937416
26.97448420504427
25.997985985527635
25.348526887349003
25.588599567743106
26.530487776484453
26.585652473625846
26.659562284671576
24.926418008993995
26.632905429135356
28.190569953167067
26.23916764140638
26.317111102136028
26.464210660286316
26.692754013283594
26.14968104254802
26.039932315876438
26.306243124500494
26.304985116876463
26.288508432237375
26.095183824189373
26.954580874272477
25.36431433518252
26.182304468563267
26.80133737332079
26.304636073462742
25.88702789347295
27.738933978607072
26.489999250769223
25.66909013680952
26.819682721393587
27.892748992995877
25.386131005725673
25.986487827496248
26.252682873288656
26.22550844099541
26.507026480366065
25.971510738841307
26.309531771237186
26.12162423133503
25.939291034073648
26.81529212983812
27.715725351261046
26.266845116088053
26.235391689438963
26.10856631306162
26.20021058471345
26.021314169161172
26.284393486917597
26.051098038912954
27.83492995914808
26.67371152001086
26.17083638682441
26.174622913276387
27.710573516037496
25.676956921417982
25.944759246912007
26.05088744749965
25.920725981998594
26.084714294633216
25.63557691017589
25.484755483219566
26.305247135477547
26.082633007433753
25.999629502632356
25.925565797596185
25.660383162816316
26.1485003185158
25.76073265388026
25.909297590472647
28.661808592593303
25.489791481464387
26.10597340297612
25.426330094596405
26.348425582568538
26.14523274729582
26.37580615717481
26.47365111884213
26.10864493547784
26.33457538936149
27.209027418520627
28.091471568268453
26.46967528153378
25.80270965072301
25.72853965720857
25.297116268056588
25.403073230147623
26.871479124516224
28.48752100784053
27.718510271192027
26.54374652943503
26.43798951450136
26.21588939253508
26.71086668724017
25.48101147453101
26.204928234085703
27.72720546339756
27.10213098411999
26.081196706913918
26.49507126693578
26.625538829396763
26.50114447880575
25.381863617204097
27.02942998747133
26.289466762168132
25.660288238361606
27.95293843791171
26.228702709583875
25.489389988205826
26.460059868631014
25.706162319879486
27.70687187000627
27.10289870182987
25.441200020396895
26.098807810080707
25.67068033123226
26.814028423150376
26.040556386042628
26.30934094338334
26.554260877572453
25.610030626319844
26.421466789210264
25.86512076714029
26.53553848227287
26.418680679693377
25.877677657507416
25.421196659621366
26.296398180921283
26.19029550004174
25.50873843852764
26.294630638413402
26.194655280849886
26.500340873128028
26.25190202060343
25.785066450249968
25.504957053707393
26.812188826017838
26.328606262816027
26.572856013768835
26.787204074590658
26.323256308215488
27.335068745288897
28.094452395791258
26.057004914418943
27.22539675858164
25.669616878272446
25.109049752925134
25.932168549286562
26.215992581554264
26.913711161276087
26.707981305028444
28.51891267033886
25.468407522866027
26.088295184731766
26.83374678668607
27.975292058135825
26.020231416228636
25.487084555519214
26.622806030457596
26.05471129240844
26.247238747801646
26.358470386215604
25.47792001369609
26.58354603682962
25.273275192118835
25.38326015235016
25.896418903719006
28.059474492986773
27.771129626639063
26.072043500027288
26.638883202715025
26.72067458741399
26.75619335345525
25.451943845608156
27.797201476178262
26.599716742495247
26.30719753806237
26.71896985492875
26.271583487426266
25.88362016361602
27.72559070917769
26.34583178495168
28.32318760622834
25.982843173641495
26.537994629815486
26.160635245641707
26.40279641329982
25.454330165467635
26.071916450593527
26.43887682170052
26.205240856284494
25.40522975943134
26.581968503072062
26.079196848194755
26.360577975614493
25.173337199169577
26.114612327180048
25.817301160437047
25.742185479094513
26.512236210188043
25.661722831896643
26.06156534374784
26.81071428625003
26.99290828716678
25.633481177175465
26.62310527100667
25.5729083084163
27.732241651647083
26.315311552599525
25.310615161792096
26.517395979526896
26.486400491034473
26.780374355430283
26.124483687053186
27.7299669399294
28.036205624136613
26.157048499142032
27.677319203630972
25.788978137798097
26.4192302517942
25.877824000864127
25.496190440360426
26.107204998190227
25.97134911278174
28.277569126299962
25.555484426122742
25.497434864498004
26.266432690310136
27.707335304927827
26.769674179909355
26.29084044807245
26.307866013688628
25.95471770229755
25.526720466839215
26.49121252366351
26.945151249619464
25.788607910164487
26.95317139028828
25.32739856615115
26.522879010518782
27.696759551838202
25.95962611768021
26.379023519000352
26.34449725526345
26.403850649852195
26.906262329419047
27.49000950179875
26.69886721303071
25.601648424746134
25.935373960804245
25.324902096678155
25.527789161025012
26.377522524470248
26.54999461320785
26.34517193659699
26.247718938460476
26.233911257164063
26.0911083280942
26.176998512470032
26.15503653869458
27.057823360832
26.004546730990995
26.63236334157383
25.57144761060417
25.922518261261747
27.90459854760789
26.35392417451524
26.634639625057765
25.965542627251704
25.58580418366539
28.35924066806092
26.35546018508767
25.93706272790982
26.723964792927827
25.916961337510365
27.74573487848417
25.905729027048288
26.010545132208037
26.367872519799576
26.087242795334472
28.061948125799994
26.383632435942527
26.241279869421838
26.643895050518484
26.477453525171498
27.03439525406619
26.253448382788097
26.3446571312078
25.971730414824954
26.268495642561785
26.153321388817826
27.7264962741746
26.538699594092503
26.060995439581337
26.61134505457037
26.24696989857889
28.310682718997285
27.719430033414675
26.427434287621267
26.521216311248374
29.03904494801378
25.88837488942557
25.819508930556257
27.76008785323748
26.8132675378208
25.67332655594799
28.053645333283956
28.34718331023204
26.013099171298983
27.856707115196663
25.655050724709522
27.061388080984678
26.24038742852462
26.352802336430397
26.519802556858863
26.15127376494218
25.51813316298739
28.08946119898208
26.254896338790257
27.737885976672374
28.76119493083529
26.234317608484528
25.596246347181605
26.818178205151998
25.68570363608212
27.838522791407545
25.82635688463716
28.711297944751347
26.80188047366271
24.976087849253652
25.62346815272072
25.93602556159087
26.750622990385654
26.11871954017688
26.607059231839493
27.1876551012799
25.218553047809543
25.690867560642754
25.791533878394425
25.548590199556397
26.47190674753092
26.03348842762834
26.55339715055008
27.849295244382823
26.547869035080517
25.370885428942973
26.354446242702
26.578821179868083
26.23762592627904
25.78700292489325
26.84255410095679
25.954301758408537
26.875233030123404
26.44799646934398
27.73504414332408
26.20365415922385
26.783932205735045
25.71771484401321
25.94212496595176
26.93413542123294
26.048167097655845
26.571414707876446
26.288593849443085
26.168299669818914
26.54666606076068
26.82590325998615
27.518110895303543
27.701043185777802
28.783940494349313
25.609248522231
26.80042260042177
26.532015533109817
26.708168032511825
25.348175604355514
25.55376194826127
25.466337445790856
26.49821852119763
25.77477368769676
26.389304947076965
27.2089673921918
26.235327014369727
26.368522577016595
27.96780221002871
27.036120790950605
25.472660951549432
26.038382765658618
28.844000163607916
25.484410661776742
27.53153354516273
26.618291827041137
25.370409493053696
26.274083175258898
26.834289530533262
25.772282456853038
25.96717793676983
26.533078677277118
26.12308356647433
25.659863542493696
26.936010807453187
26.262975204113264
26.476853519645825
26.122250137165178
25.256676005753416
25.527374678776084
25.765785949968226
26.673017458289596
26.5880302889056
26.98405515597405
25.78495833591271
28.770890159989136
27.10697961016462
25.611278427689907
26.342573056615848
25.359087012603073
25.628927685322946
26.51167976354873
26.130564041548144
27.69107227101087
27.169554325298915
25.88463422117505
26.328367335754233
26.17606805899506
27.807012762686565
26.20156439727241
26.511498100756548
26.27372623581922
28.040078961327595
26.85365187863354
25.982344116423057
26.296839527346204
26.469781515824327
28.65458316917005
26.17242971148608
26.49470933565677
26.017568079787726
26.62966751979487
26.31425459944205
26.22760334587068
28.06911941399313
27.096823952596004
28.058675680502834
26.708766474167486
28.891974440721278
26.82636993891941
26.302537617005722
26.709347800922576
26.64896969254134
25.57548015380257
25.590862057999406
26.796928234722415
26.462146050357656
26.208823794601617
26.78212814155642
26.06544761920328
25.49958128602916
26.3294675595578
25.791928719984018
26.776897047463684
26.241930124451926
26.611039151011212
26.718267565705396
25.581391384012722
26.49343917737086
26.212070991302017
25.81654772492832
25.0553320487377
25.478192722313874
25.502738865294283
25.4297728368702
25.752619271872174
25.96907287991846
26.6096859614004
28.07452716698859
28.881639881780494
26.603071768811162
25.784371090402786
26.111375971712427
28.615395193146465
26.85164585647916
26.651767565069978
25.600838961430608
26.242357389860533
26.50098693305678
26.37256509550992
26.274952311509164
25.85369361019253
26.280807412657776
26.632656670598152
28.188564567911406
26.338079409237157
26.14195715272721
26.280064761416117
26.54446346584081
26.885088383523243
27.35429702179151
26.329785774887338
27.737996153309957
24.945563248839385
26.29542225216938
26.28633151097709
27.697446508620885
25.6312329041624
26.377753106535447
26.895787364359656
26.784449317863224
25.85068666765229
26.165621968037218
26.4011937339319
26.28065333237919
25.997266635497954
26.224111686927372
26.108792200341146
26.363348662212818
26.498514759815183
25.70581690474859
27.71008447256718
26.269806154179175
25.722837821980114
26.19659993270259
25.18396480115772
26.449544972003437
25.531107536439748
25.106064342821202
26.22363281777973
27.01565681144376
26.560509345784773
26.75370769211359
28.83650403607649
26.3383829054177
26.48374612114749
26.813042967566613
27.497296591558793
26.576578127867073
27.844048663551057
26.0254915748748
26.88882121730635
26.922636651789535
25.242110469017682
25.464640632482734
25.48742129666753
26.33716597863309
25.546599246018026
25.685448525588097
26.89372191565853
26.437770969435803
26.06624550052037
26.780203434372158
28.051778633995962
26.381440098844596
25.92533727781713
26.469356142230968
25.447774600418
25.8917578609215
26.671942236985775
26.060608688016437
26.087364084493306
25.680775787194403
27.765708497266008
26.85795093670416
25.545358560573284
26.224241558848743
28.148848733711826
26.29068948185967
25.919608672175688
26.206537096138383
26.24355318426219
26.035105354473043
26.24535801125075
26.43612034461756
25.962072754686147
27.410323500588966
26.27351623431162
26.485031139871435
27.712335551718528
26.28431854829183
25.589654437748194
26.454978544535958
26.21791652498612
25.988933865732307
26.505394450543644
26.699233220763837
28.153059349396276
28.12093525243238
26.06257654190529
26.29935901452023
26.14902933724442
25.548536447177813
26.802796529912015
27.87131889563244
25.94845385585241
26.290505553105955
27.171106488095646
28.144102083426148
25.461593772773107
26.499842393628654
26.030445952095555
26.352769772685413
25.616880144608732
26.46418628006596
26.483260425940454
26.705522122666462
28.216598859752693
26.585032690792048
26.009620792199993
27.729436737969753
25.39070406246691
25.447564171097344
26.951380504661213
25.504198710441166
26.08911839556736
25.50590308703364
26.350808917212397
26.721425648203425
27.723633522835765
26.853158063361942
25.464850814815637
26.650790908909848
25.980473667313174
27.733202120811914
26.181958800513264
26.266677725171473
25.677013040271024
25.26868144301221
26.217570143730356
26.426406984110603
26.70646915596771
26.742899626051233
26.351982596443072
26.144449583768555
25.942978189094262
27.697290876852847
25.819075381319443
26.12765838086948
25.997505053986423
28.106308895097197
25.508028340298456
26.46709933052106
26.07125610090263
25.871348984266703
25.50390771553299
25.840798214821167
26.961600231079526
25.288090094799838
26.20713493472877
25.9688972457474
26.195670363667176
26.855658333733537
26.312786720651488
26.494946679146427
25.999474128765154
28.32020657259465
26.44301998731876
27.04246962099714
25.759160965158568
27.846977960132254
26.105469971539506
25.869456431253308
25.809885686422092
26.244240260649633
26.491537816544604
26.132980078586115
25.56326752351055
25.60756649296807
26.566053584777794
26.279891667488467
26.05702135758053
26.246098615074533
26.503062350719482
26.1572584124202
28.055937172305537
26.019577655488042
26.32573213352143
25.45274784350102
27.352852505230356
26.193737582012336
26.600178370800016
27.000677974142324
26.014246496090024
27.144375855103956
25.467115762280514
26.65503662417731
26.482307333294408
26.0777707705043
26.66288117201286
26.314558179960493
26.552085756951783
26.19147916329609
26.506560970238116
26.709396526995178
25.911818997839774
26.616580044092622
26.506112832799467
27.008299871708825
26.505884450937273
26.250335149004613
26.785938303112946
26.117374630589076
25.981335266581016
26.30924204731496
27.56821493127151
25.883718517225095
26.599494563517567
25.99241879445176
25.596558014893365
27.97230594164879
25.968413080064913
25.806756013954992
26.255666111450463
24.911585854699208
28.361106683669178
26.453066023439057
25.947272874344208
25.514890718586948
26.792289355602353
26.575168008190186
26.762163977860137
25.384230037101986
25.470629790512103
26.61663568981285
25.849458294661755
26.538484188957757
27.724117758335428
26.266328727231127
26.27040844876224
26.078492013150086
25.79794356586735
25.537947050915154
25.340540303503133
27.016502705433435
25.66432191749264
27.736297806492576
27.716416218367776
27.69726268980737
26.88117934067548
26.66427326113131
25.887830426608883
25.267674637071725
26.810536788358483
26.86352365983714
28.505411389819322
26.62264775506139
28.440873408748082
26.759194552227154
28.606968890705947
26.58237675096743
26.731279535863973
27.096440613329182
26.334608693393573
26.915272687639142
25.494729311458904
25.825534060923047
28.784146149510573
26.579706670108298
27.733963209918
26.17834214830812
25.890691497458974
26.47804138455847
27.95603856958768
26.62493300586828
26.584491903877236
26.859836730004314
26.357824034576794
27.726870931445937
26.88158241298293
25.722268430550862
28.15162417238761
26.21167353179498
25.975434333177148
28.029746506676656
26.37563849485828
25.4129205556505
27.725703290813833
26.416472369232874
27.725194131165818
25.50746976297795
26.241861920310484
26.018824974326925
25.937385443512337
26.091017593180457
31.610441877486426
25.8547450411148
26.5060303221981
27.289227553212754
26.798191362864372
26.969373398162837
26.859361990700407
26.117442574803942
26.212790600570674
26.643059889676337
26.49745958726497
26.40556433025137
25.582812677807077
25.850101050210824
26.163156957237643
26.011035645032216
27.79658568884033
27.073219886128356
26.104583807936702
26.830042798276676
26.71938400507601
25.601540339526487
26.252103240136037
28.72807905247115
26.507387615636507
26.82127255849203
25.9874129201261
26.14660561671509
26.609419388869377
25.68599688070973
26.261521536228106
25.918793874510445
26.127146163009993
25.67781686234705
26.14787439625327
25.55223265004097
26.805419852343864
25.51923642907197
26.4874552492808
26.323775576806764
27.83013784839811
25.27478863943661
25.81404563892632
25.476923945272905
26.211268867632096
26.13795481330585
26.49962207937019
26.77248307277636
26.897687666876628
25.64904818061012
28.149808404192566
26.473349332294962
26.05974890634063
25.910698014965977
25.971222959962358
25.763178079177724
26.439944343929966
26.730000198104253
26.426762819909793
26.19475372330922
26.089793478638555
26.988719661618607
26.792800159242468
25.23321172193225
26.511750970133225
26.4634332695469
28.102379026347194
25.728938341940456
26.245467054551643
26.292809562744587
27.0171569764438
27.718877007548695
25.60703165742858
25.428569700796228
26.48078698954828
27.71888815778333
28.218671670695553
26.422675821323068
25.461704882133194
26.25357784464346
25.70009065812323
27.927659869184552
26.73899715492511
26.386299025768285
25.77880643250908
26.168489882750617
25.77363976748376
26.406258367225306
26.391352080579328
28.29819927125931
26.008845441784455
26.447320465996178
26.472935371369786
25.62115924225288
26.11885839058156
25.60766916817148
26.228787813907093
28.16123324441544
26.607676099838578
26.47171362501374
25.706382626424404
27.460309530414463
29.0587267456098
25.966204406560358
26.878326598669002
26.41747007919819
25.815517942960057
25.394601091281153
26.555073140485188
26.396589711456357
25.43588972124563
25.671459660111275
25.570713219268086
26.392370680341468
26.06403881248611
26.52470898994186
27.396398101357864
26.539809857794573
25.486244619126236
26.436210509333733
26.4710135713457
26.52562884806446
26.134555806132717
25.85402156655137
26.8777991808175
26.242943446729676
26.90064351627775
26.1536631036186
26.747240732053655
26.806357660754454
26.774037296572434
26.476156258879147
27.93688812216137
27.712314187605852
28.1936448167123
25.643065132576076
26.611641638134323
26.09037048863114
25.59230677008326
26.265830515481056
26.039212125886294
26.23868882390507
25.155303227773008
28.00856033460799
25.50135040504122
25.652219369194164
25.420922535482855
26.325202573857297
26.988765002322666
27.97085069847922
26.343020437968583
25.656387625083955
26.25191104948524
25.880502047678462
26.29766413129499
26.274735335299013
28.2067675071561
26.48117133149715
25.453694019197307
25.45472699905591
26.646134073868115
25.966160526343582
28.071842061085654
26.34698434381689
26.44355916787614
26.527287282659255
26.222975900341254
25.27014459001587
27.14216765180146
26.798062156897675
26.88834578822714
26.50934656808229
26.840991416237497
26.477229362464218
26.533584656517476
27.415766113254627
26.317068330184387
25.24075994850563
27.997477271680292
25.506549100362736
26.00754428635365
25.18805345063267
26.307334708708996
26.341493209086227
27.982508561802334
26.4764573350228
26.41085704733782
25.38604541255503
26.147196940217317
26.381298795758333
27.750823274054476
26.600435525100906
26.356293793967225
26.435097263228464
26.88590922226062
25.702656362156016
26.11557720439423
26.543644907873194
26.240893880165554
26.351961038005552
25.637401942757187
26.159972633878752
27.45002467206668
26.23889843402274
25.879476326749487
28.117464139886472
26.67839471559923
25.75541868979636
25.37691249366687
27.421329240064168
26.802946865536533
25.430833238988438
25.237463090522912
26.478935554392557
26.89132915795173
26.208841674151596
25.656088876286237
26.250204494440446
24.968680922695068
25.953057777912118
26.585239275242426
25.68562966759156
26.063321612634155
28.422129395579223
26.329193133974965
26.01515960713862
26.320812034186922
26.27742063856978
27.87789750032599
25.987264859700247
26.35100377527518
26.47591903463507
27.02357004823129
26.609765329413033
26.831813321408166
26.225343490387274
25.475875244717773
26.652509159703033
25.716443309806415
26.010549199250775
26.303388537879353
26.286679953092456
26.768439655885842
26.39246837901192
26.471336450295944
25.707924326576002
26.41587849674855
26.875674762687197
26.86288074508551
26.46504463652952
26.34386483669013
26.764704803442562
27.716444530000466
26.827729531420733
25.629346758885756
26.337997398735833
26.629168042897323
26.641015717286237
27.444228077043057
26.918371861511172
26.799668484581815
26.07113732285601
26.15830013622034
26.510815792060104
26.364338653191787
26.24342959929497
28.233256948401017
26.01124024511228
26.636033962516873
25.86407036048885
25.42162208341385
25.58148054666573
25.877941552468688
25.997343674054378
26.30668198935972
25.996543350647553
25.464700171155346
26.125274533021354
26.550084410363883
26.09389883425016
26.497693441258182
25.807023395982505
26.951831061361258
26.08211242798232
25.675384005385897
26.951324440898
26.36137597083718
26.27260461709858
26.69218537133544
26.18854137201795
25.595893298679233
26.217797933219504
26.276791858089954
26.061199938105155
25.732505644938147
27.112719985160535
28.046556725419556
26.8650306012872
26.75388046932269
25.263139534799162
28.081231152307534
26.631562302275935
27.843802085911854
26.3901952339231
28.053393399203152
26.008999525051436
26.03404573730467
26.2764727457403
26.352296305816033
26.208433868438327
26.58605503165424
25.545420312379928
25.8415136220376
26.870398252231144
26.7143771124615
26.33708573922886
26.712241261785085
26.539449691506626
25.38338582030131
30.356838690766505
27.458350509602248
26.44590538254132
26.9126913139265
25.51547166151647
26.42486626062569
25.775460577510117
27.698749656229936
26.600927048964657
26.072372278315534
25.32623874181736
25.078861933176256
26.48001795454282
26.022015901341735
26.070818122951557
26.405240959374062
26.353948383709607
26.14248663272621
27.142818699024435
25.22531949198102
26.886889457201416
26.681673444167938
27.541805754045104
28.079274631243443
26.19390939713716
26.369571617727356
26.432170186865267
26.191547428788226
26.236999452842415
25.89700683857396
26.526484779549254
25.815911860169965
25.981858853426758
26.07365297708899
26.013441424126917
26.447968131761364
25.11510284976386
25.68916269223466
26.05378613149475
26.637618104802286
25.833228928338958
26.24754111569354
28.03039010845371
26.26435476379904
26.057351056108924
25.57190492200296
27.159922557840538
26.747310124796627
25.912835287676696
25.826366240232257
28.20126540521708
26.65295757237094
26.920819692152236
26.34594338040345
26.913019721686716
25.398877840758892
27.94912199125948
26.876751487901355
25.46196044444962
26.315407096742042
26.758206966087307
26.534666998594403
26.58895622420998
25.2694374721936
26.391363623963596
26.18455304008654
26.646779590085234
26.000257139816433
25.454538775899227
26.25107316322496
26.76355391985503
25.61316861702849
26.606619731848408
25.27044228607717
26.20190100375166
26.55497217558961
26.64385881767329
26.16740017251368
25.526588035482416
25.847498085846038
25.595461916066572
26.802592999387784
25.699459501524323
26.031677971451597
25.737991010705183
27.207220024962528
26.41425491564155
25.703128080313085
26.030859038046383
25.67450798340843
27.32658610202687
26.348190398120014
27.71308847812771
26.61878677964986
26.679694523112364
28.499767859772177
26.105662440912454
26.419350898881497
25.691400729099445
27.724268923278228
26.260028725423606
26.3415428059556
26.104574248996194
26.844747141555327
26.38889625736048
27.222784590104776
26.189118092157898
25.777776693742045
27.730230403380403
26.858248535030576
25.914582939767314
26.917747840294435
26.621922009805274
25.988299365567354
26.851011113601384
26.548359708646
26.01651476863723
25.92209901362501
26.15323060564215
25.618963048679433
26.226574360987918
26.323335418360575
25.37082751360286
26.22274143306905
26.30223400564133
25.849714601629604
26.612176940997276
25.91497042989752
26.747539514254196
25.64646270496786
27.730783668220496
26.954363028826716
26.49335281645877
26.870996665252928
25.549400222407773
27.302775476099086
25.33799690601683
26.546837236465404
25.988768757277114
26.051090649567687
27.05684362727755
26.355358912289272
26.37564734231216
26.357087037926643
26.411755332247953
27.206728788273065
26.06653016996274
28.173098732839033
26.361948766086595
26.105619207308337
26.24686511201566
25.451721771001896
25.28185722925728
26.567383073729903
26.028671886237078
26.36346953136958
27.809704840328553
28.151021273133754
28.100747922294712
26.88249207242763
25.190688977376883
27.745170003785265
26.552878720298654
28.342348225493627
25.820658395767534
26.53977632064183
25.205116235184587
28.056111413257597
26.523162291053698
25.496014500911212
26.66166387339379
28.295292804174043
25.908406465744072
25.592465599555872
26.15777377361883
27.090251549372674
25.478522298060334
26.19502530028318
27.889334814668782
26.8293159334205
28.00682754557361
26.545019529444787
26.795758060590412
26.81686028335643
27.18345375647452
26.73315193669523
26.119955589992497
26.48410305785314
27.728712686350885
26.583695932345307
25.640362955021175
25.981526756300344
26.433620701367197
25.994411496435312
26.594305237641915
26.848386750658324
26.196261189985147
25.757574113664006
26.546942153941913
26.142209936788102
26.507707281883697
26.782102881232543
26.862513549340804
26.320317142238405
26.695072654104557
26.479785956577366
25.94955455033052
26.800729454760223
26.431246610414856
25.36242183904255
26.85131415967013
26.584324343228147
26.428722005467627
25.520012296828554
27.695164168405007
26.374149725093037
26.018964742286684
25.73911260360295
26.193796549894
26.193368944843105
27.72447893360784
28.35952355783852
25.839726302457713
26.77105296084807
26.021131924905774
26.63542291615885
26.23565339773171
26.825168747098953
31.200190373094138
26.365422872785494
26.25042669549838
26.171008564337416
25.904092083398975
25.78414331765984
26.664564498178972
25.31987078919602
27.68934248533441
26.668148406899608
29.12038613925292
25.899327264019135
26.49437153003196
26.76821884433527
25.3417189461516
26.34401063613726
26.776287688932612
25.26859676222565
25.87798455032686
25.581445544579555
26.413769789364576
27.94059265912086
26.213990214385184
27.73622125732039
26.89464857889478
26.378289113303733
26.33675164354877
26.052418059791226
26.86863670947682
25.925996947060476
28.025305082846877
26.991972147349784
26.752119236110282
27.738535272157026
26.86232847861704
25.81908238625934
26.145195410638454
26.966637014736502
26.00197295497511
28.07068083876441
26.328990061454064
25.927757486124545
26.228794656538174
26.931636332950223
26.257920277519656
27.040857567869836
26.510514149945752
26.13685975702527
25.770375622697205
26.35178945425704
25.51540089916453
26.756713934253224
26.292439363526473
26.305056495792503
26.738979358836087
26.290315993178396
26.12806159647477
26.089587629305658
28.250058528922125
26.209572244427964
26.546365139184413
26.645110202274875
26.039846328985398
26.77828783070196
25.374650529737117
26.398994295149183
26.385506192629283
25.457377302727647
25.685041738374252
26.797445434211152
26.695865493395445
25.38626591525894
26.280632990728424
26.006247177349586
26.272426204461485
26.153249098357357
26.651167970201254
26.223392335172218
26.300244962857892
26.236924899093676
27.40810746002645
26.845071929864165
26.724921609912617
26.723631682178002
25.657023424932085
26.054555167951975
28.12622689680513
26.20897407025275
25.41343023899905
25.68105588158859
26.053351554660765
26.387647351803604
25.92084151349339
26.61704767736692
26.013295729376406
26.213579367940913
26.076513219771076
26.623132901455524
25.709164151863877
26.66405437341384
25.279353456797804
26.38792327800103
26.260042078743524
25.269921331360695
27.7387387077767
25.694864705835183
26.40420018931818
27.06713460741928
26.171238567007958
26.23380250361855
25.251804354794533
26.337683843451998
25.8411885645661
25.67261950924301
26.335927913749867
26.603902538101256
26.14315329079498
25.56740485265015
26.20950837848777
26.3862923738815
25.524976262089332
26.263106674503817
26.81847651943577
25.966540567883072
27.697998911483808
27.20172905008383
26.118245897722577
26.802137164665037
28.776202002101684
26.71409208038343
25.997620213182177
27.70545993060642
25.829762092947437
26.801113907008713
25.837928774153983
26.18825494727525
25.16088003191392
25.997250822489622
26.7774545689753
27.696868390212526
25.966159721206132
26.491558716082235
27.03014844209971
26.19464806748156
26.501527894362326
25.680891140167546
26.879364736151192
26.382454603948553
26.207859259411347
27.15324451693437
26.241019966216445
26.377038828745054
26.36988218238742
28.77454274644238
26.031136902331824
25.62902229928637
27.72727007813361
26.918062596416004
26.64029771020447
26.052840222675584
26.099778315203164
25.788630323883602
26.462007060729878
26.825935155477524
26.255984989615868
26.68419134650177
26.89554203157275
25.987968798576485
26.192125396419343
27.004769239991283
26.255414812362133
26.34957575201042
27.7260667109703
26.208807192228257
26.496776751078013
25.764074862489387
26.51263978131191
25.51880750925286
25.799097021094
26.50308649461437
26.559956372534
26.328834262250254
25.968672073794924
26.05728856768243
26.920754492379587
25.672117233595255
26.84708527212404
26.19337488351384
26.742954025581028
28.05109314237892
26.638133592413148
25.613039090170087
26.240116859177707
26.698750459240586
26.648080801674528
26.09352074891108
26.63260504325325
26.717800393243042
26.386087500757856
25.66171232308014
26.23301091124557
27.483012615822314
25.721492107979063
26.651128848570195
26.31133677261783
25.17810847793989
26.451617104083837
26.44145719126776
26.60494611999121
27.7350592674122
26.616372431059347
26.196557057790447
26.847351552781642
26.162827131162967
26.531712415005227
26.89254131712119
26.473732564082443
25.285646056553524
26.625756253032872
27.107083527424777
26.451328098450663
25.371629270967702
25.944860196728257
25.819765032934534
26.630870251966165
26.219478569842412
26.556225412998845
26.213347964285035
25.982148146071594
26.810943137212885
26.05125609180823
26.48331348243797
26.496348725308344
25.701869521467152
26.24689946798732
26.301827338860623
26.251796685035917
25.652158326947564
28.19936211777434
25.50272077410964
26.119819623973907
26.652900987778278
28.479265722237553
26.615987157495006
29.069686077951935
25.365458432077627
26.200952877255887
26.20770987351651
26.710121750221784
26.39016904641073
26.835261624496106
26.246309871315034
26.92586561185891
26.523807635576432
28.077209679436717
26.480068705749833
26.283858548758378
25.50228552292501
26.595768122764326
25.632499115407466
26.33584462885384
25.827701178383744
26.374610101162173
25.40156956359292
28.12902898081209
26.21696574900665
26.06426898381094
26.776357547354994
26.183212560016226
26.5032687170183
26.260845938078464
25.85055025171551
26.802823375177578
26.823001750390187
26.612676803413883
25.436747414444177
25.671102701099862
25.489145070294576
26.238974307663376
26.24081196908039
27.889091293708137
26.242491669699053
26.647606989309946
25.836580529899145
27.724035992664902
26.663653501835814
25.996896464020626
26.318812720026173
26.61737505062162
27.992535887591558
26.138639206642527
27.73820743391218
26.941788986180224
26.087566516606593
26.319337570993248
26.158885479221908
27.20903277805462
27.741784721235824
26.901835308038475
28.010711500679307
25.39571083361157
27.724510617082284
26.491091226549294
26.12645647730484
26.652819412954745
26.36377127781438
26.528943601198637
27.729992922999713
25.93922902121943
26.545885732282564
26.396544816027966
27.733419518037042
26.666193137972087
26.76342864240296
26.869441061998316
26.493681906183223
26.885891311396165
25.460912125303512
25.431289505066964
25.6505872524611
26.82730001126365
26.48287408534931
26.34665783497808
26.929545727688975
27.12365384654054
26.79113503408312
26.143894701204943
25.45707653862669
26.216990912669893
26.917306819136954
26.35348271051231
26.859343694494967
27.70800650166575
26.041339876664335
26.807849290961055
26.830643535846296
26.78123246137263
26.447950589540973
26.726785035887797
26.428002430382286
25.23686881908941
27.660967843805327
30.04282472264539
27.713754544623935
26.773302291730598
26.476896536151415
28.30778928581963
26.78861275805611
25.260982587167373
26.296164059637437
25.11876346963187
26.097873623583542
26.332993303896817
25.94825900786145
26.011778434088328
25.51956949764141
26.548366153132946
25.908497039847155
26.50481518185826
26.469327664934298
27.978996877232614
25.98386450024469
26.765380769212108
25.823247655688164
28.016647553610316
28.194988694718113
25.93901698395645
26.97554152402924
25.833045038121984
26.522182557620262
26.30444197916295
27.731813031097364
25.83343312978422
27.983612811651984
26.53182980770654
25.54544552490844
25.562780671069167
25.518739234646286
25.39714890820952
27.719461981474584
