0.0
26.87815177887581
27.37165572541363
26.83680749052791
25.64938125059544
25.52045041822493
26.785463794672292
28.95394290310906
29.35496148012695
26.119895530858198
27.12114179841035
27.912655316055016
26.872020653426244
27.178501215903058
27.460056264252998
27.227596834649784
28.17833610634656
26.92161420493945
26.343335256986744
30.343724014128256
25.99450631333871
27.59120859801747
26.408106257939718
26.410982367893084
27.034876131575004
28.799535881167444
27.519473573255535
28.738821700575254
27.27134685826488
26.410366057510952
27.332313976422444
28.471205631531912
27.72546364333015
26.844713136293397
26.980973862704612
27.39344870635386
26.783170257967775
26.861636265266707
27.340156518265175
26.817868156356994
26.870354130591263
26.95830514341391
27.127454757520276
27.179090400278337
27.720607143064047
27.590216412088868
27.41132287066138
28.008046545308314
27.22727793347964
26.21833418148808
26.953167347965923
27.197623922885768
27.09099004742196
26.38399763759591
27.421916002557364
26.972664715921372
26.64842606729642
27.197339552854448
27.183019274626954
27.50330587298301
27.040122389801684
28.6430406520691
26.17766668581904
26.90569452313651
26.42744100282268
27.19405300950805
26.730006437861643
27.581310062559805
27.328339478399883
25.929765443455135
25.920803268244462
27.210750581466016
25.778809131508787
27.533852760643317
25.989637265706452
26.70364585011916
28.691256691040905
27.28666647408839
26.861994975352875
26.89191252648376
27.36657123056069
26.246653828765215
26.52735370651343
29.3350958934961
27.81122742883019
27.127841107250237
26.52818431951445
27.24183127123619
26.979087605118597
27.412965031838567
29.795374848627603
28.766031210558204
27.049588680858246
28.970428557777293
27.410690096723048
26.968810465832878
26.96591378623553
27.307437915413946
26.981599406605937
26.91976457916731
27.12782558947809
26.245446018426122
27.526536415670364
26.00624880255706
27.7640315583965
27.519194383707163
27.532677840789056
26.8513867161824
28.837031080801896
26.610250906483536
26.258367203649975
26.409462264072975
27.043300634484293
26.095678599003598
26.853064244807694
26.364145843135436
26.689115515250744
27.205814228948103
28.826782340714043
26.874853870814253
26.832482613854744
26.83843559751024
29.431214655633102
26.624652846921315
27.244126408318202
26.90956467427877
29.093998713298486
27.24513391845151
27.49801428773814
27.70934770293542
26.4281976486762
26.33857764535123
27.06900475557997
26.914710213032322
28.300092291784747
26.192628795534823
27.59128438915714
27.327528106159097
27.00233394864026
27.543572685666724
27.53807776356124
27.74501174289135
26.985085284821007
27.065186711867995
28.885478310348788
27.114547464501726
26.22117864133104
26.495388663659035
27.063917367879412
26.351462583976797
27.474538849318243
27.122487873774094
26.368419674249473
27.54726368371333
27.584317719457577
27.281825154868567
26.548143363561937
27.569877619450676
26.15644615905087
27.502430757466676
26.08670676265698
27.169246561521074
26.07376769727683
26.212821705376548
26.262095963491152
26.728916056371677
28.975216321168965
28.970139924173147
27.36606135790454
27.083589884040556
26.619564876847658
27.119621300800393
28.96356965570883
26.117497597891873
27.183522489038086
27.066043087078103
29.48216057107914
25.89363719712294
26.548498267222897
27.307181622492337
27.457629405967783
27.23692259493992
27.39771835623931
27.04982788893497
27.295450565765062
27.00948933105274
27.151520479755085
26.357291869036416
27.603298335640012
28.228290456838018
27.523198584822243
29.036522919381536
27.305288812593734
27.311763734894043
27.6898028559825
27.29960575073384
27.47431209809469
27.611091248178628
27.45485961982082
26.972849473011188
27.531297160409544
27.568203579083978
27.506995224485493
26.419609184284266
26.00397085876954
29.105210496862647
29.11001392454247
27.700819300273384
27.32037415892917
27.270055221023274
27.48935258230082
26.512367229733535
27.11500215994119
26.9303900924341
27.275142449512305
26.792964271924184
29.235438763143723
26.946937044993017
26.347772812259066
27.673826813668477
26.773687232578254
29.076985858158654
27.334445328969704
26.331366692104393
29.580892399516735
26.575453330544452
28.187913881527454
29.249534473805504
27.644820908894356
26.674034189883095
29.118288085072408
26.938690688726368
25.64705029694124
27.384679488739913
26.267522079696214
27.310449324918878
26.11873997133926
27.436416041506142
26.77248549627317
26.742959802562265
26.37644678415971
26.2467264025439
29.27907182699196
27.210073188856434
29.148496012571318
27.501127013333658
27.263793836104657
26.11615681703783
26.461806706886332
27.4686519980092
27.806902666361637
27.234441493895165
27.59274165051997
29.25940564701904
27.23267091610909
29.310817087118984
26.459368906535964
29.511730400134525
26.34777237271616
29.38990967274117
26.47586652109613
27.574360819356027
26.26327780749867
29.171928046214713
26.87710499394044
26.85438381614931
26.631790351144396
26.791235799825056
27.2493767245781
26.871716654982976
27.576675317945472
27.198819603250122
26.6786869012021
27.162628944652102
27.25422206182239
26.319817502725524
29.513882114078896
29.302244179218896
29.164913109839805
29.184684663472847
26.244466878073993
26.91207111151995
26.562167764540334
26.194925578640014
26.941087519446544
26.576447936663204
26.711565868812144
27.380509049793307
29.219659318252752
26.82261780738522
27.644041217008148
27.18599492047465
26.531826597707663
26.664038300020582
27.34076998201841
27.704094701177084
27.400310502750585
26.796854632638556
28.973214576639645
27.191971287330144
27.76867106719764
27.106517640353438
26.22881475682934
26.575802598033505
26.25701063644675
26.97347435536943
26.81074264746685
27.238840069333403
27.21052298506375
26.3742359589707
26.36752986575675
27.67250756744438
26.479432092924736
29.4058211939218
27.952831894316436
27.12164944963748
26.207955022303096
27.224199655806004
26.99242081663514
27.584072016996448
27.74342884493415
25.945046078718615
27.325757164230367
29.288275070034306
27.64082025099651
26.916375810178106
29.28028959673719
26.310471219624034
28.95813522034646
30.443634337257603
28.536672254081747
27.203680827431825
26.24056710274509
29.85780536791009
27.66481656816539
28.049828829209112
26.00609522313784
26.37948308374364
27.0572136538608
27.18311570400011
27.528596533749607
28.281324318048497
27.13695224191236
27.58021797330766
27.27876898232267
27.190396441579807
26.127939165395418
27.346883664626297
26.74876280799119
27.41055423359721
26.57717214580295
27.26769038963202
26.477360235851332
26.666828870434763
27.244028614738006
27.247336178218003
27.323468839928058
26.99150976057693
27.68063696365157
26.987876614533654
26.33922947361034
27.674596956806187
26.954150248349066
29.41813167710719
27.437099739966992
26.279886907502924
26.66693861938609
26.96227413160185
27.448339558408424
26.711137170656926
27.961114465664366
26.11146130524895
25.725273040917276
29.3550181409287
27.800784715430762
27.28934766218793
27.421489360668495
29.13978459749947
27.014381617282048
27.777089547253546
27.526902862980798
26.430048628716627
27.575414407640196
25.675189736876224
26.663390686308087
26.809338989508742
26.04429941241623
27.666496117392978
26.670124913058906
29.361172212760057
27.747108106293453
26.02320718923983
26.428181977158935
26.565790601281176
27.574713250296135
27.297551045052064
26.809378584925405
27.586729321205116
26.896741401819188
27.59426030986863
26.922331598290025
26.992454468700178
29.352361588578894
27.434855601527186
26.091001849415825
26.452588700153836
26.44599260345846
27.41536171319659
27.198505748729396
27.439886762188124
26.105326560381886
26.40983544063806
27.716472841817716
27.208134880406245
27.431434590687918
27.80731138995488
29.47573477023173
26.357945190646074
27.0780989880536
26.708609333458547
26.47495352079806
27.04159493314557
27.603325919376196
26.512313360591754
27.183398344967195
26.94373877182897
27.1850127612511
26.879457634232626
27.68523035005122
26.914001087965122
26.50935249873271
27.6596052307886
27.870380130811576
27.847474594344806
27.177547885844596
27.255016873200965
27.315134019137457
27.224483907583775
27.526819537469564
26.767353138922925
25.742946389790788
26.291430915184
26.77609073304195
27.222138647461406
27.18207081139166
28.12462320859372
28.157487410903794
26.30560145155059
26.72022583310523
26.364732682971027
26.172155322529576
27.245157697325045
26.48157882549783
29.405748312582052
26.88181453201322
25.834160602250854
27.139317071919706
30.368870450910567
29.66971301002959
26.714357025695648
29.39769446542372
26.52279663838667
26.028499134295092
27.236837908924862
27.512120473933198
28.57355390477592
27.170290497630308
26.912661778470117
27.101196622584258
27.703563444056524
26.50320584942507
29.361977665126307
26.45231583889974
26.944026172066405
27.993246545775715
26.54909490215829
27.249823847470598
27.679694917225397
27.476285458388396
27.48107585365412
27.489229385226974
26.76888276556298
26.71069656849111
26.4208561413139
27.403272129348743
26.087774340166487
27.670394149741668
27.14818702568698
27.099307337727883
27.635476788405338
27.252411193466415
27.383507133032715
28.547622566767366
27.295697419199367
26.465912195941193
26.998875054486575
28.2870782651717
27.146311001493622
27.28554182309138
26.58698333246831
26.85448408440336
27.088650597684563
26.210793115994463
30.65071442522856
26.403899628209917
27.448160040300632
29.385732310925086
26.182477524470098
27.36385861807041
27.37793621395394
27.799834053914132
27.601430092066973
26.14051115860222
26.919266197632954
27.165825983753106
26.4935791766031
27.203174201530597
27.14756740687822
27.327807359740984
26.6317387340969
26.739835577653494
27.199347913869033
26.225475535840186
30.008779796758287
27.677132653037805
27.894863623765342
26.66157740902534
30.453303577655348
26.311449664601884
27.27284147271074
27.741076176476195
27.458904259975192
26.871365074837616
27.828543094777782
27.270181867115912
28.27848842294319
28.12150952236863
28.63195003716291
26.305282391678674
26.755664627004236
27.59475434728216
27.393406207192733
25.735447489443793
26.231010097411183
26.169113721537972
26.847274132462633
26.777095495568133
27.569140671045552
26.763233719808177
26.29944768815737
29.472580939495234
27.12798918640734
29.428415945254102
27.0215230149453
27.04032602063378
27.963131311857033
27.77856193988261
26.401690808358037
27.50763931752132
27.180791073929697
26.718791758569964
27.169999147555522
26.721269485838775
26.06255596165514
26.04376701432232
27.431661370750557
29.39214494307815
27.006210405928872
28.21182015714228
27.467486904142845
27.673156405200046
26.364512498429896
27.176541036821227
27.278426151776287
29.431144028911824
28.176190376373096
27.040880769764485
26.999757523340218
26.77977421909915
27.49528876069041
26.48244516058793
28.062138589057124
27.165897356509788
26.998229658398053
27.605395492640426
26.16408591240802
29.997671330749206
27.154761484390207
26.317424921480782
26.20746218515096
28.038912899204124
28.11636033657572
29.249147808971873
27.527974704219865
27.534229645472433
26.586244483638644
27.596679784487492
27.097404770831222
26.591879349194883
26.243520571220934
27.417686332987092
27.670680548510468
26.665750923619942
27.16212602442471
28.04797417184729
27.55663280451379
26.70081055225213
26.06810957974724
27.12014899047441
27.692495115453518
27.094884363228708
27.52446517143719
26.73239836517298
26.707810821728867
27.670521104617762
27.26856428174117
26.382272507197506
32.050452659326446
25.75905310996975
27.759202936755447
27.650511386575335
27.234171683448803
25.897964582133874
27.009516461076807
27.592356726780984
26.919778618912023
28.669170578196685
27.230614502607366
26.092149222156987
29.515569522900833
26.904042009550324
27.53625383098181
26.324456227391803
26.130378409005893
28.016554926941645
26.33768296640603
27.545259551925355
27.271345499017055
27.057296461329326
29.437840793348176
27.739057806054753
27.489684460019344
27.50107054953031
27.370848737601843
29.68318335298993
27.595336897500246
26.124584309404643
25.931072651156953
26.89438735848669
27.56916017774845
27.18912945362249
27.293709595067156
26.65243513598634
27.463393634385902
26.947719696911463
28.373711915757884
27.917717009912312
27.287118544187987
29.69200615312957
29.579439356250038
27.00630196527223
26.535840490561238
27.004363774537442
26.94867814561837
26.456591283976906
27.102928775278865
28.972538014572162
26.043363763132984
27.08065155768977
29.215332820955954
27.084564733587488
29.49160726631149
27.138205415066963
26.724684782871872
27.520969413845606
27.31952469010382
27.370101413140823
29.277992048873834
27.150335369742148
26.457033438694534
29.48837984015927
27.171564753091587
26.58320032231749
27.036955226570193
27.335782749659806
26.86002960767105
26.895530563102678
26.275421743354116
27.297210010383523
26.76856362518591
27.357570155277433
27.298287355561424
29.48042189175952
26.717413673732146
27.335790475233093
27.46169196524278
29.24563425226061
27.309775950236155
26.727043561880727
27.89977108556503
27.67663124475882
27.077472129162626
26.895352556385127
26.22437912479051
26.836310667975948
26.002352895974678
29.474949935830537
30.128410739269054
29.262462532520495
26.276616732555972
27.283844078198165
26.292027971638568
26.594196843691385
29.471701471614566
25.93517889933783
27.02384531867175
27.518144849137354
27.20876561333806
26.131938554548693
27.24826520288974
27.31535041276294
29.14864512061724
27.38077779170368
27.16198181344884
27.322694137668055
27.502880049337417
27.763750507594843
27.301054285482667
27.55329352753716
27.33549415416059
27.88173443825352
27.294328557281784
28.517406429349293
26.396720844325507
29.476999022119227
29.522752556636053
26.83857634499745
27.012788150938977
28.228765906467316
26.781721565346583
27.951970100419754
29.268510429512556
29.69306670236356
29.024583494515447
27.35943900975622
26.317407898709348
29.27725724550911
29.66520543153411
29.267280461526564
27.297452861516238
27.001992074352717
28.156203411440703
27.47798715440849
28.21950688880971
26.496885469973545
27.295420769344958
26.739970279126215
26.985521534562398
27.881727867934845
26.9652109458359
27.13436716622078
26.281609930351028
27.059269039656005
27.404912930653314
26.60298786155753
27.62703366276936
27.87195161524704
27.290380463475532
27.219271907772242
26.62810643494001
27.25062218314131
26.464496912369718
27.060165679948422
27.866256401595507
26.41428571205503
27.289790183234746
27.4637832087056
27.811234816855563
26.966626370696847
29.457861936700997
27.34013359446458
25.999068884704403
27.54814092714428
26.79688485321079
27.232408759477558
27.070798612990153
27.26847816146606
27.227772307559214
29.536621688614296
26.451995271341755
27.19133524884739
27.14475658405855
26.851088600567646
29.32963752763306
27.448110206936732
26.539349089168667
27.520219413967805
27.13214798498847
29.34589035726893
27.858058011763156
29.328094157739407
27.66145436126845
27.894215947927957
27.10961914604548
27.00057120819324
25.77660383692252
27.262688385965383
27.207746679551335
27.26385679607875
27.652858823403864
26.797552684039683
27.03757136958449
26.73953299565023
25.945520834995772
27.3669502700597
26.589180188036302
26.547998832638438
27.664055299144252
27.172475316368615
26.75511375768724
26.900477779775827
29.53655528054182
29.033687029791064
27.318880414203786
26.57885084782196
27.086654210730984
26.318612315301046
26.69858462659928
27.287427681371042
29.40596829352197
26.45600947515824
26.68448059752874
27.405757677706685
27.10975796179716
27.20137967443064
27.552412632580964
28.209767483914757
29.477945080431248
27.863772389082943
27.57284006824973
29.369522558202316
26.423383780008642
29.52722748528533
27.53686470961329
29.594585311613596
27.024893663054648
26.887561319585522
27.807796741514338
26.751440507581737
27.249723491018184
29.5206407060792
27.00235439040699
27.526423979343104
28.403807466747654
27.31311504805268
27.158609331649075
27.141796120963186
26.245434427135194
26.418170935549984
26.06296676190314
26.101580842127095
28.035085977612315
26.350694557635077
26.49816346217608
27.906825319706925
26.90640429258986
26.575434339350895
27.22357339942343
26.54482082856754
26.672794339822865
26.983559010146305
28.514252550712857
26.121450245537353
27.214222838221772
28.966103877872705
26.393555202878986
28.89290590452156
26.81431764347147
26.270146796552908
29.27857808218166
26.30350687954965
25.855005976643344
27.292820247526528
27.04935671843838
27.314655135539724
26.32214979138275
28.218555699666002
27.242689442468524
26.24048905718246
26.91267929947933
27.19692051516566
27.08788122463757
26.48043893562302
26.955138931944678
26.032501964492276
27.08141678853144
27.85508360858801
29.165436566655753
29.014225333692064
27.504805333937142
27.241985718743138
26.593057707811457
27.485898672221502
29.76170911116689
29.521239423459164
27.613619244684813
27.38511006435205
26.596309850284314
27.173729480106804
27.262550834904435
27.347160292680503
27.12261133962184
25.763555366471845
26.330107515602865
27.304319296569915
26.402894346791427
27.128579712122274
26.67443080816377
26.419005052864854
27.36522096279111
26.064231513229092
27.64791587667477
26.97298855358824
26.936515644567002
27.432273792499494
27.593565179899272
27.194351052161856
27.2265436079345
27.15859741190653
26.733532374280824
27.221941900002225
26.623326787854825
29.427782095507194
26.47207907253064
27.06285282546991
27.36739326576695
27.376712478167434
27.381535041963275
26.586068497331283
26.683257230508676
27.5388860762244
27.336728130782173
29.93692635229212
27.857772988014464
27.308723171532158
29.31984828411349
29.363733373857187
25.661411706633316
27.168231281596317
29.387755654431196
27.40615838021006
27.676276115583015
27.64708968413288
27.52310179084834
26.179733560119505
27.18760896916864
26.973460648618087
27.377385169824095
26.914856459439246
27.675858652114783
27.322287859374978
27.39655730538927
26.08570979367487
27.35898129071118
26.814863837928172
27.526235150522506
26.334632356939988
29.525264654322747
27.778907199610956
26.513134252712636
26.799137852832278
27.205155008706292
29.51821519382112
27.320472587094052
27.728780343967376
27.9495198514122
27.056220604796493
25.962838592014098
27.05106650518111
27.4856547622438
27.01582085073388
26.723876599969156
27.460229744301454
27.012373228322865
27.431294410427352
26.616362144185135
27.56165424111973
27.55984449538507
27.541782608712328
29.874024082803537
27.111048898845574
25.883963028418894
26.81485111218614
27.235052065928713
26.691587306963775
27.445795284736768
27.180725845645537
27.294292209601153
27.530349730151755
26.957476577615253
27.065666862699175
27.373618881220033
27.20069785757144
27.972589956192582
27.26830674101699
26.4427409876622
26.189285062908446
28.02003704715862
27.898548804038278
29.10799141444487
29.066911075938332
27.97691444645086
26.479185175700877
29.48854561605467
27.80615974289936
27.342363293320822
27.419829627140995
26.44348322923102
26.640515403807047
26.478313149228452
27.561500203210265
26.383793759099856
29.63175755312009
26.79303439911554
27.509705997004623
27.256889520106746
27.157097904370126
26.575897099635796
27.341313636908637
27.137390046966484
26.807609364336205
27.340253462422435
26.938215811833842
26.996351713380513
26.387210874134556
27.30947426836009
27.369887557941983
27.158161436694797
26.977590875886374
27.123070032853583
27.40533065758097
25.60992307401971
26.509607068131576
27.163256019551355
27.023255254729037
26.94233028149031
26.301278942681588
27.603217346107844
26.936206091420885
27.047107480582802
27.175208949933243
26.548093191454278
29.204946751175257
29.594988207121375
26.50866322890168
26.978174259416765
27.1294468388124
27.887076266531473
25.947583923180478
29.556038932897977
27.70888465456234
27.193424943573024
26.270210265195132
28.179166617915413
28.44739377464368
27.208115590103475
26.38882393082979
27.739014208702258
27.312780199352765
27.725207712005737
25.964058820893563
28.132167619921567
27.659533291470613
27.523988285303343
26.912228781701696
27.52752799946332
27.69177599814927
26.17191091988799
26.301138919228144
26.98908138153398
27.590501960508146
27.406390574646032
27.309685717732975
26.265181416218212
29.10882387893436
28.050590235376916
27.755414041439867
27.609468836351603
26.365460827581018
27.421048972865204
27.533464935535875
27.179959952513027
27.201226129243985
27.19958749290006
27.21900626119527
26.62176189395682
29.854857362092012
27.332659433238128
27.416802437331576
26.396074997653848
29.73391534340788
26.822113780487324
26.679243815864712
29.579884793485856
27.26570203719354
28.150706041081943
26.685165092535936
27.297998505652252
27.041700133920905
26.793223845592504
30.478830196817427
27.381614231869353
27.14827951368853
27.549184985036973
26.87375082458049
28.032773042156546
26.51957939861271
27.723114651260982
27.103023965655424
27.36007490317859
27.758152465612852
27.29930532168847
27.10899793443733
27.225682702761738
25.785816374480362
26.21548220359715
27.618850460760953
27.438521702998184
27.15751046890864
28.017797967176016
26.019058059259564
27.532083138934045
26.80695415364822
27.462930509801545
25.717511829722326
29.054155084692294
28.323748033580305
26.71428433151002
27.872295638645095
29.709880150714145
26.92980655856014
27.268225515623243
27.327557848289768
29.551131213690564
27.895255916273296
27.65950178123554
29.573507787863438
27.612309043025064
29.366270504504843
27.552067806663324
27.02911785417209
27.03140872475992
26.92137443134812
25.86490956426709
26.61732594306019
26.2684684523385
27.21269837223688
29.580844280782195
30.000182833427196
26.666288208114512
26.042765512262754
27.19818817456733
27.003046400969342
25.78574454296806
27.64513169897034
27.60461814965051
26.361080563247487
26.45204209434083
26.42050615271558
27.76034098042402
27.612629278042448
29.450841024247765
27.41837018230812
28.20288720763559
29.01342298457379
27.039794538447563
27.333022564717446
29.6774268587044
27.426489838051612
27.71578557941701
27.38820068999387
26.836491681888642
26.2763668125426
29.53677099598871
30.597808103263997
27.196274132614242
28.22397854398859
27.35383070127208
26.667743372067427
27.530100137023137
27.128461600555443
26.6626193484005
27.811046733955795
29.567549714836773
26.913939996448793
27.23858752289251
27.718903527072595
27.669512422381658
26.591174532934705
27.48963300444828
26.93887098432716
27.296311196467574
26.38040988773596
26.51042197302514
27.3802166306528
27.057916532424713
26.71920876447109
29.72777776216644
27.757353681527324
27.14347406725013
27.493914763310695
27.277835588193202
26.053334714656778
26.5095331593495
29.55213125061879
26.717473976736198
29.889610544558643
27.94701857785982
29.56257322874972
27.453338464179364
26.63011451824999
26.513113705688482
27.862358663665034
27.29322514446897
27.415222050764353
25.439492672283002
27.304225890378902
29.549222775001414
27.640788580254142
26.94615100277049
27.383605328696607
27.6877938071146
27.77369974926414
27.530970168279477
27.18345935094484
26.79934804938298
26.829312004751827
29.50160379609641
27.26386683719349
26.35598904358706
30.582982967294402
26.192591473294467
26.798003649799824
25.915250526426306
27.12921215030228
27.157324042081253
28.311791786688456
27.07418461693674
27.30070777543461
26.569014056350927
27.19850334277723
28.726609482400548
27.763886006523318
26.74756746589858
25.379253708891266
26.65406725091003
27.35581907682415
26.237210695414326
28.746098280202094
27.222674103715566
26.450249223974257
27.22213757231446
27.748157426078762
26.37381807228941
27.392932593369036
27.125646287787024
26.364755187430667
25.99015983046356
26.123834499294404
27.208878158156033
27.60869164542091
27.69037105297072
27.765898587133524
28.6594233564406
27.9017219198478
29.531012642299103
26.659045191845554
26.803284651571012
29.625558741250295
29.476223895854478
25.68477987511385
27.3456476291326
27.040957079092234
27.06227427786228
27.584716832987844
27.347247987451908
28.7954683457301
26.780992058061692
26.208258072568093
26.95710079065866
26.72878601593647
26.96810969168779
27.511000541276925
26.445697677925317
28.18211707228322
27.839205279257754
26.845036936329542
26.17494941248272
26.513981331316742
27.56366130215708
27.526993398393426
27.44828377675063
25.577433964339335
27.49194853688175
29.651206107868685
27.226067129639528
27.16520623098821
27.25929645968157
27.476828674480387
27.109781010879797
26.904198389250908
27.314980518013826
27.172376465713217
27.267676536992067
27.07499417949167
28.153219878959398
26.067694583950146
27.104999636929044
27.611669231839336
27.318825721120472
26.80953745905453
29.57322326885331
27.4902150596847
26.434353763016272
27.767607027633503
29.436165857656515
26.21177875065379
26.898602702219403
27.331134722748367
27.14639790261232
27.5366260117082
26.68853261143804
27.315823330778144
27.021413682148413
26.81476790633028
27.5849371500182
29.5541094834406
27.091035946925874
27.16881695020049
27.048820514209662
26.931060675199305
27.004099449851996
27.409795836133792
27.085050156952448
29.417074691615426
27.502583574565236
27.074499486621292
27.09321594955101
28.574769252378697
26.557644617616845
26.843238352661054
26.94761573888843
26.80222696129729
26.965803817398093
26.39791144522303
26.210296975757746
27.286164532249696
27.04312110972589
26.83263840376706
26.736440075557372
26.564408004512767
27.24317693116364
26.624740921699377
26.650859720153495
30.45073190167949
26.23461436745322
27.098589630150446
26.135354348379334
27.33097982822335
27.086898856252347
27.347057938246817
27.374041681071386
26.947430538284785
27.280518138863822
28.187135066261344
29.538521847623862
27.491053973960142
26.64175312643226
26.64183543432757
26.006648215733936
26.15622661172014
27.70491228538398
29.97199992447936
29.551826067877762
27.56577605702076
27.593646282422558
27.120622390546476
27.56070016587733
26.309930009793106
27.175010062852788
29.57069574791559
27.884992976562764
26.952813659326758
27.574753188443328
27.37312320846549
27.556113186313475
26.10092759401417
27.80202064084457
27.215853050269192
26.398850196053765
29.437590989104358
27.201126889511546
26.309541792109627
27.553073069494996
26.525150808875278
29.58091784713996
27.874778284902682
26.22717325439961
26.99806168732949
26.457699685453935
27.628384322134018
26.973663208347553
27.212114801409395
27.591187236274955
26.392838321621813
27.38369934196657
26.707082164626794
27.290176777694054
27.406174925054984
26.70989002871316
26.204128704175236
27.214915100435096
27.09744002983462
26.342249074163767
27.103725405231618
27.16148479944379
27.59121064640926
27.0049763334215
26.573685652670353
26.332240361799805
27.602896337239784
27.319045596993572
27.584464387956302
27.594101304446394
27.332686177649197
28.62977403788219
29.412591602332174
27.0081356045196
28.138835432788245
26.471014475735004
25.79037276487211
26.782972989706945
27.18048517506498
27.741988006164
27.52124698982328
30.14474667313118
26.079148919092173
26.912807955912175
27.655563019186847
29.301732173456454
26.7941278479761
26.31375827355747
27.40067401407283
26.966841790863683
27.192955288654396
27.340128070675295
26.22255779723287
27.523070390885714
25.97425849591441
26.135167255343056
26.720085038214926
29.517786980942212
29.624142083311117
27.071861470059613
27.765184270088184
27.91406281684612
27.568225119157372
26.17014563538295
29.265667006607412
27.47082031416949
27.312248885877
27.560052513854643
27.364139939876758
26.836681557850298
29.573168307101795
27.31719926028297
29.994654863045827
26.87732396365745
27.585787550010213
27.139689181927547
27.38405002662753
26.2455078391669
27.035643380455216
27.42723960340915
27.156845035980563
26.233411184650283
27.470292647816727
27.10144914703722
27.345699619062973
25.963706757920892
27.02663649843831
26.446897736274824
26.597265484597127
27.51276561497847
26.47973067764048
27.07145618293253
27.654741012574913
27.859152851121014
26.483862677938763
27.59561106582032
26.346954020966106
29.604408412416934
27.34129678479495
25.978479274551724
27.599156601598196
27.376807177937383
27.920679704829347
27.118463496067687
29.577598885138546
29.448879193809987
27.082559551811716
29.11581898003896
26.699773710462015
27.54553202477031
26.8756688064437
26.32335639808832
27.001332930843283
26.84216448527157
29.908865734398297
26.39193417176603
26.32145333729328
27.24391488519476
29.56156019031348
27.929101025520648
27.250782354905006
27.311275894495278
26.796686961025642
26.356495945106033
27.56799196809723
27.904020176367755
26.67604656085135
28.145369211401608
26.176702706373387
27.56493800112702
29.53413642899694
26.56289883336431
27.38080288256484
27.350663928269142
27.45328772091944
28.06645560408139
28.4398920528022
27.64526947289678
26.450389638021313
26.74636378043774
26.084888056081496
26.361210187387393
27.378914782112577
27.250232330276024
27.34740125007376
27.345774009992546
27.33799144363246
27.048738384726647
27.113291137302962
27.093385032213952
27.92626945012204
26.99167645884335
27.42380994292511
26.371560410945712
26.55987790957987
29.334772360070243
27.34784114937108
27.674927187815683
26.867785437600052
26.459450535365033
30.05314457148443
27.087145860599826
26.807964128149997
27.67332697974531
26.778965428678813
29.601083542541613
26.885575893276922
26.933751084668636
27.346072139589108
26.96770155046422
29.516579182989158
27.198813186916972
27.1938655415436
27.416307714220135
27.486502222654167
28.260420306652968
27.201469289548307
27.3072353468144
26.952135668213227
27.100596217085577
27.096810895524847
29.594864270997498
27.619629471951832
27.065583117668595
27.569985653610154
27.19831889041287
29.990230937945537
29.5735179496014
27.27581700631018
27.598013414983534
30.71762293872805
26.768731183066716
26.688563989259343
28.724434549583453
27.768572302621823
26.42807272586702
29.395641658957178
30.016282239863546
27.009240049896714
29.346214720036752
26.505078600524993
27.841663185946796
27.200855396171406
27.166350030373515
27.284075822436176
27.057632365315644
26.34390567760801
29.419907118199323
27.236944440963335
29.15780581041808
30.595294087019425
27.33899170043688
26.412523526599117
27.641846863306785
26.457203371493403
29.163800815930557
26.742151581275696
30.539774009862054
27.651030556074087
25.642456781170665
26.426603921075966
26.751646961040077
27.682654060168343
27.064729425335077
27.374414135316222
28.194224075653214
25.89232181386478
26.571680808958337
26.735978153906423
26.363944659159117
27.54335416761569
26.899582812124073
27.427256228760314
28.82390442920847
27.59604432220096
26.212331724047452
27.282052703586277
27.60732506698314
26.917473199130992
26.725815340814744
27.732157314641782
26.83119670050027
27.612512826213102
27.326960290840724
29.563709550276418
27.194512634014416
27.632313862104972
26.52325977312005
26.695886923493312
28.220917317999984
27.05921648461996
27.60061357467865
27.393762709754235
27.07966640119171
27.578816262826646
27.709584357758263
28.46197488243601
29.533536846449163
30.40989276790221
26.392352473104935
27.930571137114747
27.55149422083519
27.476380359554426
26.11273443095191
26.37128066114659
26.273701605487123
27.527521655375473
26.668282322752557
27.391901669372626
28.04874955898666
27.177521547850837
27.055380390447986
29.349676828937003
28.274206542621172
26.27995138411402
27.018853617795205
30.766973556023867
26.019086584498577
28.919555827430223
27.421364696842
26.15712127353835
27.23325833374338
27.63856806031734
26.607537506885237
26.776613704518105
27.396297097959568
26.97122651876584
26.40865404770993
27.822889978390798
27.257111701628794
27.546185334290673
27.111466282616888
26.043488750605196
26.369404637659812
26.579842523066553
27.509685032411618
27.41611405671412
27.822705711147066
26.33075851155669
29.92942276736357
28.316770017761765
26.352602557300493
27.386003442597627
26.120080715856634
26.53028469685156
27.68040486793017
27.082439041296052
29.557046082616083
28.051484513281746
26.733279225864415
27.07641153710758
27.105322766796025
29.29833970812016
27.158378889090898
27.560021136128945
27.237814325640127
29.47114924418135
28.014294738539125
26.98767695605144
27.181094864273504
27.258832096460846
30.37098836880999
27.141435966932317
27.25941709923282
27.010760529140278
27.396625297641584
27.27791563221758
27.33791635774499
29.735195198530455
27.897074105479632
29.326425665040315
27.517161158756945
30.706072292107844
27.63152607469458
27.310883851011237
27.524788215903463
27.40591386035986
26.3229342005702
26.320205329802565
27.654229712675512
27.49108542924912
27.308718784345576
27.760765427505774
27.079943429483052
26.13313653791131
27.405975830258008
26.65991177039723
27.855010533963316
27.346452436634223
27.361303117998435
27.49470688369897
26.51368038258323
27.67819415821321
27.19540638371824
26.621007275340112
25.726463353048604
26.22510034923075
26.27493977673187
26.164508958293986
26.514062623019377
26.93606113753276
27.66956456416997
29.66071572205384
30.54422664766714
27.67457935712294
26.73752657820888
27.102458345783862
29.737069164905524
27.827375608159006
27.418811423498784
26.412907674735987
27.205283256957216
27.246709550297364
27.365251241972683
26.994072114837753
26.74409609159836
27.259389175622896
27.58698131324468
29.52807850378216
27.333450255078688
27.22437391580555
27.193078104251907
27.585360283564178
28.056356665170924
28.64328597392922
27.3109019572086
29.599562391553302
25.60791381923311
27.315784605590256
27.258783304609263
29.553650589240377
26.495787033920536
27.383964933475433
27.78943918909251
27.58445007149027
26.728155542980097
27.13154644438153
27.432665099330734
27.209057164017793
26.93056401175212
27.183325085646135
27.04453739027822
27.36283623758793
27.367268477586492
26.550807920835023
29.589635255194768
26.923065167729327
26.604836061100347
27.06429836539648
25.881025854726246
27.310024716420276
26.3747998380658
25.79689921338304
27.331599715120248
28.309784550664066
27.54629828340038
27.56839133061374
30.768127356869922
27.326534340402652
27.38475259707938
27.645587110301236
28.859560348777975
27.396861739892376
29.430109791916344
27.034098207520803
27.80061980864151
27.813752710561335
25.984721112446778
26.210592523717168
26.22965990857462
27.32513453255748
26.366475579334477
26.506767958786618
27.786854840069825
27.433364009702984
27.050402455465434
27.659129026558894
29.643878043889654
27.381444979141975
26.746543492908565
27.663435192673784
26.2543546968297
26.788433242253166
27.51080491309954
27.005884081623066
27.07292017226226
26.44806888845073
29.638190725565828
27.83697574108375
26.354915101094864
27.17970601568104
29.495431809421063
27.233115244421956
26.869205142800567
26.869692359777265
27.33682113473095
26.965885406914133
27.35193296363245
27.119527846029005
26.82873060097029
28.333036436137455
27.378559774897305
27.550841851790256
29.60805660643389
27.245586550039274
26.422962926474643
27.36978438839322
27.189467174229435
26.914950119827836
27.478495227088423
27.508348676661058
29.80587040930743
29.779440376156614
26.976045897969023
27.313012669439612
27.20667254334244
26.378826514325286
27.915863671009294
29.71893078317274
26.851921796193434
27.294019748328864
28.036207569344107
29.779629751872637
26.281870542426347
27.520269218006153
27.045395638514787
27.354480737562827
26.410080675673164
27.250606490955157
27.257444995225747
27.585369342813234
29.521428821522154
27.750265932838143
27.004736003693715
29.594604341551165
26.107137629800654
26.287982524732655
28.049892897971766
26.34101394816764
27.08457567064094
26.320283074081928
27.246516281672093
27.57298722384059
29.612638524096248
27.632965585789645
26.27245601138968
27.796547952844293
26.907294167463668
29.58408839927063
27.123867212978187
27.27891140519243
26.519985939328524
26.104711816645672
26.987966769458435
27.142335748284246
27.633051859355344
27.6854336962878
27.378978318647505
26.969323187720924
26.662158123537143
29.567755904471
26.66328906226548
27.11527463290217
27.0099904960173
29.426309276968823
26.333795446902553
27.23071495709177
27.130572572788218
26.786082221657082
26.26680844484568
26.74653722934617
28.19124422047748
26.029724473851115
27.039295592059105
26.89690450185922
27.173028071175754
27.762853276433585
27.308314085444632
27.53241079226103
26.88784751475952
29.993331842143313
27.143713223418242
27.843108641968545
26.629677369212647
29.336371899446945
27.000259609666507
26.781222747849554
26.663312222884578
27.33129100093714
27.567031843647108
27.027494814136976
26.297346522931996
26.443148036640082
27.722251108874627
27.379545729972868
26.9833880437924
27.352554186816
27.526041429333414
27.248238432518086
29.484396780626806
26.914253475141162
27.249642612438187
26.245056224578267
28.516630690849286
27.14489467916087
27.654627880059234
28.23212196658056
26.92930752589712
27.991627351771182
26.128333213580305
27.439664356283863
27.514431355345017
27.045699652861664
27.852422619501215
27.32346086111101
27.314302596729593
27.093836734387295
27.531211441644885
27.484641568613405
26.904745013019046
27.79787627317421
27.58589978017873
28.184005100689706
27.406049578393187
27.242877949613693
27.669131955253608
27.186103944515697
26.90317877503552
27.249883088621317
29.024271702094957
26.77506389344365
27.3723153914637
26.910267071386198
26.38233940803629
29.36549331500536
26.797670174391783
26.65033847856882
27.365395696020077
25.620819778234175
29.420070300848906
27.2184766281441
26.90082773083571
26.284460196377545
27.898842798705587
27.668876045058493
27.57455583343872
26.164342516001415
26.288514936026438
27.440009980527233
26.694818404767194
27.34562191093968
29.574794360556595
27.227763695226432
27.383057748822814
26.958675469351768
26.765948429471806
26.33109346006919
26.04028406093284
27.906033958099503
26.512980380693637
29.64165955886295
29.600646616041995
29.5821330290292
27.725369478164605
27.904307937095943
26.820744181841583
26.00294966528696
27.604078377368207
28.049089342466313
29.50997893428313
27.395486917467508
30.259541714870767
27.583352226779994
30.324994631027092
27.340111775537846
27.583077662919774
28.370639636394436
27.342806275264877
27.83209662001757
26.2563133596175
26.735256769985938
30.457522036406505
27.48852399920683
29.61686277136021
27.17522144715286
26.813176534096176
27.51160557933944
29.357233323031675
27.41245754672723
27.312308984709112
27.691914061831646
27.30887453218319
29.608976235661206
27.810545937541786
26.56037178826377
29.165656479383394
27.188190322923752
26.891379969174686
29.456349209673498
27.355153597116004
26.229927688325255
29.60496342529392
27.475605536515108
29.614441218789416
26.32004329423279
27.044765483002724
27.02165852983748
26.781269372958423
27.049675476218365
33.48203909975703
26.487425291338333
27.563131829391526
28.66168952432156
27.651703492095777
27.849089668928272
27.721001493386076
27.228307113055596
27.32399740042335
27.59907451663432
27.52731893781147
27.429725659176164
26.361772818629422
26.689911072229034
27.124498965226234
26.946321518460234
29.341356198931894
27.97802111329785
27.01145029573275
27.652380093741808
27.697511881624173
26.425646175185676
27.12288140056232
30.560745795735492
27.701151531298702
27.65200824654488
26.8435245979183
27.104259537737487
27.344682886393873
26.60921678601575
27.216638990822
26.77806312061989
27.236090909558207
26.48867189790619
27.026318399357898
26.40317302417313
27.577040187065244
26.320207950373586
27.50644879620412
27.30131842901006
29.699997978402845
25.997465722143794
26.671613566065897
26.312635425642362
27.053650288588145
27.16703337601287
27.26178665124859
27.62539407771432
28.110800338975586
26.45069388403155
29.48158304433301
27.611833292081876
26.947944779604292
26.843802978441268
26.71095079335303
26.628013603473352
27.23280051839816
27.563901199864546
27.480387194314385
27.05156422145715
26.81733529639737
27.874165766953094
27.646688650554616
25.94104616494081
27.377211624902113
27.227010451315877
29.45053120262372
26.545152001747063
27.373523972624692
27.255214041436144
27.890195866345763
29.614101786968753
26.325766681771295
26.180246943412655
27.55477291643848
29.615707794744058
29.582995338779376
27.464175944083557
26.21124586680166
27.346639416701937
26.490961301563104
29.47985770539071
27.934339007471408
27.394338767894585
26.550106514563986
27.24755570860737
26.57921197869573
27.16168863457423
27.414075134048367
29.554911975100804
27.007099994349105
27.458194984012344
27.561877751122278
26.390947193589675
26.958047653962506
26.44240180932155
27.19321667645479
29.5189846237886
27.717682591449353
27.554652782517994
26.640196625092507
28.692936089974935
30.354860364517844
26.89524535697999
27.750886419618062
27.461952427967486
26.737094348357363
26.139222324486305
27.34796953089859
27.243639083160847
26.216983235604637
26.401845682919017
26.35895642494021
27.16972003286244
27.054282251879588
27.58970972688938
28.730746912196768
27.32820919694535
26.321231841114617
27.57273050613714
27.2445546188474
27.529406833921623
27.029020670624117
26.7501320717137
28.047693636099325
27.208884857344312
27.805532846350488
26.889276284041674
27.881809841193714
27.77950703907541
27.93080971732264
27.368583519425332
29.50508203988037
29.594443750061206
29.520346853660726
26.435849413152003
27.383997296576155
26.988344727421516
26.398114208893883
27.190770285649375
26.77004475088538
27.214300376834686
25.813290436070464
29.60236250240396
26.32195666055062
26.459914631180588
26.17529874735185
27.325491530163045
27.784537276894014
29.418228387191345
27.41251062346679
26.549377595783884
27.242591951295537
26.781737108779097
27.230106340864143
26.99457813544589
29.882504110452924
27.640982160175664
26.20985454313402
26.281653653212086
27.855674469864912
26.86784043324407
29.516529036316697
27.218730693545304
27.216003087361457
27.4382891968699
26.953923833066323
25.980418737572535
28.052360101586224
27.705701481219123
27.788000460028144
27.502851949312838
27.735045050767887
27.52640956463987
27.559784938859078
28.373456130631862
27.29163364154336
25.96220266400721
29.41630350408051
26.346063326743895
26.723786970916755
25.899480285253848
27.41790536675128
27.243800348237304
29.419465753228547
27.544375653036518
27.367789332182742
26.278015771900613
27.233940700210773
27.399962142947277
29.57186836426483
27.349356514693376
27.328605011265555
27.44330906629235
27.71200005701228
26.528732803593925
27.05950981716412
27.704887953874366
27.081806611125668
27.368487330811668
26.43640744276034
27.12009464335232
28.37575277966416
27.21492610239204
26.718471490752687
29.74657323484113
27.482453214631253
26.59545400760288
26.209756609377486
28.362752251007308
28.026868947636913
26.20423501615714
25.934507443246183
27.55314355683618
27.985713518833375
27.171308915714075
26.426097721582057
27.226418228001734
25.61387050452232
26.80139397360037
27.496829551328144
26.54634535455135
26.813687843204107
30.151858873898245
27.33237380217177
26.854307258203555
27.405270098703955
27.12467452667707
29.518013622967814
26.98213653082418
27.16848906162706
27.178511327697862
28.26002739787376
27.42286174349398
28.047286680181088
27.16434174933066
26.20994268540313
27.733892447500033
26.587807313410327
26.684520495734024
27.291524393940275
27.039814641827746
27.930562594034715
27.40344980150725
27.56924664881482
26.489412041220703
27.128924332157037
27.783432638822454
27.6418903842422
27.249752975557428
27.35708851058855
27.91459523956181
29.60304514040584
27.615928573310743
26.519249712434615
27.31554292427668
27.72985273711472
27.41403467999836
28.388057518946024
28.067176503537862
27.57262997950257
26.961847805220426
27.256936123093713
27.257931433006267
27.3778370319944
27.18693704252076
29.57590754189745
26.730066435986373
27.82093998170219
26.727688265160342
26.275665989013387
26.44129146634746
26.724630132311823
26.887282608499774
27.057124637593063
26.993589103795358
26.25592947472974
27.18998581055739
27.384631215587305
27.01261244430073
27.52152573542127
26.791096578208627
27.790917307292755
27.05132388404646
26.49917010596878
28.21703720449646
27.364544875317492
27.05334364886795
27.50937832911445
27.15655061510909
26.32285640881821
26.99783041864658
27.024006072352943
26.950153833232108
26.601115287052124
28.33556708889795
29.40307299198175
27.717943804241436
27.91091185787408
25.970582982301632
29.72775957544195
27.471587736291113
28.76738527568147
27.503177117861014
29.60098313851981
26.85592118775641
26.939611382728543
27.051797335609052
27.363213285265505
27.173157500374895
27.495889323468553
26.385394906049257
26.838508923429163
27.800207108480276
27.79115324006819
27.06372092099556
27.512414726825764
27.628282794136023
26.136525223191168
32.05359446811377
28.350429326868806
27.204598149996603
27.801029476902038
26.301673815742365
27.4357307566416
26.59449784129268
29.55486000410162
27.710237255141276
27.012847575200773
26.170866770595403
25.791546252904247
27.5708887612378
27.03499764652476
27.08251087869549
27.36245505844779
27.35929586334336
27.197980213498667
28.352893068882018
25.9573339228239
27.733283454521914
27.898082725074914
29.027742570653288
29.73829765580098
27.04777309231052
27.375434511784594
27.20764354023113
27.04950137060921
26.985061870088035
26.75344419597401
27.41486912105212
26.69939669512001
26.901134273191797
27.11109815485527
26.921513879650387
27.21279385360504
25.84085766462169
26.502850072440683
27.05776849405142
27.735446159492536
26.68872991514405
27.352522334157126
29.51079243350976
27.345083523093834
27.06459022691935
26.32707359461233
28.057928169430944
27.942335067723402
26.7036215192533
26.71905316057137
29.523783980275507
27.444463447487063
27.678229088411275
27.342963526759014
28.147334788936373
26.138059936483153
29.53015510368934
27.998005237384955
26.2203795291107
27.262499830884515
27.641099081891987
27.58498565632982
27.554291240092333
26.084351900268597
27.27089153404211
27.03545284291469
27.71588616229964
26.98437271905236
26.34542628703781
27.20157281737436
27.742036480875292
26.47719675794337
27.636079906038443
26.007080582284
26.93443174580976
27.609876733593374
27.848717670410842
27.143945792984717
26.39812532559694
26.802945889314394
26.50981693943117
27.6814632892597
26.492077147672568
26.854884686587145
26.580119342416296
28.42253795638264
27.42634305585181
26.518356804693365
27.01719748705861
26.42958099480298
28.1904093807712
27.37004579309016
29.60380928282363
27.723989227014012
27.43614270520149
29.626769646623217
27.090255460578163
27.326299768859815
26.53970281545949
29.59457092317957
27.3144338344694
27.334496909136544
27.113355884851295
27.706203853378742
27.249710777563028
28.109737136620407
27.26434720953348
26.61686763259508
29.611259620530316
27.77549400064975
26.65948436263471
27.730853775623732
27.429048194762515
26.962728858354758
27.632146663179686
27.57062459520203
26.90535667364044
26.77486117346356
27.12574250317802
26.472604231037014
27.07507187009873
27.297723897227414
26.145552429344615
27.200922799830703
27.275682576386465
26.683398735931117
27.361344749078338
26.857936601086994
27.612934831904322
26.335055693277866
29.610264975464936
27.799788307041435
27.577957891109328
28.10883704777499
26.332221528970507
28.348531661172164
26.09398548344306
27.368479546855184
26.913727685075035
27.051745646247387
28.282257790854427
27.500139146022825
27.402625957206144
27.343172743637012
27.177979426025644
28.07921143727389
27.050350782702754
29.494602585284834
27.341951578940737
27.174431534038057
27.2055234314054
26.293354286026517
25.9982426933861
27.575175039330205
26.899389667062334
27.10005103611232
29.33277179749287
29.15188361955089
29.455757123232868
27.680779453270173
25.874462898069517
29.639252749741843
27.45991487320166
30.058559025430352
26.710609600244098
27.55518818754295
26.00031029231532
29.4971733325584
27.597424058632306
26.284401717250102
27.450623823800353
29.621087395538567
26.8157131207624
26.3789163827652
27.149040896910563
28.30806366667165
26.331907514524772
27.172022535042668
29.054635848296876
27.85871183231577
29.339965796189166
27.568542410993928
27.589405802643277
27.615182592689717
28.105507351877385
27.905895209351815
26.98498755459784
27.567609231636233
29.615928410728312
27.527289525807287
26.407823252866695
26.74111781641507
27.348299356014543
26.93377070311973
27.785867436938585
27.704320858043616
27.177357404560148
26.67127734345685
27.602264658728128
27.0928879792653
27.270590366697718
27.592261598795158
27.665713715529623
27.323885959881423
27.910506180497634
27.265759866332072
26.779964544619126
27.58455028774358
27.422260498623437
26.149859942682962
27.670490408615056
27.631955839763155
27.561363898748574
26.360746820936853
28.7017804210213
27.392101238051
26.98367299145477
26.619934556955887
27.012120708407057
27.139464751735616
29.128764323865035
30.04425917188829
26.75155772177555
27.886933736651
27.04271462706583
27.582127338647027
27.209379017965645
27.770876784838034
32.95298898986166
27.372694932649857
27.36488623911614
27.18087813524764
26.638935374768106
26.637337596231184
27.430357265090844
26.079897251887065
29.570860541406862
27.652178882766208
30.427678986164057
26.77201827109117
27.524794267813213
27.75022313344708
26.164569637577163
27.33691496862644
27.6558825984391
26.035746730439392
26.782843263985736
26.3976313267774
27.54570895306159
29.309519878906045
27.14668027721853
29.631541748909214
27.79351112696822
27.338992804905143
27.322535692864978
27.059531306558323
27.70448395058274
26.856643129993934
29.43026620780573
28.24393948491878
27.565434822798323
29.641906366199038
27.727035778808197
26.73921744768701
27.10267721075534
28.185854688705614
26.891114960311864
29.79295616975958
27.273506152703654
26.773350771067726
27.204686225298566
28.16435885612208
27.19929310132798
28.273184408453194
27.57560976061781
27.220440784577494
26.73343966356577
27.34426625236992
26.32712608928718
27.59740794110875
27.26787536735277
27.32122379394095
27.896730939332905
27.27989896257819
27.021758628779914
27.033533000015698
29.243846001066427
27.173401220445797
27.64606864787158
27.42731484067551
27.048407816351006
27.62259040001079
26.17406500701807
27.187376449454717
27.404296786690132
26.294066218647007
26.5540433164814
27.774891967739332
27.592333603171205
26.232576859643856
27.366393115652674
26.681843379188187
27.192999608665144
27.251145198264663
27.780343530223142
27.079927301530013
27.298504005601526
26.985225266836146
28.421653911800835
27.527772542276203
27.66053698234334
27.76830894139977
26.42407485541037
27.033261232431474
29.484886882840016
27.188355942983737
26.35261267804864
26.496703060319824
27.05634634050712
27.402937822737474
26.771342725221615
27.426423912227254
26.93091539023674
27.179359205609753
26.98905641679729
27.41385516969752
26.584225016698696
27.901565393398915
26.076876199494777
27.407989632117864
27.031711761537263
25.969844787679243
29.640322069548063
26.538565481324856
27.40791697316771
28.32806241955913
27.166910498557566
27.199930306418274
25.98547194929171
27.197829461314942
26.489015163415313
26.530980157951145
27.3285422074207
27.61811192815295
27.13064047350868
26.402609010365463
27.13139034702191
27.404723144511724
26.286102698526328
27.341323582449036
27.60305625185443
26.897364905968292
29.55635269318962
28.059582381413883
26.960804444163
27.668816166037363
30.59861134017895
27.87742144231868
26.996395092455387
29.55996901316312
26.78715835840423
27.60817339954241
26.749882293533158
27.031951530575395
25.876109608050267
26.954265987505835
27.874955090953645
29.556803130655958
26.894332524136775
27.646200228040026
27.930311055321315
27.151034445054208
27.25808347292566
26.46979100922784
27.888224194165886
27.350414484456614
27.164046819813546
27.976458428232803
27.156982721654803
27.39573085093958
27.35866646349203
30.601476073145182
26.935080812553334
26.45084691522908
29.62073903883422
27.823080118282018
27.416449379170974
27.05728507520878
26.81946957848315
26.579378878590713
27.53810956128818
27.837288513619132
27.01767133547325
27.464618737557416
27.8044053367225
26.89695438077032
27.114955744211137
28.192440823922013
27.091672070111137
27.356468856357285
29.581169555299354
27.19765412493214
27.547210962045032
26.582616150537675
27.266214652828697
26.349539694673783
26.688943393586847
27.251955955606693
27.613421292128194
27.29913049140049
26.908612817336337
26.97799994759164
27.74496262861413
26.409720407883842
27.619339645794753
27.124914226823915
27.574777967770373
29.405365261257415
27.678003689084477
26.519552876468804
26.987603105111855
27.750782290646352
27.47654765284592
27.024469877503755
27.40062640300014
27.55084794011499
27.400421961385415
26.505533468293613
27.048932088825733
28.456957861939554
26.596787408414713
27.682585623085284
27.32431467767526
25.839876846962273
27.332173926738985
27.572559175182686
27.51847030146839
29.621022485133626
27.730882181531697
26.997155062063403
27.645134365520985
27.16485580206571
27.29348881223238
27.642895928106554
27.5313369899062
26.028406022623233
27.423694222224523
28.341945399706265
27.230819992415576
26.19196382912331
26.822481498620835
26.678420802800275
27.420940078742163
27.20463803798198
27.43910401172847
26.94168920167242
26.95946934815014
27.573978978575106
27.057398937757593
27.24763979276704
27.53724937028307
26.562846643071058
27.220888431374952
27.28738211431352
27.09914638534067
26.4776047849298
29.474327768609417
26.354067670983436
27.061516038612154
27.893072082092864
30.250393531990877
27.391016019331733
30.78315930615436
26.2039254429104
27.136957776800138
26.96321402023735
27.629132278846722
27.375368242677506
27.82614696506941
27.096442180042065
27.788795713881004
27.699991684356423
29.450959570541535
27.560392744306558
27.217116315123675
26.248633079577665
27.637517378414056
26.52262137399315
27.050300660710363
26.68489669683386
27.40236454540288
26.236151586558975
29.801432070011654
27.194355859469045
27.006671802823874
27.6037432181199
27.191072373030263
27.53313518148922
27.373419603396794
26.691060203153704
27.650482611566986
27.61327893658029
27.370359221378393
26.229091038343498
26.61432442087693
26.335889339494198
26.983780360512736
26.99883420378969
29.06987816103447
27.210932077368934
27.772395581963643
26.677828424802865
29.60141219601368
27.396399500313393
26.968351552474395
27.179961283457967
27.41143376999889
29.622559114043916
27.10167684989379
29.604852230947134
28.034090726492646
27.040897268964983
27.186423568663283
26.973046420541877
28.101520283627806
29.62460147667757
27.78384038305288
29.449493685643958
26.15744141123117
29.107228393001517
27.35765085054453
27.188283933485938
27.704383331073384
27.12561316494892
27.580729390700533
29.603473471482395
26.78274998046892
27.602160219112214
27.423126081133532
29.630138580923933
27.446164604484423
27.84409425868596
28.05691301168862
27.50580545355285
27.75304393857272
26.287644815569685
26.166615109603317
26.58792855491583
28.044829502847243
27.545924404117812
27.36428574561354
27.786469768996433
27.929718810377775
27.882503860018502
27.0695556546491
26.24007140861144
27.309667068087684
28.01055518624003
27.245299022180184
27.96649714456117
29.608093387864336
26.78282674488364
27.814279753084456
27.628838866107603
27.62246483854263
27.122761867627066
27.845166968053892
27.42469667417681
25.94745324788872
29.203729985341155
31.713674256698233
29.62112615545161
27.721274363766355
27.555802606237854
29.38530855910503
27.644121194155375
25.99368463560709
27.284117537712334
25.84310992514044
26.996500735073734
27.306697311283838
26.792514316055883
26.871824762921072
26.313005170294925
27.630074934990777
26.799290500360044
27.54716953832607
27.25641295198662
29.46100239227251
26.920311159882303
27.87048872753227
26.689170671702296
29.469925480520935
29.52213126380846
26.709074562879216
28.132535538874617
26.674512789936088
27.59362403031594
27.29941777493572
29.13831182813029
26.712912935036616
29.39210064281526
27.41253982999169
26.44389753786041
26.43706469980731
26.38752137203798
26.199243287931022
29.603341386602057
