0.0
26.87815177887581
27.371634860345033
26.842226053060863
25.663956156927057
25.524356228771307
26.776531228024748
28.95163551017007
29.347150247813772
26.14241326466152
27.123254995033243
27.905878849247415
26.862424476885028
27.17725418634873
27.461042438691905
27.22118912760869
28.17658246979962
26.933174140618895
26.341989203269847
30.344564621941352
25.992012993248387
27.58581648407306
26.40436316892775
26.40782369852948
27.031437535496377
28.79899945462731
27.50640546371023
28.74249165285417
27.271689946020704
26.404147645283363
27.333673354645075
28.468311080488313
27.719882451899004
26.84193201316913
26.976567603136232
27.3897927834271
26.78396525241279
26.877601043204507
27.342519976092856
26.816304045468517
26.890947096522176
26.972975863569914
27.153732651152637
27.158773032756514
27.724473502178288
27.59000284818685
27.407577820635023
28.00866632127985
27.226546298530664
26.230233131392676
26.9559569395284
27.210502075745158
27.08158983629888
26.39119846769423
27.43475765159005
26.97450654725964
26.650206999839863
27.20128711866823
27.185896561279947
27.507825617140714
27.0262808867857
28.685836069792728
26.188977400975954
26.872539434003965
26.428469894343078
27.186087150903177
26.732069889255655
27.57360533177725
27.39014144599214
25.923415475590733
25.941466044872936
27.223106925340787
25.780024237297994
27.519145455428465
25.976175899566986
26.70247049111409
28.653699195586807
27.29652938852864
26.8439079300666
26.879555999073045
27.350133773482053
26.24458448344348
26.52224204003654
29.3433791191192
27.79089769787276
27.13149432355996
26.527375237222117
27.25108512814253
26.951452732017543
27.41668634099529
29.79882076665036
28.80825978804694
27.0479316355149
28.993645882336807
27.422283860048655
26.963618194376263
26.96569790534374
27.307431336582972
26.980684515557268
26.90966222263959
27.117344044648917
26.248668738416995
27.523169200709265
25.995187516138508
27.75780733150907
27.52508938069235
27.523148747179356
26.84576446555986
28.844437908956653
26.60127697330922
26.253741720499644
26.39839257970339
27.046814210042047
26.103333427794563
26.835049682580518
26.354711702787025
26.690074196056596
27.200897657073554
28.80875707823571
26.878320638787464
26.817528744430067
26.835035422358967
29.42908965161075
26.62105127555535
27.228001348050707
26.89190306044235
29.059964697892642
27.228802411909637
27.501334531283188
27.75287810106254
26.618485497431138
26.42635596098981
27.13093551183513
26.97371448436401
28.33665056735496
26.211007346852863
27.59623210935286
27.330883366452998
27.004754411457863
27.537921669005662
27.552077956740785
27.73205333148472
26.9927507201003
27.06557378395716
28.929633428343575
27.121699088663924
26.157647136342618
26.469844353500164
27.056226296457822
26.362365953206794
27.47481660721351
27.13215561995614
26.36372186760437
27.550293357745765
27.578211708723018
27.290299643309083
26.548482615866497
27.56073038618566
26.158824037645278
27.51155099029986
26.081802342794262
27.166793728387706
26.09618462987389
26.22462564360545
26.27537073449019
26.725470580549516
28.99603677165407
28.93027784699955
27.28817401229867
27.086925171447756
26.638097877533948
27.124606719167737
28.988901961455245
26.112133209324664
27.173146072179467
27.05822142455333
29.447305431939366
25.892259676512065
26.550888523034068
27.2888104732947
27.465129796671764
27.221275121423417
27.394167620313404
27.05959888233422
27.28195350723033
27.00398033005906
27.185597765573213
26.37785932888007
27.61173303230833
28.230534981944672
27.51571868157634
29.05861720567375
27.298285987855603
27.308802964261385
27.691638837275242
27.28643077243506
27.463788892032337
27.611387874131545
27.466822576481235
26.983450628908884
27.538391993134752
27.56981122782339
27.508024268990244
26.407504170052903
25.994734044443593
29.101452617093575
29.12051930400185
27.685712714780568
27.303202114906668
27.260229673575296
27.490625918719008
26.51722367513289
27.12496469169856
26.930423769908572
27.281207971966136
26.789483685292165
29.243763800323457
26.933000116745276
26.34860494674562
27.68156487303505
26.784097441638437
29.08570542930025
27.33033743321102
26.332625795779915
29.560878514830765
26.582611510885723
28.20245803629359
29.266365852941842
27.633662914348022
26.66415081502268
29.170243124744804
26.92793435135405
25.64035922028328
27.392700278668887
26.282436410191245
27.329424023490805
26.12577441861119
27.43388241030976
26.770377080640078
26.741345435316568
26.37761457879781
26.28393088067324
29.30170266987903
27.235673239205372
29.236887568480007
27.482590489578573
27.250427117062543
26.106957570036847
26.492837868354517
27.472222613013813
27.80809880643252
27.238240295513727
27.579003598310013
29.217940033379854
27.215308773164722
29.313686754224545
26.45813699362064
29.503392337167483
26.346540069307586
29.41662425869176
26.482107400817704
27.589270374531285
26.276925909566504
29.172877734013742
26.88919661902569
26.847526123406173
26.63950319764064
26.780268985687304
27.221467270006148
26.863082666487706
27.568649247498694
27.193735493735392
26.68269078014012
27.161914481287482
27.245118246083322
26.319722298219624
29.50590007941468
29.29731971105708
29.13977665557618
29.248136298853396
26.218596570517526
26.91608923187907
26.53992701015508
26.19425601771902
26.930974710153393
26.56217884741934
26.70742451318979
27.37769494942596
29.225847819536302
26.81590111128524
27.635893640183173
27.185489020766287
26.518710654003552
26.66247095718811
27.262230713208698
27.623050233559994
27.416081734458984
26.854693025198262
28.96893173043167
27.182319826195688
27.791280710381212
27.11517078171135
26.236377353881224
26.579546712175116
26.256348220800266
26.968923046461637
26.791981636364874
27.21460705695583
27.163014724200863
26.352898708944096
26.37925329529318
27.652912546516546
26.474899208534612
29.42663657643076
27.938457235144963
27.126035631511005
26.205892118464817
27.21663952771525
26.992279072920443
27.581505388945708
27.743362777095594
25.940171712177992
27.299126113893617
29.31618218285573
27.668289206674398
26.927576181461873
29.312723608152268
26.31775054939
28.945524023119706
30.438403599030316
28.548510379245243
27.208451843067685
26.2432995814069
29.853955612900016
27.681762370645668
28.06120755098001
26.014169157116537
26.384498066915647
27.061381864515806
27.18789376944979
27.52072064713156
28.277026277388508
27.1361908667224
27.58768386941696
27.28521700236979
27.188457024996826
26.137150767988594
27.35218110989441
26.735804164940784
27.416935403776375
26.57741681955988
27.260890527636075
26.47666696878379
26.684026068849757
27.239143630163312
27.231004214349095
27.330012826998402
26.988505191220348
27.688915683322563
26.985362199063687
26.34216127820354
27.67598248448273
26.948878038355534
29.397398169880987
27.437346869362905
26.281555385616702
26.673080464093456
26.962939527420694
27.444799551435644
26.737906437507267
27.950398005649365
26.11658022067017
25.72979529494906
29.33211243008734
27.812955953565464
27.221153655656167
27.435737532724026
29.138623558863387
27.010613577437805
27.782044515462587
27.51641613065874
26.45474517725529
27.593676147271154
25.677477084347913
26.65334000923904
26.793471258576496
26.04816135426359
27.667099091706564
26.66715244858454
29.37571003078997
27.7464287167111
26.02187603515433
26.435267685309356
26.557348469686314
27.57559984697147
27.2987515798005
26.809965225984538
27.551121053746247
26.89875140119925
27.586594561161263
26.92278065652773
26.988155234951076
29.366268302638417
27.429055806135217
26.085980843949475
26.456990618481072
26.432202903267157
27.408200321892604
27.209498546821138
27.435576038969483
26.118931361792967
26.413199489409656
27.715243857185175
27.213148440429155
27.4406320604262
27.774042180976412
29.321259717448516
26.348877963792937
27.05306857061147
26.6845969683187
26.463622412788073
27.030257995016544
27.58611314240309
26.513976764412302
27.18666670136493
26.918284142269478
27.18616872048657
26.89472535276553
27.68337645095706
26.904504669962332
26.515311418247695
27.663741664172118
27.87492822596624
27.857841752949156
27.181966149537928
27.25506616442058
27.312395155261946
27.227223574603528
27.532838655229554
26.755641451426936
25.738228981173897
26.286109632059844
26.769467352081282
27.235847960198644
27.16090144383406
28.132017809602004
28.140410506920666
26.3061403808013
26.714003609465625
26.358268583760147
26.14831391774595
27.232394210652142
26.482492313034623
29.42939616004554
26.885458487966318
25.836726667166403
27.131327699069146
30.4071756876013
29.693509703140585
26.70849422791488
29.4128947229324
26.527186503579134
26.053751626640775
27.24298895120148
27.511493528894206
28.57607414807146
27.17366382618966
26.91030559645104
27.113204109730365
27.706201750024874
26.506405963247943
29.412621868930305
26.444835944749578
26.943642975976132
27.99702358736661
26.541297238254955
27.241668189271167
27.685460311426336
27.47109100285733
27.48495338318745
27.479054118662894
26.771083971496004
26.712205888279858
26.402810212885424
27.401554352831106
26.08231337500653
27.63951927680059
27.144753151540232
27.108353246370672
27.619901348824776
27.252774714322186
27.386806830572255
28.54501671466184
27.278192258300155
26.47637991344947
26.989134368389415
28.29164551927135
27.141267905271864
27.2477598385686
26.56284710492931
26.81679613609261
27.04949103815151
26.18978898056579
30.610330566141705
26.359722828589366
27.365159849489675
29.324388817053148
26.15776115179771
27.351839081634257
27.364146049733176
27.777453322320216
27.593843921267517
26.12583873555482
26.900639522552737
27.14991396947364
26.479583874698992
27.194252503537097
27.121402313510856
27.29783193333067
26.61946988818004
26.723551643545992
27.19000208564196
26.214195652183157
29.968738656587384
27.656898220591305
27.87688480653159
26.653591841792668
30.42267409837257
26.305092620934932
27.25214757191033
27.71057562150974
27.379455987097195
26.848314244248023
27.80044938083019
27.262378020515822
28.25956557922165
28.085203235612735
28.60868147249065
26.308047630378894
26.74709472177796
27.5837451169613
27.369958471047674
25.72806517097957
26.222793108739175
26.154809915108444
26.831577471996734
26.75501720584523
27.56193094180302
26.74187145867072
26.284007112019093
29.483684126790802
27.100837728517348
29.375608525707598
27.008001534347134
27.02690117051942
27.93306105358459
27.73850802703869
26.36813924346239
27.49869973243907
27.172293826166236
26.70740350357464
27.159074492039853
26.700201765024175
26.05142154035145
26.04474989102928
27.410371498781615
29.36664748049269
26.984586985466155
28.17511037719804
27.458881836112774
27.662797027747906
26.354235823184858
27.15422798487992
27.263795192991026
29.392870202635105
28.140430099339945
27.015523021485336
26.988854156772927
26.761626304745516
27.47161506539536
26.47521920807484
28.034329228938006
27.14439354426748
26.977155930103283
27.584364465851674
26.14786977878507
29.935745311431003
27.127485264486026
26.303962438063156
26.2002602935302
28.011038651168377
28.098493820832537
29.206753437181018
27.514071420832092
27.51047601333919
26.56129830847243
27.5751158552903
27.079729088675958
26.5594870005744
26.21095581122778
27.3998476159643
27.65415162745526
26.63686636382303
27.058516501833466
27.950339520079837
27.500044583913635
26.690054221381168
26.06136905784094
27.113855810365198
27.66227169054303
27.07711726990034
27.50205920211286
26.72483483575288
26.70605957690847
27.651512697615413
27.250906546199726
26.37036463981742
32.02662241155027
25.753900293440836
27.75006256360472
27.631126770973033
27.200428798067247
25.88258422856204
26.98956491055657
27.580698738989
26.90608538182278
28.649914534348543
27.220450457129804
26.083637128799364
29.51444845987502
26.88785348772928
27.52910075403814
26.32134761186984
26.123366977225526
27.994675275644916
26.3272765775385
27.521233168193074
27.25376636336211
27.04757737431776
29.43861312853102
27.72887760363772
27.475963436856038
27.492485420304263
27.34480122106238
29.649753325791956
27.5715389052953
26.111392205768276
25.923885481017628
26.88919661902569
27.53802804394574
27.156358934549846
27.23446117103707
26.566251872847413
27.404903959777453
26.903338620334353
28.33202083960655
27.892437219122126
27.249431631927603
29.662118905938666
29.538673053165784
26.996800324977844
26.529387684416175
26.976258229997114
26.92633713145776
26.433016410866536
27.091041423603624
28.941714047854784
26.026534411372825
27.05733734809917
29.177463583446276
27.062394489203594
29.495644130774632
27.122073632095827
26.703324312031594
27.510642901720463
27.300575583389094
27.357696328950187
29.2288303950947
27.13436163463363
26.432040220031745
29.484271435572154
27.153467808380807
26.569356793176635
27.023869457023768
27.31470675577361
26.845917281902327
26.87925395654486
26.26600261853313
27.277682582973
26.75428927405746
27.345431656350762
27.28486902660352
29.451605794545653
26.702316916560402
27.322759057694316
27.434878466239763
29.199016751954826
27.279632850137354
26.690760048976625
27.87689824505748
27.67087069673082
27.063098465943487
26.869682942043998
26.212224787645653
26.81446495259489
25.976978935238336
29.436388727391222
30.087781965083188
29.215394069089793
26.26954928691657
27.260688762593144
26.277800805176955
26.571630826989768
29.475919032697004
25.934425516722186
27.019017264870115
27.499618793379526
27.19907519489697
26.10378009920935
27.222955567283925
27.306471482302534
29.130495374372256
27.360615430303916
27.1427334529961
27.30785678816914
27.488657465001893
27.755573897522165
27.282627214953873
27.538527578509377
27.319236623194968
27.8648041570282
27.294011550160292
28.50711942979231
26.387954331886025
29.445166263773586
29.538689548634295
26.82103875124717
27.001092802643857
28.2033366365873
26.75132281420802
27.915088316795103
29.232391866161066
29.675257372107986
28.98823465748582
27.329715797750104
26.292689342188055
29.260781666921883
29.62902123837719
29.24813115618356
27.28329530263035
26.978946804193146
28.123921160892376
27.47065153365365
28.214502379057432
26.49002332215084
27.274716109642345
26.71342357182221
26.951150698336797
27.86054560675818
26.953226467305285
27.11926193095421
26.275874365195083
27.045746624718227
27.40277558261776
26.591395821763495
27.609967252008204
27.85967329224263
27.282627214953873
27.21518988936334
26.612637559797292
27.236589793801535
26.455618792143344
27.04955768293573
27.842266175929723
26.405008913293795
27.274048524267474
27.449218568057237
27.79957922847542
26.954468664812772
29.438273284128982
27.325538875148915
25.979404681657858
27.527734475744776
26.80168235371955
27.209553220308948
27.065124233940615
27.263775111116043
27.219483308519088
29.506735557305376
26.435248400369904
27.1914011704563
27.1183957854627
26.831804476824093
29.33063063886078
27.438692064721526
26.51476873743345
27.47517900114434
27.110180198488223
29.329254144392895
27.85167404391897
29.32320222313899
27.65561439976635
27.880925737999064
27.09844490116576
26.994854635324398
25.760811752419006
27.237380035851427
27.169625759354666
27.23762199194745
27.625343053422725
26.77277632570926
27.010552135691395
26.727004710053187
25.935235258410724
27.35225228839209
26.58902173940387
26.541904375558893
27.647934258059298
27.143092922829506
26.710250755182017
26.869843541974937
29.459773834790678
28.98009317209158
27.267562458107978
26.52770141761094
27.066122432838526
26.29633954082504
26.687696903811215
27.275327472816713
29.376435199152553
26.44590448336573
26.67186788130091
27.39369783809047
27.08972982613432
27.18164552179741
27.533253855411886
28.197277640287695
29.44819567940659
27.832673843760247
27.570397431086548
29.350691207948735
26.40435070032626
29.5220189749561
27.530229692822008
29.564248324027368
27.01046099870184
26.88628686018304
27.794491376818602
26.72756018032821
27.23134143614384
29.475895999461294
26.99198336351702
27.501379533030818
28.37659176418703
27.307964802486552
27.16609237727218
27.13274434270965
26.24299064362265
26.398554896797105
26.05364277383853
26.08951597780291
28.021989676506042
26.340560630056984
26.46747478193921
27.898327692957142
26.892280223426596
26.567857461415795
27.218050443984005
26.54091810774457
26.66057209181486
26.970580144912134
28.470980231505454
26.079806337653867
27.15300615804739
28.88417402262594
26.389851257998426
28.90703223082387
26.81401129564746
26.266645369423948
29.26327482577985
26.290341585454378
25.843190538359416
27.276989226524343
27.037085042077244
27.289793186307666
26.306837866718798
28.194639320404235
27.2331871927005
26.222524060330528
26.90929755305965
27.174161970185697
27.081008006828267
26.475335988885487
26.947814068727975
26.018807860191988
27.063935509860425
27.835007339535142
29.136784837977117
28.981347598481396
27.486114603961028
27.23062716028309
26.58071198989334
27.47590672934201
29.74813667064711
29.509833731366324
27.599013540236907
27.38298160079872
26.57781768798742
27.155726501663104
27.25231510778105
27.33521964755794
27.082113185114363
25.733018006115305
26.310140036518085
27.29232852062615
26.391420897362366
27.108730568429586
26.630576105335265
26.383952872149568
27.328232884191845
26.064463753691257
27.646662568352426
26.96355943990928
26.925086386036412
27.426705653519583
27.57771108958589
27.17787566090735
27.21187989337819
27.15017753812707
26.72100459749054
27.221178915956294
26.608217448024956
29.393357173619616
26.46154409490007
27.04676257995476
27.326670628984193
27.352473586192428
27.356350203351052
26.574204720544746
26.675467304347585
27.523930082847233
27.321343966095895
29.90011102993149
27.83559392770699
27.300835592273646
29.29317629661468
29.347323873076565
25.638594915805026
27.136728743765953
29.355371299332138
27.398624409778353
27.67007946069789
27.62650732331826
27.513751759599074
26.18912317746669
27.182108895083903
26.96277747338603
27.37432839563447
26.909528156738112
27.67353633038957
27.324460253226306
27.377965188886485
26.06928967028743
27.354403149260424
26.80919136533479
27.516912897744245
26.328544560612546
29.530762452208062
27.761253212547548
26.500105055603584
26.778087386807425
27.196029392772978
29.527319343377883
27.306341033047698
27.717735616073938
27.92538383541799
27.04381087611124
25.957065159445488
27.04431085755156
27.47607799399238
27.01268416043732
26.71423842001971
27.439000314940387
26.987803269534805
27.411228257515837
26.600369371634024
27.549968410601164
27.55228995378051
27.537431741979933
29.814165544482048
27.10420643543397
25.885948068140305
26.813034161126595
27.223839863299933
26.66919760383263
27.42500703064699
27.167833358736768
27.2710404945636
27.500023952454338
26.944628261586427
27.057480196038256
27.366926648596507
27.192232882853844
27.950209201806548
27.266611917256323
26.433927809994465
26.18086274510607
28.002767218663983
27.8796108657484
29.098149231644758
29.045280973672682
27.95605098219764
26.465769472540277
29.464143318761298
27.75463186476385
27.325246555631967
27.39122672562507
26.41704756526202
26.62011940881114
26.46201021953566
27.541161491916593
26.36637537363483
29.621372265621577
26.780369499625568
27.49037516714274
27.24117844018071
27.15304663316268
26.561620582559545
27.322190490264244
27.128939327695416
26.795462277237483
27.33107160669671
26.930808314811344
26.98006367926993
26.380367816379927
27.296778764307852
27.351559386235916
27.139962416946393
26.967268100853822
27.10350256427336
27.37001325569076
25.592198178391868
26.485834639849724
27.128673361883802
27.01398140242708
26.930384060675202
26.287865905891547
27.590506349206166
26.90878486641312
27.048038539248708
27.159241919590162
26.542101564070503
29.206354433161156
29.555978667753806
26.491497380768205
26.953516012102565
27.10989128147902
27.8706254134716
25.93610312058782
29.5603581184122
27.682835767350994
27.182600284562568
26.261792149659236
28.158982888751808
28.43692798240776
27.198723893931227
26.379390989802598
27.733616364133418
27.306863675824232
27.721676615016502
25.96428536335965
28.1135575011453
27.661038914778626
27.519225467841146
26.8899221225194
27.50515962421058
27.66842473844687
26.167195249818036
26.293991981197962
26.97700807878226
27.578579041169785
27.392965302934954
27.291961947128595
26.246661987886927
29.077524369833107
28.035172841999312
27.75161478505964
27.592402974369914
26.333930393217113
27.377552871505692
27.4986335606817
27.15951559275921
27.177522878048713
27.172717137940104
27.20195966411407
26.613825303421567
29.815198240694258
27.325278208867015
27.41217195445483
26.38990584848768
29.697714049296135
26.805290919522776
26.67101359267135
29.57463357587687
27.259580577949617
28.1319107580483
26.67282513043691
27.286314290345633
27.01009698182482
26.775086202918956
30.440601670562074
27.356955145768502
27.11926114347077
27.511480600182708
26.854797746352247
28.016089564307705
26.50260500870501
27.705860719691923
27.077967940805046
27.33573556877834
27.72362447221894
27.284040651044084
27.095267826196608
27.213702640905975
25.783028175757373
26.20442340738087
27.606434907222088
27.41994158785436
27.15187353688838
27.996249670188604
26.002620823073357
27.52106241709834
26.794567740467865
27.451200107278876
25.708666358182022
29.031547261248612
28.299807045939286
26.683142320101567
27.851967989720954
29.619502738199262
26.90744816431914
27.259276669693122
27.320149817035386
29.55742664264361
27.890362328861944
27.630182114928825
29.570381872849044
27.610619451808002
29.347347111327817
27.542809222814927
27.018854643776468
27.02570436444798
26.911975511118015
25.86581580329639
26.612404441337297
26.2608562780745
27.213563950028217
29.54353367840807
29.951150152002732
26.660898510940566
26.030219609098307
27.191959008743734
26.99375180162071
25.77964011760256
27.64599900682821
27.60082824756535
26.346957536648098
26.43633746083875
26.402197286475598
27.755569338807135
27.60075668875741
29.436808541206013
27.413238317616912
28.195310184267747
29.00088160870149
27.02868748639729
27.33191120792102
29.647493781631372
27.42130982337993
27.70202319582444
27.36405634679543
26.824767442503674
26.266264452547567
29.544787081482532
30.528276477934
27.18820099069222
28.2073056908941
27.338723599075692
26.661839642334513
27.49719321413234
27.101249688098545
26.647290515213943
27.80968453044524
29.574289849285883
26.910647333740062
27.233481195993033
27.709987031370357
27.665315423519512
26.583935868753308
27.46756540162405
26.912074114708027
27.282611679253932
26.33585208059527
26.488943420497442
27.37162846174408
27.05289794811754
26.70389346021207
29.68170799762395
27.752868381844465
27.135299997946937
27.4883908232941
27.275191153411882
26.033817979954815
26.491831782326216
29.548820887721927
26.705659582430098
29.860211101863513
27.93550551613299
29.55793610228084
27.430987552732976
26.612134899117954
26.50555717012451
27.833590568380874
27.287612410208606
27.39892870926808
25.421799651580557
27.30427492153073
29.560848118280962
27.635572572081767
26.913450794562607
27.34449129060139
27.672969138764113
27.755852899990277
27.50944150592496
27.158289099266597
26.770811182295933
26.811893878010068
29.473561695286516
27.248951283767937
26.349572234208303
30.54178356842018
26.180397079320347
26.792935052595322
25.914212191023193
27.11200870564485
27.15330404256022
28.30049228762296
27.06302383952019
27.29748075744831
26.55520499771877
27.197571804804124
28.71284834232784
27.759394567174255
26.737598700836827
25.35420513009894
26.63370483840623
27.299150463831612
26.21291672554684
28.704904097112234
27.19120607742197
26.439547920480273
27.21577333678487
27.73192456509539
26.36736914559753
27.3755609270873
27.12889065815426
26.358185750532204
25.97044758349848
26.103075002615448
27.18499650485314
27.606697149123892
27.681624928090404
27.741659301302267
28.63330570827659
27.893873007540844
29.522051839685542
26.649418211043535
26.80100461762817
29.586277662208445
29.470840225973824
25.67477638047677
27.336685355153936
27.02498561713701
27.04876214529791
27.56655957173782
27.33606005116432
28.763412503571242
26.751442437007878
26.170849468699753
26.922829328198347
26.714705209455555
26.948455548625027
27.4931142046097
26.443897987240465
28.163384948773942
27.82413282901161
26.833602754644303
26.162101433499164
26.50579647470167
27.556215653584868
27.51190238333543
27.448316056404348
25.568575810775094
27.48612888553925
29.641741200801903
27.21470875182093
27.167047442120452
27.256316777724336
27.479332450682058
27.102874120208845
26.892945445372828
27.309866184614116
27.166180736500294
27.23819605097319
27.047954358793646
28.12047179229097
26.062161251329705
27.089299927399214
27.605228446099336
27.31213280692563
26.791814639640098
29.588150549921775
27.46323792809454
26.413490431203016
27.764065054287908
29.428037143020916
26.20316988768482
26.903370090570718
27.31685832756173
27.131534861922677
27.528287915201222
26.682736359330843
27.29925853542875
27.00415619905689
26.808742168996137
27.5780305339456
29.56082601183291
27.082690217099625
27.139580789399723
27.02449658761438
26.918646559512325
26.986227669891704
27.402202606862623
27.06394769094734
29.39634533100526
27.493933648893
27.06381758833849
27.083363127496344
28.55719161018746
26.54918053704667
26.79555144868074
26.891343604219344
26.772784566160343
26.93907092982161
26.391043528409565
26.19667464643224
27.277989960132647
27.03166545573743
26.813658973430893
26.73355831442073
26.548817290985053
27.232347600854457
26.61895661098128
26.643449454579795
30.405582674282122
26.226765861105463
27.081859440244227
26.126019997520746
27.31962447346003
27.074482079862744
27.342781679324673
27.36785631961785
26.937799393071113
27.273786850091735
28.173979109992324
29.5277480401678
27.47173207006717
26.62817770084664
26.611163377949843
25.9978051230675
26.131478523061137
27.695345200855936
29.923354723303927
29.55104482424728
27.5355283436304
27.578273269023118
27.110792409823734
27.55977360868562
26.309742214414282
27.166445824971415
29.582566245376672
27.8823139168825
26.937628204677477
27.545582409507098
27.372730272850053
27.546059935258693
26.096359265686907
27.77907067286204
27.190796170405715
26.387964978983423
29.401546816246306
27.174651131949204
26.29612149348724
27.534884723137516
26.51966033788082
29.58800317322092
27.873867191868328
26.22154281548813
26.996693143932614
26.447770223641033
27.61517700199723
26.960970980377645
27.20771908619451
27.577596737133597
26.39240309829302
27.376682954543753
26.70244330516087
27.286065241932867
27.3900087385914
26.692276253877957
26.155013833757735
27.184870719699664
27.07194741344602
26.325939427143208
27.09861105253991
27.158694889872393
27.544658782196613
27.002367166560056
26.57000487559256
26.329636950510377
27.59159283469801
27.316153744827293
27.576199954927205
27.591500064617957
27.32386092054816
28.618432861474712
29.381558521413755
26.99782071890469
28.139967210550157
26.462102728438076
25.786670719902062
26.77246077666915
27.16332443319998
27.73153798659585
27.51466739888485
30.09673324268236
26.066347254314245
26.895916020019037
27.651144484999353
29.323918239917973
26.791062503667664
26.308420904832445
27.404442545339155
26.951118374906223
27.18394476528524
27.325057191531275
26.219273735452635
27.52313290296183
25.966933124516054
26.113227461485987
26.69317709312797
29.514783381319173
29.574504675217195
27.04112568621243
27.705035747366836
27.880691133610934
27.558729326030864
26.160324133882153
29.226636235006623
27.44937943701943
27.29915019023604
27.555956442190798
27.316756684790146
26.801794588045567
29.536383082270543
27.26714691036939
29.91834566045731
26.848076510632257
27.564430475613815
27.11964046452727
27.36876394832238
26.239263239763062
27.000969678227058
27.420614256820922
27.140494958145176
26.226899659725227
27.466013348827435
27.100214112796063
27.329646365270847
25.960731658038288
27.014295524417427
26.44802165846153
26.59617068874145
27.51884211240347
26.473180576246698
27.05657815909646
27.6531209153735
27.85208172039027
26.476010029425776
27.600844964342016
26.33266390304292
29.609310609899897
27.32174080532167
25.97630461740266
27.568175635364177
27.37569430757445
27.90709469873998
27.08793647317301
29.57172615612139
29.434878091493182
27.042240617295807
29.080705711347232
26.691281407702373
27.527730726786245
26.85554865123285
26.319957256239313
26.9852904236402
26.83587046182011
29.852437352360592
26.36851551065419
26.311181605413072
27.22591378523777
29.55975996982776
27.91756085231573
27.240616133785963
27.304102904059434
26.787094648351317
26.33574600406882
27.53357582168114
27.88492503279002
26.651931619598468
28.114156541879947
26.163361689469745
27.547502677324083
29.538361025688484
26.55982667865126
27.363891387096317
27.348634740793447
27.439975219036274
28.04129175146408
28.44030299975157
27.644338620955697
26.440526698580108
26.73469502898908
26.071628128166953
26.35949099815162
27.36678214361879
27.25443814946221
27.34976893169901
27.328870560367218
27.324360083514424
27.02759299159365
27.102331267958558
27.09658658117263
27.906515995001776
26.97598341946862
27.422544784747245
26.363233530852302
26.551359730394836
29.30934993160494
27.35417621143246
27.656078634524363
26.861699099237956
26.456850441577696
30.001867831482205
27.085341072383812
26.79429980507433
27.659119812135582
26.76905663187344
29.607073866101572
26.86771310204762
26.934758279666436
27.337667368981773
26.96516179686926
29.519984128483323
27.190087197323585
27.17842298333898
27.40949105492031
27.48107243005675
28.245559953990057
27.17606283205017
27.296092741965033
26.936448698683424
27.095962792272996
27.083996565502417
29.59478396970431
27.592176424428228
27.039126540581883
27.56377267120239
27.173889233257352
29.917146164297332
29.584210176110933
27.25553743838996
27.57961760177115
30.679949140815744
26.75383751568736
26.687236810348466
28.711640325524275
27.760372013858774
26.417128402486373
29.344995417000604
29.968262627257996
27.005598184397456
29.294209614051475
26.500336320544957
27.821892189105053
27.178687755696128
27.16756128437341
27.284408192522896
27.05522830005407
26.342990142781446
29.37944132659929
27.216748518419806
29.12278747694859
30.5363353323253
27.31497557531289
26.40598038274711
27.636370555862893
26.451772868989792
29.14046807530182
26.74465616035571
30.487893979995814
27.64912595284621
25.62854217335728
26.41755896421285
26.739763417868815
27.67537081677942
27.051012240499883
27.37018790373467
28.18342955071402
25.88763748884645
26.57147348010383
26.726236378647485
26.354989506751686
27.524423964103132
26.889730900502183
27.41341302730005
28.756988219038817
27.577596445422007
26.19607569921635
27.28568255900761
27.603842706650955
26.92133430316991
26.71907901437158
27.728228240284125
26.82414936860295
27.596045201061077
27.311764009285394
29.573002964177526
27.18616925362614
27.62034057049933
26.519393289746482
26.689157833500165
28.20486821117512
27.047835062906604
27.593196285006695
27.377627810064777
27.05906633087842
27.560800997918104
27.705426883681785
28.451142187970003
29.526685516389072
30.355804063610123
26.37979170123525
27.909604565953668
27.534817131187765
27.472741401820535
26.102616356561885
26.375032044857107
26.27284179197592
27.51262134794904
26.659090523548958
27.370126442396018
28.03491970846349
27.167053546294515
27.043101506897084
29.342528493165165
28.239849164244955
26.27351969104436
27.010127699369896
30.71823040617364
25.99558956102765
28.89292683415059
27.425154330997778
26.152413222237033
27.226841467052168
27.626949573990444
26.594556926733382
26.76928329812849
27.393971312275244
26.95457177610017
26.40912389153925
27.813981570381266
27.246590614740892
27.542403235636783
27.098178184028928
26.04094340373373
26.37469590190541
26.579477167085226
27.510554429972625
27.40863463879213
27.823876265138825
26.301929545645358
29.904729687598365
28.28843900384581
26.353157913210538
27.36201811783764
26.115009750638418
26.51417314564005
27.65689554680791
27.082465850041647
29.57681992565455
28.045174502566006
26.721524809429543
27.07483646403879
27.098415642462523
29.262548527792163
27.143239939256063
27.557231748873427
27.244518145012254
29.454365565885386
28.012389415078776
26.979022541307742
27.165134604306793
27.253144221281364
30.33784761547299
27.116486675983115
27.26260509515767
27.00439598541502
27.39474764775284
27.281956777403753
27.330920572882025
29.71571182826512
27.884313273605184
29.277527334937854
27.519473861089075
30.678965088216767
27.621495248993877
27.31226946757518
27.51805363477835
27.40813860079351
26.314784134408605
26.3154393815393
27.65650400385504
27.48047904728533
27.275474408703385
27.739655194418706
27.066417788132224
26.103952131896254
27.386046985878
26.648620144062267
27.817773835499736
27.337423086784597
27.36954552275267
27.499682401426085
26.502361780678395
27.65945035464483
27.19417585615274
26.612712309848746
25.725255521958946
26.21450595840214
26.2626963276404
26.16423464794756
26.506950791679063
26.927359686355874
27.65277452991453
29.585719936850715
30.504133741793737
27.67018703648958
26.726702541036204
27.098709805896693
29.70793783825808
27.807880714683527
27.405630099994536
26.41107513419198
27.200118571218212
27.246009499200785
27.353165803174022
26.990992373986497
26.745642114632734
27.263264140052645
27.58857808987696
29.48332716511498
27.32355825870803
27.2174857539717
27.180558120270415
27.578440740795674
28.04926265853651
28.615154034701906
27.312098230816428
29.591999408215973
25.58179999979338
27.295096575638016
27.201818404879024
29.55242818091644
26.468637938560086
27.379517023199114
27.78135811036471
27.587667495611754
26.720134842688402
27.121851423610046
27.428689347774935
27.218517986615186
26.921417569553235
27.18322971718148
27.03524789564889
27.357542147992284
27.362359005471564
26.552599024078035
29.591748926978227
26.91681723787645
26.59476675633003
27.046182299991713
25.86569739935057
27.30215394000852
26.356126883234516
25.798118617257394
27.32044646767085
28.28737366828764
27.538645532555478
27.563218762006187
30.717736250058298
27.32923420166022
27.383638804998586
27.652643937598526
28.80434039290177
27.399772573026496
29.40005179957498
27.027338043218773
27.80523157466247
27.811883472906665
25.979466463237454
26.20553138116771
26.21669663487856
27.324198550961423
26.34646580826909
26.497196630305726
27.78215673543328
27.434157862262396
27.04401261608118
27.655261281923543
29.608602772866575
27.381741106031622
26.73845128105895
27.656314186554958
26.25143641371385
26.800116743349015
27.52227250471572
27.00565955609738
27.066082241177398
26.439825368199646
29.651574787488915
27.812878657128334
26.355564542572203
27.18356085187215
29.447495671106466
27.236470326031764
26.86083137819019
26.856450402664557
27.326866947125122
26.946513735001414
27.34124457128412
27.123113382657674
26.828078087570283
28.34000484570922
27.369752687191234
27.529515020001533
29.61555248408181
27.245513585340298
26.4095532145458
27.367204556299296
27.17450145323346
26.909847320424273
27.462236767707065
27.50812101458285
29.766244631645954
29.742001060435935
26.970706976778878
27.311216358671025
27.190319061745182
26.373415700892618
27.8855190288411
29.741958805768338
26.85555408588613
27.29595166830098
28.040632901852394
29.741160845944894
26.27701153170728
27.52200062320479
27.039780620777336
27.32631628756786
26.405330039857528
27.25138819309284
27.262800980313067
27.583042321385975
29.470840225973824
27.74113251654889
27.001768771897055
29.589446567958
26.109891020405236
26.274031749971506
28.01837167389173
26.342933504520186
27.084413440507152
26.30572507722855
27.232585504656612
27.569290904033362
29.63099269023391
27.627957861468573
26.26305322376656
27.79309358381454
26.90173094454254
29.620146056166572
27.120099369162027
27.256503168089697
26.520461123450275
26.10536812834598
26.991595402923775
27.14293904920722
27.621735121209994
27.673428075163958
27.383488163671707
26.97275709348379
26.666224827788323
29.57798263761625
26.66197619892177
27.111497987605972
27.01414076653546
29.38798402004443
26.337788213186734
27.24524551815677
27.12926845334009
26.786407028331308
26.279378051866676
26.743018535641085
28.178029604282397
26.030527667267037
27.038342186595727
26.903916610088608
27.17668865793987
27.76562716327778
27.317924071626294
27.539093093221634
26.874288667277874
29.947348688337694
27.14607328695283
27.840781638165637
26.612518429561963
29.297918328826558
26.99625883258315
26.775057103626086
26.65576367818571
27.32901353387967
27.544527926752913
27.022909675739495
26.28977512051916
26.43564981386201
27.714812394713583
27.37428747501944
26.953858639783025
27.23467546897138
27.463048701320837
27.221956951405556
29.470596184797486
26.892678347764587
27.234037458321673
26.221443336983466
28.498602167610212
27.126765777954045
27.641380890964825
28.22214073735595
26.927842922290523
28.000163719649315
26.12937972504443
27.448582797462436
27.500853013109783
27.041754798074958
27.851056387548006
27.324786646393136
27.31094118756186
27.096713752147938
27.54726107658282
27.49600125831572
26.904950889165637
27.801078308005426
27.573432509147402
28.156421051296014
27.39711582473076
27.229311767251193
27.66425616835369
27.179612057492946
26.886852632193914
27.247385111986553
29.016543477274816
26.7791921272475
27.384473285207307
26.903949083705378
26.38886963395756
29.398877631320868
26.796847808667476
26.645938225045363
27.35915161204143
25.6206874204836
29.40822829847384
27.23194295184251
26.893254920420265
26.29381268779717
27.880021173253574
27.654839003749814
27.575587017580396
26.17039331431619
26.290900315437565
27.436636586746395
26.690199753262963
27.332829276832356
29.59555455201939
27.21947901056153
27.364312407763386
26.951763878977744
26.752881545282463
26.324111298638112
26.038220678213087
27.911519814948498
26.52058690273334
29.667058872317867
29.611912902487234
29.611061139200423
27.727280344114757
27.900969827258212
26.81553639750921
26.00612813255619
27.600424131737594
28.04708061640838
29.486344392552834
27.392115493307525
30.247937054431624
27.58511978202365
30.299552623272717
27.337271279912493
27.575470971628402
28.35244707225372
27.352162553824073
27.837660773261703
26.24499483952875
26.742320529931902
30.436309742346385
27.49243993852811
29.647199676209965
27.169184958276716
26.801303706262996
27.50925915717833
29.38115948027203
27.433560131126004
27.29640497943126
27.692019184845353
27.300954380460187
29.62656764975519
27.81041851607856
26.56012761131541
29.15960012602944
27.17991230495276
26.88980210980074
29.476960172171825
27.366501762098924
26.232050405565744
29.620261844845786
27.468632084111665
29.63101796506819
26.30552266378204
27.043948636150148
27.01512833949205
26.7747763054685
27.043217061690786
33.44751632123547
26.48207113287395
27.549410752456247
28.624532398829178
27.648491962535783
27.847187470765004
27.712500450096115
27.226054216217968
27.326661267611495
27.59602117894863
27.527841755006364
27.43224388874122
26.362785826795445
26.690441841608173
27.125596077869304
26.948590316870515
29.31425586773928
27.97097141784074
27.004576984312845
27.651835836581082
27.69809338480708
26.43349427755642
27.124344434971608
30.52768551183667
27.695935107290413
27.645875730102265
26.851195702663325
27.105364893189815
27.349888235464903
26.59414939311377
27.21330938197397
26.762429937909587
27.230656515460254
26.49280650985098
27.002154065241783
26.411345862557106
27.58187708808164
26.31703516038945
27.492513739386638
27.292337261951634
29.72342708406647
25.986689251960183
26.65650548363457
26.302161803197347
27.051885208935794
27.14929991920173
27.259351492589275
27.628722864325553
28.104713531742675
26.45560392254987
29.43112078492565
27.584832249666878
26.951388080900934
26.837712247076386
26.710711381937532
26.63096032956018
27.221846754838257
27.563006230827547
27.46982138838177
27.048320529838513
26.81968370138515
27.86818100747609
27.594776898048842
25.92014757396854
27.36958695484983
27.220190380443388
29.376901348166083
26.52995832239304
27.356515154087067
27.25674375352706
27.88560295259803
29.646456514522292
26.283433677220877
26.169595053945052
27.559448241958126
29.638875736593
29.519142905185834
27.459016664878483
26.20834192588493
27.338083646461254
26.4917036525995
29.435764899944104
27.929808021596845
27.39534593464429
26.555847282674833
27.23938352568617
26.574116275514072
27.17455675134107
27.42009237367776
29.527900699348738
27.01028129035433
27.464051754020954
27.55446243219231
26.39280856516845
26.961203331845756
26.447940244162165
27.20001962421213
29.470637684362533
27.710435158670194
27.549522915987197
26.64152690533856
28.655904045083048
30.338846846772
26.88851604061715
27.736395839813916
27.46256175020642
26.73572870780505
26.143439691691125
27.35876354434174
27.247273727634674
26.20836576265631
26.406596962098856
26.364085398724562
27.168786682525838
27.057416534963288
27.58530972745677
28.714367079091275
27.32807175837861
26.32840671843109
27.566074258920075
27.244621623431684
27.527542994616873
27.008059357997897
26.746742486170167
28.02314021330915
27.205352335872554
27.800761069193737
26.894059359690914
27.867729403136693
27.775334630875044
27.92503400099838
27.376513893884717
29.47846066505339
29.62855576381214
29.47357343139536
26.434242114447358
27.383732261040677
26.978888350276247
26.398759914180182
27.193385158441544
26.74928153457814
27.220594473234584
25.816327203485613
29.580964115927838
26.322413721611404
26.45169363527592
26.169698836371758
27.329131442359994
27.774276588303437
29.440085647064777
27.409136906933764
26.552025403672342
27.229934812670493
26.795025217462918
27.236941204508486
26.998886799133047
29.84689297026258
27.634368925832142
26.20688089646117
26.28269404082866
27.843912191178006
26.86700269222058
29.533454009872678
27.221215731763216
27.207061451757287
27.442679250339822
26.954648100247454
25.983363708989753
28.05625439376525
27.696722673338318
27.775133747805143
27.50173755717634
27.727844406491812
27.521865264815915
27.571239162811167
28.377560321449174
27.297683418569456
25.96630988192259
29.432974436394577
26.334533321475487
26.72733424213679
25.903926200653068
27.415906917387222
27.24713774527196
29.445163124649135
27.53241425656924
27.359870974334736
26.28336351894721
27.23891076338249
27.390813426766755
29.59300797330685
27.354246591370618
27.317175083672485
27.45051248580694
27.713459572615264
26.529565055419134
27.047755534135725
27.70319769823818
27.080232442149335
27.36658345712496
26.448152554263846
27.09553984700486
28.367055547871765
27.123395561048582
26.6622304229679
29.663980933677966
27.429435264068854
26.586109358951667
26.193272654672327
28.367618515951577
28.01538838733089
26.208645428835347
25.936426164710994
27.556111444681033
27.960687185350114
27.141339403236785
26.42524031576487
27.22385357681766
25.60487593365195
26.789130427828823
27.499756611991227
26.54682665282562
26.805149781542717
30.099431221022122
27.341628037511285
26.840202653774504
27.400316663705965
27.120216465867035
29.475343690022353
26.965005739919842
27.172764706625273
27.198283872080705
28.244310533927383
27.425504717491215
28.029061246854205
27.16146704052919
26.212750122047318
27.7354382942595
26.596841404646096
26.68401514554837
27.299541996749337
27.041712510650243
27.919732735528743
27.403826748372364
27.559137713771598
26.493196462123944
27.141795065523123
27.792062773612138
27.633160885593522
27.25760027000101
27.36609747770299
27.916470744793028
29.65055582202417
27.605445108755806
26.518565727738128
27.30982422128113
27.713658526025863
27.43695711740122
28.403276831524117
28.04946492355937
27.567023404573312
26.959484022865507
27.25304026889274
27.258996637468226
27.373957897185573
27.188911789803363
29.53946078172648
26.728848876324868
27.818675702239368
26.728426625538653
26.28559484729645
26.44905453809105
26.716132193579547
26.876291278070124
27.059124838443143
26.990017917566036
26.254888594426006
27.172194713928207
27.39090955226761
27.015101174388484
27.532344682242304
26.779584387412037
27.800904484063338
27.04964964408464
26.487157494669358
28.213391536288775
27.36793053511965
27.04560467835215
27.508040919413478
27.156761897129424
26.315259200536136
27.006014506107793
27.026125701231276
26.94366919357847
26.59135258587494
28.340216942915728
29.35215264612613
27.71798538281347
27.914275588964372
25.9729733049258
29.69045377483295
27.48226714408278
28.778797661917437
27.487455277601768
29.536099153223155
26.85124900791655
26.931187866370987
27.060291788883635
27.358835108186135
27.155501505894716
27.47355957398174
26.386052469308186
26.81694010150383
27.79906501784868
27.80296563618754
27.06213153121606
27.519655487855378
27.629262166067093
26.13330597214723
32.032188773574234
28.33667314993544
27.207675419395837
27.804936779027322
26.29058797304653
27.434240839942703
26.59932223125752
29.593300751562897
27.713874646109506
27.025501931799838
26.166898424212423
25.79366822927185
27.56212249178276
27.03508569549828
27.079935625627325
27.353840675518505
27.35398696709794
27.19918508254039
28.339643261239765
25.962983006097545
27.73966337009554
27.906757977559316
29.00183591871784
29.684995197114944
27.051729105781583
27.386946140548545
27.21374422220621
27.0494993041157
26.995204111463018
26.77044829746761
27.423514875309245
26.69029725283988
26.89478667313071
27.11593687377509
26.927100006926885
27.22036044948942
25.831815008914944
26.50540766843335
27.054584820050177
27.732485301084832
26.67905548153471
27.33938325203643
29.51787818355453
27.328400626645852
27.047122970774666
26.335597413621926
28.063910884822725
27.938746969790635
26.686793873851965
26.71417768368973
29.47457788898474
27.463379711515792
27.675412586467292
27.349406058022222
28.13242913748735
26.141506956857313
29.503429606273357
27.992358080741905
26.2280890669726
27.25302159021163
27.64717416377717
27.590763827252427
27.563477244172827
26.079123302030116
27.275089392813133
27.025709502455236
27.7237535961373
26.974779233104616
26.3304910091424
27.186002917255067
27.748119198358403
26.48468456013807
27.607435505330148
26.012574246125162
26.92819458307046
27.61152693370895
27.845097162536756
27.150388774702975
26.390608040998096
26.785013642989313
26.514073127114436
27.68621188261283
26.495923015697034
26.850722400453773
26.58981589932156
28.420337568093107
27.434511798511082
26.515824012400692
27.014319097294017
26.44820878219438
28.199091153167142
27.365317079086847
29.633932578076738
27.702826879040025
27.434882982740437
29.61858274435441
27.0942986621449
27.315439389919824
26.550176511939856
29.643253731069063
27.307848289694714
27.338293732672923
27.10189985863726
27.71648519064688
27.24583788227484
28.11055562108111
27.270107672712317
26.633975722722553
29.659713927270538
27.78811895801167
26.666310911739945
27.739043273555293
27.44813427411495
26.97592297364482
27.633548261114235
27.568849245513945
26.900832223971324
26.779275139747558
27.10902621701492
26.463275731703188
27.075078885706912
27.300750745558176
26.155587380015568
27.209873502850034
27.2594116771586
26.67422799285696
27.368712515592513
26.849653588578576
27.613144526637157
26.323677225716633
29.64513163460798
27.808900826133144
27.552088396845207
28.09207019730808
26.337044962394835
28.351786704759892
26.097701416556784
27.36870278514457
26.90979829375651
27.049530301621537
28.285960380636578
27.490512406804875
27.404479266077956
27.33848063788455
27.18039812162412
28.066998553010567
27.039721857772527
29.448645808445647
27.354538929699302
27.17139020820043
27.222697491110875
26.295611166519087
25.99044158007765
27.585698118671043
26.882658615419086
27.083911685176837
29.292133700731913
29.14908870543694
29.39941763829108
27.68203308544269
25.871233186426632
29.68224740330728
27.47447959659962
30.03501896367006
26.718474363004834
27.57280597548762
26.012047757010983
29.523311385254324
27.5930824023579
26.282904053579276
27.447499511528175
29.5956998638863
26.826916669719783
26.398759914180182
27.139974813151216
28.290849598617214
26.323215661021813
27.16521949531812
28.9899772107047
27.873288839114633
29.292552787265222
27.578389681644115
27.60462196557157
27.626303767430166
28.111650032680494
27.909718871372952
26.977959292778543
27.558859157798942
29.654714534698346
27.53692886552445
26.415053907752732
26.735032833728035
27.34720898104156
26.941010425487665
27.779320936357607
27.71678217550506
27.18114571994822
26.678299380069948
27.60127962312231
27.082414575206638
27.282984278812886
27.598762607920218
27.67771680699423
27.332277585125514
27.906813991048285
27.277123969111802
26.781316484253924
27.603106428112287
27.42584611801701
26.143782307324866
27.673889147828035
27.633020245212805
27.560775426458527
26.362642924084547
28.715880281146834
27.393364267638805
26.984717789874846
26.635260892921558
27.021903904682375
27.14753490905654
29.120101929399137
30.034229503335347
26.768476943154763
27.87990733405409
27.046303099216473
27.593523311680364
27.21481876741717
27.777059921238994
32.90683353398063
27.392544011391166
27.37016315223124
27.177098831603843
26.653239091677495
26.647091788804456
27.446522634066415
26.086018088820605
29.62385189138641
27.662214877020148
30.42296588244067
26.788132119940748
27.53109657538059
27.754351117750776
26.155855677654827
27.35176514060415
27.663622941093422
26.038014393849387
26.793140079035958
26.40976811489662
27.561794333169928
29.341163547301882
27.146538955546276
29.669433451302808
27.803476928748594
27.357767875210826
27.34286071845939
27.057993141676167
27.709516697820337
26.86785182882498
29.464189260859403
28.2389251011185
27.563085892458393
29.67249446601454
27.72945365509524
26.737848735220535
27.101737502955242
28.160246360267415
26.889397776004653
29.78159907060274
27.29066143447331
26.775926286566804
27.193838303281904
28.161163174250493
27.210781679191566
28.26965347659028
27.58290008192249
27.235293353154628
26.728227510151168
27.359821311481234
26.339294837291636
27.608172811997143
27.27430096502502
27.329992161040664
27.897340368344203
27.296542239781342
27.040998843548806
27.028790832473724
29.220092758670056
27.198022713730087
27.63709327310619
27.450762646161778
27.0462122413667
27.634804292756442
26.174372881321645
27.200023902954946
27.41894360772516
26.29453772119265
26.56077570276672
27.781228179517974
27.59245127142836
26.24581438000641
27.357621733522677
26.688194125719008
27.20066308751276
27.26052958092831
27.774658137701998
27.085852630751003
27.315838161792616
26.99801267571927
28.40342677174088
27.520572372824134
27.666976107926995
27.78057950059448
26.433087235818576
27.028407281797424
29.433104570449807
27.168158808606915
26.350040566676665
26.486768084233134
27.06022083597261
27.402614749517674
26.780885216417115
27.44347367626619
26.918802463369452
27.16461998807141
26.98678726313054
27.43722542115961
26.57866774415368
27.91311854965413
26.087385610568262
27.41442884210566
27.039970832797742
25.977418044668518
29.704120552796766
26.549873965593132
27.410900356095777
28.31675825933131
27.180083732137636
27.207874736453494
25.991710894419583
27.205632143493215
26.487272327489876
26.54511520347999
27.343437250205625
27.6295074863916
27.13929993083777
26.406475332217937
27.138907023047178
27.405970222086037
26.295635921422143
27.34141751367615
27.61203852311789
26.895141650306236
29.600351947882736
28.0558147192959
26.976344080103942
27.68186067461956
30.549104790062948
27.86756723624231
27.00027135805784
29.59882687169684
26.777194965633633
27.606663376882032
26.75434478179971
27.012747169163205
25.874051810766225
26.956860061324242
27.85732495356
29.60606994089503
26.894771716864245
27.619130829789587
27.915541404500978
27.145263570401184
27.26962122798545
26.47991192268496
27.893182188820127
27.36726430877821
27.184617827948408
27.973266682112918
27.151065911377717
27.407453555493387
27.37248874083759
30.552265706171156
26.934045873811044
26.458591480107952
29.670805444960862
27.827985579220474
27.43696954373554
27.05418036614598
26.813952083943505
26.584085313602323
27.533961057532757
27.848037101177276
27.03645660625544
27.491419727260418
27.8101449111247
26.895713563608595
27.12349251483935
28.176252988405157
27.103363686783656
27.36718176719832
29.62385703149336
27.195017181995397
27.554151389859463
26.585431012974382
27.278235823068687
26.34820358569596
26.69622029418843
27.27897839729699
27.61733348349087
27.299224882465865
26.91866109693442
26.983914193908035
27.751879868745412
26.419749504938963
27.6348376933794
27.13089761105299
27.588570193730366
29.340587394789246
27.67292560345654
26.509838383374156
26.99912782671824
27.74457337213707
27.478674292680832
27.03270951419137
27.418730427492676
27.566094624674765
27.415115550640166
26.51805738109241
27.04947398965005
28.456426050203383
26.598767554114115
27.68993726467957
27.339473275237278
25.83921996378213
27.342108246859564
27.57413112790097
27.5317941894203
29.680583938036154
27.727769818023553
27.005994047106075
27.661233994222535
27.163127150256585
27.31928280057376
27.641666862981598
27.539875567821827
26.036821902106176
27.45092215570048
28.332861136797497
27.24760248191006
26.210221601471083
26.82735302402506
26.66793452865975
27.443346399966163
27.199803820589356
27.456795787985023
26.948605459631356
26.946357337695655
27.57145937976287
27.051413815197712
27.260056680379968
27.53503146483743
26.579347816180036
27.220961789662077
27.29632978884753
27.102044441350486
26.488955680279197
29.430328328821904
26.362134422636263
27.07256049098599
27.901294157107724
30.228924295417826
27.41716367701866
30.747275872222765
26.211626248036797
27.14638495978231
26.965183584486873
27.63581617959213
27.372933693294744
27.838298829889542
27.113910341642033
27.80125244603289
27.700349958472298
29.45213128730907
27.566080950514653
27.203922519246078
26.259786649775045
27.640249621066523
26.51935716634534
27.046864291813172
26.683404434232617
27.40966813974387
26.24017302987432
29.77487654652109
27.19058242564902
27.014195084899026
27.59960281914828
27.18819485672215
27.539171449994672
27.36089681961199
26.68695497964634
27.67041173247259
27.62605449821499
27.385878118541278
26.23217109915516
26.61345661022937
26.347118821619652
27.011808792310426
27.00495587930987
29.015623301980742
27.230818915117307
27.772127717744613
26.673370871080465
29.653082749555576
27.405727395185252
26.97233633467046
27.193267140262773
27.441472193421045
29.59753130300188
27.10797831341114
29.65602727744507
28.018694235598
27.035159843386893
27.188484496240736
26.945490191601547
28.102553823835418
29.66698949559564
27.7870183066355
29.47726284956007
26.167653176834182
29.103948388585337
27.380644812559574
27.18335305724106
27.70441156437207
27.144233024348516
27.594703681700985
29.654306060359115
26.787696769990227
27.61563987685382
27.432899279618542
29.688924244986413
27.477542140697647
27.830584014373773
28.047187547335007
27.504427264940947
27.762604568881542
26.284460196377545
26.1724563070296
26.56857376479238
28.035924226632055
27.544626646976845
27.37547878456663
27.803940339631712
27.93547605658688
27.868864117085657
27.077528545357623
26.248407103860643
27.31044136998532
27.98839878999702
27.257189196882106
27.959968455138004
29.61483290385805
26.78870568107463
27.82589182656173
27.6523364675618
27.641410493819514
27.115497816465215
27.843688261712074
27.42985253692011
25.958675578005185
29.194578687374392
31.713049788576168
29.668399429295615
27.742059203582464
27.554106418231136
29.389154360971578
27.642203629418837
25.99628187876373
27.284063825960356
25.852023613790642
26.99773648521506
27.316240815723454
26.79861703839238
26.86689024608779
26.304619971139292
27.644164145453423
26.8028956141708
27.565409224040092
27.269331832811186
29.427023741473107
26.91407419861425
27.86293525105265
26.697011437641
29.518032776357053
29.47553651616316
26.708639423792462
28.12573672620006
26.677820836817833
27.60630775643477
27.314029975356295
29.127046466206735
26.709844163653536
29.420564344720685
27.430795777683553
26.452305483117204
26.420867316382598
26.396760407222843
26.20626182020352
29.63947831678872
