0.0
27.3799390040082
26.86362067448416
26.78615321026294
28.99065326410443
27.151101079891433
26.891974305366027
27.185913887263716
27.242613555798854
26.953696924235203
28.830197717265104
27.5190573859159
28.748938827635488
28.524163601531875
26.988963182416782
27.405694308968034
26.793982688360092
26.88385492978698
27.358889475305762
26.828510630645862
26.916852313511068
26.985665603320403
27.19311788657059
27.745292796383055
27.607828524142466
27.423212789635706
28.01519705956963
26.95852976357544
27.103511979857142
26.97236932393696
27.207085023083593
27.043210871177465
28.702374135905554
27.2200563180697
25.77573759859065
27.53293537773391
26.86632360151135
27.821134664292327
26.970662331539348
27.41442715637543
29.818947306667624
28.762089564286924
28.96251697504611
27.424055472481857
26.96472302765028
27.315195805557636
26.994888306253667
27.13255581636182
26.00619638992258
27.522820063523397
26.854190695148795
28.841341447429986
26.603782714765487
27.06697302747556
26.358099394168175
26.71247119659225
27.216589328483188
28.8616899399571
26.89204555145848
26.836396255135675
29.42379574278243
26.625014527083454
27.231784820297577
26.91377525393815
29.121086132142764
27.254077738597964
27.50519864093856
26.624146451607057
27.135861479571012
26.981883219648825
27.582473391481532
27.305097850953906
27.553632068449208
27.56567714579103
27.042229270579544
28.968643598131546
26.50151742056607
27.075678892055482
27.478248881396375
27.549876525407893
27.587823049253714
26.550784891910055
27.510632273525633
26.14195589513185
26.209845601264632
26.706873521904285
28.997321296235828
28.977734800054552
27.117182422431963
27.128952481719086
29.023573303177614
26.12305601943465
27.18628574619199
29.482269572604107
25.888297782699272
27.467760229401918
27.21226792752607
27.04524596184987
27.004749809509512
26.376753858496333
27.59963624333345
28.232730125272205
27.53895922495777
29.08579336162742
27.30928668765083
27.687022816176988
27.287084985164736
27.60696674913154
27.459778880931
26.982187906981196
27.5453805845114
27.570130091617354
26.405579029499723
29.068879586255296
29.110970099053475
27.701930738262455
27.260548563103242
27.099905997091565
26.916007570546167
27.280794113444447
26.79231954442349
29.212051354290914
26.931122008026538
26.34331944962996
27.66923920964507
29.10359146588651
27.339682324039515
26.348012369764007
29.27129711961316
27.63952637842253
29.137088104374314
26.94066427536345
27.443257591601732
26.753117502263677
29.1744023013359
27.510295631732845
27.2747484849732
26.130321550174937
27.820948928888228
27.2334472404257
27.567288806745466
27.22358684322336
29.184537269220755
26.913620531860538
26.851854167128128
27.25956132889219
26.87604704411717
27.583921856105373
27.153979781751715
29.487057030300633
29.286055433784366
29.202472000903256
29.236355428945746
26.926340646705587
26.567561540989576
26.93872040173205
29.244474545676674
27.63977523842479
27.183059764047737
26.65658193643629
27.332863191202744
27.706835807105733
29.00097715172159
27.207127344649617
27.12563025209576
26.57826216225125
26.251065855538723
26.974723374274557
26.80268036503911
26.355547369649212
27.640323017395215
26.47666244094985
29.369667552000845
27.94162158853125
27.210358661978287
26.996086855251985
27.59360499899942
27.73571691369929
29.283575522698712
27.687139189041805
26.914536927431854
29.285296788512476
28.552203642155508
27.665017472588822
25.993544058394004
26.375307170686764
27.05070320314645
27.534612917456602
28.277199680081868
27.601327139067944
27.411540460641834
27.24149323397203
27.226424416196757
26.98357223996615
27.675430487885073
26.97398559732539
27.679854996943014
27.42367366874859
26.651291464890853
26.944902103781637
27.924840608699146
27.812886047963236
27.288993623221366
27.43771292914384
29.127207343229045
27.779278460828817
27.58382837334799
26.800925579700603
27.662566775873167
29.349098230078745
27.739071733079037
26.038407734211926
26.435452017772676
26.565165328372228
27.5727989821336
27.294223614431143
26.796372106825537
27.56174492259488
26.88909156302009
27.58401446444597
26.9178906806116
26.983911649508453
29.364994049631807
26.430639514066133
27.20331898398961
27.424894657639506
27.784145375068615
26.46987825909858
27.029119910990254
27.589451433800658
26.91511590867628
26.52291241743988
27.668624320405236
27.855467659273828
27.169957717409336
26.754449041737658
27.23817689646435
27.160974855927414
28.140534372346462
28.136112274319217
26.17383823291002
27.270534103994684
26.48955418133766
29.427133154228017
26.883735581885507
30.41554594417407
29.41828186834697
26.52678478475996
26.053766414401768
27.226174204905767
27.520643774188795
26.913770246664868
27.11147047499886
27.69511051950899
29.420925103590786
27.668015773027882
27.457338841574675
26.76654714220917
26.084867369830235
27.658586597841644
27.148059131238448
27.113324428431945
27.249771099180887
27.383314653655773
26.978147324479483
27.101830052793467
26.818355525786583
27.072430130109343
27.42431960119542
27.33361902650098
27.359062844390905
27.754146341874225
27.566295377938708
26.893353099882045
27.178623623422677
27.26756300133366
27.653882348130306
30.411904451857115
27.703423207823523
27.81244970230224
27.24867921823254
26.278844163706225
26.717121263896388
27.562799815152058
27.349432905760565
26.81726379626757
27.52463864995641
29.484932139758026
27.085013696231442
29.350657420750426
27.01570961091407
27.91907850035776
27.72301299589521
27.469533421676786
27.140126471712968
26.679765217229512
25.994954898290924
27.39385135062003
26.950724957433717
28.138722238037715
26.33843027378703
27.139941580852042
29.396116525316252
28.111397350181786
26.970497452529777
27.993950256895452
27.12891854441922
26.96232020976193
27.55734643741473
29.940704123210583
29.200121996925795
27.500556103512924
26.54784786279722
27.03258651939936
27.624632314933734
26.636337404107355
27.126923812843025
27.660095460596047
26.716938936468463
26.745207631376644
27.732929709331387
27.616208165134058
26.980812151377787
27.56734031759906
26.8746757170727
28.60291626487993
26.06904191948416
29.527529573189728
27.522708875559918
27.232172751216048
29.445822390581693
27.697579654675636
27.435047555937427
27.31578185913614
26.89173367161034
27.52383701816442
27.158027686365973
27.262246176171967
26.619387535154583
26.916518605375316
28.342072017948052
29.622446066885793
26.974925992908876
26.42455308134173
27.06862230716914
29.514879533607655
27.112016043232344
27.298538747206887
27.136803066165545
26.44858755250309
29.517740012344024
27.275923138136683
29.500051688677242
26.680424768131964
27.312704450276925
29.179622488051802
27.275485293040905
27.653909364376304
27.041018952504473
26.86639096098056
26.198536537092327
29.42960036207325
29.21409528331624
27.251360321058108
29.52093320936521
27.47787026618668
26.107243257247095
27.12890039201886
27.749664958734147
27.262235867523668
27.296566301803555
27.843124147107684
27.26459718700683
29.562943675609752
26.981794208185686
27.898227505704575
29.598833376064356
28.973509046795563
29.29640048843919
29.605224906064535
29.239943182996768
27.268431162793316
26.910463702893722
26.915152974118307
26.92668163926944
27.104212451918503
27.02589498858783
27.57630960460177
27.80768631773028
27.185692119891335
27.025744954870966
26.380559576496825
27.249662629070237
27.441173379181013
27.766341248509892
26.944575814959393
29.466045818294784
27.524047641086675
26.783411267806738
27.049566982289257
27.252286417819537
27.124885840589624
29.34386582918742
26.490568824511403
27.119093675235536
29.272001181752497
27.08631214696879
26.96870955144341
27.215186669079902
27.231121107756877
26.98995319938588
25.903633738613365
27.138289517673115
27.28007002401566
26.549953168992822
27.055676309470346
27.254021147873388
26.41816378794178
27.531128033427276
27.824171114210404
29.379858321746305
29.538625399942035
29.516867765549037
26.990629985210298
26.863473668441653
27.77144409819942
26.714073429607588
29.52636475384475
28.360958546806657
27.28718402595562
27.1456765967718
27.135014147109082
26.032137360986404
26.076108155352532
27.99984799673885
26.331295755212366
26.46526591319961
26.561144105548998
27.182095046429904
26.950436103622863
28.471097767738506
27.171962220905527
28.880194996130722
29.22539504636624
27.278984660839264
28.179865925276733
26.890280188470665
27.05367511028842
26.903732764036988
27.05769602955447
27.45758684160897
27.207036273436405
29.533674148122
27.57435644694333
27.14401231914695
27.3163545323932
27.06985487688094
27.26548701729212
27.08842644377013
26.650600976682973
27.332121822792896
27.63775015116165
26.92447846607323
27.130365718997155
27.199219306023913
26.45651691986869
27.040411599984825
27.353537302437555
27.352699604096024
26.55864807264769
27.3027283786198
27.283366178833813
29.364386995607877
27.371310490971513
27.64049260317281
27.487471849351813
27.166484037256513
26.948690260067814
27.343376995463792
26.885391329575853
27.614897770776384
27.301529755399784
27.332500900162415
26.780943493351952
29.541507068978056
27.74373252746786
26.48274712646077
26.765705967035093
29.532471532979997
27.293272412227157
27.6972827805551
27.92299117686756
27.019796083727066
27.03607495314551
26.98627502121309
26.97483813955827
27.529490209089047
29.78337149414411
27.08107435643037
26.788130660594273
26.63591841602992
27.37554254930369
27.131331384217823
27.469159264214664
26.916167888725116
27.0214249746103
27.95419871299905
28.974889541260787
27.907213658818414
29.493716833089103
27.75051150629159
26.412908120920825
29.643585591447394
27.126584084381374
26.545559563404566
27.09530306785502
26.771332549222084
26.900247656145336
26.37369912565459
27.277464246779815
27.125011740208837
27.13219958710012
26.97813461937837
26.901079353589157
26.999368356986736
27.12999388065862
29.60135501688986
29.567093088077257
27.15982319761248
26.22694839251499
28.114415986814905
27.68585297843554
27.276066556289315
27.689060839187807
27.6047517088827
27.478934064968485
27.482926417677522
27.631674346222287
26.930861098141825
27.550933177557482
27.266212752129316
29.026576889901456
27.715557620248823
27.49579170489561
27.186008515010116
27.298041996029365
29.638980302880494
26.64455482350003
29.600212521968043
27.26846430631313
27.009304544265206
26.76433952571886
30.416571067380627
27.352524549986704
27.507321851529028
27.31515708596483
27.065135640632068
27.167799116245146
27.558535311741007
27.406753473421492
27.121569345526797
27.489417755252113
27.43293906330779
26.680341725636172
27.82660291575752
29.619787971199283
27.237704535237835
27.298592364718075
29.577030254060187
27.83738204007876
29.600176736705137
27.5156890604454
27.01058132041256
27.00498093560989
26.889964949437665
26.64005746060162
27.172167345531786
27.623814962023506
27.588690099724882
27.731513203221553
27.594159283649752
28.951620299777915
27.01081224503376
27.310577428786658
29.58360919657377
27.673244077293866
26.793699689770545
29.57961650805895
28.183495621049026
26.642926278844374
27.095587622091944
29.61129642909797
27.67097680186454
26.884230399782762
27.266672474082686
29.625848579754418
27.71773772502125
27.105694853799925
27.451597940489048
27.251696962259906
26.067109453680008
26.449788859759483
29.575882123615255
29.591384827238507
26.600106165355697
27.26089215481162
27.39198999275453
27.253266585093687
29.568618132281635
27.649261777588173
27.742529741825948
27.508195943659253
27.156380114306387
26.802010281284772
29.51664209508805
27.108495163798487
27.179286014390996
28.663867716927733
27.72070874213093
26.708969953563688
26.6235707972915
27.324568681287616
28.670609205769118
27.717488575045845
27.333643294826537
27.08970636179432
27.638758582796292
27.831868968726383
29.563003115920882
29.559239247032732
29.488476315525382
27.325618977434065
27.019372282231224
27.553518928447485
26.9287537823486
26.711827314212258
28.13585716939834
26.81194181181233
26.148935284760604
26.488104388783956
27.424065327742362
27.46750169341489
29.691892707735473
27.133675245690295
27.236409379857573
27.439442809502452
27.272302786681426
27.119932393671526
27.028587741770167
27.583639369044914
29.622964613182095
27.44370391442761
26.413422156301866
27.74639869257022
29.32195231112545
26.854338869062737
27.283305661387914
27.094559660001146
26.65989571232855
26.779799465882174
29.574312486356256
27.06280748196484
26.904962882251695
26.976746937886446
27.36019754254997
27.044496623835943
29.333493764488935
27.470102259678384
27.038710640109727
27.0722057731416
27.250229083903594
27.19462026955974
26.63573993562853
30.35603829201269
27.292990999056517
27.056693555551767
27.314234782966242
27.353163587017242
27.253824033786515
28.14241271138254
29.55944228005992
26.608161443359098
29.591568032846197
27.551067125490047
27.08359847550866
27.537647360870295
27.15004614834352
29.59214413729397
27.513567505135754
26.507669887469802
29.611623992497854
27.06855485029232
27.08335583815977
27.135240455115067
26.98118185876725
27.29525101565884
27.550078849320744
28.572891331322506
26.97809853709388
28.085795098552257
26.451989868720496
27.479713189863375
30.079594035801716
26.061976050299304
29.353989576976236
26.77782968682169
26.946264006503036
27.499408205819265
25.940153704703658
29.54440212162495
29.671410582305047
27.04843054212138
27.708877739278986
27.86521524975189
27.536409287685874
26.15020138522548
29.19195795948809
27.525336956671183
27.328714920179486
26.79743178442297
29.603320458028442
27.288556368975478
29.899168470784645
27.551524377151736
27.119186858174505
26.988244886272174
27.38549407446777
27.07629119706749
27.320950737767916
26.43125601995601
27.470336759861816
26.458706010991474
27.04013063795365
27.830778511324002
27.56140720183458
29.64715833391352
27.53288023120627
27.34558125991311
27.095535408908695
29.616719082257326
29.48041104133044
29.036313938850707
27.48799903543683
26.838416405024486
26.95238927097797
29.807535773833216
26.367715761051326
29.591382508229714
27.858043075556434
26.14105680765053
27.526906899551353
29.580916459083937
27.31683580112068
28.400848873548895
27.616002736966678
26.72059508220357
27.334710959583393
27.312572441458116
27.301513604444906
27.030309943609677
27.082310986270162
27.064643106238922
26.9627045510432
29.241536837960773
27.328156038827583
27.64498978158161
26.757405562962163
29.631936851975986
26.846391539757324
29.548839258900678
27.188172987855882
27.170167527986113
27.384425572388214
28.177377145150793
27.28477412896052
26.90724816946207
27.07164129657562
27.06943991593274
29.625760223709257
27.550458304537816
27.022137485667603
27.522719533350166
27.17647560636276
29.622312469492606
27.247559223346713
26.656558811681446
27.74104679511535
26.412432960037066
29.918835754214307
26.972938808928614
29.252509343181668
27.136848925301944
27.03218153606217
30.523628028887337
27.299913315291995
27.621825887125198
30.456981378490344
27.66299099616471
28.159163314535093
27.40990641582136
27.70084751041188
26.803212406106447
27.57541120042582
27.305205248719542
29.616071140781685
26.682548823017378
28.179462812941054
27.028300346092628
27.345246110847903
27.03475359028075
27.68521898686595
28.426970812906593
29.60463589863924
30.360446740979057
27.522808253267797
26.356263846450606
27.495653153269043
29.411565333421276
28.206593522168234
26.02410382748223
28.860373178268343
27.194798955796795
27.60354278059661
26.75181386750543
27.373424613062426
27.78362840021696
27.201313066182987
27.5092577213918
27.462746410188366
27.37461568590973
26.342684568362312
28.248908253058026
27.34047884523711
26.50180750852245
27.627603148928543
27.06062429899177
29.61645690854768
26.710054382487854
27.082853944692797
27.127311167266498
27.527295004498853
27.216490005509215
29.526735780473263
26.95285913196676
27.22952742670447
26.97361040991374
27.26045283955254
27.301096711598387
29.64096519521395
29.258342774595253
27.490371164384353
30.631161700215976
27.615410640227868
27.49334136745781
27.274253631265253
27.731070148711435
27.041946643758312
26.13379715960986
27.349388067362593
26.634202489830383
27.313745566866277
26.487831556795022
27.620542963243015
27.62647162659586
30.490615552625446
26.71431541769049
27.81100979555437
27.188056444657466
26.97546026079712
26.72719225727082
27.2402050456092
27.573054829664784
28.590829652156607
27.290016511549354
29.668646816722454
27.27726388806135
29.624945469345352
26.454341544534493
27.765854110233
27.099305508689977
27.16346762804607
26.982108553964572
27.3563299661292
29.639569766226458
26.560104071352182
27.0468173078668
27.279605613345787
27.298198182043286
28.21844142220559
27.516382765595054
27.30428697396566
27.340165080197647
27.35189723838509
29.33469934977902
26.99901190712096
27.768541515358315
27.78380520480993
25.968904899382064
26.33898382024879
26.487286852015497
27.756345301015507
27.405117583792148
27.01689187200145
27.61320746644275
27.62704546483354
27.477429540357146
27.03940743765949
29.703137250099314
27.82496560825449
27.16770382267024
26.82377120961533
27.30903055982516
26.937764147850213
27.328459021269996
27.353156384515525
29.686095275640756
27.232650708200495
27.351756832701913
26.89542585238522
27.457196404021865
27.47477700782267
27.166754717235168
26.353924614681212
29.791983635102707
26.842616166859788
29.68740094366802
27.028510107073664
26.38845344264385
27.566484792787318
29.439419189968202
27.720831749523242
26.966653234275665
29.671814998992627
26.26820216978381
28.00115637081565
27.17320507388366
27.54034118686892
29.687799738988804
29.66754406840028
26.976303440788584
27.623703221900964
27.671474576845007
27.362011178220715
26.957349625760152
26.64590056282274
29.65085203560512
27.088012310750603
26.977990292039067
27.081721513354974
26.7761916354366
28.14606741993113
27.03345476214976
26.881781726429608
27.16110472151445
27.72349173200575
27.283927777337528
27.507285398962804
26.62253209591956
29.266049981126983
26.641377822202998
27.304823067231172
27.505166222603187
26.99216945415514
27.670979484331298
27.348185629927865
26.94714594021672
27.315750275038674
29.56365056114529
27.133853812266185
28.172616960012665
27.952647436958294
26.109377565143745
27.493571403407046
27.79801928591136
27.27599634339513
26.875405747169804
27.74165112186719
27.389127664293394
27.620934223700488
26.857828838307285
28.947279110316547
26.760900164888337
29.44345981164645
27.339188024082954
26.856045208994093
26.26141122731046
27.406897351268526
27.321103625111142
29.661816266299322
27.352075313660478
26.93993981753458
26.739411776342582
27.88159677651138
29.7189365146772
29.685668671829806
29.66546254446864
27.857201752187684
29.4458658966836
30.249519412864554
27.30588010719009
27.548511230361893
28.31946699759107
27.324304220640162
27.794158980791654
27.470069248533346
29.69323905420862
26.78245070937826
27.487503850151537
29.416322659593543
27.660339852945967
29.693003555878974
27.78835351394175
27.177880982135157
29.537164898971966
27.34318324620303
26.20235962956606
29.70617687940762
27.456314076275827
29.711851942963552
27.02212003083
26.99183296732081
33.420301084714666
28.592567203555678
27.713787052968886
27.19250704119514
27.303764641166406
27.58567707627064
27.506047915395563
26.93538877582255
27.93620436783304
27.632567922263384
27.680576324833677
27.10703405516966
30.44987049326416
27.663142725965045
27.20454005875372
27.19417131610621
26.478367051242294
27.55382731440974
27.46018261155686
27.28050479009381
29.779769730535623
26.649739552148358
27.038525636465966
27.139981670641426
26.434177099534804
26.696138377874757
26.608127374207342
27.552746754119433
27.43278105931665
27.036160448767845
27.837373988052665
27.59959138461767
27.362734901194063
27.34702861552926
27.246618996793703
27.867967362829905
29.705012190527558
27.504934137340562
29.688964563767147
27.32683170282212
27.90034072155209
26.551210025545483
29.484610373314403
26.966191507953383
27.434426275387107
26.95166487525418
27.176264161011627
27.68847485823964
26.623000838864076
27.722220648237304
26.122395777524744
27.214279717622603
26.39181295183767
27.143811951769642
28.68176939686296
27.296607316921442
27.533429995436084
27.510192806080685
27.00578230209908
26.742003335447002
27.790007707250876
26.87474419870477
27.77440570086751
27.351510925992816
29.39284140260372
29.70679411018693
29.426624073406096
26.423810489308174
26.964009742286514
26.72638073017065
27.20238775046136
29.50204450129458
27.369192948818956
27.21806494483712
27.57469663380294
27.80439918970788
29.58055234104388
27.194495273692414
27.19735665729243
27.421841703066754
26.920301130258814
25.956786771868575
27.669716523809484
27.764836140228596
27.488640602929898
27.702737106520992
27.496263214310613
27.544041885411644
27.27225139609927
29.50730233657974
26.3276948222728
26.717708496378673
27.384373953846758
29.497498754464136
29.6502351818403
27.28610752187269
27.409499474003585
27.684069664562887
27.02222270735274
27.66125272944739
27.06957278216509
27.3626121901509
27.098728616314485
27.184304198677665
29.648950977818878
26.581281063226353
26.192255163481995
27.976026118569898
25.921234741992
27.529271821474193
27.93370125007677
27.160704270924374
26.80608362391803
27.320512178940326
26.82702808560489
27.375921258736692
27.115414416329802
27.1595770589984
28.19959068367457
27.397866973007062
27.998711327137784
27.157482133633632
27.71108367172315
26.580969385465465
26.663853932999565
27.27656270532962
27.750421653330626
27.59442019964397
27.354199486561374
29.71092505096392
27.603470296683472
27.30090894496366
27.54972696250008
27.243919207403245
27.362982832500958
26.731827390082668
27.776059169348727
26.701032253997912
26.858093306781093
27.039152310199047
26.97328754114843
27.16500727090102
27.3526018277505
27.499292172139224
26.76398250248214
27.764718884922456
26.49714886301677
28.188989681945277
27.356280066533035
27.03410387026324
27.48192727198953
26.97673982531907
27.002418782601097
28.29049861473224
29.642210906368092
27.449497543554358
27.4606241461704
27.041486125220633
27.78126394832802
27.76574962177243
27.78135535884767
26.278576379045607
29.67783230917077
27.686821788651233
26.995082684448686
26.148716116786694
27.01100119249363
27.06944069443398
27.162479149459173
28.30092367670663
27.848694382748786
28.970025762414995
29.636333628047165
27.033168588278304
27.183893343963145
27.03951516264291
26.95989038037047
26.743224107672244
27.399843135752516
27.075907846600618
27.20800681583331
26.48942475644106
27.720627342095764
26.65088187195021
27.331526117871913
29.598760899376806
27.324381823447897
27.036549835661358
28.03947609991543
27.91338485255859
26.11944386272988
29.43981331890483
27.96676674086102
27.231656325820747
27.611697456816007
27.532857133392287
27.262247803855516
27.02514487182959
27.698251444771852
26.961553148024212
27.19503053768799
27.735264355246542
26.910620814364318
27.821607677530952
27.13406636346932
27.660615479797908
26.48062972735424
26.83223051141935
26.581734241779557
28.37972966332527
26.507352503945096
27.005956198206977
26.429817940943206
29.739135876932327
29.714562711310606
27.298683461293084
27.328150254822933
27.06875488893041
27.229516926183447
28.062815388236768
27.220905091390016
29.735110821935955
27.741524191126963
26.66057350892157
27.693226035557824
27.588305827331265
27.546451493425927
27.11798901916521
26.996730401805547
27.193328819046634
27.2515535347632
26.841825139280573
26.3250036230406
29.726101553334807
28.321158480579403
27.344897992463515
26.90824873594961
27.03717776981519
28.23445059354341
27.466205263742246
27.164490017327584
27.027999089466817
27.342125102122303
27.144527667433646
27.194121642965943
27.554936292295746
29.232241989905834
29.75408690966365
27.45856876567064
27.551601508683298
29.61250569411998
27.428673844449154
26.811024313742422
27.13297685225526
26.318847649900672
27.164976499221417
27.837293158925547
27.563733997032692
27.586194690460328
27.60971157173724
27.52565660706835
29.753126409177025
27.51480282064125
26.701457094771637
27.277451451857093
26.91837887912705
27.743068514664557
27.155960244905977
27.571541818346113
27.083839824602865
27.586842160380282
27.650446123943958
27.33144066944786
27.869329878526337
27.56977803239035
27.654145986372054
27.535471719688633
26.355837116775728
26.973711438247104
26.615009632454477
27.017359533296737
27.139767511058487
29.07402256079298
27.033865526670997
27.57334274901107
27.762977483334314
27.36398580770611
27.342395347890086
27.173719911053045
26.63626741337641
29.695756740481567
26.76219492510128
27.518327571360437
27.74995238395266
26.14707606697887
27.514697300565466
29.41552488172089
29.758327686690507
27.76890274600403
27.32665851427042
27.329585475002247
27.043948636150148
26.848406973750567
29.53571267318981
28.20913587967541
27.54239455492837
29.756879585661686
27.09826673961641
27.185776880602937
28.22545409041856
26.708606467723335
27.35441451031808
27.018517109018816
27.010985318542488
27.180981705877528
27.597620990295884
27.02402558917936
27.159854462719128
26.27899731453655
27.756428285203835
27.568747061971152
27.33746200540092
26.673772166850423
27.74847903768458
27.070438588250376
26.96810969168779
27.657080338823754
27.75440307280998
26.43395874622806
27.01259349094819
27.184385734780044
27.037239074240198
26.57292915636397
27.88349094706464
27.03445600438901
25.971620776981766
29.756739861023284
25.9737011432976
27.18165244540221
26.446137376063927
27.33306475280327
27.601327139067944
27.602699753029903
29.691069724026843
26.962922815318727
27.839115431331543
26.9878516567214
29.690374058979963
26.76163645802761
27.60429821127154
26.750238641680177
27.031424673536844
26.93360923081322
29.700407919618552
27.623792259971697
27.902663083333387
27.367931924935153
27.170799411191805
27.371057076869167
30.528466674488644
26.4517683670355
29.74887387298811
27.804738517930897
27.045352799494108
26.56389195402771
27.81649211950106
27.01127925207946
27.791471309992158
27.10039496781798
27.342030050348832
29.71671660031303
27.174009384257374
27.53753955008698
26.569141712250474
26.6901046338339
27.30080384298603
26.410514552665877
27.106664209022302
27.662690824785052
26.49928116053228
26.967699522529056
27.449990680119924
27.03001883376685
27.53782512444054
27.040717843525215
28.43025360905993
27.672725227393826
27.31842475115837
27.3136396047588
27.515101280949132
27.518205276108365
29.748065024906346
26.982587746161407
27.637065769798664
28.298841207590336
27.219654961676298
26.819000210979564
27.200597560081892
27.43278021288218
26.93316961389801
26.95338210155083
27.047939898511597
26.561196737069075
27.290024702179956
27.09749122119349
29.399916882771887
27.852687091117698
30.085987944275594
26.946222134241378
27.61169392868389
27.806628052775906
27.07806466577296
27.76133020421334
27.654608876461186
27.20433259637202
27.625444217775588
27.020331281991293
26.220783335605
27.182427159974527
26.98392386264006
27.574537760016543
27.51695921187374
27.3573508159254
27.607712200967807
26.60065914991415
26.987306186077785
27.22190910962557
27.74738474535648
29.723676669775628
26.939367087670302
27.16809191153626
29.55311818559307
27.09953127004627
29.721209652484195
27.985160771268767
27.18527180583552
29.751963982207474
29.562889304564706
29.063635082027616
27.367639239606337
27.1636453022889
27.568125861058636
29.74539526069481
26.77969313907696
29.771134378507032
27.497832704552227
27.73211801838861
26.27577709291167
26.54228680991931
28.00465577210963
27.369530785256366
27.75125468583472
27.89619348198437
27.05661489933921
27.285706015437054
27.956928548151648
27.245513585340298
29.739525534507692
26.763989275007567
27.816766124633187
27.62263638117484
29.74164142873575
27.71356973328683
27.601252052379845
26.770762246791996
27.5414033321441
27.249427574710538
29.372090854754532
26.910042932332544
26.684973651073555
29.571275091619547
26.71783389779189
28.105594977431476
27.585789888109147
29.10768062987817
26.707992288775817
29.494471956093314
27.385969948063643
29.737134394264483
