0.0
27.326860614143346
26.836510865870462
26.750253590617643
28.95348477026066
27.119150634709985
26.87313615789549
27.183183632053836
27.226012516889703
26.93354484477646
28.82296044488572
27.513220863480157
28.730167944385432
28.547016084362728
26.95878323406025
27.385894586306662
26.744286786178392
26.77623772144482
27.310620222355332
26.809465598343934
26.90559506471196
26.976177461327634
27.179517835175705
27.735637349538603
27.59666366972584
27.416702082689522
28.00361341044627
26.942395301946057
27.095481107864018
26.93610895164862
27.160361889774837
27.005781790650207
28.70369601934732
27.20124298149926
25.74733550756492
27.514779531248728
26.841588745551643
27.77194162590621
26.961278253923798
27.408716288485756
29.775433456304853
28.814456354292147
28.959698508163655
27.40401901788618
26.94358045771694
27.300901828603646
26.971860302076585
27.126615111110297
25.99972159368386
27.442791518878394
26.826350799680494
28.919355181223963
26.59578115321735
27.054989311624254
26.34646361121629
26.696864248326214
27.219243703876295
28.844021249348284
26.877356239039116
26.818852258044107
29.3347483146292
26.602299883219494
27.23141362440339
26.902540451533742
29.15300166974952
27.23059484288631
27.487272421110095
26.618890642650495
27.14406591040763
26.975928053093433
27.571286933794063
27.297010926341244
27.544060700770686
27.551385775811948
27.02419508109693
29.041540245368644
26.46174488785912
27.0410962955094
27.456446272167412
27.546007807396276
27.566438529412064
26.539192448158342
27.4910496846202
26.07979848605937
26.17920501634555
26.694064790531062
29.068268134243386
29.09641033135066
27.08827319170625
27.11622173397826
29.118293076265
26.097790216435943
27.17592214667758
29.435923757109936
25.876528777095512
27.449172687508714
27.18931565020343
27.029967402960708
26.999032333257144
26.371806146014627
27.59620515656366
28.208665272776834
27.53131765235133
29.189652958758256
27.285200911966424
27.674670637610344
27.27549889850116
27.59393498456207
27.460616763229062
26.974378081090872
27.53809077169412
27.55017595655197
26.397407689624
29.177339201834744
29.222053999802185
27.69135135255525
27.259681975801378
27.083764840923813
26.90815021917298
27.27107420166784
26.789649132551624
29.19323109802239
26.95229378931442
26.35281597807181
27.663269469038102
29.157915362488605
27.28677969181475
26.330860963653446
29.33091542504917
27.631244609007208
29.24722357033525
26.936275046878325
27.423570339733736
26.74210585556156
29.305967581915798
27.505480375069162
27.266507098915817
26.119021430807408
27.812057428948417
27.22080593837109
27.572435634606876
27.221296351408505
29.24330530284673
26.88074450189931
26.84498765013929
27.23271267941815
26.861459147626604
27.5412213721539
27.091456888863824
29.37166622720721
29.376651051708595
29.251527929954424
29.34273741108759
26.910501729352518
26.550871941888047
26.89859920935155
29.273895908381967
27.635102247211314
27.156175469231457
26.642367416118248
27.33412786239424
27.706078855831777
28.98519735859089
27.17824044616973
27.118739073374567
26.5665652696568
26.23161987348876
26.9568453954725
26.788470701577722
26.341201784056967
27.656345673670838
26.477459412428825
29.440710095504308
27.9233411626493
27.165057673261057
26.97129045107831
27.574760184944875
27.71238851109889
29.28549951321972
27.662895795859203
26.88995947155248
29.375210472148485
28.503305443111852
27.65497886771125
25.982879948547236
26.354493346375385
27.00461124201537
27.497570081104154
28.251945327667126
27.55887774700508
27.376968450827654
27.22256684589518
27.21206894507646
26.966233066380372
27.657671904402644
26.96438663416062
27.669290156408934
27.418115975742978
26.64031933802235
26.93607975981004
27.880008037809038
27.795041235319907
27.27444133713916
27.43738951825863
29.079388457142908
27.773525491798118
27.572426310932457
26.78562908885939
27.657695675672933
29.4448608824358
27.73457018109141
26.018172240091268
26.42781438436016
26.538068565322533
27.570651972192582
27.27404879628626
26.768524400141857
27.53734185576496
26.87985855944143
27.56089049921234
26.906311316186013
26.981078113764664
29.48036085844859
26.4318174928129
27.206278849222514
27.42798076139146
27.757041748646348
26.46243803331606
27.027708134475354
27.58392711457025
26.9081212146595
26.507858230900702
27.650408746696762
27.834357387130577
27.176447413054465
26.745870934264214
27.23544541143206
27.136586691370706
28.12433933209574
28.110632794777533
26.159145984329037
27.23804848250229
26.47881731772775
29.496267090717822
26.88525900571218
30.354073598448792
29.51374042527303
26.525211247706025
26.0593429346368
27.226161829237558
27.525074105803167
26.9128760402359
27.09591396871011
27.69954793352594
29.501512934606
27.682862665441792
27.461689977037782
26.76587438262127
26.086030917683505
27.663816053719913
27.133250981989658
27.113579494131802
27.248562662567064
27.384528253256885
26.982464127827186
27.107064157268336
26.817748648987703
27.075902388973873
27.423212508111796
27.34645354300148
27.36139998026026
27.755438049867603
27.57548117655008
26.891847759244353
27.183397812167673
27.272522223151935
27.634133969963287
30.318771694692607
27.691202526796
27.792768038370458
27.245869502521625
26.280058270269326
26.713463736812965
27.561520838160455
27.36543569952888
26.82152451581912
27.528679604918
29.548548084862784
27.07773497768202
29.291813784823503
27.004335654125352
27.88957396115317
27.69554662331251
27.462461184841718
27.13066021228937
26.690954124109208
26.00676564938292
27.37776821887588
26.946255430223797
28.116038034011876
26.334921588481702
27.145610045111116
29.432974436394577
28.110990977833858
26.970929195139256
27.972374307906847
27.1213285168204
26.960620704928672
27.56822424590908
29.912388443963177
29.168434729870427
27.506832781166008
26.540902943212558
27.007225850782184
27.626084586757443
26.620142808341175
27.12450632394694
27.67042395102244
26.722384780717334
26.730575253403778
27.736134422541085
27.6234871205331
26.98523697462733
27.567208776970233
26.850084831891046
28.49247984930303
26.07281412623125
29.58783494743916
27.5333708000408
27.249226882437295
29.51965519259852
27.70853800196053
27.4412149348975
27.29865172773476
26.88007915861229
27.51727738315788
27.154710407443527
27.27201565979298
26.631855577200017
26.91180433659821
28.34113499124993
29.59332812803488
26.95622138408072
26.432715193593136
27.06393395483051
29.571173989422576
27.122118285291098
27.287560292414422
27.13071521816491
26.445636986893433
29.550094653771623
27.26354661848312
29.5399470543271
26.67559149195238
27.315319930267318
29.144225570516287
27.27209124628069
27.656741955569426
27.0414175415312
26.846353577502434
26.2023043708777
29.39103004289244
29.168869820560243
27.265538599378683
29.58243896044955
27.487491849824004
26.098673749646988
27.133619938948016
27.751041858763163
27.25551739466266
27.30893650382686
27.825750055104372
27.274632859899803
29.600207409769574
26.992894518942744
27.891950783667273
29.596175295151742
28.95577231203315
29.345192182859265
29.52036464850559
29.180600442443637
27.258916128156894
26.935620265859114
26.929678402706354
26.93790613748508
27.124699232001742
27.04061421324319
27.562207369437033
27.819455312675174
27.19900461159987
27.031701985827294
26.393962998549753
27.272563011821983
27.4223837808157
27.75521073488518
26.941584883956473
29.499708819061237
27.54251087786265
26.787828100015382
27.045797726545768
27.26340008559175
27.12040839577018
29.387595894154714
26.491519643115378
27.128755964754106
29.237507839094174
27.09585026392397
26.97029757683193
27.219073409958227
27.23277626819547
26.977079717453556
25.912509619616888
27.130012827065336
27.292895104170835
26.55239398639704
27.079974384915555
27.27277185581469
26.42461884711804
27.512097773610666
27.808098191207666
29.41139179066638
29.599210646048974
29.482317516049832
26.99531125576575
26.862822347998794
27.768762822720475
26.722205106905374
29.588873602417706
28.343825921128357
27.30067931138302
27.156735949660998
27.12166757175598
26.047115363053322
26.08373019133982
27.983572133895475
26.34354031874609
26.46365175555641
26.55639834942336
27.189769437769563
26.965895542364773
28.443168968041284
27.171407476408188
28.860481749943744
29.19920319994155
27.29525156235893
28.175699890885625
26.883927037400174
27.056458108639344
26.885650516946146
27.071104930066706
27.454823888526793
27.230443223643896
29.575999048945157
27.566080077697382
27.150183883005965
27.324614364986942
27.076864596582947
27.277709807706906
27.09853058850204
26.655692430006113
27.33711423438731
27.650652594534353
26.921624237595818
27.128761226136646
27.187098615387715
26.447910557559798
27.041241704087646
27.338313057802015
27.363156087414367
26.563952472441542
27.30127654818741
27.295008014280743
29.41472546911197
27.39412036015991
27.642222578812085
27.4902239226218
27.16893032310234
26.93838752696492
27.350582255299052
26.89779891769441
27.635013272559792
27.292641580313173
27.33969419897629
26.785273714134252
29.608709872378682
27.742174333792672
26.477994733333663
26.75338821716817
29.581217214920674
27.284200151500567
27.689706168111456
27.91874211099103
27.013410609200402
27.031677803902443
26.998276630193565
26.977058886228704
27.56059207188037
29.776010763112104
27.110663254079405
26.817442548799267
26.648357765643528
27.418955701376543
27.171083376881057
27.504803039033632
26.946733205233922
27.04375154260939
28.000983034420823
29.003167120463594
27.91218393993181
29.58654450631524
27.769176813602186
26.417664377945044
29.723587735291837
27.149616846059967
26.56518150207306
27.133876989587225
26.794254014133752
26.926291935667702
26.3792010522166
27.312793647696363
27.146054006232777
27.15482288338025
27.001335996395486
26.91952591045116
27.023836074232033
27.143909362422942
29.696909920562796
29.659495316041017
27.17620245814517
26.244134252391447
28.117842047253127
27.716088539709034
27.313559723117514
27.72525509437979
27.633310099380083
27.507808393419985
27.523697568936164
27.651824263696117
26.966386633285982
27.583962463304985
27.290981474119164
29.042920055963474
27.73868179328016
27.52918037311953
27.192194710280237
27.322080746341026
29.637551291904348
26.670075678801865
29.694561120591164
27.302539993810022
27.027205948838187
26.791095117865673
30.41623036091311
27.358123682841946
27.53282162074293
27.338772192945026
27.091901608527053
27.1814074630237
27.583945227109133
27.426370383447917
27.158239305119988
27.52758769201638
27.454475665594288
26.699955795330997
27.863666452762732
29.606493916231784
27.259979947359987
27.331444804010317
29.660014535680133
27.86527571701368
29.695380015821957
27.533889436887453
27.028090081159622
27.041126717468778
26.906767719457665
26.661011417043387
27.194243423288526
27.643796259132266
27.60685749743837
27.748747874716273
27.609449147756578
28.97002857622508
27.034688716877692
27.34250781708636
29.58884579048024
27.70032625265538
26.79969726150243
29.66421675002775
28.211241921988908
26.662434096462917
27.114502102458758
29.70058389233524
27.69619531506616
26.886510771691185
27.299440758439516
29.633089129088432
27.750718235871982
27.13191525655234
27.479735151118966
27.266544572539754
26.085458621728165
26.452219486050996
29.655974082234103
29.683488432809387
26.612006907457598
27.295937998615827
27.418034430328902
27.284487812431703
29.64468368087053
27.67414624841001
27.76149362582957
27.53100075961489
27.173145274864627
26.814188446226982
29.587560609729433
27.129606550016756
27.20621805746115
28.678144365381737
27.73191338134036
26.725175230517383
26.642758800649332
27.34793217812305
28.690900081466562
27.74846568729507
27.368679432158455
27.120347481393736
27.64997299919383
27.857754941288896
29.642541748471867
29.557838531761465
29.566932588256446
27.342596247000973
27.04540905805397
27.57424859549035
26.94336669240452
26.723648936208107
28.14288150938094
26.826947100206436
26.15618455411124
26.500934570850728
27.439827697755938
27.49264990240154
29.756686381403
27.158027951214038
27.260321595960693
27.46369739137585
27.28873896230523
27.139658325385053
27.05097709802044
27.59615623181934
29.704134832791528
27.475092103617015
26.416638042886536
27.776445456071233
29.343556974440038
26.896645140755588
27.305413202453366
27.13105605957734
26.68134213746586
26.810909395607872
29.67959316972655
27.08437776631464
26.92005491026622
26.995759759894632
27.37895379566423
27.059707368250056
29.35489296107512
27.480473342075268
27.069085452865
27.09114600339427
27.26712898567522
27.20961941903158
26.65422478882331
30.356503467806835
27.33375360710644
27.077311723985627
27.33691938438912
27.378993088238342
27.279444102681527
28.164094741048835
29.632684556503104
26.624858982182413
29.6720191114336
27.575747970867756
27.09961828536903
27.55946247624257
27.180065098420187
29.68203617940492
27.53717220421633
26.525681508855435
29.690098860732657
27.078889255579075
27.110914233670588
27.167520142904493
26.997669609934007
27.332624969033734
27.591959837342902
28.592807111002248
26.995325031653593
28.10382995989357
26.46522030218802
27.5101988376858
30.09849782746005
26.070918746745868
29.42756279342222
26.799439739232184
26.965166357059253
27.528150053441035
25.966753550617106
29.60859671949475
29.74876855070615
27.064804340295638
27.721301500984566
27.898395846735095
27.54780136540428
26.170197532865274
29.17229020863848
27.544863179340634
27.357575146693748
26.81253173437189
29.698134232514395
27.323233333428472
29.888096654473905
27.586192352143456
27.14162329607086
26.987926530588446
27.415099814695516
27.091240414245977
27.356238483974195
26.44272032173397
27.495517754813566
26.47329187306506
27.0609236834541
27.849664497241072
27.591049704284295
29.724796156835566
27.548917209372895
27.37573691222583
27.114341896954112
29.698505016176174
29.54935184612037
29.06184220040122
27.513469775831897
26.852861801148425
26.96703086254416
29.800564218986032
26.38166823108487
29.671305704687544
27.89979025026064
26.15073733196078
27.567252429392084
29.667248130100198
27.348134993723374
28.427112704998446
27.641022120408188
26.744568027809187
27.364119944043125
27.33775514831346
27.331483393449734
27.04563461574512
27.110473064174748
27.082386985952006
26.97835772635822
29.230697839776656
27.358372460442233
27.673134934752984
26.770445875107352
29.7139854043419
26.859556330829207
29.60448191381967
27.20897864706526
27.191131885654364
27.410151441251717
28.193569851526693
27.320341991548883
26.926546042554527
27.096038509044384
27.08512516282677
29.715612079734782
27.570169113999967
27.052302889998675
27.532005198610346
27.199016108043537
29.70518216040363
27.274665506667468
26.68236699174218
27.770275391596442
26.41504676527268
29.907744677601823
26.98740396849213
29.244474973871583
27.170475357037695
27.050783819466425
30.50922227420779
27.32865624665377
27.641453122284766
30.449850429684375
27.694213572172007
28.18499035363646
27.424590223073057
27.72513467776653
26.822837969784604
27.580378806418427
27.307789623260387
29.66892113108934
26.689366102354036
28.194031765220554
27.04635782133861
27.36921908502104
27.04227053150806
27.701692999283832
28.44969634977508
29.681295082620995
30.37407359855769
27.55624352045643
26.37855692016286
27.530413212773198
29.474511068412983
28.224346198658242
26.01815186919067
28.879906785368355
27.232685196421198
27.61521201750564
26.77841208144104
27.40264557073057
27.7984118279053
27.203401413128038
27.527237046059316
27.48219950998472
27.391946669352247
26.342478229981776
28.258339421069444
27.361757473439166
26.51992008538102
27.65490670803492
27.083265243140406
29.699802532814637
26.722724504318542
27.11241360177235
27.13845113634416
27.551083361883823
27.243342500714327
29.581773899520243
26.973728191916507
27.248466661990044
26.99299497698742
27.29200674282645
27.323097702887107
29.63498325474514
29.24758778172018
27.507861500111627
30.64696443454738
27.63497987058647
27.51779352611783
27.29948918836356
27.76228464902162
27.060473837603944
26.136196576119907
27.386453410882115
26.647564603048863
27.336749932716074
26.508062088806703
27.64568341354404
27.646585211833074
30.478551987293933
26.73503139211571
27.841039822625504
27.211111704120444
26.993971631874654
26.749199093405302
27.26730579157451
27.602152591598223
28.611070451870948
27.33675821196015
29.737917222999616
27.320637280548844
29.696442814850315
26.47933015291982
27.78007303591989
27.10893927486357
27.18637371747728
26.987514994944135
27.383314095756933
29.72724702828968
26.56359676560948
27.069480657685148
27.302999469939085
27.325486850744795
28.25077615843937
27.54814092714428
27.333259705685744
27.38130612433404
27.373342510937718
29.30386303519997
27.011082611413073
27.786548127274592
27.801649887719357
25.980055653305296
26.352888587529367
26.50135075398986
27.774209439078177
27.421877445466073
27.032056498011315
27.635631403226547
27.646778161121517
27.49310390531629
27.06230018519766
29.78579357013274
27.845701560389138
27.188509300522874
26.83351181537157
27.339764896946363
26.953373005889524
27.347752889272314
27.37364309576853
29.76677677260575
27.254168989309882
27.377253408759913
26.920431517170883
27.467828207865864
27.494468202160217
27.18781243413091
26.365246784526995
29.854645458840494
26.85438628578293
29.695249856259338
27.045734236486954
26.409091794328003
27.59552113904717
29.4412987898077
27.72766563789428
26.992160276895657
29.740428311560002
26.2690597702002
27.99507187165339
27.181807430521733
27.570297540884223
29.74988442341622
29.73595705916429
26.992347394852878
27.645689636288562
27.697325960984152
27.39305672328463
26.977585794492573
26.661003385968396
29.718821408411983
27.11204827635283
26.986779624884857
27.103563504385438
26.796524169781193
28.166523468598644
27.05954321638886
26.913130364649767
27.184470736464238
27.747525498310047
27.30976388255874
27.540356515549654
26.640177818819634
29.240618650166283
26.659752609221133
27.326475421006727
27.52342559820005
27.015839818176435
27.69179516507925
27.377254244441176
26.961639720487252
27.339129485020777
29.61707318183853
27.14356698287247
28.17286988408268
27.975219809765274
26.122504280680772
27.489712474975466
27.822414665079588
27.28328249051702
26.89647357192229
27.77249107741696
27.40573805012242
27.65214712908339
26.880918432185208
28.975572507079367
26.783636254787098
29.49881430657771
27.36458931497634
26.86898261731941
26.269398195623403
27.42052141048972
27.331768414642525
29.734053856341312
27.377874085663684
26.949572686675186
26.75925688784984
27.904735996798987
29.773679746652807
29.739549529343453
29.72880735068088
27.896246534102694
29.464402312431663
30.26893932848056
27.32270761674622
27.57741062912112
28.3490702825799
27.36578907986079
27.82606665351104
27.504494672404146
29.782535839845256
26.795175284311142
27.524515312357
29.47311033055102
27.683122390022184
29.753059495003292
27.813796140636338
27.200925207123596
29.60060385538443
27.37384488892325
26.230068001240515
29.778659712313107
27.49075401633136
29.788433934907374
27.045294477169314
27.028065405257923
33.42617842247235
28.619554782608144
27.7279510068098
27.21671469342568
27.328634485312893
27.619251582531632
27.542582351459615
26.96262200847976
27.955036129762853
27.649783763724784
27.72022579091668
27.139246398355905
30.463234192082354
27.69954553337428
27.230163967240717
27.226588541109045
26.506762031664547
27.576122676899463
27.474741397168035
27.312097133166677
29.862186210419456
26.666249896015724
27.065153787702954
27.167553586907648
26.45875471007759
26.71439480802267
26.634708650431747
27.57303151719274
27.45169712110967
27.06712604845928
27.868398093677186
27.627238433131975
27.385435186991458
27.379981929056417
27.278099684618
27.889935683479358
29.781239052164242
27.555456059923657
29.782503851634825
27.35939989369817
27.929281638628446
26.561389263063276
29.508220894410336
26.99744704007969
27.48134604105765
26.98522984814198
27.202276979072305
27.712099649596883
26.653829068210147
27.746044484032037
26.14835338030441
27.24305701197225
26.406809042859685
27.16171381643115
28.705411249610385
27.315446255516942
27.568643716388976
27.55273950294512
27.03384802463332
26.765410771563023
27.80693557195403
26.894374397577863
27.794427594058657
27.383925316904573
29.41780947425622
29.778951718402215
29.445172990476475
26.45148160216331
26.979820148565743
26.734018537476047
27.227809986715936
29.55935112120012
27.398453932998297
27.255045581205895
27.627946056924678
27.846232494631867
29.656773020497035
27.233947438170944
27.22530933820164
27.455507655013882
26.947747453115213
25.973165635950686
27.69624927715578
27.78737679137605
27.52374885346236
27.730942922447664
27.53598165067396
27.58378747527438
27.30691218859545
29.56509971358805
26.342512033683285
26.732358985170446
27.4166478303053
29.568846058446248
29.730663236778927
27.317008323672827
27.444915270009645
27.707996581746926
27.041704775190272
27.69950263088714
27.098407282869232
27.390809514727472
27.12439830969116
27.217452460228916
29.655661043970674
26.607163281342107
26.207070253558772
28.0085104025738
25.927412343483006
27.556444689739987
27.950045514881996
27.185647607853074
26.81442677898692
27.357037770475802
26.84690381614085
27.405230567670326
27.14136657804876
27.190184317392866
28.22571112648173
27.410295712404103
28.03440505990532
27.182363505130496
27.734732901285618
26.607603769631005
26.691154392100305
27.30745655548916
27.77371622931633
27.59742610995778
27.385607107169008
29.778946391415488
27.622912573154327
27.332389241208602
27.5636522880773
27.274866833824507
27.381837030935692
26.73949162677604
27.814425463442614
26.7292894044237
26.86617056071837
27.05838449109823
27.003184407400237
27.185299789971534
27.372074717208232
27.523193687456274
26.782818485356156
27.796809964004733
26.514188673836898
28.208215292082215
27.382564623388337
27.056155927350883
27.50597359725008
26.997435809793004
27.02562267094931
28.3188770198754
29.657684658162392
27.465363459970998
27.502469176268757
27.057193987319042
27.801738656712534
27.802430134061385
27.798056113988167
26.300590609965464
29.74594840256107
27.710476364642613
27.028597510472657
26.163571486830918
27.03843906365151
27.09621866804901
27.18305683387961
28.319439313560085
27.885088162253254
28.99216042617307
29.648101318031706
27.062206919513553
27.201972506090545
27.06538841023274
26.978762804088202
26.756695582477537
27.433918816379425
27.098228600410458
27.228739958072335
26.511236574452994
27.74565240159118
26.670749857902692
27.369550527951468
29.65873544493817
27.36028577844801
27.067981509139294
28.060249980285725
27.930394899940364
26.131668384696805
29.447621305313877
27.97959812095347
27.238045245224587
27.638496468627004
27.565565146088744
27.29202859455405
27.048548304836228
27.72434314990678
26.98742077506632
27.210852722244834
27.758325499111372
26.92989350566512
27.846915264100346
27.16064994394032
27.687505978421747
26.483680814429505
26.851855154406177
26.598650200775808
28.39800293609035
26.523210802982227
27.032432652158295
26.44168670153282
29.79803417960279
29.766299677687165
27.321437466182427
27.358412399310957
27.08347923786424
27.267177328201516
28.0831308755364
27.256898732285443
29.798536177894285
27.774421573126144
26.675396680156354
27.714665171341256
27.60602263506187
27.589115938987245
27.139523561346085
27.00880601747176
27.218134764437313
27.2860829721801
26.863708286512345
26.341158774187605
29.78520380720756
28.351049749998165
27.357631161870287
26.929356270770196
27.05783526597968
28.25891269990885
27.492668210359383
27.180499284808413
27.06149220816103
27.37461011808815
27.167139536440942
27.22466436467715
27.59363076449407
29.245295044585372
29.820365408397414
27.48877550133901
27.572147775390267
29.653306683767386
27.442794064042634
26.835602425179363
27.163349359370823
26.339403194017706
27.183284060966116
27.865189691677866
27.593600021591943
27.604834781861626
27.6226092640192
27.54937510418872
29.810898666360103
27.543312491249125
26.716023108178693
27.303946505552457
26.951484552842423
27.770106150400995
27.189079304618566
27.624108035528543
27.11509210822004
27.60460993075499
27.668879322043672
27.35601117302299
27.902917427376828
27.587982702206194
27.666960921309602
27.56584209606648
26.379702700253496
26.995438811953722
26.63340956088588
27.03590654199328
27.1569199682196
29.093089274135753
27.055912748774606
27.59669619230624
27.78846222235684
27.393100896497902
27.37187217163872
27.190895441210934
26.65189861962644
29.74411383775856
26.774539168833655
27.537055446182833
27.775956877828374
26.16046221591782
27.556982928704908
29.455847032452375
29.815448273106444
27.78891147725699
27.351344226885935
27.35782444750717
27.070047708375423
26.877754983925037
29.57899442717664
28.219251910457654
27.56487837471126
29.80775416573745
27.11453881158991
27.216743686261655
28.24703672645309
26.73318700088651
27.382391986935627
27.046478625445673
27.016459637758835
27.19964792451972
27.62270093247658
27.05276817610272
27.183330413555083
26.296389927822823
27.782984561970263
27.590507226946304
27.360257198699834
26.690837582854492
27.77449147280151
27.09858675642331
26.98377018323696
27.684500176311808
27.7815968875387
26.4370162433318
27.03969763115114
27.199151394062195
27.060027404544627
26.598085365777422
27.909384465645093
27.052206220140413
25.984865447415984
29.806688634169973
25.98296279425604
27.20521739203797
26.459793754024666
27.3637036628054
27.631468185193253
27.62394144705603
29.75095968407396
26.990938345049745
27.86252780049123
27.00572604308433
29.73455618251597
26.785368024154184
27.61587324569385
26.770882406242407
27.057736402482174
26.94774038788288
29.752041467659815
27.652946680331194
27.923423609253007
27.391940240755183
27.19141691706154
27.39555992822827
30.529770363727692
26.473884599284396
29.802569835694733
27.818789489502024
27.060899597262498
26.57441820000258
27.84736874441605
27.028498796174105
27.811300693970782
27.115772156511298
27.371384209156354
29.77486445109749
27.206146822383054
27.563077751786754
26.576134289185262
26.70291693742618
27.31249724488118
26.418989861294037
27.12098870055611
27.672090764179714
26.52775181283338
26.986548447005145
27.468885850895273
27.05758888783519
27.565499693054498
27.071926901123746
28.46189049082145
27.69976755301634
27.35673999618858
27.35650850049074
27.568466724597375
27.54641905531353
29.813506505058562
26.994778111455997
27.649301814075997
28.325283517777557
27.24007684156415
26.842036919589894
27.223969202316304
27.456481449434435
26.947936200005287
26.976624501745025
27.069071441010184
26.57659758738584
27.30859731587721
27.116836896406205
29.41471611752326
27.893823749343493
30.172432873620775
26.97066588284842
27.656646000937407
27.85067800767068
27.117770430822176
27.786409470815265
27.696366197316824
27.22388799524896
27.636551815295917
27.024871060114638
26.227280559516498
27.204053140133233
26.999190639070058
27.590054044055655
27.550876642332277
27.38364131573164
27.620089875825908
26.623116978802518
27.000189119985915
27.23767675088323
27.771229059413717
29.76733795739152
26.949265735344763
27.188197790358927
29.54407224872916
27.111518163628627
29.786282028186147
27.9863025527937
27.206176280356374
29.804252444615692
29.611747475867322
29.07644906102824
27.388606758027947
27.187016495093594
27.5933798502151
29.79734937628418
26.798854030477745
29.81054206463686
27.511650400327024
27.762831053514713
26.29627395172956
26.581607606778235
28.024779285023996
27.393807169773076
27.790512880923444
27.914706208584196
27.08687280176052
27.316618234679698
27.963787116122127
27.27012343551986
29.783655090874422
26.768909886311985
27.842930957026063
27.64689464617807
29.788589728732234
27.747544306162272
27.653586664819017
26.787927816205436
27.569182304860778
27.264442747542276
29.377231567325595
26.931456840207197
26.695397391196067
29.61167012360996
26.73771025286027
28.10829939139101
27.617993562594414
29.118061823698866
26.713380060168078
29.53921468712702
27.39304665856471
29.78940470402247
